### versao=v2 grupo=L2CACHE N=32
--------------------------------------------------------------------------------
CPU name:	Intel(R) Core(TM) i5-7500 CPU @ 3.40GHz
CPU type:	Intel Coffeelake processor
CPU clock:	3.41 GHz
--------------------------------------------------------------------------------
N = 32
Tempo médio op1 (CG iteração): 0.0083249605 ms
Tempo op2 (resíduo): 0.19112 ms
--------------------------------------------------------------------------------
Region op1, Group 1: L2CACHE
+-------------------+----------+
|    Region Info    |  Core 0  |
+-------------------+----------+
| RDTSC Runtime [s] | 0.000007 |
|     call count    |        1 |
+-------------------+----------+

+-----------------------+---------+--------+
|         Event         | Counter | Core 0 |
+-----------------------+---------+--------+
|   INSTR_RETIRED_ANY   |  FIXC0  |  62053 |
| CPU_CLK_UNHALTED_CORE |  FIXC1  |  35228 |
|  CPU_CLK_UNHALTED_REF |  FIXC2  |  32660 |
| L2_TRANS_ALL_REQUESTS |   PMC0  |   2834 |
|     L2_RQSTS_MISS     |   PMC1  |    939 |
+-----------------------+---------+--------+

+----------------------+--------------+
|        Metric        |    Core 0    |
+----------------------+--------------+
|  Runtime (RDTSC) [s] | 6.761770e-06 |
| Runtime unhalted [s] | 1.033692e-05 |
|      Clock [MHz]     |    3675.9403 |
|          CPI         |       0.5677 |
|    L2 request rate   |       0.0457 |
|     L2 miss rate     |       0.0151 |
|     L2 miss ratio    |       0.3313 |
+----------------------+--------------+

Region op2, Group 1: L2CACHE
+-------------------+----------+
|    Region Info    |  Core 0  |
+-------------------+----------+
| RDTSC Runtime [s] | 0.000001 |
|     call count    |        1 |
+-------------------+----------+

+-----------------------+---------+--------+
|         Event         | Counter | Core 0 |
+-----------------------+---------+--------+
|   INSTR_RETIRED_ANY   |  FIXC0  |   5346 |
| CPU_CLK_UNHALTED_CORE |  FIXC1  |  11015 |
|  CPU_CLK_UNHALTED_REF |  FIXC2  |  10082 |
| L2_TRANS_ALL_REQUESTS |   PMC0  |   2109 |
|     L2_RQSTS_MISS     |   PMC1  |    659 |
+-----------------------+---------+--------+

+----------------------+--------------+
|        Metric        |    Core 0    |
+----------------------+--------------+
|  Runtime (RDTSC) [s] | 6.649093e-07 |
| Runtime unhalted [s] | 3.232123e-06 |
|      Clock [MHz]     |    3723.3550 |
|          CPI         |       2.0604 |
|    L2 request rate   |       0.3945 |
|     L2 miss rate     |       0.1233 |
|     L2 miss ratio    |       0.3125 |
+----------------------+--------------+


### versao=v2 grupo=L2CACHE N=64
--------------------------------------------------------------------------------
CPU name:	Intel(R) Core(TM) i5-7500 CPU @ 3.40GHz
CPU type:	Intel Coffeelake processor
CPU clock:	3.41 GHz
--------------------------------------------------------------------------------
N = 64
Tempo médio op1 (CG iteração): 0.02182292 ms
Tempo op2 (resíduo): 0.48190701 ms
--------------------------------------------------------------------------------
Region op1, Group 1: L2CACHE
+-------------------+----------+
|    Region Info    |  Core 0  |
+-------------------+----------+
| RDTSC Runtime [s] | 0.000026 |
|     call count    |        1 |
+-------------------+----------+

+-----------------------+---------+--------+
|         Event         | Counter | Core 0 |
+-----------------------+---------+--------+
|   INSTR_RETIRED_ANY   |  FIXC0  |  96078 |
| CPU_CLK_UNHALTED_CORE |  FIXC1  |  48297 |
|  CPU_CLK_UNHALTED_REF |  FIXC2  | 110192 |
| L2_TRANS_ALL_REQUESTS |   PMC0  |   3221 |
|     L2_RQSTS_MISS     |   PMC1  |   1091 |
+-----------------------+---------+--------+

+----------------------+--------------+
|        Metric        |    Core 0    |
+----------------------+--------------+
|  Runtime (RDTSC) [s] | 2.586215e-05 |
| Runtime unhalted [s] | 1.417176e-05 |
|      Clock [MHz]     |    1493.7108 |
|          CPI         |       0.5027 |
|    L2 request rate   |       0.0335 |
|     L2 miss rate     |       0.0114 |
|     L2 miss ratio    |       0.3387 |
+----------------------+--------------+

Region op2, Group 1: L2CACHE
+-------------------+----------+
|    Region Info    |  Core 0  |
+-------------------+----------+
| RDTSC Runtime [s] | 0.000002 |
|     call count    |        1 |
+-------------------+----------+

+-----------------------+---------+--------+
|         Event         | Counter | Core 0 |
+-----------------------+---------+--------+
|   INSTR_RETIRED_ANY   |  FIXC0  |   6234 |
| CPU_CLK_UNHALTED_CORE |  FIXC1  |  10973 |
|  CPU_CLK_UNHALTED_REF |  FIXC2  |  25134 |
| L2_TRANS_ALL_REQUESTS |   PMC0  |   2377 |
|     L2_RQSTS_MISS     |   PMC1  |    751 |
+-----------------------+---------+--------+

+----------------------+--------------+
|        Metric        |    Core 0    |
+----------------------+--------------+
|  Runtime (RDTSC) [s] | 1.744142e-06 |
| Runtime unhalted [s] | 3.219800e-06 |
|      Clock [MHz]     |    1487.8536 |
|          CPI         |       1.7602 |
|    L2 request rate   |       0.3813 |
|     L2 miss rate     |       0.1205 |
|     L2 miss ratio    |       0.3159 |
+----------------------+--------------+


### versao=v2 grupo=L2CACHE N=128
--------------------------------------------------------------------------------
CPU name:	Intel(R) Core(TM) i5-7500 CPU @ 3.40GHz
CPU type:	Intel Coffeelake processor
CPU clock:	3.41 GHz
--------------------------------------------------------------------------------
N = 128
Tempo médio op1 (CG iteração): 0.02067356 ms
Tempo op2 (resíduo): 0.44559699 ms
--------------------------------------------------------------------------------
Region op1, Group 1: L2CACHE
+-------------------+----------+
|    Region Info    |  Core 0  |
+-------------------+----------+
| RDTSC Runtime [s] | 0.000043 |
|     call count    |        1 |
+-------------------+----------+

+-----------------------+---------+--------+
|         Event         | Counter | Core 0 |
+-----------------------+---------+--------+
|   INSTR_RETIRED_ANY   |  FIXC0  | 163978 |
| CPU_CLK_UNHALTED_CORE |  FIXC1  |  78985 |
|  CPU_CLK_UNHALTED_REF |  FIXC2  | 168270 |
| L2_TRANS_ALL_REQUESTS |   PMC0  |   9250 |
|     L2_RQSTS_MISS     |   PMC1  |   1414 |
+-----------------------+---------+--------+

+----------------------+--------------+
|        Metric        |    Core 0    |
+----------------------+--------------+
|  Runtime (RDTSC) [s] | 4.342866e-05 |
| Runtime unhalted [s] | 2.317646e-05 |
|      Clock [MHz]     |    1599.6888 |
|          CPI         |       0.4817 |
|    L2 request rate   |       0.0564 |
|     L2 miss rate     |       0.0086 |
|     L2 miss ratio    |       0.1529 |
+----------------------+--------------+

Region op2, Group 1: L2CACHE
+-------------------+----------+
|    Region Info    |  Core 0  |
+-------------------+----------+
| RDTSC Runtime [s] | 0.000002 |
|     call count    |        1 |
+-------------------+----------+

+-----------------------+---------+--------+
|         Event         | Counter | Core 0 |
+-----------------------+---------+--------+
|   INSTR_RETIRED_ANY   |  FIXC0  |   8100 |
| CPU_CLK_UNHALTED_CORE |  FIXC1  |  12119 |
|  CPU_CLK_UNHALTED_REF |  FIXC2  |  26270 |
| L2_TRANS_ALL_REQUESTS |   PMC0  |   3044 |
|     L2_RQSTS_MISS     |   PMC1  |    921 |
+-----------------------+---------+--------+

+----------------------+--------------+
|        Metric        |    Core 0    |
+----------------------+--------------+
|  Runtime (RDTSC) [s] | 2.340390e-06 |
| Runtime unhalted [s] | 3.556061e-06 |
|      Clock [MHz]     |    1572.1873 |
|          CPI         |       1.4962 |
|    L2 request rate   |       0.3758 |
|     L2 miss rate     |       0.1137 |
|     L2 miss ratio    |       0.3026 |
+----------------------+--------------+


### versao=v2 grupo=L2CACHE N=256
--------------------------------------------------------------------------------
CPU name:	Intel(R) Core(TM) i5-7500 CPU @ 3.40GHz
CPU type:	Intel Coffeelake processor
CPU clock:	3.41 GHz
--------------------------------------------------------------------------------
N = 256
Tempo médio op1 (CG iteração): 0.02404672 ms
Tempo op2 (resíduo): 0.480023 ms
--------------------------------------------------------------------------------
Region op1, Group 1: L2CACHE
+-------------------+----------+
|    Region Info    |  Core 0  |
+-------------------+----------+
| RDTSC Runtime [s] | 0.000087 |
|     call count    |        1 |
+-------------------+----------+

+-----------------------+---------+--------+
|         Event         | Counter | Core 0 |
+-----------------------+---------+--------+
|   INSTR_RETIRED_ANY   |  FIXC0  | 299778 |
| CPU_CLK_UNHALTED_CORE |  FIXC1  | 140693 |
|  CPU_CLK_UNHALTED_REF |  FIXC2  | 320352 |
| L2_TRANS_ALL_REQUESTS |   PMC0  |  32140 |
|     L2_RQSTS_MISS     |   PMC1  |   1628 |
+-----------------------+---------+--------+

+----------------------+--------------+
|        Metric        |    Core 0    |
+----------------------+--------------+
|  Runtime (RDTSC) [s] |       0.0001 |
| Runtime unhalted [s] | 4.129963e-05 |
|      Clock [MHz]     |    1496.1370 |
|          CPI         |       0.4693 |
|    L2 request rate   |       0.1072 |
|     L2 miss rate     |       0.0054 |
|     L2 miss ratio    |       0.0507 |
+----------------------+--------------+

Region op2, Group 1: L2CACHE
+-------------------+----------+
|    Region Info    |  Core 0  |
+-------------------+----------+
| RDTSC Runtime [s] | 0.000004 |
|     call count    |        1 |
+-------------------+----------+

+-----------------------+---------+--------+
|         Event         | Counter | Core 0 |
+-----------------------+---------+--------+
|   INSTR_RETIRED_ANY   |  FIXC0  |  11546 |
| CPU_CLK_UNHALTED_CORE |  FIXC1  |  15627 |
|  CPU_CLK_UNHALTED_REF |  FIXC2  |  35642 |
| L2_TRANS_ALL_REQUESTS |   PMC0  |   3670 |
|     L2_RQSTS_MISS     |   PMC1  |   1073 |
+-----------------------+---------+--------+

+----------------------+--------------+
|        Metric        |    Core 0    |
+----------------------+--------------+
|  Runtime (RDTSC) [s] | 4.157885e-06 |
| Runtime unhalted [s] | 4.587217e-06 |
|      Clock [MHz]     |    1493.6191 |
|          CPI         |       1.3535 |
|    L2 request rate   |       0.3179 |
|     L2 miss rate     |       0.0929 |
|     L2 miss ratio    |       0.2924 |
+----------------------+--------------+


### versao=v2 grupo=L2CACHE N=512
--------------------------------------------------------------------------------
CPU name:	Intel(R) Core(TM) i5-7500 CPU @ 3.40GHz
CPU type:	Intel Coffeelake processor
CPU clock:	3.41 GHz
--------------------------------------------------------------------------------
N = 512
Tempo médio op1 (CG iteração): 0.01955816 ms
Tempo op2 (resíduo): 0.32738701 ms
--------------------------------------------------------------------------------
Region op1, Group 1: L2CACHE
+-------------------+----------+
|    Region Info    |  Core 0  |
+-------------------+----------+
| RDTSC Runtime [s] | 0.000131 |
|     call count    |        1 |
+-------------------+----------+

+-----------------------+---------+--------+
|         Event         | Counter | Core 0 |
+-----------------------+---------+--------+
|   INSTR_RETIRED_ANY   |  FIXC0  | 565828 |
| CPU_CLK_UNHALTED_CORE |  FIXC1  | 299003 |
|  CPU_CLK_UNHALTED_REF |  FIXC2  | 464198 |
| L2_TRANS_ALL_REQUESTS |   PMC0  |  56722 |
|     L2_RQSTS_MISS     |   PMC1  |   2586 |
+-----------------------+---------+--------+

+----------------------+-----------+
|        Metric        |   Core 0  |
+----------------------+-----------+
|  Runtime (RDTSC) [s] |    0.0001 |
| Runtime unhalted [s] |    0.0001 |
|      Clock [MHz]     | 2195.1780 |
|          CPI         |    0.5284 |
|    L2 request rate   |    0.1002 |
|     L2 miss rate     |    0.0046 |
|     L2 miss ratio    |    0.0456 |
+----------------------+-----------+

Region op2, Group 1: L2CACHE
+-------------------+----------+
|    Region Info    |  Core 0  |
+-------------------+----------+
| RDTSC Runtime [s] | 0.000005 |
|     call count    |        1 |
+-------------------+----------+

+-----------------------+---------+--------+
|         Event         | Counter | Core 0 |
+-----------------------+---------+--------+
|   INSTR_RETIRED_ANY   |  FIXC0  |  18096 |
| CPU_CLK_UNHALTED_CORE |  FIXC1  |  19770 |
|  CPU_CLK_UNHALTED_REF |  FIXC2  |  30246 |
| L2_TRANS_ALL_REQUESTS |   PMC0  |   5580 |
|     L2_RQSTS_MISS     |   PMC1  |   1575 |
+-----------------------+---------+--------+

+----------------------+--------------+
|        Metric        |    Core 0    |
+----------------------+--------------+
|  Runtime (RDTSC) [s] | 4.782309e-06 |
| Runtime unhalted [s] | 5.801085e-06 |
|      Clock [MHz]     |    2227.5947 |
|          CPI         |       1.0925 |
|    L2 request rate   |       0.3084 |
|     L2 miss rate     |       0.0870 |
|     L2 miss ratio    |       0.2823 |
+----------------------+--------------+


### versao=v2 grupo=L2CACHE N=1000
--------------------------------------------------------------------------------
CPU name:	Intel(R) Core(TM) i5-7500 CPU @ 3.40GHz
CPU type:	Intel Coffeelake processor
CPU clock:	3.41 GHz
--------------------------------------------------------------------------------
N = 1000
Tempo médio op1 (CG iteração): 0.034276481 ms
Tempo op2 (resíduo): 0.47477999 ms
--------------------------------------------------------------------------------
Region op1, Group 1: L2CACHE
+-------------------+----------+
|    Region Info    |  Core 0  |
+-------------------+----------+
| RDTSC Runtime [s] | 0.000337 |
|     call count    |        1 |
+-------------------+----------+

+-----------------------+---------+---------+
|         Event         | Counter |  Core 0 |
+-----------------------+---------+---------+
|   INSTR_RETIRED_ANY   |  FIXC0  | 1079078 |
| CPU_CLK_UNHALTED_CORE |  FIXC1  |  514866 |
|  CPU_CLK_UNHALTED_REF |  FIXC2  | 1172210 |
| L2_TRANS_ALL_REQUESTS |   PMC0  |  125936 |
|     L2_RQSTS_MISS     |   PMC1  |    8207 |
+-----------------------+---------+---------+

+----------------------+-----------+
|        Metric        |   Core 0  |
+----------------------+-----------+
|  Runtime (RDTSC) [s] |    0.0003 |
| Runtime unhalted [s] |    0.0002 |
|      Clock [MHz]     | 1496.8727 |
|          CPI         |    0.4771 |
|    L2 request rate   |    0.1167 |
|     L2 miss rate     |    0.0076 |
|     L2 miss ratio    |    0.0652 |
+----------------------+-----------+

Region op2, Group 1: L2CACHE
+-------------------+----------+
|    Region Info    |  Core 0  |
+-------------------+----------+
| RDTSC Runtime [s] | 0.000010 |
|     call count    |        1 |
+-------------------+----------+

+-----------------------+---------+--------+
|         Event         | Counter | Core 0 |
+-----------------------+---------+--------+
|   INSTR_RETIRED_ANY   |  FIXC0  |  30950 |
| CPU_CLK_UNHALTED_CORE |  FIXC1  |  24581 |
|  CPU_CLK_UNHALTED_REF |  FIXC2  |  56090 |
| L2_TRANS_ALL_REQUESTS |   PMC0  |   9674 |
|     L2_RQSTS_MISS     |   PMC1  |   3093 |
+-----------------------+---------+--------+

+----------------------+--------------+
|        Metric        |    Core 0    |
+----------------------+--------------+
|  Runtime (RDTSC) [s] | 1.029523e-05 |
| Runtime unhalted [s] | 7.212793e-06 |
|      Clock [MHz]     |    1493.5170 |
|          CPI         |       0.7942 |
|    L2 request rate   |       0.3126 |
|     L2 miss rate     |       0.0999 |
|     L2 miss ratio    |       0.3197 |
+----------------------+--------------+


### versao=v2 grupo=L2CACHE N=2000
--------------------------------------------------------------------------------
CPU name:	Intel(R) Core(TM) i5-7500 CPU @ 3.40GHz
CPU type:	Intel Coffeelake processor
CPU clock:	3.41 GHz
--------------------------------------------------------------------------------
N = 2000
Tempo médio op1 (CG iteração): 0.060412999 ms
Tempo op2 (resíduo): 0.49746001 ms
--------------------------------------------------------------------------------
Region op1, Group 1: L2CACHE
+-------------------+----------+
|    Region Info    |  Core 0  |
+-------------------+----------+
| RDTSC Runtime [s] | 0.000958 |
|     call count    |        1 |
+-------------------+----------+

+-----------------------+---------+---------+
|         Event         | Counter |  Core 0 |
+-----------------------+---------+---------+
|   INSTR_RETIRED_ANY   |  FIXC0  | 2128229 |
| CPU_CLK_UNHALTED_CORE |  FIXC1  | 1273990 |
|  CPU_CLK_UNHALTED_REF |  FIXC2  | 2901060 |
| L2_TRANS_ALL_REQUESTS |   PMC0  |  706806 |
|     L2_RQSTS_MISS     |   PMC1  |  112734 |
+-----------------------+---------+---------+

+----------------------+-----------+
|        Metric        |   Core 0  |
+----------------------+-----------+
|  Runtime (RDTSC) [s] |    0.0010 |
| Runtime unhalted [s] |    0.0004 |
|      Clock [MHz]     | 1496.6017 |
|          CPI         |    0.5986 |
|    L2 request rate   |    0.3321 |
|     L2 miss rate     |    0.0530 |
|     L2 miss ratio    |    0.1595 |
+----------------------+-----------+

Region op2, Group 1: L2CACHE
+-------------------+----------+
|    Region Info    |  Core 0  |
+-------------------+----------+
| RDTSC Runtime [s] | 0.000025 |
|     call count    |        1 |
+-------------------+----------+

+-----------------------+---------+--------+
|         Event         | Counter | Core 0 |
+-----------------------+---------+--------+
|   INSTR_RETIRED_ANY   |  FIXC0  |  57114 |
| CPU_CLK_UNHALTED_CORE |  FIXC1  |  46606 |
|  CPU_CLK_UNHALTED_REF |  FIXC2  | 105932 |
| L2_TRANS_ALL_REQUESTS |   PMC0  |  29695 |
|     L2_RQSTS_MISS     |   PMC1  |   6288 |
+-----------------------+---------+--------+

+----------------------+--------------+
|        Metric        |    Core 0    |
+----------------------+--------------+
|  Runtime (RDTSC) [s] | 2.478320e-05 |
| Runtime unhalted [s] | 1.367555e-05 |
|      Clock [MHz]     |    1499.3796 |
|          CPI         |       0.8160 |
|    L2 request rate   |       0.5199 |
|     L2 miss rate     |       0.1101 |
|     L2 miss ratio    |       0.2118 |
+----------------------+--------------+


### versao=v2 grupo=L2CACHE N=4000
--------------------------------------------------------------------------------
CPU name:	Intel(R) Core(TM) i5-7500 CPU @ 3.40GHz
CPU type:	Intel Coffeelake processor
CPU clock:	3.41 GHz
--------------------------------------------------------------------------------
N = 4000
Tempo médio op1 (CG iteração): 0.10884932 ms
Tempo op2 (resíduo): 0.39611 ms
--------------------------------------------------------------------------------
Region op1, Group 1: L2CACHE
+-------------------+----------+
|    Region Info    |  Core 0  |
+-------------------+----------+
| RDTSC Runtime [s] | 0.002119 |
|     call count    |        1 |
+-------------------+----------+

+-----------------------+---------+---------+
|         Event         | Counter |  Core 0 |
+-----------------------+---------+---------+
|   INSTR_RETIRED_ANY   |  FIXC0  | 4228229 |
| CPU_CLK_UNHALTED_CORE |  FIXC1  | 2816119 |
|  CPU_CLK_UNHALTED_REF |  FIXC2  | 6569062 |
| L2_TRANS_ALL_REQUESTS |   PMC0  | 1743295 |
|     L2_RQSTS_MISS     |   PMC1  |  309246 |
+-----------------------+---------+---------+

+----------------------+-----------+
|        Metric        |   Core 0  |
+----------------------+-----------+
|  Runtime (RDTSC) [s] |    0.0021 |
| Runtime unhalted [s] |    0.0008 |
|      Clock [MHz]     | 1460.9018 |
|          CPI         |    0.6660 |
|    L2 request rate   |    0.4123 |
|     L2 miss rate     |    0.0731 |
|     L2 miss ratio    |    0.1774 |
+----------------------+-----------+

Region op2, Group 1: L2CACHE
+-------------------+----------+
|    Region Info    |  Core 0  |
+-------------------+----------+
| RDTSC Runtime [s] | 0.000048 |
|     call count    |        1 |
+-------------------+----------+

+-----------------------+---------+--------+
|         Event         | Counter | Core 0 |
+-----------------------+---------+--------+
|   INSTR_RETIRED_ANY   |  FIXC0  | 109464 |
| CPU_CLK_UNHALTED_CORE |  FIXC1  | 101177 |
|  CPU_CLK_UNHALTED_REF |  FIXC2  | 182044 |
| L2_TRANS_ALL_REQUESTS |   PMC0  |  62943 |
|     L2_RQSTS_MISS     |   PMC1  |  13971 |
+-----------------------+---------+--------+

+----------------------+--------------+
|        Metric        |    Core 0    |
+----------------------+--------------+
|  Runtime (RDTSC) [s] | 4.769981e-05 |
| Runtime unhalted [s] | 2.968988e-05 |
|      Clock [MHz]     |    1893.9949 |
|          CPI         |       0.9243 |
|    L2 request rate   |       0.5750 |
|     L2 miss rate     |       0.1276 |
|     L2 miss ratio    |       0.2220 |
+----------------------+--------------+


### versao=v2 grupo=L2CACHE N=8000
--------------------------------------------------------------------------------
CPU name:	Intel(R) Core(TM) i5-7500 CPU @ 3.40GHz
CPU type:	Intel Coffeelake processor
CPU clock:	3.41 GHz
--------------------------------------------------------------------------------
N = 8000
Tempo médio op1 (CG iteração): 0.17520888 ms
Tempo op2 (resíduo): 0.50047702 ms
--------------------------------------------------------------------------------
Region op1, Group 1: L2CACHE
+-------------------+----------+
|    Region Info    |  Core 0  |
+-------------------+----------+
| RDTSC Runtime [s] | 0.003720 |
|     call count    |        1 |
+-------------------+----------+

+-----------------------+---------+----------+
|         Event         | Counter |  Core 0  |
+-----------------------+---------+----------+
|   INSTR_RETIRED_ANY   |  FIXC0  |  8428215 |
| CPU_CLK_UNHALTED_CORE |  FIXC1  |  5946968 |
|  CPU_CLK_UNHALTED_REF |  FIXC2  | 12333130 |
| L2_TRANS_ALL_REQUESTS |   PMC0  |  3945774 |
|     L2_RQSTS_MISS     |   PMC1  |   845813 |
+-----------------------+---------+----------+

+----------------------+-----------+
|        Metric        |   Core 0  |
+----------------------+-----------+
|  Runtime (RDTSC) [s] |    0.0037 |
| Runtime unhalted [s] |    0.0017 |
|      Clock [MHz]     | 1643.2152 |
|          CPI         |    0.7056 |
|    L2 request rate   |    0.4682 |
|     L2 miss rate     |    0.1004 |
|     L2 miss ratio    |    0.2144 |
+----------------------+-----------+

Region op2, Group 1: L2CACHE
+-------------------+----------+
|    Region Info    |  Core 0  |
+-------------------+----------+
| RDTSC Runtime [s] | 0.000111 |
|     call count    |        1 |
+-------------------+----------+

+-----------------------+---------+--------+
|         Event         | Counter | Core 0 |
+-----------------------+---------+--------+
|   INSTR_RETIRED_ANY   |  FIXC0  | 214250 |
| CPU_CLK_UNHALTED_CORE |  FIXC1  | 222432 |
|  CPU_CLK_UNHALTED_REF |  FIXC2  | 400298 |
| L2_TRANS_ALL_REQUESTS |   PMC0  | 152418 |
|     L2_RQSTS_MISS     |   PMC1  |  40401 |
+-----------------------+---------+--------+

+----------------------+-----------+
|        Metric        |   Core 0  |
+----------------------+-----------+
|  Runtime (RDTSC) [s] |    0.0001 |
| Runtime unhalted [s] |    0.0001 |
|      Clock [MHz]     | 1893.5902 |
|          CPI         |    1.0382 |
|    L2 request rate   |    0.7114 |
|     L2 miss rate     |    0.1886 |
|     L2 miss ratio    |    0.2651 |
+----------------------+-----------+


### versao=v2 grupo=L2CACHE N=9000
--------------------------------------------------------------------------------
CPU name:	Intel(R) Core(TM) i5-7500 CPU @ 3.40GHz
CPU type:	Intel Coffeelake processor
CPU clock:	3.41 GHz
--------------------------------------------------------------------------------
N = 9000
Tempo médio op1 (CG iteração): 0.18104724 ms
Tempo op2 (resíduo): 0.41253901 ms
--------------------------------------------------------------------------------
Region op1, Group 1: L2CACHE
+-------------------+----------+
|    Region Info    |  Core 0  |
+-------------------+----------+
| RDTSC Runtime [s] | 0.003914 |
|     call count    |        1 |
+-------------------+----------+

+-----------------------+---------+----------+
|         Event         | Counter |  Core 0  |
+-----------------------+---------+----------+
|   INSTR_RETIRED_ANY   |  FIXC0  |  9479065 |
| CPU_CLK_UNHALTED_CORE |  FIXC1  |  6986447 |
|  CPU_CLK_UNHALTED_REF |  FIXC2  | 12838360 |
| L2_TRANS_ALL_REQUESTS |   PMC0  |  4967281 |
|     L2_RQSTS_MISS     |   PMC1  |  1293915 |
+-----------------------+---------+----------+

+----------------------+-----------+
|        Metric        |   Core 0  |
+----------------------+-----------+
|  Runtime (RDTSC) [s] |    0.0039 |
| Runtime unhalted [s] |    0.0021 |
|      Clock [MHz]     | 1853.9037 |
|          CPI         |    0.7370 |
|    L2 request rate   |    0.5240 |
|     L2 miss rate     |    0.1365 |
|     L2 miss ratio    |    0.2605 |
+----------------------+-----------+

Region op2, Group 1: L2CACHE
+-------------------+----------+
|    Region Info    |  Core 0  |
+-------------------+----------+
| RDTSC Runtime [s] | 0.000081 |
|     call count    |        1 |
+-------------------+----------+

+-----------------------+---------+--------+
|         Event         | Counter | Core 0 |
+-----------------------+---------+--------+
|   INSTR_RETIRED_ANY   |  FIXC0  | 240478 |
| CPU_CLK_UNHALTED_CORE |  FIXC1  | 187937 |
|  CPU_CLK_UNHALTED_REF |  FIXC2  | 291952 |
| L2_TRANS_ALL_REQUESTS |   PMC0  | 146675 |
|     L2_RQSTS_MISS     |   PMC1  |  36499 |
+-----------------------+---------+--------+

+----------------------+-----------+
|        Metric        |   Core 0  |
+----------------------+-----------+
|  Runtime (RDTSC) [s] |    0.0001 |
| Runtime unhalted [s] |    0.0001 |
|      Clock [MHz]     | 2193.0130 |
|          CPI         |    0.7815 |
|    L2 request rate   |    0.6099 |
|     L2 miss rate     |    0.1518 |
|     L2 miss ratio    |    0.2488 |
+----------------------+-----------+


### versao=v2 grupo=L2CACHE N=10000
--------------------------------------------------------------------------------
CPU name:	Intel(R) Core(TM) i5-7500 CPU @ 3.40GHz
CPU type:	Intel Coffeelake processor
CPU clock:	3.41 GHz
--------------------------------------------------------------------------------
N = 10000
Tempo médio op1 (CG iteração): 0.17689408 ms
Tempo op2 (resíduo): 0.389108 ms
--------------------------------------------------------------------------------
Region op1, Group 1: L2CACHE
+-------------------+----------+
|    Region Info    |  Core 0  |
+-------------------+----------+
| RDTSC Runtime [s] | 0.003871 |
|     call count    |        1 |
+-------------------+----------+

+-----------------------+---------+----------+
|         Event         | Counter |  Core 0  |
+-----------------------+---------+----------+
|   INSTR_RETIRED_ANY   |  FIXC0  | 10528220 |
| CPU_CLK_UNHALTED_CORE |  FIXC1  |  7474562 |
|  CPU_CLK_UNHALTED_REF |  FIXC2  | 12740100 |
| L2_TRANS_ALL_REQUESTS |   PMC0  |  5532729 |
|     L2_RQSTS_MISS     |   PMC1  |  1473588 |
+-----------------------+---------+----------+

+----------------------+-----------+
|        Metric        |   Core 0  |
+----------------------+-----------+
|  Runtime (RDTSC) [s] |    0.0039 |
| Runtime unhalted [s] |    0.0022 |
|      Clock [MHz]     | 1999.2552 |
|          CPI         |    0.7100 |
|    L2 request rate   |    0.5255 |
|     L2 miss rate     |    0.1400 |
|     L2 miss ratio    |    0.2663 |
+----------------------+-----------+

Region op2, Group 1: L2CACHE
+-------------------+----------+
|    Region Info    |  Core 0  |
+-------------------+----------+
| RDTSC Runtime [s] | 0.000088 |
|     call count    |        1 |
+-------------------+----------+

+-----------------------+---------+--------+
|         Event         | Counter | Core 0 |
+-----------------------+---------+--------+
|   INSTR_RETIRED_ANY   |  FIXC0  | 266658 |
| CPU_CLK_UNHALTED_CORE |  FIXC1  | 220296 |
|  CPU_CLK_UNHALTED_REF |  FIXC2  | 313536 |
| L2_TRANS_ALL_REQUESTS |   PMC0  | 183374 |
|     L2_RQSTS_MISS     |   PMC1  |  50689 |
+-----------------------+---------+--------+

+----------------------+-----------+
|        Metric        |   Core 0  |
+----------------------+-----------+
|  Runtime (RDTSC) [s] |    0.0001 |
| Runtime unhalted [s] |    0.0001 |
|      Clock [MHz]     | 2394.2777 |
|          CPI         |    0.8261 |
|    L2 request rate   |    0.6877 |
|     L2 miss rate     |    0.1901 |
|     L2 miss ratio    |    0.2764 |
+----------------------+-----------+


### versao=v2 grupo=L2CACHE N=20000
--------------------------------------------------------------------------------
CPU name:	Intel(R) Core(TM) i5-7500 CPU @ 3.40GHz
CPU type:	Intel Coffeelake processor
CPU clock:	3.41 GHz
--------------------------------------------------------------------------------
N = 20000
Tempo médio op1 (CG iteração): 0.30071524 ms
Tempo op2 (resíduo): 0.42926401 ms
--------------------------------------------------------------------------------
Region op1, Group 1: L2CACHE
+-------------------+----------+
|    Region Info    |  Core 0  |
+-------------------+----------+
| RDTSC Runtime [s] | 0.006448 |
|     call count    |        1 |
+-------------------+----------+

+-----------------------+---------+----------+
|         Event         | Counter |  Core 0  |
+-----------------------+---------+----------+
|   INSTR_RETIRED_ANY   |  FIXC0  | 21028240 |
| CPU_CLK_UNHALTED_CORE |  FIXC1  | 17139930 |
|  CPU_CLK_UNHALTED_REF |  FIXC2  | 21737220 |
| L2_TRANS_ALL_REQUESTS |   PMC0  | 13843030 |
|     L2_RQSTS_MISS     |   PMC1  |  4519147 |
+-----------------------+---------+----------+

+----------------------+-----------+
|        Metric        |   Core 0  |
+----------------------+-----------+
|  Runtime (RDTSC) [s] |    0.0064 |
| Runtime unhalted [s] |    0.0050 |
|      Clock [MHz]     | 2687.2128 |
|          CPI         |    0.8151 |
|    L2 request rate   |    0.6583 |
|     L2 miss rate     |    0.2149 |
|     L2 miss ratio    |    0.3265 |
+----------------------+-----------+

Region op2, Group 1: L2CACHE
+-------------------+----------+
|    Region Info    |  Core 0  |
+-------------------+----------+
| RDTSC Runtime [s] | 0.000168 |
|     call count    |        1 |
+-------------------+----------+

+-----------------------+---------+--------+
|         Event         | Counter | Core 0 |
+-----------------------+---------+--------+
|   INSTR_RETIRED_ANY   |  FIXC0  | 528525 |
| CPU_CLK_UNHALTED_CORE |  FIXC1  | 518310 |
|  CPU_CLK_UNHALTED_REF |  FIXC2  | 552948 |
| L2_TRANS_ALL_REQUESTS |   PMC0  | 447532 |
|     L2_RQSTS_MISS     |   PMC1  | 146125 |
+-----------------------+---------+--------+

+----------------------+-----------+
|        Metric        |   Core 0  |
+----------------------+-----------+
|  Runtime (RDTSC) [s] |    0.0002 |
| Runtime unhalted [s] |    0.0002 |
|      Clock [MHz]     | 3194.4957 |
|          CPI         |    0.9807 |
|    L2 request rate   |    0.8468 |
|     L2 miss rate     |    0.2765 |
|     L2 miss ratio    |    0.3265 |
+----------------------+-----------+


