### versao=v2 grupo=L3 N=32
--------------------------------------------------------------------------------
CPU name:	Intel(R) Core(TM) i5-7500 CPU @ 3.40GHz
CPU type:	Intel Coffeelake processor
CPU clock:	3.41 GHz
--------------------------------------------------------------------------------
N = 32
Tempo médio op1 (CG iteração): 0.02032488 ms
Tempo op2 (resíduo): 0.472444 ms
--------------------------------------------------------------------------------
Region op1, Group 1: L3
+-------------------+----------+
|    Region Info    |  Core 0  |
+-------------------+----------+
| RDTSC Runtime [s] | 0.000016 |
|     call count    |        1 |
+-------------------+----------+

+-----------------------+---------+--------+
|         Event         | Counter | Core 0 |
+-----------------------+---------+--------+
|   INSTR_RETIRED_ANY   |  FIXC0  |  62064 |
| CPU_CLK_UNHALTED_CORE |  FIXC1  |  34217 |
|  CPU_CLK_UNHALTED_REF |  FIXC2  |  78100 |
|    L2_LINES_IN_ALL    |   PMC0  |    951 |
|     L2_TRANS_L2_WB    |   PMC1  |     61 |
+-----------------------+---------+--------+

+-------------------------------+--------------+
|             Metric            |    Core 0    |
+-------------------------------+--------------+
|      Runtime (RDTSC) [s]      | 1.647601e-05 |
|      Runtime unhalted [s]     | 1.004101e-05 |
|          Clock [MHz]          |    1492.9852 |
|              CPI              |       0.5513 |
|  L3 load bandwidth [MBytes/s] |    3694.0983 |
|  L3 load data volume [GBytes] |       0.0001 |
| L3 evict bandwidth [MBytes/s] |     236.9506 |
| L3 evict data volume [GBytes] | 3.904000e-06 |
|    L3 bandwidth [MBytes/s]    |    3931.0488 |
|    L3 data volume [GBytes]    |       0.0001 |
+-------------------------------+--------------+

Region op2, Group 1: L3
+-------------------+----------+
|    Region Info    |  Core 0  |
+-------------------+----------+
| RDTSC Runtime [s] | 0.000001 |
|     call count    |        1 |
+-------------------+----------+

+-----------------------+---------+--------+
|         Event         | Counter | Core 0 |
+-----------------------+---------+--------+
|   INSTR_RETIRED_ANY   |  FIXC0  |   5346 |
| CPU_CLK_UNHALTED_CORE |  FIXC1  |  10589 |
|  CPU_CLK_UNHALTED_REF |  FIXC2  |  24140 |
|    L2_LINES_IN_ALL    |   PMC0  |    654 |
|     L2_TRANS_L2_WB    |   PMC1  |     49 |
+-----------------------+---------+--------+

+-------------------------------+--------------+
|             Metric            |    Core 0    |
+-------------------------------+--------------+
|      Runtime (RDTSC) [s]      | 1.426650e-06 |
|      Runtime unhalted [s]     | 3.107351e-06 |
|          Clock [MHz]          |    1494.7973 |
|              CPI              |       1.9807 |
|  L3 load bandwidth [MBytes/s] |   29338.6605 |
|  L3 load data volume [GBytes] | 4.185600e-05 |
| L3 evict bandwidth [MBytes/s] |    2198.1565 |
| L3 evict data volume [GBytes] | 3.136000e-06 |
|    L3 bandwidth [MBytes/s]    |   31536.8170 |
|    L3 data volume [GBytes]    | 4.499200e-05 |
+-------------------------------+--------------+


### versao=v2 grupo=L3 N=64
--------------------------------------------------------------------------------
CPU name:	Intel(R) Core(TM) i5-7500 CPU @ 3.40GHz
CPU type:	Intel Coffeelake processor
CPU clock:	3.41 GHz
--------------------------------------------------------------------------------
N = 64
Tempo médio op1 (CG iteração): 0.0249178 ms
Tempo op2 (resíduo): 0.55179501 ms
--------------------------------------------------------------------------------
Region op1, Group 1: L3
+-------------------+----------+
|    Region Info    |  Core 0  |
+-------------------+----------+
| RDTSC Runtime [s] | 0.000030 |
|     call count    |        1 |
+-------------------+----------+

+-----------------------+---------+--------+
|         Event         | Counter | Core 0 |
+-----------------------+---------+--------+
|   INSTR_RETIRED_ANY   |  FIXC0  |  96089 |
| CPU_CLK_UNHALTED_CORE |  FIXC1  |  48778 |
|  CPU_CLK_UNHALTED_REF |  FIXC2  | 128084 |
|    L2_LINES_IN_ALL    |   PMC0  |   1016 |
|     L2_TRANS_L2_WB    |   PMC1  |    115 |
+-----------------------+---------+--------+

+-------------------------------+--------------+
|             Metric            |    Core 0    |
+-------------------------------+--------------+
|      Runtime (RDTSC) [s]      | 2.977716e-05 |
|      Runtime unhalted [s]     | 1.431287e-05 |
|          Clock [MHz]          |    1297.8553 |
|              CPI              |       0.5076 |
|  L3 load bandwidth [MBytes/s] |    2183.6871 |
|  L3 load data volume [GBytes] |       0.0001 |
| L3 evict bandwidth [MBytes/s] |     247.1693 |
| L3 evict data volume [GBytes] | 7.360000e-06 |
|    L3 bandwidth [MBytes/s]    |    2430.8564 |
|    L3 data volume [GBytes]    |       0.0001 |
+-------------------------------+--------------+

Region op2, Group 1: L3
+-------------------+----------+
|    Region Info    |  Core 0  |
+-------------------+----------+
| RDTSC Runtime [s] | 0.000002 |
|     call count    |        1 |
+-------------------+----------+

+-----------------------+---------+--------+
|         Event         | Counter | Core 0 |
+-----------------------+---------+--------+
|   INSTR_RETIRED_ANY   |  FIXC0  |   6215 |
| CPU_CLK_UNHALTED_CORE |  FIXC1  |  11434 |
|  CPU_CLK_UNHALTED_REF |  FIXC2  |  29820 |
|    L2_LINES_IN_ALL    |   PMC0  |    737 |
|     L2_TRANS_L2_WB    |   PMC1  |     80 |
+-----------------------+---------+--------+

+-------------------------------+--------------+
|             Metric            |    Core 0    |
+-------------------------------+--------------+
|      Runtime (RDTSC) [s]      | 1.978884e-06 |
|      Runtime unhalted [s]     | 3.355066e-06 |
|          Clock [MHz]          |    1306.7356 |
|              CPI              |       1.8397 |
|  L3 load bandwidth [MBytes/s] |   23835.6569 |
|  L3 load data volume [GBytes] | 4.716800e-05 |
| L3 evict bandwidth [MBytes/s] |    2587.3169 |
| L3 evict data volume [GBytes] | 5.120000e-06 |
|    L3 bandwidth [MBytes/s]    |   26422.9738 |
|    L3 data volume [GBytes]    |       0.0001 |
+-------------------------------+--------------+


### versao=v2 grupo=L3 N=128
--------------------------------------------------------------------------------
CPU name:	Intel(R) Core(TM) i5-7500 CPU @ 3.40GHz
CPU type:	Intel Coffeelake processor
CPU clock:	3.41 GHz
--------------------------------------------------------------------------------
N = 128
Tempo médio op1 (CG iteração): 0.02325268 ms
Tempo op2 (resíduo): 0.50688303 ms
--------------------------------------------------------------------------------
Region op1, Group 1: L3
+-------------------+----------+
|    Region Info    |  Core 0  |
+-------------------+----------+
| RDTSC Runtime [s] | 0.000051 |
|     call count    |        1 |
+-------------------+----------+

+-----------------------+---------+--------+
|         Event         | Counter | Core 0 |
+-----------------------+---------+--------+
|   INSTR_RETIRED_ANY   |  FIXC0  | 163989 |
| CPU_CLK_UNHALTED_CORE |  FIXC1  |  80585 |
|  CPU_CLK_UNHALTED_REF |  FIXC2  | 196670 |
|    L2_LINES_IN_ALL    |   PMC0  |   1275 |
|     L2_TRANS_L2_WB    |   PMC1  |    147 |
+-----------------------+---------+--------+

+-------------------------------+--------------+
|             Metric            |    Core 0    |
+-------------------------------+--------------+
|      Runtime (RDTSC) [s]      |       0.0001 |
|      Runtime unhalted [s]     | 2.364608e-05 |
|          Clock [MHz]          |    1396.4043 |
|              CPI              |       0.4914 |
|  L3 load bandwidth [MBytes/s] |    1615.5111 |
|  L3 load data volume [GBytes] |       0.0001 |
| L3 evict bandwidth [MBytes/s] |     186.2589 |
| L3 evict data volume [GBytes] | 9.408000e-06 |
|    L3 bandwidth [MBytes/s]    |    1801.7701 |
|    L3 data volume [GBytes]    |       0.0001 |
+-------------------------------+--------------+

Region op2, Group 1: L3
+-------------------+----------+
|    Region Info    |  Core 0  |
+-------------------+----------+
| RDTSC Runtime [s] | 0.000003 |
|     call count    |        1 |
+-------------------+----------+

+-----------------------+---------+--------+
|         Event         | Counter | Core 0 |
+-----------------------+---------+--------+
|   INSTR_RETIRED_ANY   |  FIXC0  |   8100 |
| CPU_CLK_UNHALTED_CORE |  FIXC1  |  11923 |
|  CPU_CLK_UNHALTED_REF |  FIXC2  |  29110 |
|    L2_LINES_IN_ALL    |   PMC0  |    833 |
|     L2_TRANS_L2_WB    |   PMC1  |     82 |
+-----------------------+---------+--------+

+-------------------------------+--------------+
|             Metric            |    Core 0    |
+-------------------------------+--------------+
|      Runtime (RDTSC) [s]      | 2.535816e-06 |
|      Runtime unhalted [s]     | 3.498569e-06 |
|          Clock [MHz]          |    1395.8489 |
|              CPI              |       1.4720 |
|  L3 load bandwidth [MBytes/s] |   21023.6074 |
|  L3 load data volume [GBytes] |       0.0001 |
| L3 evict bandwidth [MBytes/s] |    2069.5508 |
| L3 evict data volume [GBytes] | 5.248000e-06 |
|    L3 bandwidth [MBytes/s]    |   23093.1582 |
|    L3 data volume [GBytes]    |       0.0001 |
+-------------------------------+--------------+


### versao=v2 grupo=L3 N=256
--------------------------------------------------------------------------------
CPU name:	Intel(R) Core(TM) i5-7500 CPU @ 3.40GHz
CPU type:	Intel Coffeelake processor
CPU clock:	3.41 GHz
--------------------------------------------------------------------------------
N = 256
Tempo médio op1 (CG iteração): 0.022406 ms
Tempo op2 (resíduo): 0.44212198 ms
--------------------------------------------------------------------------------
Region op1, Group 1: L3
+-------------------+----------+
|    Region Info    |  Core 0  |
+-------------------+----------+
| RDTSC Runtime [s] | 0.000081 |
|     call count    |        1 |
+-------------------+----------+

+-----------------------+---------+--------+
|         Event         | Counter | Core 0 |
+-----------------------+---------+--------+
|   INSTR_RETIRED_ANY   |  FIXC0  | 299789 |
| CPU_CLK_UNHALTED_CORE |  FIXC1  | 140105 |
|  CPU_CLK_UNHALTED_REF |  FIXC2  | 299478 |
|    L2_LINES_IN_ALL    |   PMC0  |   1631 |
|     L2_TRANS_L2_WB    |   PMC1  |    124 |
+-----------------------+---------+--------+

+-------------------------------+--------------+
|             Metric            |    Core 0    |
+-------------------------------+--------------+
|      Runtime (RDTSC) [s]      |       0.0001 |
|      Runtime unhalted [s]     | 4.111088e-05 |
|          Clock [MHz]          |    1594.3568 |
|              CPI              |       0.4673 |
|  L3 load bandwidth [MBytes/s] |    1281.6856 |
|  L3 load data volume [GBytes] |       0.0001 |
| L3 evict bandwidth [MBytes/s] |      97.4427 |
| L3 evict data volume [GBytes] | 7.936000e-06 |
|    L3 bandwidth [MBytes/s]    |    1379.1283 |
|    L3 data volume [GBytes]    |       0.0001 |
+-------------------------------+--------------+

Region op2, Group 1: L3
+-------------------+----------+
|    Region Info    |  Core 0  |
+-------------------+----------+
| RDTSC Runtime [s] | 0.000003 |
|     call count    |        1 |
+-------------------+----------+

+-----------------------+---------+--------+
|         Event         | Counter | Core 0 |
+-----------------------+---------+--------+
|   INSTR_RETIRED_ANY   |  FIXC0  |  11546 |
| CPU_CLK_UNHALTED_CORE |  FIXC1  |  13571 |
|  CPU_CLK_UNHALTED_REF |  FIXC2  |  29110 |
|    L2_LINES_IN_ALL    |   PMC0  |    975 |
|     L2_TRANS_L2_WB    |   PMC1  |     93 |
+-----------------------+---------+--------+

+-------------------------------+--------------+
|             Metric            |    Core 0    |
+-------------------------------+--------------+
|      Runtime (RDTSC) [s]      | 3.300305e-06 |
|      Runtime unhalted [s]     | 3.982126e-06 |
|          Clock [MHz]          |    1588.7899 |
|              CPI              |       1.1754 |
|  L3 load bandwidth [MBytes/s] |   18907.3434 |
|  L3 load data volume [GBytes] |       0.0001 |
| L3 evict bandwidth [MBytes/s] |    1803.4697 |
| L3 evict data volume [GBytes] | 5.952000e-06 |
|    L3 bandwidth [MBytes/s]    |   20710.8131 |
|    L3 data volume [GBytes]    |       0.0001 |
+-------------------------------+--------------+


### versao=v2 grupo=L3 N=512
--------------------------------------------------------------------------------
CPU name:	Intel(R) Core(TM) i5-7500 CPU @ 3.40GHz
CPU type:	Intel Coffeelake processor
CPU clock:	3.41 GHz
--------------------------------------------------------------------------------
N = 512
Tempo médio op1 (CG iteração): 0.026011 ms
Tempo op2 (resíduo): 0.43202302 ms
--------------------------------------------------------------------------------
Region op1, Group 1: L3
+-------------------+----------+
|    Region Info    |  Core 0  |
+-------------------+----------+
| RDTSC Runtime [s] | 0.000179 |
|     call count    |        1 |
+-------------------+----------+

+-----------------------+---------+--------+
|         Event         | Counter | Core 0 |
+-----------------------+---------+--------+
|   INSTR_RETIRED_ANY   |  FIXC0  | 565839 |
| CPU_CLK_UNHALTED_CORE |  FIXC1  | 296435 |
|  CPU_CLK_UNHALTED_REF |  FIXC2  | 633036 |
|    L2_LINES_IN_ALL    |   PMC0  |   2237 |
|     L2_TRANS_L2_WB    |   PMC1  |    282 |
+-----------------------+---------+--------+

+-------------------------------+--------------+
|             Metric            |    Core 0    |
+-------------------------------+--------------+
|      Runtime (RDTSC) [s]      |       0.0002 |
|      Runtime unhalted [s]     |       0.0001 |
|          Clock [MHz]          |    1595.2730 |
|              CPI              |       0.5239 |
|  L3 load bandwidth [MBytes/s] |     798.9504 |
|  L3 load data volume [GBytes] |       0.0001 |
| L3 evict bandwidth [MBytes/s] |     100.7170 |
| L3 evict data volume [GBytes] | 1.804800e-05 |
|    L3 bandwidth [MBytes/s]    |     899.6675 |
|    L3 data volume [GBytes]    |       0.0002 |
+-------------------------------+--------------+

Region op2, Group 1: L3
+-------------------+----------+
|    Region Info    |  Core 0  |
+-------------------+----------+
| RDTSC Runtime [s] | 0.000006 |
|     call count    |        1 |
+-------------------+----------+

+-----------------------+---------+--------+
|         Event         | Counter | Core 0 |
+-----------------------+---------+--------+
|   INSTR_RETIRED_ANY   |  FIXC0  |  18031 |
| CPU_CLK_UNHALTED_CORE |  FIXC1  |  17780 |
|  CPU_CLK_UNHALTED_REF |  FIXC2  |  38056 |
|    L2_LINES_IN_ALL    |   PMC0  |   1415 |
|     L2_TRANS_L2_WB    |   PMC1  |    166 |
+-----------------------+---------+--------+

+-------------------------------+--------------+
|             Metric            |    Core 0    |
+-------------------------------+--------------+
|      Runtime (RDTSC) [s]      | 5.897329e-06 |
|      Runtime unhalted [s]     | 5.219126e-06 |
|          Clock [MHz]          |    1591.6316 |
|              CPI              |       0.9861 |
|  L3 load bandwidth [MBytes/s] |   15356.1044 |
|  L3 load data volume [GBytes] |       0.0001 |
| L3 evict bandwidth [MBytes/s] |    1801.4935 |
| L3 evict data volume [GBytes] | 1.062400e-05 |
|    L3 bandwidth [MBytes/s]    |   17157.5980 |
|    L3 data volume [GBytes]    |       0.0001 |
+-------------------------------+--------------+


### versao=v2 grupo=L3 N=1000
--------------------------------------------------------------------------------
CPU name:	Intel(R) Core(TM) i5-7500 CPU @ 3.40GHz
CPU type:	Intel Coffeelake processor
CPU clock:	3.41 GHz
--------------------------------------------------------------------------------
N = 1000
Tempo médio op1 (CG iteração): 0.03416816 ms
Tempo op2 (resíduo): 0.482959 ms
--------------------------------------------------------------------------------
Region op1, Group 1: L3
+-------------------+----------+
|    Region Info    |  Core 0  |
+-------------------+----------+
| RDTSC Runtime [s] | 0.000340 |
|     call count    |        1 |
+-------------------+----------+

+-----------------------+---------+---------+
|         Event         | Counter |  Core 0 |
+-----------------------+---------+---------+
|   INSTR_RETIRED_ANY   |  FIXC0  | 1079089 |
| CPU_CLK_UNHALTED_CORE |  FIXC1  |  519851 |
|  CPU_CLK_UNHALTED_REF |  FIXC2  | 1183712 |
|    L2_LINES_IN_ALL    |   PMC0  |   11332 |
|     L2_TRANS_L2_WB    |   PMC1  |    2719 |
+-----------------------+---------+---------+

+-------------------------------+-----------+
|             Metric            |   Core 0  |
+-------------------------------+-----------+
|      Runtime (RDTSC) [s]      |    0.0003 |
|      Runtime unhalted [s]     |    0.0002 |
|          Clock [MHz]          | 1496.1581 |
|              CPI              |    0.4817 |
|  L3 load bandwidth [MBytes/s] | 2133.5593 |
|  L3 load data volume [GBytes] |    0.0007 |
| L3 evict bandwidth [MBytes/s] |  511.9262 |
| L3 evict data volume [GBytes] |    0.0002 |
|    L3 bandwidth [MBytes/s]    | 2645.4855 |
|    L3 data volume [GBytes]    |    0.0009 |
+-------------------------------+-----------+

Region op2, Group 1: L3
+-------------------+----------+
|    Region Info    |  Core 0  |
+-------------------+----------+
| RDTSC Runtime [s] | 0.000010 |
|     call count    |        1 |
+-------------------+----------+

+-----------------------+---------+--------+
|         Event         | Counter | Core 0 |
+-----------------------+---------+--------+
|   INSTR_RETIRED_ANY   |  FIXC0  |  30950 |
| CPU_CLK_UNHALTED_CORE |  FIXC1  |  24168 |
|  CPU_CLK_UNHALTED_REF |  FIXC2  |  55238 |
|    L2_LINES_IN_ALL    |   PMC0  |   2534 |
|     L2_TRANS_L2_WB    |   PMC1  |    420 |
+-----------------------+---------+--------+

+-------------------------------+--------------+
|             Metric            |    Core 0    |
+-------------------------------+--------------+
|      Runtime (RDTSC) [s]      | 1.008338e-05 |
|      Runtime unhalted [s]     | 7.094080e-06 |
|          Clock [MHz]          |    1490.5530 |
|              CPI              |       0.7809 |
|  L3 load bandwidth [MBytes/s] |   16083.4958 |
|  L3 load data volume [GBytes] |       0.0002 |
| L3 evict bandwidth [MBytes/s] |    2665.7728 |
| L3 evict data volume [GBytes] | 2.688000e-05 |
|    L3 bandwidth [MBytes/s]    |   18749.2686 |
|    L3 data volume [GBytes]    |       0.0002 |
+-------------------------------+--------------+


### versao=v2 grupo=L3 N=2000
--------------------------------------------------------------------------------
CPU name:	Intel(R) Core(TM) i5-7500 CPU @ 3.40GHz
CPU type:	Intel Coffeelake processor
CPU clock:	3.41 GHz
--------------------------------------------------------------------------------
N = 2000
Tempo médio op1 (CG iteração): 0.054519041 ms
Tempo op2 (resíduo): 0.578843 ms
--------------------------------------------------------------------------------
Region op1, Group 1: L3
+-------------------+----------+
|    Region Info    |  Core 0  |
+-------------------+----------+
| RDTSC Runtime [s] | 0.000829 |
|     call count    |        1 |
+-------------------+----------+

+-----------------------+---------+---------+
|         Event         | Counter |  Core 0 |
+-----------------------+---------+---------+
|   INSTR_RETIRED_ANY   |  FIXC0  | 2128239 |
| CPU_CLK_UNHALTED_CORE |  FIXC1  | 1251915 |
|  CPU_CLK_UNHALTED_REF |  FIXC2  | 2850650 |
|    L2_LINES_IN_ALL    |   PMC0  |   67578 |
|     L2_TRANS_L2_WB    |   PMC1  |   15021 |
+-----------------------+---------+---------+

+-------------------------------+-----------+
|             Metric            |   Core 0  |
+-------------------------------+-----------+
|      Runtime (RDTSC) [s]      |    0.0008 |
|      Runtime unhalted [s]     |    0.0004 |
|          Clock [MHz]          | 1496.6745 |
|              CPI              |    0.5882 |
|  L3 load bandwidth [MBytes/s] | 5217.3617 |
|  L3 load data volume [GBytes] |    0.0043 |
| L3 evict bandwidth [MBytes/s] | 1159.6968 |
| L3 evict data volume [GBytes] |    0.0010 |
|    L3 bandwidth [MBytes/s]    | 6377.0585 |
|    L3 data volume [GBytes]    |    0.0053 |
+-------------------------------+-----------+

Region op2, Group 1: L3
+-------------------+----------+
|    Region Info    |  Core 0  |
+-------------------+----------+
| RDTSC Runtime [s] | 0.000025 |
|     call count    |        1 |
+-------------------+----------+

+-----------------------+---------+--------+
|         Event         | Counter | Core 0 |
+-----------------------+---------+--------+
|   INSTR_RETIRED_ANY   |  FIXC0  |  57114 |
| CPU_CLK_UNHALTED_CORE |  FIXC1  |  46483 |
|  CPU_CLK_UNHALTED_REF |  FIXC2  | 105790 |
|    L2_LINES_IN_ALL    |   PMC0  |   4982 |
|     L2_TRANS_L2_WB    |   PMC1  |    558 |
+-----------------------+---------+--------+

+-------------------------------+--------------+
|             Metric            |    Core 0    |
+-------------------------------+--------------+
|      Runtime (RDTSC) [s]      | 2.482699e-05 |
|      Runtime unhalted [s]     | 1.363948e-05 |
|          Clock [MHz]          |    1497.4280 |
|              CPI              |       0.8139 |
|  L3 load bandwidth [MBytes/s] |   12842.7973 |
|  L3 load data volume [GBytes] |       0.0003 |
| L3 evict bandwidth [MBytes/s] |    1438.4345 |
| L3 evict data volume [GBytes] | 3.571200e-05 |
|    L3 bandwidth [MBytes/s]    |   14281.2318 |
|    L3 data volume [GBytes]    |       0.0004 |
+-------------------------------+--------------+


### versao=v2 grupo=L3 N=4000
--------------------------------------------------------------------------------
CPU name:	Intel(R) Core(TM) i5-7500 CPU @ 3.40GHz
CPU type:	Intel Coffeelake processor
CPU clock:	3.41 GHz
--------------------------------------------------------------------------------
N = 4000
Tempo médio op1 (CG iteração): 0.09496012 ms
Tempo op2 (resíduo): 0.49252301 ms
--------------------------------------------------------------------------------
Region op1, Group 1: L3
+-------------------+----------+
|    Region Info    |  Core 0  |
+-------------------+----------+
| RDTSC Runtime [s] | 0.001799 |
|     call count    |        1 |
+-------------------+----------+

+-----------------------+---------+---------+
|         Event         | Counter |  Core 0 |
+-----------------------+---------+---------+
|   INSTR_RETIRED_ANY   |  FIXC0  | 4228240 |
| CPU_CLK_UNHALTED_CORE |  FIXC1  | 2749787 |
|  CPU_CLK_UNHALTED_REF |  FIXC2  | 6075896 |
|    L2_LINES_IN_ALL    |   PMC0  |  226885 |
|     L2_TRANS_L2_WB    |   PMC1  |   46329 |
+-----------------------+---------+---------+

+-------------------------------+-----------+
|             Metric            |   Core 0  |
+-------------------------------+-----------+
|      Runtime (RDTSC) [s]      |    0.0018 |
|      Runtime unhalted [s]     |    0.0008 |
|          Clock [MHz]          | 1542.3602 |
|              CPI              |    0.6503 |
|  L3 load bandwidth [MBytes/s] | 8073.0995 |
|  L3 load data volume [GBytes] |    0.0145 |
| L3 evict bandwidth [MBytes/s] | 1648.4943 |
| L3 evict data volume [GBytes] |    0.0030 |
|    L3 bandwidth [MBytes/s]    | 9721.5938 |
|    L3 data volume [GBytes]    |    0.0175 |
+-------------------------------+-----------+

Region op2, Group 1: L3
+-------------------+----------+
|    Region Info    |  Core 0  |
+-------------------+----------+
| RDTSC Runtime [s] | 0.000049 |
|     call count    |        1 |
+-------------------+----------+

+-----------------------+---------+--------+
|         Event         | Counter | Core 0 |
+-----------------------+---------+--------+
|   INSTR_RETIRED_ANY   |  FIXC0  | 109464 |
| CPU_CLK_UNHALTED_CORE |  FIXC1  |  87979 |
|  CPU_CLK_UNHALTED_REF |  FIXC2  | 187866 |
|    L2_LINES_IN_ALL    |   PMC0  |   9454 |
|     L2_TRANS_L2_WB    |   PMC1  |   1169 |
+-----------------------+---------+--------+

+-------------------------------+--------------+
|             Metric            |    Core 0    |
+-------------------------------+--------------+
|      Runtime (RDTSC) [s]      | 4.917755e-05 |
|      Runtime unhalted [s]     | 2.581558e-05 |
|          Clock [MHz]          |    1595.9817 |
|              CPI              |       0.8037 |
|  L3 load bandwidth [MBytes/s] |   12303.5003 |
|  L3 load data volume [GBytes] |       0.0006 |
| L3 evict bandwidth [MBytes/s] |    1521.3446 |
| L3 evict data volume [GBytes] |       0.0001 |
|    L3 bandwidth [MBytes/s]    |   13824.8449 |
|    L3 data volume [GBytes]    |       0.0007 |
+-------------------------------+--------------+


### versao=v2 grupo=L3 N=8000
--------------------------------------------------------------------------------
CPU name:	Intel(R) Core(TM) i5-7500 CPU @ 3.40GHz
CPU type:	Intel Coffeelake processor
CPU clock:	3.41 GHz
--------------------------------------------------------------------------------
N = 8000
Tempo médio op1 (CG iteração): 0.07827992 ms
Tempo op2 (resíduo): 0.23826098 ms
--------------------------------------------------------------------------------
Region op1, Group 1: L3
+-------------------+----------+
|    Region Info    |  Core 0  |
+-------------------+----------+
| RDTSC Runtime [s] | 0.001666 |
|     call count    |        1 |
+-------------------+----------+

+-----------------------+---------+---------+
|         Event         | Counter |  Core 0 |
+-----------------------+---------+---------+
|   INSTR_RETIRED_ANY   |  FIXC0  | 8428240 |
| CPU_CLK_UNHALTED_CORE |  FIXC1  | 5702833 |
|  CPU_CLK_UNHALTED_REF |  FIXC2  | 5265218 |
|    L2_LINES_IN_ALL    |   PMC0  |  746205 |
|     L2_TRANS_L2_WB    |   PMC1  |  212245 |
+-----------------------+---------+---------+

+-------------------------------+------------+
|             Metric            |   Core 0   |
+-------------------------------+------------+
|      Runtime (RDTSC) [s]      |     0.0017 |
|      Runtime unhalted [s]     |     0.0017 |
|          Clock [MHz]          |  3691.2321 |
|              CPI              |     0.6766 |
|  L3 load bandwidth [MBytes/s] | 28670.0577 |
|  L3 load data volume [GBytes] |     0.0478 |
| L3 evict bandwidth [MBytes/s] |  8154.6980 |
| L3 evict data volume [GBytes] |     0.0136 |
|    L3 bandwidth [MBytes/s]    | 36824.7557 |
|    L3 data volume [GBytes]    |     0.0613 |
+-------------------------------+------------+

Region op2, Group 1: L3
+-------------------+----------+
|    Region Info    |  Core 0  |
+-------------------+----------+
| RDTSC Runtime [s] | 0.000042 |
|     call count    |        1 |
+-------------------+----------+

+-----------------------+---------+--------+
|         Event         | Counter | Core 0 |
+-----------------------+---------+--------+
|   INSTR_RETIRED_ANY   |  FIXC0  | 214250 |
| CPU_CLK_UNHALTED_CORE |  FIXC1  | 166858 |
|  CPU_CLK_UNHALTED_REF |  FIXC2  | 154070 |
|    L2_LINES_IN_ALL    |   PMC0  |  24201 |
|     L2_TRANS_L2_WB    |   PMC1  |   3731 |
+-----------------------+---------+--------+

+-------------------------------+--------------+
|             Metric            |    Core 0    |
+-------------------------------+--------------+
|      Runtime (RDTSC) [s]      | 4.247325e-05 |
|      Runtime unhalted [s]     | 4.896097e-05 |
|          Clock [MHz]          |    3690.8467 |
|              CPI              |       0.7788 |
|  L3 load bandwidth [MBytes/s] |   36466.8115 |
|  L3 load data volume [GBytes] |       0.0015 |
| L3 evict bandwidth [MBytes/s] |    5621.9856 |
| L3 evict data volume [GBytes] |       0.0002 |
|    L3 bandwidth [MBytes/s]    |   42088.7971 |
|    L3 data volume [GBytes]    |       0.0018 |
+-------------------------------+--------------+


### versao=v2 grupo=L3 N=9000
--------------------------------------------------------------------------------
CPU name:	Intel(R) Core(TM) i5-7500 CPU @ 3.40GHz
CPU type:	Intel Coffeelake processor
CPU clock:	3.41 GHz
--------------------------------------------------------------------------------
N = 9000
Tempo médio op1 (CG iteração): 0.19985936 ms
Tempo op2 (resíduo): 0.570041 ms
--------------------------------------------------------------------------------
Region op1, Group 1: L3
+-------------------+----------+
|    Region Info    |  Core 0  |
+-------------------+----------+
| RDTSC Runtime [s] | 0.004349 |
|     call count    |        1 |
+-------------------+----------+

+-----------------------+---------+----------+
|         Event         | Counter |  Core 0  |
+-----------------------+---------+----------+
|   INSTR_RETIRED_ANY   |  FIXC0  |  9479078 |
| CPU_CLK_UNHALTED_CORE |  FIXC1  |  6924896 |
|  CPU_CLK_UNHALTED_REF |  FIXC2  | 14784330 |
|    L2_LINES_IN_ALL    |   PMC0  |  1050949 |
|     L2_TRANS_L2_WB    |   PMC1  |   287666 |
+-----------------------+---------+----------+

+-------------------------------+------------+
|             Metric            |   Core 0   |
+-------------------------------+------------+
|      Runtime (RDTSC) [s]      |     0.0043 |
|      Runtime unhalted [s]     |     0.0020 |
|          Clock [MHz]          |  1595.5076 |
|              CPI              |     0.7305 |
|  L3 load bandwidth [MBytes/s] | 15466.7288 |
|  L3 load data volume [GBytes] |     0.0673 |
| L3 evict bandwidth [MBytes/s] |  4233.5565 |
| L3 evict data volume [GBytes] |     0.0184 |
|    L3 bandwidth [MBytes/s]    | 19700.2854 |
|    L3 data volume [GBytes]    |     0.0857 |
+-------------------------------+------------+

Region op2, Group 1: L3
+-------------------+----------+
|    Region Info    |  Core 0  |
+-------------------+----------+
| RDTSC Runtime [s] | 0.000117 |
|     call count    |        1 |
+-------------------+----------+

+-----------------------+---------+--------+
|         Event         | Counter | Core 0 |
+-----------------------+---------+--------+
|   INSTR_RETIRED_ANY   |  FIXC0  | 240478 |
| CPU_CLK_UNHALTED_CORE |  FIXC1  | 195692 |
|  CPU_CLK_UNHALTED_REF |  FIXC2  | 417906 |
|    L2_LINES_IN_ALL    |   PMC0  |  31169 |
|     L2_TRANS_L2_WB    |   PMC1  |   6104 |
+-----------------------+---------+--------+

+-------------------------------+------------+
|             Metric            |   Core 0   |
+-------------------------------+------------+
|      Runtime (RDTSC) [s]      |     0.0001 |
|      Runtime unhalted [s]     |     0.0001 |
|          Clock [MHz]          |  1595.0773 |
|              CPI              |     0.8138 |
|  L3 load bandwidth [MBytes/s] | 17118.3290 |
|  L3 load data volume [GBytes] |     0.0020 |
| L3 evict bandwidth [MBytes/s] |  3352.3783 |
| L3 evict data volume [GBytes] |     0.0004 |
|    L3 bandwidth [MBytes/s]    | 20470.7074 |
|    L3 data volume [GBytes]    |     0.0024 |
+-------------------------------+------------+


### versao=v2 grupo=L3 N=10000
--------------------------------------------------------------------------------
CPU name:	Intel(R) Core(TM) i5-7500 CPU @ 3.40GHz
CPU type:	Intel Coffeelake processor
CPU clock:	3.41 GHz
--------------------------------------------------------------------------------
N = 10000
Tempo médio op1 (CG iteração): 0.097067001 ms
Tempo op2 (resíduo): 0.25487 ms
--------------------------------------------------------------------------------
Region op1, Group 1: L3
+-------------------+----------+
|    Region Info    |  Core 0  |
+-------------------+----------+
| RDTSC Runtime [s] | 0.002112 |
|     call count    |        1 |
+-------------------+----------+

+-----------------------+---------+----------+
|         Event         | Counter |  Core 0  |
+-----------------------+---------+----------+
|   INSTR_RETIRED_ANY   |  FIXC0  | 10528240 |
| CPU_CLK_UNHALTED_CORE |  FIXC1  |  7163440 |
|  CPU_CLK_UNHALTED_REF |  FIXC2  |  7196986 |
|    L2_LINES_IN_ALL    |   PMC0  |   943188 |
|     L2_TRANS_L2_WB    |   PMC1  |   326518 |
+-----------------------+---------+----------+

+-------------------------------+------------+
|             Metric            |   Core 0   |
+-------------------------------+------------+
|      Runtime (RDTSC) [s]      |     0.0021 |
|      Runtime unhalted [s]     |     0.0021 |
|          Clock [MHz]          |  3391.9964 |
|              CPI              |     0.6804 |
|  L3 load bandwidth [MBytes/s] | 28582.5101 |
|  L3 load data volume [GBytes] |     0.0604 |
| L3 evict bandwidth [MBytes/s] |  9894.8503 |
| L3 evict data volume [GBytes] |     0.0209 |
|    L3 bandwidth [MBytes/s]    | 38477.3604 |
|    L3 data volume [GBytes]    |     0.0813 |
+-------------------------------+------------+

Region op2, Group 1: L3
+-------------------+----------+
|    Region Info    |  Core 0  |
+-------------------+----------+
| RDTSC Runtime [s] | 0.000062 |
|     call count    |        1 |
+-------------------+----------+

+-----------------------+---------+--------+
|         Event         | Counter | Core 0 |
+-----------------------+---------+--------+
|   INSTR_RETIRED_ANY   |  FIXC0  | 266658 |
| CPU_CLK_UNHALTED_CORE |  FIXC1  | 219445 |
|  CPU_CLK_UNHALTED_REF |  FIXC2  | 220526 |
|    L2_LINES_IN_ALL    |   PMC0  |  39631 |
|     L2_TRANS_L2_WB    |   PMC1  |   9305 |
+-----------------------+---------+--------+

+-------------------------------+------------+
|             Metric            |   Core 0   |
+-------------------------------+------------+
|      Runtime (RDTSC) [s]      |     0.0001 |
|      Runtime unhalted [s]     |     0.0001 |
|          Clock [MHz]          |  3391.1758 |
|              CPI              |     0.8229 |
|  L3 load bandwidth [MBytes/s] | 40951.7846 |
|  L3 load data volume [GBytes] |     0.0025 |
| L3 evict bandwidth [MBytes/s] |  9615.1083 |
| L3 evict data volume [GBytes] |     0.0006 |
|    L3 bandwidth [MBytes/s]    | 50566.8929 |
|    L3 data volume [GBytes]    |     0.0031 |
+-------------------------------+------------+


### versao=v2 grupo=L3 N=20000
--------------------------------------------------------------------------------
CPU name:	Intel(R) Core(TM) i5-7500 CPU @ 3.40GHz
CPU type:	Intel Coffeelake processor
CPU clock:	3.41 GHz
--------------------------------------------------------------------------------
N = 20000
Tempo médio op1 (CG iteração): 0.36046888 ms
Tempo op2 (resíduo): 0.46793699 ms
--------------------------------------------------------------------------------
Region op1, Group 1: L3
+-------------------+----------+
|    Region Info    |  Core 0  |
+-------------------+----------+
| RDTSC Runtime [s] | 0.007794 |
|     call count    |        1 |
+-------------------+----------+

+-----------------------+---------+----------+
|         Event         | Counter |  Core 0  |
+-----------------------+---------+----------+
|   INSTR_RETIRED_ANY   |  FIXC0  | 21028250 |
| CPU_CLK_UNHALTED_CORE |  FIXC1  | 17353220 |
|  CPU_CLK_UNHALTED_REF |  FIXC2  | 26378630 |
|    L2_LINES_IN_ALL    |   PMC0  |  3145785 |
|     L2_TRANS_L2_WB    |   PMC1  |  1043433 |
+-----------------------+---------+----------+

+-------------------------------+------------+
|             Metric            |   Core 0   |
+-------------------------------+------------+
|      Runtime (RDTSC) [s]      |     0.0078 |
|      Runtime unhalted [s]     |     0.0051 |
|          Clock [MHz]          |  2241.9449 |
|              CPI              |     0.8252 |
|  L3 load bandwidth [MBytes/s] | 25831.7147 |
|  L3 load data volume [GBytes] |     0.2013 |
| L3 evict bandwidth [MBytes/s] |  8568.1836 |
| L3 evict data volume [GBytes] |     0.0668 |
|    L3 bandwidth [MBytes/s]    | 34399.8983 |
|    L3 data volume [GBytes]    |     0.2681 |
+-------------------------------+------------+

Region op2, Group 1: L3
+-------------------+----------+
|    Region Info    |  Core 0  |
+-------------------+----------+
| RDTSC Runtime [s] | 0.000191 |
|     call count    |        1 |
+-------------------+----------+

+-----------------------+---------+--------+
|         Event         | Counter | Core 0 |
+-----------------------+---------+--------+
|   INSTR_RETIRED_ANY   |  FIXC0  | 528525 |
| CPU_CLK_UNHALTED_CORE |  FIXC1  | 513822 |
|  CPU_CLK_UNHALTED_REF |  FIXC2  | 626930 |
|    L2_LINES_IN_ALL    |   PMC0  | 103073 |
|     L2_TRANS_L2_WB    |   PMC1  |  32116 |
+-----------------------+---------+--------+

+-------------------------------+------------+
|             Metric            |   Core 0   |
+-------------------------------+------------+
|      Runtime (RDTSC) [s]      |     0.0002 |
|      Runtime unhalted [s]     |     0.0002 |
|          Clock [MHz]          |  2793.1274 |
|              CPI              |     0.9722 |
|  L3 load bandwidth [MBytes/s] | 34608.7786 |
|  L3 load data volume [GBytes] |     0.0066 |
| L3 evict bandwidth [MBytes/s] | 10783.5760 |
| L3 evict data volume [GBytes] |     0.0021 |
|    L3 bandwidth [MBytes/s]    | 45392.3546 |
|    L3 data volume [GBytes]    |     0.0087 |
+-------------------------------+------------+


