
==============================
N=32
==============================
--------------------------------------------------------------------------------
CPU name:	Intel(R) Core(TM) i5-7500 CPU @ 3.40GHz
CPU type:	Intel Coffeelake processor
CPU clock:	3.41 GHz
--------------------------------------------------------------------------------
32
1.802875492325259 1.509522897519966 11.99040571806742 0.7904641181325915 2.460208396096906 -1.332944121922416 -0.3768987691124993 3.698943334138691 0.05898211893433941 2.512427163066481 1.083048112163639 0.2022418953679256 0.825758925687095 -2.380497872575777 0.9302510374467836 29.33420936225313 0.8473601834587429 -9.255885579633857 12.49698207139077 0.6040121441645304 2.077791158022082 0.8664606594546722 5.51795470497269 0.4698830260823506 -2.628109117415752 0.2953487705259216 4.50070935210372 1.727376243094649 0.880993315141533 -0.001397121455946177 1.165223186035164 1.268665379372848
4.5686087e-06
4.3484758e-05
0.028138876
0.0094945955
0.21368599
--------------------------------------------------------------------------------
Region op1, Group 1: FLOPS_DP
+-------------------+----------+
|    Region Info    |  Core 0  |
+-------------------+----------+
| RDTSC Runtime [s] | 0.000018 |
|     call count    |        1 |
+-------------------+----------+

+------------------------------------------+---------+--------+
|                   Event                  | Counter | Core 0 |
+------------------------------------------+---------+--------+
|             INSTR_RETIRED_ANY            |  FIXC0  | 112169 |
|           CPU_CLK_UNHALTED_CORE          |  FIXC1  |  71105 |
|           CPU_CLK_UNHALTED_REF           |  FIXC2  |  71000 |
| FP_ARITH_INST_RETIRED_128B_PACKED_DOUBLE |   PMC0  |      0 |
|    FP_ARITH_INST_RETIRED_SCALAR_DOUBLE   |   PMC1  |  29660 |
| FP_ARITH_INST_RETIRED_256B_PACKED_DOUBLE |   PMC2  |   7800 |
+------------------------------------------+---------+--------+

+----------------------+--------------+
|        Metric        |    Core 0    |
+----------------------+--------------+
|  Runtime (RDTSC) [s] | 1.773836e-05 |
| Runtime unhalted [s] | 2.086426e-05 |
|      Clock [MHz]     |    3413.0205 |
|          CPI         |       0.6339 |
|      DP MFLOP/s      |    3430.9823 |
|    AVX DP MFLOP/s    |    1758.8999 |
|    Packed MUOPS/s    |     439.7250 |
|    Scalar MUOPS/s    |    1672.0824 |
|  Vectorization ratio |      20.8222 |
+----------------------+--------------+

Region op2, Group 1: FLOPS_DP
+-------------------+----------+
|    Region Info    |  Core 0  |
+-------------------+----------+
| RDTSC Runtime [s] | 0.000001 |
|     call count    |        1 |
+-------------------+----------+

+------------------------------------------+---------+--------+
|                   Event                  | Counter | Core 0 |
+------------------------------------------+---------+--------+
|             INSTR_RETIRED_ANY            |  FIXC0  |   7154 |
|           CPU_CLK_UNHALTED_CORE          |  FIXC1  |  11534 |
|           CPU_CLK_UNHALTED_REF           |  FIXC2  |  11786 |
| FP_ARITH_INST_RETIRED_128B_PACKED_DOUBLE |   PMC0  |      0 |
|    FP_ARITH_INST_RETIRED_SCALAR_DOUBLE   |   PMC1  |   1066 |
| FP_ARITH_INST_RETIRED_256B_PACKED_DOUBLE |   PMC2  |    272 |
+------------------------------------------+---------+--------+

+----------------------+--------------+
|        Metric        |    Core 0    |
+----------------------+--------------+
|  Runtime (RDTSC) [s] | 7.523514e-07 |
| Runtime unhalted [s] | 3.384409e-06 |
|      Clock [MHz]     |    3335.1135 |
|          CPI         |       1.6122 |
|      DP MFLOP/s      |    2863.0238 |
|    AVX DP MFLOP/s    |    1446.1328 |
|    Packed MUOPS/s    |     361.5332 |
|    Scalar MUOPS/s    |    1416.8911 |
|  Vectorization ratio |      20.3288 |
+----------------------+--------------+


==============================
N=64
==============================
--------------------------------------------------------------------------------
CPU name:	Intel(R) Core(TM) i5-7500 CPU @ 3.40GHz
CPU type:	Intel Coffeelake processor
CPU clock:	3.41 GHz
--------------------------------------------------------------------------------
64
1.802316721528786 1.509869635780798 12.00960561494237 0.7908915937713313 2.452928068600255 -1.344996732169167 -0.3758850859332496 3.705369967804201 0.05828736844098641 2.50551073415093 1.085221142266311 0.211195352304546 0.8250633517651139 -2.402635378499004 0.9340035641471722 29.64550589518536 0.8134308537269239 -9.405085215081384 12.92871056900999 0.5936424410187217 1.898735085865389 0.7904674797058344 5.540995124739311 0.4704029118018563 -2.382452781283963 0.3063362558456144 4.538399591059992 1.732556391297179 0.4327465342294234 0.4232605150904675 -0.08408608086177299 7.465717833128581 2.549388691600467 4.133793058874655 0.05716959268493058 5.205510416830703 0.9549935120741946 2.027473607097866 0.6271597136697339 2.699642080368552 -0.0233217724793318 0.4578084628382265 -0.1016206995429465 4.375912480054978 5.330590449304674 11.83638018674049 -1.155936608632687 -6.048955402439037 1.200522123899208 5.449283238873153 -3.100754369627887 6.28474577220101 -25.97466719635667 46.64618818717566 -0.725332439049966 6.556228986730249 -0.9629829521771759 1.618184295683254 0.8225766684426647 2.320373619433428 8.225032544232336 0.6561864190150452 2.415745008063937 1.294572678510319
0.19268289
1.0616896
0.20959496
0.011841002
0.21316791
--------------------------------------------------------------------------------
Region op1, Group 1: FLOPS_DP
+-------------------+----------+
|    Region Info    |  Core 0  |
+-------------------+----------+
| RDTSC Runtime [s] | 0.000075 |
|     call count    |        1 |
+-------------------+----------+

+------------------------------------------+---------+--------+
|                   Event                  | Counter | Core 0 |
+------------------------------------------+---------+--------+
|             INSTR_RETIRED_ANY            |  FIXC0  | 367769 |
|           CPU_CLK_UNHALTED_CORE          |  FIXC1  | 271795 |
|           CPU_CLK_UNHALTED_REF           |  FIXC2  | 265398 |
| FP_ARITH_INST_RETIRED_128B_PACKED_DOUBLE |   PMC0  |      0 |
|    FP_ARITH_INST_RETIRED_SCALAR_DOUBLE   |   PMC1  | 110460 |
| FP_ARITH_INST_RETIRED_256B_PACKED_DOUBLE |   PMC2  |  28400 |
+------------------------------------------+---------+--------+

+----------------------+-----------+
|        Metric        |   Core 0  |
+----------------------+-----------+
|  Runtime (RDTSC) [s] |    0.0001 |
| Runtime unhalted [s] |    0.0001 |
|      Clock [MHz]     | 3490.1336 |
|          CPI         |    0.7390 |
|      DP MFLOP/s      | 2996.6496 |
|    AVX DP MFLOP/s    | 1519.3225 |
|    Packed MUOPS/s    |  379.8306 |
|    Scalar MUOPS/s    | 1477.3271 |
|  Vectorization ratio |   20.4523 |
+----------------------+-----------+

Region op2, Group 1: FLOPS_DP
+-------------------+----------+
|    Region Info    |  Core 0  |
+-------------------+----------+
| RDTSC Runtime [s] | 0.000003 |
|     call count    |        1 |
+-------------------+----------+

+------------------------------------------+---------+--------+
|                   Event                  | Counter | Core 0 |
+------------------------------------------+---------+--------+
|             INSTR_RETIRED_ANY            |  FIXC0  |  16890 |
|           CPU_CLK_UNHALTED_CORE          |  FIXC1  |  18805 |
|           CPU_CLK_UNHALTED_REF           |  FIXC2  |  18318 |
| FP_ARITH_INST_RETIRED_128B_PACKED_DOUBLE |   PMC0  |      0 |
|    FP_ARITH_INST_RETIRED_SCALAR_DOUBLE   |   PMC1  |   4170 |
| FP_ARITH_INST_RETIRED_256B_PACKED_DOUBLE |   PMC2  |   1056 |
+------------------------------------------+---------+--------+

+----------------------+--------------+
|        Metric        |    Core 0    |
+----------------------+--------------+
|  Runtime (RDTSC) [s] | 2.963624e-06 |
| Runtime unhalted [s] | 5.517916e-06 |
|      Clock [MHz]     |    3498.5937 |
|          CPI         |       1.1134 |
|      DP MFLOP/s      |    2832.3431 |
|    AVX DP MFLOP/s    |    1425.2820 |
|    Packed MUOPS/s    |     356.3205 |
|    Scalar MUOPS/s    |    1407.0611 |
|  Vectorization ratio |      20.2067 |
+----------------------+--------------+


==============================
N=128
==============================
--------------------------------------------------------------------------------
CPU name:	Intel(R) Core(TM) i5-7500 CPU @ 3.40GHz
CPU type:	Intel Coffeelake processor
CPU clock:	3.41 GHz
--------------------------------------------------------------------------------
128
1.812129629822073 1.542405484666644 11.81292495156112 0.789190703052457 2.464407802619 -1.276904116259386 -0.39478783203064 3.670338362397685 0.04907468201230866 2.511192125668037 1.065967968032713 0.2152269451658993 0.8332286309777451 -2.363054570312894 0.9089633639142439 28.77667712171148 0.987561356457031 -8.916677351790311 10.56958580332338 0.7154610777519245 2.731463503411635 1.014642357718375 5.477833202664158 0.4569303594685196 -2.053945999752067 0.2878530608654196 4.558141874621438 1.716674613839943 0.4382920200147907 0.4445457982445605 -0.08129292090800945 7.45542977865481 2.54799082623286 4.167350998073533 0.05892009734293448 5.210562499257466 0.9622755085271945 2.033096650628018 0.6299038564978339 2.700559040106825 -0.01337418586102184 0.4646753984495084 -0.050931150130568 4.371674040672685 5.256706807449722 10.4571867669002 -1.156595349365503 -4.490056027927838 1.088889413517663 4.998072613771885 -2.604685049488876 6.047677880317537 -23.14305818829147 40.67985391055421 -0.4058130069109112 7.456045295654629 -0.6005222881621948 1.571316287463256 0.7083944946174683 2.219218722115309 7.82682815165248 1.460885187603149 3.058494893496323 3.505956581365619 -0.1383385258830697 -0.1252220599957558 0.03870511406889972 2.6864634842275 -0.8660175860036999 0.5852166516106958 2.134385277067308 2.482843120490533 -0.4248681948142251 0.4578914159836484 1.22333992424999 5.530778157828636 1.696534413499763 0.1163040963882832 2.518734728601358 -0.1864134208742556 -0.9840767987540878 -0.06343301926784058 8.490157058562495 -1.488826604037618 -0.7492170884064231 11.1841707427474 3.361287205136015 1.034610010847568 -2.052279822489838 2.848613055538685 0.8156934541749428 0.7792697616140869 2.901487539069834 1.557045321938234 10.86263340432239 1.08548108793907 0.2294370704167356 5.728178287114964 4.539148153580335 1.651236059676218 0.3057151409252418 2.756201084347686 -3.706093038888048 2.099373656424119 0.5993966939465021 0.7506846624938268 1.229624459391143 -1.60559029009582 0.05377013439675335 -0.7002249028490721 43.17751254899895 -3.003925818677726 0.6881939056631371 0.4665268899227675 2.414052100640846 2.976048502474793 2.154206631884749 -0.01543398360873164 9.20410012808796 1.813441966591781 -40.82841149057325 -9.438533872791314 103.8456281077358 0.3984737756666819 -0.9958068979043572 -7.767944165568744 1.169948627673835 26.75630936785005
1.3850996
9.9273402
6.9223241
0.046078238
0.46393895
--------------------------------------------------------------------------------
Region op1, Group 1: FLOPS_DP
+-------------------+----------+
|    Region Info    |  Core 0  |
+-------------------+----------+
| RDTSC Runtime [s] | 0.000685 |
|     call count    |        1 |
+-------------------+----------+

+------------------------------------------+---------+---------+
|                   Event                  | Counter |  Core 0 |
+------------------------------------------+---------+---------+
|             INSTR_RETIRED_ANY            |  FIXC0  | 1339769 |
|           CPU_CLK_UNHALTED_CORE          |  FIXC1  | 1103453 |
|           CPU_CLK_UNHALTED_REF           |  FIXC2  | 2354928 |
| FP_ARITH_INST_RETIRED_128B_PACKED_DOUBLE |   PMC0  |       0 |
|    FP_ARITH_INST_RETIRED_SCALAR_DOUBLE   |   PMC1  |  425660 |
| FP_ARITH_INST_RETIRED_256B_PACKED_DOUBLE |   PMC2  |  108000 |
+------------------------------------------+---------+---------+

+----------------------+-----------+
|        Metric        |   Core 0  |
+----------------------+-----------+
|  Runtime (RDTSC) [s] |    0.0007 |
| Runtime unhalted [s] |    0.0003 |
|      Clock [MHz]     | 1596.8768 |
|          CPI         |    0.8236 |
|      DP MFLOP/s      | 1252.8752 |
|    AVX DP MFLOP/s    |  631.0684 |
|    Packed MUOPS/s    |  157.7671 |
|    Scalar MUOPS/s    |  621.8069 |
|  Vectorization ratio |   20.2376 |
+----------------------+-----------+

Region op2, Group 1: FLOPS_DP
+-------------------+----------+
|    Region Info    |  Core 0  |
+-------------------+----------+
| RDTSC Runtime [s] | 0.000027 |
|     call count    |        1 |
+-------------------+----------+

+------------------------------------------+---------+--------+
|                   Event                  | Counter | Core 0 |
+------------------------------------------+---------+--------+
|             INSTR_RETIRED_ANY            |  FIXC0  |  54794 |
|           CPU_CLK_UNHALTED_CORE          |  FIXC1  |  52486 |
|           CPU_CLK_UNHALTED_REF           |  FIXC2  | 112038 |
| FP_ARITH_INST_RETIRED_128B_PACKED_DOUBLE |   PMC0  |      0 |
|    FP_ARITH_INST_RETIRED_SCALAR_DOUBLE   |   PMC1  |  16522 |
| FP_ARITH_INST_RETIRED_256B_PACKED_DOUBLE |   PMC2  |   4160 |
+------------------------------------------+---------+--------+

+----------------------+--------------+
|        Metric        |    Core 0    |
+----------------------+--------------+
|  Runtime (RDTSC) [s] | 2.725599e-05 |
| Runtime unhalted [s] | 1.540098e-05 |
|      Clock [MHz]     |    1596.5162 |
|          CPI         |       0.9579 |
|      DP MFLOP/s      |    1216.6867 |
|    AVX DP MFLOP/s    |     610.5080 |
|    Packed MUOPS/s    |     152.6270 |
|    Scalar MUOPS/s    |     606.1787 |
|  Vectorization ratio |      20.1141 |
+----------------------+--------------+


==============================
N=256
==============================
--------------------------------------------------------------------------------
CPU name:	Intel(R) Core(TM) i5-7500 CPU @ 3.40GHz
CPU type:	Intel Coffeelake processor
CPU clock:	3.41 GHz
--------------------------------------------------------------------------------
256
1.815240308058135 1.577058375519238 11.55560114385352 0.806548835503436 2.508506606931808 -1.095200444820321 -0.423048759649437 3.620326559654407 0.07577690871243252 2.544444302195835 1.088430584590972 0.1445559249450658 0.8432897172655781 -2.286834323599973 0.9253881928474196 27.56155705249115 1.056756868898723 -8.531651671871305 9.949550460962666 0.6639740707668605 3.486172742390926 1.053304855612166 5.419888684516081 0.4525712235180819 -1.910914952539343 0.2908250899760431 4.484020832733341 1.6960175637317 0.4450772447001873 0.4400623895610633 -0.07242031499879382 7.459917620299438 2.527106063516543 4.125813688217017 0.06418451467793615 5.208829983503536 0.9545678344708568 2.010066969511191 0.6261527757631048 2.685696566207963 -0.02437008875344886 0.4696911019252138 -0.02277156669036368 4.325058907261746 5.1984956132083 9.608838446345997 -1.15021787776326 -3.465048258243773 1.002027488438164 4.76326517596502 -2.414147185486253 5.860689656202931 -21.69258056073664 38.03337040373461 -0.24359735308656 7.825724330442157 -0.3933301674649782 1.545451283647758 0.6771716294536193 2.213730652244418 7.775916043421735 1.441160191789156 3.073819491435869 3.531578853205644 -0.1310935869998918 -0.1065381453884597 0.04197505573004776 2.727664388707216 -0.6650170346876944 0.569887019257053 2.133622802994735 2.488928340426562 -0.3961831352129047 0.4738323437379183 1.213754430065267 5.555131720956305 1.713839424659636 0.1071004319585742 2.514355970706804 -0.2179895867934717 -1.032920255770938 -0.08707173613403427 8.516638914576518 -1.519232483379348 -0.7808913779866942 11.4065771542668 3.37763823373138 1.077117634305168 -2.169989961925128 2.872320733177974 0.6913926510840573 0.7982743300055944 2.873968717105417 1.584176363293481 10.98767059726852 1.101386854278515 0.1612807415764778 5.648327540831241 4.453343095918477 1.624392854638377 0.2994493856884016 2.905242074126339 -3.812879999792384 2.082276727942338 0.6281272969850942 0.7731027469980494 1.248307198932038 -1.834163341083083 -0.02085025578930735 -0.8991900066680242 46.78221154744394 -3.613681669204449 0.6491183385227309 0.3936038502249681 2.56982652774165 2.918030882705156 2.098744616911145 -0.0454736104231323 9.217328742127419 1.786811098839299 -40.94890832624257 -9.537118838541588 103.4870172419979 0.3798596717625302 0.3432650911632563 -7.568911470391048 1.025496827199932 4.31094917061718 3.144136996982726 -0.583778001486714 -0.6783392873923543 3.255968937918494 7.100362024144969 13.97729635023722 0.9433663455609851 6.03725572824794 -0.3494031691679041 0.0964339842075137 3.707301719868917 2.98446370840233 -0.1828526519112864 -1.090346521899858 0.4418878057545724 -0.2048653664502479 14.5103945727333 -0.3645175460493068 13.71179686865912 -1.931786819723923 -0.08829455992388924 1.206610434123065 0.6688511467439067 -0.4966129049774403 10.69775911350587 -1.218857912778052 21.96547298015028 0.05221108212479744 -1.254066157612787 1.584216308247308 1.424971676049445 2.365694765441857 -3.44878227597845 0.7207525029916201 -6.209944321895392 64.03143818299939 -3.648205562366157 -0.01189505031511787 -19.73155333947147 5.387674519027711 0.7806276945323087 3.709467185276694 10.1538281236633 0.3125179279763567 0.1826507530484244 -1.353167113416539 4.906265909346226 0.05627844342232766 1.710705734026841 3.466857985054824 0.9925231179463956 1.627718772747369 0.8126589087970674 1.856307003063416 1.149764022916958 -0.2815760763543049 1.066805008173829 1.263649048352215 1.302745733426166 3.059069141268274 2.136447199403885 1.476300388956076 3.492293875333385 4.154202795938744 -7.880344374930982 0.9575859394482678 -0.2364240855340048 6.456107778074947 -0.03226983326428622 3.276366669872778 0.2456639861670228 1.119341436817674 2.938279864002672 1.532028381402136 -2.459694275897375 4.108964120202597 0.9153223596435772 7.082686995759499 -0.6785796791503964 1.207166651444442 7.094622583088096 2.969692072763547 0.2879096015277599 1.185154176599105 1.636249264846595 2.106946366158082 0.4549236850149559 -0.3303540285691295 1.418883485813318 11.8358714455973 -0.7011436688934878 0.8092627662455623 4.975919233980338 1.283671024013533 0.4668557782962083 -1.598796866706609 3.563141691061072 20.12159515107387 -1.717754033398233 -2.744415086574981 -2.886211826767465 24.9365285467955 1.29269475005757 4.182634597806432 -4.338717659851973 -6.363735811438657 6.483302758417946 0.804795118480028 0.2541583222669262 2.001068247231289 0.3579823577350721 0.7823823328132439 0.458637581832339 0.6595686373676635 1.447524350306638 -0.9086678889630102 7.74182259531233 -0.5714032756297689 7.206562109021175 3.232876110139425 18.06348991305628 -35.36661356851191 5.072034187323094 3.089407241052508 3.270885425990527 -0.09289624605258563 2.192163581839871 1.453230913505783
2.5310236
17.265898
62.157712
0.067146559
0.25130606
--------------------------------------------------------------------------------
Region op1, Group 1: FLOPS_DP
+-------------------+----------+
|    Region Info    |  Core 0  |
+-------------------+----------+
| RDTSC Runtime [s] | 0.001463 |
|     call count    |        1 |
+-------------------+----------+

+------------------------------------------+---------+---------+
|                   Event                  | Counter |  Core 0 |
+------------------------------------------+---------+---------+
|             INSTR_RETIRED_ANY            |  FIXC0  | 5126970 |
|           CPU_CLK_UNHALTED_CORE          |  FIXC1  | 5448910 |
|           CPU_CLK_UNHALTED_REF           |  FIXC2  | 4900846 |
| FP_ARITH_INST_RETIRED_128B_PACKED_DOUBLE |   PMC0  |       0 |
|    FP_ARITH_INST_RETIRED_SCALAR_DOUBLE   |   PMC1  | 1670460 |
| FP_ARITH_INST_RETIRED_256B_PACKED_DOUBLE |   PMC2  |  420800 |
+------------------------------------------+---------+---------+

+----------------------+-----------+
|        Metric        |   Core 0  |
+----------------------+-----------+
|  Runtime (RDTSC) [s] |    0.0015 |
| Runtime unhalted [s] |    0.0016 |
|      Clock [MHz]     | 3789.0109 |
|          CPI         |    1.0628 |
|      DP MFLOP/s      | 2291.5700 |
|    AVX DP MFLOP/s    | 1150.1377 |
|    Packed MUOPS/s    |  287.5344 |
|    Scalar MUOPS/s    | 1141.4324 |
|  Vectorization ratio |   20.1218 |
+----------------------+-----------+

Region op2, Group 1: FLOPS_DP
+-------------------+----------+
|    Region Info    |  Core 0  |
+-------------------+----------+
| RDTSC Runtime [s] | 0.000056 |
|     call count    |        1 |
+-------------------+----------+

+------------------------------------------+---------+--------+
|                   Event                  | Counter | Core 0 |
+------------------------------------------+---------+--------+
|             INSTR_RETIRED_ANY            |  FIXC0  | 204330 |
|           CPU_CLK_UNHALTED_CORE          |  FIXC1  | 223887 |
|           CPU_CLK_UNHALTED_REF           |  FIXC2  | 201214 |
| FP_ARITH_INST_RETIRED_128B_PACKED_DOUBLE |   PMC0  |      0 |
|    FP_ARITH_INST_RETIRED_SCALAR_DOUBLE   |   PMC1  |  65802 |
| FP_ARITH_INST_RETIRED_256B_PACKED_DOUBLE |   PMC2  |  16512 |
+------------------------------------------+---------+--------+

+----------------------+-----------+
|        Metric        |   Core 0  |
+----------------------+-----------+
|  Runtime (RDTSC) [s] |    0.0001 |
| Runtime unhalted [s] |    0.0001 |
|      Clock [MHz]     | 3791.9094 |
|          CPI         |    1.0957 |
|      DP MFLOP/s      | 2334.9967 |
|    AVX DP MFLOP/s    | 1169.6766 |
|    Packed MUOPS/s    |  292.4192 |
|    Scalar MUOPS/s    | 1165.3201 |
|  Vectorization ratio |   20.0598 |
+----------------------+-----------+

