
==============================
N=32
==============================
--------------------------------------------------------------------------------
CPU name:	Intel(R) Core(TM) i5-7500 CPU @ 3.40GHz
CPU type:	Intel Coffeelake processor
CPU clock:	3.41 GHz
--------------------------------------------------------------------------------
N = 32
Tempo médio op1 (CG iteração): 0.021714721 ms
Tempo op2 (resíduo): 0.50045604 ms
--------------------------------------------------------------------------------
Region op1, Group 1: FLOPS_AVX
+-------------------+----------+
|    Region Info    |  Core 0  |
+-------------------+----------+
| RDTSC Runtime [s] | 0.000019 |
|     call count    |        1 |
+-------------------+----------+

+------------------------------------------+---------+--------+
|                   Event                  | Counter | Core 0 |
+------------------------------------------+---------+--------+
|             INSTR_RETIRED_ANY            |  FIXC0  |  62053 |
|           CPU_CLK_UNHALTED_CORE          |  FIXC1  |  33959 |
|           CPU_CLK_UNHALTED_REF           |  FIXC2  |  89318 |
| FP_ARITH_INST_RETIRED_256B_PACKED_SINGLE |   PMC0  |      0 |
| FP_ARITH_INST_RETIRED_256B_PACKED_DOUBLE |   PMC1  |   6100 |
+------------------------------------------+---------+--------+

+----------------------+--------------+
|        Metric        |    Core 0    |
+----------------------+--------------+
|  Runtime (RDTSC) [s] | 1.855956e-05 |
| Runtime unhalted [s] | 9.964611e-06 |
|      Clock [MHz]     |    1295.7178 |
|          CPI         |       0.5473 |
|   Packed SP MFLOP/s  |            0 |
|   Packed DP MFLOP/s  |    1314.6863 |
+----------------------+--------------+

Region op2, Group 1: FLOPS_AVX
+-------------------+----------+
|    Region Info    |  Core 0  |
+-------------------+----------+
| RDTSC Runtime [s] | 0.000002 |
|     call count    |        1 |
+-------------------+----------+

+------------------------------------------+---------+--------+
|                   Event                  | Counter | Core 0 |
+------------------------------------------+---------+--------+
|             INSTR_RETIRED_ANY            |  FIXC0  |   5374 |
|           CPU_CLK_UNHALTED_CORE          |  FIXC1  |  10661 |
|           CPU_CLK_UNHALTED_REF           |  FIXC2  |  27832 |
| FP_ARITH_INST_RETIRED_256B_PACKED_SINGLE |   PMC0  |      0 |
| FP_ARITH_INST_RETIRED_256B_PACKED_DOUBLE |   PMC1  |    198 |
+------------------------------------------+---------+--------+

+----------------------+--------------+
|        Metric        |    Core 0    |
+----------------------+--------------+
|  Runtime (RDTSC) [s] | 1.521737e-06 |
| Runtime unhalted [s] | 3.128264e-06 |
|      Clock [MHz]     |    1305.4134 |
|          CPI         |       1.9838 |
|   Packed SP MFLOP/s  |            0 |
|   Packed DP MFLOP/s  |     520.4579 |
+----------------------+--------------+


==============================
N=64
==============================
--------------------------------------------------------------------------------
CPU name:	Intel(R) Core(TM) i5-7500 CPU @ 3.40GHz
CPU type:	Intel Coffeelake processor
CPU clock:	3.41 GHz
--------------------------------------------------------------------------------
N = 64
Tempo médio op1 (CG iteração): 0.007859199 ms
Tempo op2 (resíduo): 0.17427105 ms
--------------------------------------------------------------------------------
Region op1, Group 1: FLOPS_AVX
+-------------------+----------+
|    Region Info    |  Core 0  |
+-------------------+----------+
| RDTSC Runtime [s] | 0.000011 |
|     call count    |        1 |
+-------------------+----------+

+------------------------------------------+---------+--------+
|                   Event                  | Counter | Core 0 |
+------------------------------------------+---------+--------+
|             INSTR_RETIRED_ANY            |  FIXC0  |  96253 |
|           CPU_CLK_UNHALTED_CORE          |  FIXC1  |  51089 |
|           CPU_CLK_UNHALTED_REF           |  FIXC2  |  47144 |
| FP_ARITH_INST_RETIRED_256B_PACKED_SINGLE |   PMC0  |      0 |
| FP_ARITH_INST_RETIRED_256B_PACKED_DOUBLE |   PMC1  |  13000 |
+------------------------------------------+---------+--------+

+----------------------+--------------+
|        Metric        |    Core 0    |
+----------------------+--------------+
|  Runtime (RDTSC) [s] | 1.108104e-05 |
| Runtime unhalted [s] | 1.499129e-05 |
|      Clock [MHz]     |    3693.0864 |
|          CPI         |       0.5308 |
|   Packed SP MFLOP/s  |            0 |
|   Packed DP MFLOP/s  |    4692.7003 |
+----------------------+--------------+

Region op2, Group 1: FLOPS_AVX
+-------------------+----------+
|    Region Info    |  Core 0  |
+-------------------+----------+
| RDTSC Runtime [s] | 0.000001 |
|     call count    |        1 |
+-------------------+----------+

+------------------------------------------+---------+--------+
|                   Event                  | Counter | Core 0 |
+------------------------------------------+---------+--------+
|             INSTR_RETIRED_ANY            |  FIXC0  |   6250 |
|           CPU_CLK_UNHALTED_CORE          |  FIXC1  |  10727 |
|           CPU_CLK_UNHALTED_REF           |  FIXC2  |   9798 |
| FP_ARITH_INST_RETIRED_256B_PACKED_SINGLE |   PMC0  |      0 |
| FP_ARITH_INST_RETIRED_256B_PACKED_DOUBLE |   PMC1  |    428 |
+------------------------------------------+---------+--------+

+----------------------+--------------+
|        Metric        |    Core 0    |
+----------------------+--------------+
|  Runtime (RDTSC) [s] | 6.819281e-07 |
| Runtime unhalted [s] | 3.147674e-06 |
|      Clock [MHz]     |    3731.0351 |
|          CPI         |       1.7163 |
|   Packed SP MFLOP/s  |            0 |
|   Packed DP MFLOP/s  |    2510.5286 |
+----------------------+--------------+


==============================
N=128
==============================
--------------------------------------------------------------------------------
CPU name:	Intel(R) Core(TM) i5-7500 CPU @ 3.40GHz
CPU type:	Intel Coffeelake processor
CPU clock:	3.41 GHz
--------------------------------------------------------------------------------
N = 128
Tempo médio op1 (CG iteração): 0.0085725999 ms
Tempo op2 (resíduo): 0.18325698 ms
--------------------------------------------------------------------------------
Region op1, Group 1: FLOPS_AVX
+-------------------+----------+
|    Region Info    |  Core 0  |
+-------------------+----------+
| RDTSC Runtime [s] | 0.000020 |
|     call count    |        1 |
+-------------------+----------+

+------------------------------------------+---------+--------+
|                   Event                  | Counter | Core 0 |
+------------------------------------------+---------+--------+
|             INSTR_RETIRED_ANY            |  FIXC0  | 164153 |
|           CPU_CLK_UNHALTED_CORE          |  FIXC1  |  79076 |
|           CPU_CLK_UNHALTED_REF           |  FIXC2  |  77248 |
| FP_ARITH_INST_RETIRED_256B_PACKED_SINGLE |   PMC0  |      0 |
| FP_ARITH_INST_RETIRED_256B_PACKED_DOUBLE |   PMC1  |  26800 |
+------------------------------------------+---------+--------+

+----------------------+--------------+
|        Metric        |    Core 0    |
+----------------------+--------------+
|  Runtime (RDTSC) [s] | 1.973132e-05 |
| Runtime unhalted [s] | 2.320373e-05 |
|      Clock [MHz]     |    3488.5458 |
|          CPI         |       0.4817 |
|   Packed SP MFLOP/s  |            0 |
|   Packed DP MFLOP/s  |    5432.9867 |
+----------------------+--------------+

Region op2, Group 1: FLOPS_AVX
+-------------------+----------+
|    Region Info    |  Core 0  |
+-------------------+----------+
| RDTSC Runtime [s] | 0.000001 |
|     call count    |        1 |
+-------------------+----------+

+------------------------------------------+---------+--------+
|                   Event                  | Counter | Core 0 |
+------------------------------------------+---------+--------+
|             INSTR_RETIRED_ANY            |  FIXC0  |   8322 |
|           CPU_CLK_UNHALTED_CORE          |  FIXC1  |  12440 |
|           CPU_CLK_UNHALTED_REF           |  FIXC2  |  11360 |
| FP_ARITH_INST_RETIRED_256B_PACKED_SINGLE |   PMC0  |      0 |
| FP_ARITH_INST_RETIRED_256B_PACKED_DOUBLE |   PMC1  |    888 |
+------------------------------------------+---------+--------+

+----------------------+--------------+
|        Metric        |    Core 0    |
+----------------------+--------------+
|  Runtime (RDTSC) [s] | 1.136156e-06 |
| Runtime unhalted [s] | 3.650341e-06 |
|      Clock [MHz]     |    3731.8917 |
|          CPI         |       1.4948 |
|   Packed SP MFLOP/s  |            0 |
|   Packed DP MFLOP/s  |    3126.3312 |
+----------------------+--------------+


==============================
N=256
==============================
--------------------------------------------------------------------------------
CPU name:	Intel(R) Core(TM) i5-7500 CPU @ 3.40GHz
CPU type:	Intel Coffeelake processor
CPU clock:	3.41 GHz
--------------------------------------------------------------------------------
N = 256
Tempo médio op1 (CG iteração): 0.0096809983 ms
Tempo op2 (resíduo): 0.18894601 ms
--------------------------------------------------------------------------------
Region op1, Group 1: FLOPS_AVX
+-------------------+----------+
|    Region Info    |  Core 0  |
+-------------------+----------+
| RDTSC Runtime [s] | 0.000039 |
|     call count    |        1 |
+-------------------+----------+

+------------------------------------------+---------+--------+
|                   Event                  | Counter | Core 0 |
+------------------------------------------+---------+--------+
|             INSTR_RETIRED_ANY            |  FIXC0  | 299778 |
|           CPU_CLK_UNHALTED_CORE          |  FIXC1  | 142118 |
|           CPU_CLK_UNHALTED_REF           |  FIXC2  | 142710 |
| FP_ARITH_INST_RETIRED_256B_PACKED_SINGLE |   PMC0  |      0 |
| FP_ARITH_INST_RETIRED_256B_PACKED_DOUBLE |   PMC1  |  54400 |
+------------------------------------------+---------+--------+

+----------------------+--------------+
|        Metric        |    Core 0    |
+----------------------+--------------+
|  Runtime (RDTSC) [s] | 3.858850e-05 |
| Runtime unhalted [s] | 4.170296e-05 |
|      Clock [MHz]     |    3393.7270 |
|          CPI         |       0.4741 |
|   Packed SP MFLOP/s  |            0 |
|   Packed DP MFLOP/s  |    5638.9857 |
+----------------------+--------------+

Region op2, Group 1: FLOPS_AVX
+-------------------+----------+
|    Region Info    |  Core 0  |
+-------------------+----------+
| RDTSC Runtime [s] | 0.000002 |
|     call count    |        1 |
+-------------------+----------+

+------------------------------------------+---------+--------+
|                   Event                  | Counter | Core 0 |
+------------------------------------------+---------+--------+
|             INSTR_RETIRED_ANY            |  FIXC0  |  11729 |
|           CPU_CLK_UNHALTED_CORE          |  FIXC1  |  15034 |
|           CPU_CLK_UNHALTED_REF           |  FIXC2  |  15194 |
| FP_ARITH_INST_RETIRED_256B_PACKED_SINGLE |   PMC0  |      0 |
| FP_ARITH_INST_RETIRED_256B_PACKED_DOUBLE |   PMC1  |   1808 |
+------------------------------------------+---------+--------+

+----------------------+--------------+
|        Metric        |    Core 0    |
+----------------------+--------------+
|  Runtime (RDTSC) [s] | 1.936057e-06 |
| Runtime unhalted [s] | 4.411561e-06 |
|      Clock [MHz]     |    3371.9773 |
|          CPI         |       1.2818 |
|   Packed SP MFLOP/s  |            0 |
|   Packed DP MFLOP/s  |    3735.4272 |
+----------------------+--------------+


==============================
N=512
==============================
--------------------------------------------------------------------------------
CPU name:	Intel(R) Core(TM) i5-7500 CPU @ 3.40GHz
CPU type:	Intel Coffeelake processor
CPU clock:	3.41 GHz
--------------------------------------------------------------------------------
N = 512
Tempo médio op1 (CG iteração): 0.010526519 ms
Tempo op2 (resíduo): 0.17236799 ms
--------------------------------------------------------------------------------
Region op1, Group 1: FLOPS_AVX
+-------------------+----------+
|    Region Info    |  Core 0  |
+-------------------+----------+
| RDTSC Runtime [s] | 0.000077 |
|     call count    |        1 |
+-------------------+----------+

+------------------------------------------+---------+--------+
|                   Event                  | Counter | Core 0 |
+------------------------------------------+---------+--------+
|             INSTR_RETIRED_ANY            |  FIXC0  | 565828 |
|           CPU_CLK_UNHALTED_CORE          |  FIXC1  | 295753 |
|           CPU_CLK_UNHALTED_REF           |  FIXC2  | 273492 |
| FP_ARITH_INST_RETIRED_256B_PACKED_SINGLE |   PMC0  |      0 |
| FP_ARITH_INST_RETIRED_256B_PACKED_DOUBLE |   PMC1  | 109600 |
+------------------------------------------+---------+--------+

+----------------------+-----------+
|        Metric        |   Core 0  |
+----------------------+-----------+
|  Runtime (RDTSC) [s] |    0.0001 |
| Runtime unhalted [s] |    0.0001 |
|      Clock [MHz]     | 3685.2950 |
|          CPI         |    0.5227 |
|   Packed SP MFLOP/s  |         0 |
|   Packed DP MFLOP/s  | 5676.7578 |
+----------------------+-----------+

Region op2, Group 1: FLOPS_AVX
+-------------------+----------+
|    Region Info    |  Core 0  |
+-------------------+----------+
| RDTSC Runtime [s] | 0.000003 |
|     call count    |        1 |
+-------------------+----------+

+------------------------------------------+---------+--------+
|                   Event                  | Counter | Core 0 |
+------------------------------------------+---------+--------+
|             INSTR_RETIRED_ANY            |  FIXC0  |  18323 |
|           CPU_CLK_UNHALTED_CORE          |  FIXC1  |  18964 |
|           CPU_CLK_UNHALTED_REF           |  FIXC2  |  17324 |
| FP_ARITH_INST_RETIRED_256B_PACKED_SINGLE |   PMC0  |      0 |
| FP_ARITH_INST_RETIRED_256B_PACKED_DOUBLE |   PMC1  |   3648 |
+------------------------------------------+---------+--------+

+----------------------+--------------+
|        Metric        |    Core 0    |
+----------------------+--------------+
|  Runtime (RDTSC) [s] | 2.759413e-06 |
| Runtime unhalted [s] | 5.564706e-06 |
|      Clock [MHz]     |    3730.5211 |
|          CPI         |       1.0350 |
|   Packed SP MFLOP/s  |            0 |
|   Packed DP MFLOP/s  |    5288.0812 |
+----------------------+--------------+


==============================
N=1000
==============================
--------------------------------------------------------------------------------
CPU name:	Intel(R) Core(TM) i5-7500 CPU @ 3.40GHz
CPU type:	Intel Coffeelake processor
CPU clock:	3.41 GHz
--------------------------------------------------------------------------------
N = 1000
Tempo médio op1 (CG iteração): 0.040739601 ms
Tempo op2 (resíduo): 0.55351102 ms
--------------------------------------------------------------------------------
Region op1, Group 1: FLOPS_AVX
+-------------------+----------+
|    Region Info    |  Core 0  |
+-------------------+----------+
| RDTSC Runtime [s] | 0.000424 |
|     call count    |        1 |
+-------------------+----------+

+------------------------------------------+---------+---------+
|                   Event                  | Counter |  Core 0 |
+------------------------------------------+---------+---------+
|             INSTR_RETIRED_ANY            |  FIXC0  | 1079078 |
|           CPU_CLK_UNHALTED_CORE          |  FIXC1  |  518055 |
|           CPU_CLK_UNHALTED_REF           |  FIXC2  | 1474670 |
| FP_ARITH_INST_RETIRED_256B_PACKED_SINGLE |   PMC0  |       0 |
| FP_ARITH_INST_RETIRED_256B_PACKED_DOUBLE |   PMC1  |  214650 |
+------------------------------------------+---------+---------+

+----------------------+-----------+
|        Metric        |   Core 0  |
+----------------------+-----------+
|  Runtime (RDTSC) [s] |    0.0004 |
| Runtime unhalted [s] |    0.0002 |
|      Clock [MHz]     | 1197.2221 |
|          CPI         |    0.4801 |
|   Packed SP MFLOP/s  |         0 |
|   Packed DP MFLOP/s  | 2024.5851 |
+----------------------+-----------+

Region op2, Group 1: FLOPS_AVX
+-------------------+----------+
|    Region Info    |  Core 0  |
+-------------------+----------+
| RDTSC Runtime [s] | 0.000013 |
|     call count    |        1 |
+-------------------+----------+

+------------------------------------------+---------+--------+
|                   Event                  | Counter | Core 0 |
+------------------------------------------+---------+--------+
|             INSTR_RETIRED_ANY            |  FIXC0  |  31172 |
|           CPU_CLK_UNHALTED_CORE          |  FIXC1  |  24293 |
|           CPU_CLK_UNHALTED_REF           |  FIXC2  |  68586 |
| FP_ARITH_INST_RETIRED_256B_PACKED_SINGLE |   PMC0  |      0 |
| FP_ARITH_INST_RETIRED_256B_PACKED_DOUBLE |   PMC1  |   7150 |
+------------------------------------------+---------+--------+

+----------------------+--------------+
|        Metric        |    Core 0    |
+----------------------+--------------+
|  Runtime (RDTSC) [s] | 1.325418e-05 |
| Runtime unhalted [s] | 7.128324e-06 |
|      Clock [MHz]     |    1207.0892 |
|          CPI         |       0.7793 |
|   Packed SP MFLOP/s  |            0 |
|   Packed DP MFLOP/s  |    2157.8098 |
+----------------------+--------------+


==============================
N=2000
==============================
--------------------------------------------------------------------------------
CPU name:	Intel(R) Core(TM) i5-7500 CPU @ 3.40GHz
CPU type:	Intel Coffeelake processor
CPU clock:	3.41 GHz
--------------------------------------------------------------------------------
N = 2000
Tempo médio op1 (CG iteração): 0.0670224 ms
Tempo op2 (resíduo): 0.57401901 ms
--------------------------------------------------------------------------------
Region op1, Group 1: FLOPS_AVX
+-------------------+----------+
|    Region Info    |  Core 0  |
+-------------------+----------+
| RDTSC Runtime [s] | 0.001043 |
|     call count    |        1 |
+-------------------+----------+

+------------------------------------------+---------+---------+
|                   Event                  | Counter |  Core 0 |
+------------------------------------------+---------+---------+
|             INSTR_RETIRED_ANY            |  FIXC0  | 2128229 |
|           CPU_CLK_UNHALTED_CORE          |  FIXC1  | 1249941 |
|           CPU_CLK_UNHALTED_REF           |  FIXC2  | 3557810 |
| FP_ARITH_INST_RETIRED_256B_PACKED_SINGLE |   PMC0  |       0 |
| FP_ARITH_INST_RETIRED_256B_PACKED_DOUBLE |   PMC1  |  430450 |
+------------------------------------------+---------+---------+

+----------------------+-----------+
|        Metric        |   Core 0  |
+----------------------+-----------+
|  Runtime (RDTSC) [s] |    0.0010 |
| Runtime unhalted [s] |    0.0004 |
|      Clock [MHz]     | 1197.2909 |
|          CPI         |    0.5873 |
|   Packed SP MFLOP/s  |         0 |
|   Packed DP MFLOP/s  | 1650.1837 |
+----------------------+-----------+

Region op2, Group 1: FLOPS_AVX
+-------------------+----------+
|    Region Info    |  Core 0  |
+-------------------+----------+
| RDTSC Runtime [s] | 0.000031 |
|     call count    |        1 |
+-------------------+----------+

+------------------------------------------+---------+--------+
|                   Event                  | Counter | Core 0 |
+------------------------------------------+---------+--------+
|             INSTR_RETIRED_ANY            |  FIXC0  |  57336 |
|           CPU_CLK_UNHALTED_CORE          |  FIXC1  |  47226 |
|           CPU_CLK_UNHALTED_REF           |  FIXC2  | 134474 |
| FP_ARITH_INST_RETIRED_256B_PACKED_SINGLE |   PMC0  |      0 |
| FP_ARITH_INST_RETIRED_256B_PACKED_DOUBLE |   PMC1  |  14343 |
+------------------------------------------+---------+--------+

+----------------------+--------------+
|        Metric        |    Core 0    |
+----------------------+--------------+
|  Runtime (RDTSC) [s] | 3.143210e-05 |
| Runtime unhalted [s] | 1.385761e-05 |
|      Clock [MHz]     |    1196.8391 |
|          CPI         |       0.8237 |
|   Packed SP MFLOP/s  |            0 |
|   Packed DP MFLOP/s  |    1825.2678 |
+----------------------+--------------+


==============================
N=4000
==============================
--------------------------------------------------------------------------------
CPU name:	Intel(R) Core(TM) i5-7500 CPU @ 3.40GHz
CPU type:	Intel Coffeelake processor
CPU clock:	3.41 GHz
--------------------------------------------------------------------------------
N = 4000
Tempo médio op1 (CG iteração): 0.042423279 ms
Tempo op2 (resíduo): 0.22060698 ms
--------------------------------------------------------------------------------
Region op1, Group 1: FLOPS_AVX
+-------------------+----------+
|    Region Info    |  Core 0  |
+-------------------+----------+
| RDTSC Runtime [s] | 0.000791 |
|     call count    |        1 |
+-------------------+----------+

+------------------------------------------+---------+---------+
|                   Event                  | Counter |  Core 0 |
+------------------------------------------+---------+---------+
|             INSTR_RETIRED_ANY            |  FIXC0  | 4228228 |
|           CPU_CLK_UNHALTED_CORE          |  FIXC1  | 2696385 |
|           CPU_CLK_UNHALTED_REF           |  FIXC2  | 2708934 |
| FP_ARITH_INST_RETIRED_256B_PACKED_SINGLE |   PMC0  |       0 |
| FP_ARITH_INST_RETIRED_256B_PACKED_DOUBLE |   PMC1  |  861700 |
+------------------------------------------+---------+---------+

+----------------------+-----------+
|        Metric        |   Core 0  |
+----------------------+-----------+
|  Runtime (RDTSC) [s] |    0.0008 |
| Runtime unhalted [s] |    0.0008 |
|      Clock [MHz]     | 3392.1883 |
|          CPI         |    0.6377 |
|   Packed SP MFLOP/s  |         0 |
|   Packed DP MFLOP/s  | 4356.3716 |
+----------------------+-----------+

Region op2, Group 1: FLOPS_AVX
+-------------------+----------+
|    Region Info    |  Core 0  |
+-------------------+----------+
| RDTSC Runtime [s] | 0.000031 |
|     call count    |        1 |
+-------------------+----------+

+------------------------------------------+---------+--------+
|                   Event                  | Counter | Core 0 |
+------------------------------------------+---------+--------+
|             INSTR_RETIRED_ANY            |  FIXC0  | 109686 |
|           CPU_CLK_UNHALTED_CORE          |  FIXC1  | 113427 |
|           CPU_CLK_UNHALTED_REF           |  FIXC2  | 113742 |
| FP_ARITH_INST_RETIRED_256B_PACKED_SINGLE |   PMC0  |      0 |
| FP_ARITH_INST_RETIRED_256B_PACKED_DOUBLE |   PMC1  |  28718 |
+------------------------------------------+---------+--------+

+----------------------+--------------+
|        Metric        |    Core 0    |
+----------------------+--------------+
|  Runtime (RDTSC) [s] | 3.060640e-05 |
| Runtime unhalted [s] | 3.328281e-05 |
|      Clock [MHz]     |    3398.5375 |
|          CPI         |       1.0341 |
|   Packed SP MFLOP/s  |            0 |
|   Packed DP MFLOP/s  |    3753.2019 |
+----------------------+--------------+


==============================
N=8000
==============================
--------------------------------------------------------------------------------
CPU name:	Intel(R) Core(TM) i5-7500 CPU @ 3.40GHz
CPU type:	Intel Coffeelake processor
CPU clock:	3.41 GHz
--------------------------------------------------------------------------------
N = 8000
Tempo médio op1 (CG iteração): 0.075783079 ms
Tempo op2 (resíduo): 0.22253799 ms
--------------------------------------------------------------------------------
Region op1, Group 1: FLOPS_AVX
+-------------------+----------+
|    Region Info    |  Core 0  |
+-------------------+----------+
| RDTSC Runtime [s] | 0.001637 |
|     call count    |        1 |
+-------------------+----------+

+------------------------------------------+---------+---------+
|                   Event                  | Counter |  Core 0 |
+------------------------------------------+---------+---------+
|             INSTR_RETIRED_ANY            |  FIXC0  | 8428229 |
|           CPU_CLK_UNHALTED_CORE          |  FIXC1  | 5915271 |
|           CPU_CLK_UNHALTED_REF           |  FIXC2  | 5462598 |
| FP_ARITH_INST_RETIRED_256B_PACKED_SINGLE |   PMC0  |       0 |
| FP_ARITH_INST_RETIRED_256B_PACKED_DOUBLE |   PMC1  | 1724200 |
+------------------------------------------+---------+---------+

+----------------------+-----------+
|        Metric        |   Core 0  |
+----------------------+-----------+
|  Runtime (RDTSC) [s] |    0.0016 |
| Runtime unhalted [s] |    0.0017 |
|      Clock [MHz]     | 3690.3922 |
|          CPI         |    0.7018 |
|   Packed SP MFLOP/s  |         0 |
|   Packed DP MFLOP/s  | 4214.2646 |
+----------------------+-----------+

Region op2, Group 1: FLOPS_AVX
+-------------------+----------+
|    Region Info    |  Core 0  |
+-------------------+----------+
| RDTSC Runtime [s] | 0.000045 |
|     call count    |        1 |
+-------------------+----------+

+------------------------------------------+---------+--------+
|                   Event                  | Counter | Core 0 |
+------------------------------------------+---------+--------+
|             INSTR_RETIRED_ANY            |  FIXC0  | 214472 |
|           CPU_CLK_UNHALTED_CORE          |  FIXC1  | 174909 |
|           CPU_CLK_UNHALTED_REF           |  FIXC2  | 161596 |
| FP_ARITH_INST_RETIRED_256B_PACKED_SINGLE |   PMC0  |      0 |
| FP_ARITH_INST_RETIRED_256B_PACKED_DOUBLE |   PMC1  |  57468 |
+------------------------------------------+---------+--------+

+----------------------+--------------+
|        Metric        |    Core 0    |
+----------------------+--------------+
|  Runtime (RDTSC) [s] | 4.460992e-05 |
| Runtime unhalted [s] |       0.0001 |
|      Clock [MHz]     |    3688.7453 |
|          CPI         |       0.8155 |
|   Packed SP MFLOP/s  |            0 |
|   Packed DP MFLOP/s  |    5152.9346 |
+----------------------+--------------+


==============================
N=9000
==============================
--------------------------------------------------------------------------------
CPU name:	Intel(R) Core(TM) i5-7500 CPU @ 3.40GHz
CPU type:	Intel Coffeelake processor
CPU clock:	3.41 GHz
--------------------------------------------------------------------------------
N = 9000
Tempo médio op1 (CG iteração): 0.187853 ms
Tempo op2 (resíduo): 0.42454296 ms
--------------------------------------------------------------------------------
Region op1, Group 1: FLOPS_AVX
+-------------------+----------+
|    Region Info    |  Core 0  |
+-------------------+----------+
| RDTSC Runtime [s] | 0.004135 |
|     call count    |        1 |
+-------------------+----------+

+------------------------------------------+---------+----------+
|                   Event                  | Counter |  Core 0  |
+------------------------------------------+---------+----------+
|             INSTR_RETIRED_ANY            |  FIXC0  |  9479065 |
|           CPU_CLK_UNHALTED_CORE          |  FIXC1  |  6628978 |
|           CPU_CLK_UNHALTED_REF           |  FIXC2  | 13609140 |
| FP_ARITH_INST_RETIRED_256B_PACKED_SINGLE |   PMC0  |        0 |
| FP_ARITH_INST_RETIRED_256B_PACKED_DOUBLE |   PMC1  |  1939650 |
+------------------------------------------+---------+----------+

+----------------------+-----------+
|        Metric        |   Core 0  |
+----------------------+-----------+
|  Runtime (RDTSC) [s] |    0.0041 |
| Runtime unhalted [s] |    0.0019 |
|      Clock [MHz]     | 1660.0172 |
|          CPI         |    0.6993 |
|   Packed SP MFLOP/s  |         0 |
|   Packed DP MFLOP/s  | 1876.3753 |
+----------------------+-----------+

Region op2, Group 1: FLOPS_AVX
+-------------------+----------+
|    Region Info    |  Core 0  |
+-------------------+----------+
| RDTSC Runtime [s] | 0.000094 |
|     call count    |        1 |
+-------------------+----------+

+------------------------------------------+---------+--------+
|                   Event                  | Counter | Core 0 |
+------------------------------------------+---------+--------+
|             INSTR_RETIRED_ANY            |  FIXC0  | 240700 |
|           CPU_CLK_UNHALTED_CORE          |  FIXC1  | 196415 |
|           CPU_CLK_UNHALTED_REF           |  FIXC2  | 335404 |
| FP_ARITH_INST_RETIRED_256B_PACKED_SINGLE |   PMC0  |      0 |
| FP_ARITH_INST_RETIRED_256B_PACKED_DOUBLE |   PMC1  |  64650 |
+------------------------------------------+---------+--------+

+----------------------+-----------+
|        Metric        |   Core 0  |
+----------------------+-----------+
|  Runtime (RDTSC) [s] |    0.0001 |
| Runtime unhalted [s] |    0.0001 |
|      Clock [MHz]     | 1995.7361 |
|          CPI         |    0.8160 |
|   Packed SP MFLOP/s  |         0 |
|   Packed DP MFLOP/s  | 2758.9032 |
+----------------------+-----------+


==============================
N=10000
==============================
--------------------------------------------------------------------------------
CPU name:	Intel(R) Core(TM) i5-7500 CPU @ 3.40GHz
CPU type:	Intel Coffeelake processor
CPU clock:	3.41 GHz
--------------------------------------------------------------------------------
N = 10000
Tempo médio op1 (CG iteração): 0.096866119 ms
Tempo op2 (resíduo): 0.23360604 ms
--------------------------------------------------------------------------------
Region op1, Group 1: FLOPS_AVX
+-------------------+----------+
|    Region Info    |  Core 0  |
+-------------------+----------+
| RDTSC Runtime [s] | 0.002136 |
|     call count    |        1 |
+-------------------+----------+

+------------------------------------------+---------+----------+
|                   Event                  | Counter |  Core 0  |
+------------------------------------------+---------+----------+
|             INSTR_RETIRED_ANY            |  FIXC0  | 10528230 |
|           CPU_CLK_UNHALTED_CORE          |  FIXC1  |  7468740 |
|           CPU_CLK_UNHALTED_REF           |  FIXC2  |  7289144 |
| FP_ARITH_INST_RETIRED_256B_PACKED_SINGLE |   PMC0  |        0 |
| FP_ARITH_INST_RETIRED_256B_PACKED_DOUBLE |   PMC1  |  2155450 |
+------------------------------------------+---------+----------+

+----------------------+-----------+
|        Metric        |   Core 0  |
+----------------------+-----------+
|  Runtime (RDTSC) [s] |    0.0021 |
| Runtime unhalted [s] |    0.0022 |
|      Clock [MHz]     | 3491.9507 |
|          CPI         |    0.7094 |
|   Packed SP MFLOP/s  |         0 |
|   Packed DP MFLOP/s  | 4037.3116 |
+----------------------+-----------+

Region op2, Group 1: FLOPS_AVX
+-------------------+----------+
|    Region Info    |  Core 0  |
+-------------------+----------+
| RDTSC Runtime [s] | 0.000061 |
|     call count    |        1 |
+-------------------+----------+

+------------------------------------------+---------+--------+
|                   Event                  | Counter | Core 0 |
+------------------------------------------+---------+--------+
|             INSTR_RETIRED_ANY            |  FIXC0  | 266880 |
|           CPU_CLK_UNHALTED_CORE          |  FIXC1  | 223014 |
|           CPU_CLK_UNHALTED_REF           |  FIXC2  | 217686 |
| FP_ARITH_INST_RETIRED_256B_PACKED_SINGLE |   PMC0  |      0 |
| FP_ARITH_INST_RETIRED_256B_PACKED_DOUBLE |   PMC1  |  71843 |
+------------------------------------------+---------+--------+

+----------------------+-----------+
|        Metric        |   Core 0  |
+----------------------+-----------+
|  Runtime (RDTSC) [s] |    0.0001 |
| Runtime unhalted [s] |    0.0001 |
|      Clock [MHz]     | 3491.3945 |
|          CPI         |    0.8356 |
|   Packed SP MFLOP/s  |         0 |
|   Packed DP MFLOP/s  | 4713.8702 |
+----------------------+-----------+

