
==============================
N=32
==============================
--------------------------------------------------------------------------------
CPU name:	Intel(R) Core(TM) i5-7500 CPU @ 3.40GHz
CPU type:	Intel Coffeelake processor
CPU clock:	3.41 GHz
--------------------------------------------------------------------------------
N = 32
Tempo médio op1 (CG iteração): 0.0089541197 ms
Tempo op2 (resíduo): 0.20347601 ms
--------------------------------------------------------------------------------
Region op1, Group 1: FLOPS_DP
+-------------------+----------+
|    Region Info    |  Core 0  |
+-------------------+----------+
| RDTSC Runtime [s] | 0.000007 |
|     call count    |        1 |
+-------------------+----------+

+------------------------------------------+---------+--------+
|                   Event                  | Counter | Core 0 |
+------------------------------------------+---------+--------+
|             INSTR_RETIRED_ANY            |  FIXC0  |  62143 |
|           CPU_CLK_UNHALTED_CORE          |  FIXC1  |  34272 |
|           CPU_CLK_UNHALTED_REF           |  FIXC2  |  33086 |
| FP_ARITH_INST_RETIRED_128B_PACKED_DOUBLE |   PMC0  |    400 |
|    FP_ARITH_INST_RETIRED_SCALAR_DOUBLE   |   PMC1  |   3160 |
| FP_ARITH_INST_RETIRED_256B_PACKED_DOUBLE |   PMC2  |   6100 |
+------------------------------------------+---------+--------+

+----------------------+--------------+
|        Metric        |    Core 0    |
+----------------------+--------------+
|  Runtime (RDTSC) [s] | 6.886188e-06 |
| Runtime unhalted [s] | 1.005673e-05 |
|      Clock [MHz]     |    3530.0253 |
|          CPI         |       0.5515 |
|      DP MFLOP/s      |    4118.3889 |
|    AVX DP MFLOP/s    |    3543.3247 |
|    Packed MUOPS/s    |     943.9185 |
|    Scalar MUOPS/s    |     458.8896 |
|  Vectorization ratio |      67.2878 |
+----------------------+--------------+

Region op2, Group 1: FLOPS_DP
+-------------------+----------+
|    Region Info    |  Core 0  |
+-------------------+----------+
| RDTSC Runtime [s] | 0.000001 |
|     call count    |        1 |
+-------------------+----------+

+------------------------------------------+---------+--------+
|                   Event                  | Counter | Core 0 |
+------------------------------------------+---------+--------+
|             INSTR_RETIRED_ANY            |  FIXC0  |   5453 |
|           CPU_CLK_UNHALTED_CORE          |  FIXC1  |  10373 |
|           CPU_CLK_UNHALTED_REF           |  FIXC2  |   9940 |
| FP_ARITH_INST_RETIRED_128B_PACKED_DOUBLE |   PMC0  |     16 |
|    FP_ARITH_INST_RETIRED_SCALAR_DOUBLE   |   PMC1  |     31 |
| FP_ARITH_INST_RETIRED_256B_PACKED_DOUBLE |   PMC2  |    198 |
+------------------------------------------+---------+--------+

+----------------------+--------------+
|        Metric        |    Core 0    |
+----------------------+--------------+
|  Runtime (RDTSC) [s] | 5.698388e-07 |
| Runtime unhalted [s] | 3.043839e-06 |
|      Clock [MHz]     |    3556.3183 |
|          CPI         |       1.9023 |
|      DP MFLOP/s      |    1500.4243 |
|    AVX DP MFLOP/s    |    1389.8667 |
|    Packed MUOPS/s    |     375.5448 |
|    Scalar MUOPS/s    |      54.4013 |
|  Vectorization ratio |      87.3469 |
+----------------------+--------------+


==============================
N=64
==============================
--------------------------------------------------------------------------------
CPU name:	Intel(R) Core(TM) i5-7500 CPU @ 3.40GHz
CPU type:	Intel Coffeelake processor
CPU clock:	3.41 GHz
--------------------------------------------------------------------------------
N = 64
Tempo médio op1 (CG iteração): 0.0085884404 ms
Tempo op2 (resíduo): 0.19470996 ms
--------------------------------------------------------------------------------
Region op1, Group 1: FLOPS_DP
+-------------------+----------+
|    Region Info    |  Core 0  |
+-------------------+----------+
| RDTSC Runtime [s] | 0.000010 |
|     call count    |        1 |
+-------------------+----------+

+------------------------------------------+---------+--------+
|                   Event                  | Counter | Core 0 |
+------------------------------------------+---------+--------+
|             INSTR_RETIRED_ANY            |  FIXC0  |  96168 |
|           CPU_CLK_UNHALTED_CORE          |  FIXC1  |  48419 |
|           CPU_CLK_UNHALTED_REF           |  FIXC2  |  44588 |
| FP_ARITH_INST_RETIRED_128B_PACKED_DOUBLE |   PMC0  |    400 |
|    FP_ARITH_INST_RETIRED_SCALAR_DOUBLE   |   PMC1  |   5960 |
| FP_ARITH_INST_RETIRED_256B_PACKED_DOUBLE |   PMC2  |  13000 |
+------------------------------------------+---------+--------+

+----------------------+--------------+
|        Metric        |    Core 0    |
+----------------------+--------------+
|  Runtime (RDTSC) [s] | 1.020134e-05 |
| Runtime unhalted [s] | 1.420753e-05 |
|      Clock [MHz]     |    3700.7964 |
|          CPI         |       0.5035 |
|      DP MFLOP/s      |    5760.0276 |
|    AVX DP MFLOP/s    |    5097.3696 |
|    Packed MUOPS/s    |    1313.5529 |
|    Scalar MUOPS/s    |     584.2370 |
|  Vectorization ratio |      69.2149 |
+----------------------+--------------+

Region op2, Group 1: FLOPS_DP
+-------------------+----------+
|    Region Info    |  Core 0  |
+-------------------+----------+
| RDTSC Runtime [s] | 0.000001 |
|     call count    |        1 |
+-------------------+----------+

+------------------------------------------+---------+--------+
|                   Event                  | Counter | Core 0 |
+------------------------------------------+---------+--------+
|             INSTR_RETIRED_ANY            |  FIXC0  |   6322 |
|           CPU_CLK_UNHALTED_CORE          |  FIXC1  |  10996 |
|           CPU_CLK_UNHALTED_REF           |  FIXC2  |  10224 |
| FP_ARITH_INST_RETIRED_128B_PACKED_DOUBLE |   PMC0  |     16 |
|    FP_ARITH_INST_RETIRED_SCALAR_DOUBLE   |   PMC1  |     39 |
| FP_ARITH_INST_RETIRED_256B_PACKED_DOUBLE |   PMC2  |    428 |
+------------------------------------------+---------+--------+

+----------------------+--------------+
|        Metric        |    Core 0    |
+----------------------+--------------+
|  Runtime (RDTSC) [s] | 6.678435e-07 |
| Runtime unhalted [s] | 3.226542e-06 |
|      Clock [MHz]     |    3665.3146 |
|          CPI         |       1.7393 |
|      DP MFLOP/s      |    2669.7872 |
|    AVX DP MFLOP/s    |    2563.4748 |
|    Packed MUOPS/s    |     664.8264 |
|    Scalar MUOPS/s    |      58.3969 |
|  Vectorization ratio |      91.9255 |
+----------------------+--------------+


==============================
N=128
==============================
--------------------------------------------------------------------------------
CPU name:	Intel(R) Core(TM) i5-7500 CPU @ 3.40GHz
CPU type:	Intel Coffeelake processor
CPU clock:	3.41 GHz
--------------------------------------------------------------------------------
N = 128
Tempo médio op1 (CG iteração): 0.02864872 ms
Tempo op2 (resíduo): 0.62251598 ms
--------------------------------------------------------------------------------
Region op1, Group 1: FLOPS_DP
+-------------------+----------+
|    Region Info    |  Core 0  |
+-------------------+----------+
| RDTSC Runtime [s] | 0.000058 |
|     call count    |        1 |
+-------------------+----------+

+------------------------------------------+---------+--------+
|                   Event                  | Counter | Core 0 |
+------------------------------------------+---------+--------+
|             INSTR_RETIRED_ANY            |  FIXC0  | 164068 |
|           CPU_CLK_UNHALTED_CORE          |  FIXC1  |  79739 |
|           CPU_CLK_UNHALTED_REF           |  FIXC2  | 226916 |
| FP_ARITH_INST_RETIRED_128B_PACKED_DOUBLE |   PMC0  |    400 |
|    FP_ARITH_INST_RETIRED_SCALAR_DOUBLE   |   PMC1  |  11560 |
| FP_ARITH_INST_RETIRED_256B_PACKED_DOUBLE |   PMC2  |  26800 |
+------------------------------------------+---------+--------+

+----------------------+--------------+
|        Metric        |    Core 0    |
+----------------------+--------------+
|  Runtime (RDTSC) [s] |       0.0001 |
| Runtime unhalted [s] | 2.339868e-05 |
|      Clock [MHz]     |    1197.5262 |
|          CPI         |       0.4860 |
|      DP MFLOP/s      |    2052.1672 |
|    AVX DP MFLOP/s    |    1840.0161 |
|    Packed MUOPS/s    |     466.8698 |
|    Scalar MUOPS/s    |     198.4196 |
|  Vectorization ratio |      70.1754 |
+----------------------+--------------+

Region op2, Group 1: FLOPS_DP
+-------------------+----------+
|    Region Info    |  Core 0  |
+-------------------+----------+
| RDTSC Runtime [s] | 0.000004 |
|     call count    |        1 |
+-------------------+----------+

+------------------------------------------+---------+--------+
|                   Event                  | Counter | Core 0 |
+------------------------------------------+---------+--------+
|             INSTR_RETIRED_ANY            |  FIXC0  |   8401 |
|           CPU_CLK_UNHALTED_CORE          |  FIXC1  |  12815 |
|           CPU_CLK_UNHALTED_REF           |  FIXC2  |  36352 |
| FP_ARITH_INST_RETIRED_128B_PACKED_DOUBLE |   PMC0  |     16 |
|    FP_ARITH_INST_RETIRED_SCALAR_DOUBLE   |   PMC1  |     55 |
| FP_ARITH_INST_RETIRED_256B_PACKED_DOUBLE |   PMC2  |    888 |
+------------------------------------------+---------+--------+

+----------------------+--------------+
|        Metric        |    Core 0    |
+----------------------+--------------+
|  Runtime (RDTSC) [s] | 3.527019e-06 |
| Runtime unhalted [s] | 3.760445e-06 |
|      Clock [MHz]     |    1201.3503 |
|          CPI         |       1.5254 |
|      DP MFLOP/s      |    1031.7495 |
|    AVX DP MFLOP/s    |    1007.0828 |
|    Packed MUOPS/s    |     256.3071 |
|    Scalar MUOPS/s    |      15.5939 |
|  Vectorization ratio |      94.2649 |
+----------------------+--------------+


==============================
N=256
==============================
--------------------------------------------------------------------------------
CPU name:	Intel(R) Core(TM) i5-7500 CPU @ 3.40GHz
CPU type:	Intel Coffeelake processor
CPU clock:	3.41 GHz
--------------------------------------------------------------------------------
N = 256
Tempo médio op1 (CG iteração): 0.0097359204 ms
Tempo op2 (resíduo): 0.19407195 ms
--------------------------------------------------------------------------------
Region op1, Group 1: FLOPS_DP
+-------------------+----------+
|    Region Info    |  Core 0  |
+-------------------+----------+
| RDTSC Runtime [s] | 0.000035 |
|     call count    |        1 |
+-------------------+----------+

+------------------------------------------+---------+--------+
|                   Event                  | Counter | Core 0 |
+------------------------------------------+---------+--------+
|             INSTR_RETIRED_ANY            |  FIXC0  | 299868 |
|           CPU_CLK_UNHALTED_CORE          |  FIXC1  | 141249 |
|           CPU_CLK_UNHALTED_REF           |  FIXC2  | 130356 |
| FP_ARITH_INST_RETIRED_128B_PACKED_DOUBLE |   PMC0  |    400 |
|    FP_ARITH_INST_RETIRED_SCALAR_DOUBLE   |   PMC1  |  22760 |
| FP_ARITH_INST_RETIRED_256B_PACKED_DOUBLE |   PMC2  |  54400 |
+------------------------------------------+---------+--------+

+----------------------+--------------+
|        Metric        |    Core 0    |
+----------------------+--------------+
|  Runtime (RDTSC) [s] | 3.520210e-05 |
| Runtime unhalted [s] | 4.144663e-05 |
|      Clock [MHz]     |    3692.7555 |
|          CPI         |       0.4710 |
|      DP MFLOP/s      |    6850.7277 |
|    AVX DP MFLOP/s    |    6181.4494 |
|    Packed MUOPS/s    |    1556.7253 |
|    Scalar MUOPS/s    |     646.5523 |
|  Vectorization ratio |      70.6550 |
+----------------------+--------------+

Region op2, Group 1: FLOPS_DP
+-------------------+----------+
|    Region Info    |  Core 0  |
+-------------------+----------+
| RDTSC Runtime [s] | 0.000002 |
|     call count    |        1 |
+-------------------+----------+

+------------------------------------------+---------+--------+
|                   Event                  | Counter | Core 0 |
+------------------------------------------+---------+--------+
|             INSTR_RETIRED_ANY            |  FIXC0  |  11852 |
|           CPU_CLK_UNHALTED_CORE          |  FIXC1  |  14416 |
|           CPU_CLK_UNHALTED_REF           |  FIXC2  |  13348 |
| FP_ARITH_INST_RETIRED_128B_PACKED_DOUBLE |   PMC0  |     16 |
|    FP_ARITH_INST_RETIRED_SCALAR_DOUBLE   |   PMC1  |     87 |
| FP_ARITH_INST_RETIRED_256B_PACKED_DOUBLE |   PMC2  |   1808 |
+------------------------------------------+---------+--------+

+----------------------+--------------+
|        Metric        |    Core 0    |
+----------------------+--------------+
|  Runtime (RDTSC) [s] | 1.559282e-06 |
| Runtime unhalted [s] | 4.230080e-06 |
|      Clock [MHz]     |    3680.6522 |
|          CPI         |       1.2163 |
|      DP MFLOP/s      |    4714.3493 |
|    AVX DP MFLOP/s    |    4638.0321 |
|    Packed MUOPS/s    |    1169.7692 |
|    Scalar MUOPS/s    |      55.7949 |
|  Vectorization ratio |      95.4474 |
+----------------------+--------------+


==============================
N=512
==============================
--------------------------------------------------------------------------------
CPU name:	Intel(R) Core(TM) i5-7500 CPU @ 3.40GHz
CPU type:	Intel Coffeelake processor
CPU clock:	3.41 GHz
--------------------------------------------------------------------------------
N = 512
Tempo médio op1 (CG iteração): 0.01245892 ms
Tempo op2 (resíduo): 0.21170598 ms
--------------------------------------------------------------------------------
Region op1, Group 1: FLOPS_DP
+-------------------+----------+
|    Region Info    |  Core 0  |
+-------------------+----------+
| RDTSC Runtime [s] | 0.000084 |
|     call count    |        1 |
+-------------------+----------+

+------------------------------------------+---------+--------+
|                   Event                  | Counter | Core 0 |
+------------------------------------------+---------+--------+
|             INSTR_RETIRED_ANY            |  FIXC0  | 565918 |
|           CPU_CLK_UNHALTED_CORE          |  FIXC1  | 296879 |
|           CPU_CLK_UNHALTED_REF           |  FIXC2  | 298200 |
| FP_ARITH_INST_RETIRED_128B_PACKED_DOUBLE |   PMC0  |    400 |
|    FP_ARITH_INST_RETIRED_SCALAR_DOUBLE   |   PMC1  |  45160 |
| FP_ARITH_INST_RETIRED_256B_PACKED_DOUBLE |   PMC2  | 109600 |
+------------------------------------------+---------+--------+

+----------------------+-----------+
|        Metric        |   Core 0  |
+----------------------+-----------+
|  Runtime (RDTSC) [s] |    0.0001 |
| Runtime unhalted [s] |    0.0001 |
|      Clock [MHz]     | 3392.8303 |
|          CPI         |    0.5246 |
|      DP MFLOP/s      | 5751.4537 |
|    AVX DP MFLOP/s    | 5205.7092 |
|    Packed MUOPS/s    | 1306.1770 |
|    Scalar MUOPS/s    |  536.2450 |
|  Vectorization ratio |   70.8946 |
+----------------------+-----------+

Region op2, Group 1: FLOPS_DP
+-------------------+----------+
|    Region Info    |  Core 0  |
+-------------------+----------+
| RDTSC Runtime [s] | 0.000003 |
|     call count    |        1 |
+-------------------+----------+

+------------------------------------------+---------+--------+
|                   Event                  | Counter | Core 0 |
+------------------------------------------+---------+--------+
|             INSTR_RETIRED_ANY            |  FIXC0  |  18397 |
|           CPU_CLK_UNHALTED_CORE          |  FIXC1  |  18064 |
|           CPU_CLK_UNHALTED_REF           |  FIXC2  |  18460 |
| FP_ARITH_INST_RETIRED_128B_PACKED_DOUBLE |   PMC0  |     16 |
|    FP_ARITH_INST_RETIRED_SCALAR_DOUBLE   |   PMC1  |    151 |
| FP_ARITH_INST_RETIRED_256B_PACKED_DOUBLE |   PMC2  |   3648 |
+------------------------------------------+---------+--------+

+----------------------+--------------+
|        Metric        |    Core 0    |
+----------------------+--------------+
|  Runtime (RDTSC) [s] | 2.806353e-06 |
| Runtime unhalted [s] | 5.300583e-06 |
|      Clock [MHz]     |    3334.8210 |
|          CPI         |       0.9819 |
|      DP MFLOP/s      |    5264.8402 |
|    AVX DP MFLOP/s    |    5199.6310 |
|    Packed MUOPS/s    |    1305.6091 |
|    Scalar MUOPS/s    |      53.8065 |
|  Vectorization ratio |      96.0419 |
+----------------------+--------------+


==============================
N=1000
==============================
--------------------------------------------------------------------------------
CPU name:	Intel(R) Core(TM) i5-7500 CPU @ 3.40GHz
CPU type:	Intel Coffeelake processor
CPU clock:	3.41 GHz
--------------------------------------------------------------------------------
N = 1000
Tempo médio op1 (CG iteração): 0.01509604 ms
Tempo op2 (resíduo): 0.21359897 ms
--------------------------------------------------------------------------------
Region op1, Group 1: FLOPS_DP
+-------------------+----------+
|    Region Info    |  Core 0  |
+-------------------+----------+
| RDTSC Runtime [s] | 0.000148 |
|     call count    |        1 |
+-------------------+----------+

+------------------------------------------+---------+---------+
|                   Event                  | Counter |  Core 0 |
+------------------------------------------+---------+---------+
|             INSTR_RETIRED_ANY            |  FIXC0  | 1079168 |
|           CPU_CLK_UNHALTED_CORE          |  FIXC1  |  513698 |
|           CPU_CLK_UNHALTED_REF           |  FIXC2  |  516170 |
| FP_ARITH_INST_RETIRED_128B_PACKED_DOUBLE |   PMC0  |     750 |
|    FP_ARITH_INST_RETIRED_SCALAR_DOUBLE   |   PMC1  |   87860 |
| FP_ARITH_INST_RETIRED_256B_PACKED_DOUBLE |   PMC2  |  214650 |
+------------------------------------------+---------+---------+

+----------------------+-----------+
|        Metric        |   Core 0  |
+----------------------+-----------+
|  Runtime (RDTSC) [s] |    0.0001 |
| Runtime unhalted [s] |    0.0002 |
|      Clock [MHz]     | 3391.6619 |
|          CPI         |    0.4760 |
|      DP MFLOP/s      | 6398.6759 |
|    AVX DP MFLOP/s    | 5795.5010 |
|    Packed MUOPS/s    | 1453.9377 |
|    Scalar MUOPS/s    |  593.0500 |
|  Vectorization ratio |   71.0282 |
+----------------------+-----------+

Region op2, Group 1: FLOPS_DP
+-------------------+----------+
|    Region Info    |  Core 0  |
+-------------------+----------+
| RDTSC Runtime [s] | 0.000004 |
|     call count    |        1 |
+-------------------+----------+

+------------------------------------------+---------+--------+
|                   Event                  | Counter | Core 0 |
+------------------------------------------+---------+--------+
|             INSTR_RETIRED_ANY            |  FIXC0  |  31251 |
|           CPU_CLK_UNHALTED_CORE          |  FIXC1  |  24770 |
|           CPU_CLK_UNHALTED_REF           |  FIXC2  |  25134 |
| FP_ARITH_INST_RETIRED_128B_PACKED_DOUBLE |   PMC0  |     27 |
|    FP_ARITH_INST_RETIRED_SCALAR_DOUBLE   |   PMC1  |    273 |
| FP_ARITH_INST_RETIRED_256B_PACKED_DOUBLE |   PMC2  |   7150 |
+------------------------------------------+---------+--------+

+----------------------+--------------+
|        Metric        |    Core 0    |
+----------------------+--------------+
|  Runtime (RDTSC) [s] | 4.457188e-06 |
| Runtime unhalted [s] | 7.268228e-06 |
|      Clock [MHz]     |    3358.6275 |
|          CPI         |       0.7926 |
|      DP MFLOP/s      |    6489.9663 |
|    AVX DP MFLOP/s    |    6416.6017 |
|    Packed MUOPS/s    |    1610.2081 |
|    Scalar MUOPS/s    |      61.2494 |
|  Vectorization ratio |      96.3356 |
+----------------------+--------------+


==============================
N=2000
==============================
--------------------------------------------------------------------------------
CPU name:	Intel(R) Core(TM) i5-7500 CPU @ 3.40GHz
CPU type:	Intel Coffeelake processor
CPU clock:	3.41 GHz
--------------------------------------------------------------------------------
N = 2000
Tempo médio op1 (CG iteração): 0.02480068 ms
Tempo op2 (resíduo): 0.21980995 ms
--------------------------------------------------------------------------------
Region op1, Group 1: FLOPS_DP
+-------------------+----------+
|    Region Info    |  Core 0  |
+-------------------+----------+
| RDTSC Runtime [s] | 0.000375 |
|     call count    |        1 |
+-------------------+----------+

+------------------------------------------+---------+---------+
|                   Event                  | Counter |  Core 0 |
+------------------------------------------+---------+---------+
|             INSTR_RETIRED_ANY            |  FIXC0  | 2128319 |
|           CPU_CLK_UNHALTED_CORE          |  FIXC1  | 1263132 |
|           CPU_CLK_UNHALTED_REF           |  FIXC2  | 1269196 |
| FP_ARITH_INST_RETIRED_128B_PACKED_DOUBLE |   PMC0  |     400 |
|    FP_ARITH_INST_RETIRED_SCALAR_DOUBLE   |   PMC1  |  175360 |
| FP_ARITH_INST_RETIRED_256B_PACKED_DOUBLE |   PMC2  |  430450 |
+------------------------------------------+---------+---------+

+----------------------+-----------+
|        Metric        |   Core 0  |
+----------------------+-----------+
|  Runtime (RDTSC) [s] |    0.0004 |
| Runtime unhalted [s] |    0.0004 |
|      Clock [MHz]     | 3391.6930 |
|          CPI         |    0.5935 |
|      DP MFLOP/s      | 5062.9346 |
|    AVX DP MFLOP/s    | 4593.0160 |
|    Packed MUOPS/s    | 1149.3210 |
|    Scalar MUOPS/s    |  467.7845 |
|  Vectorization ratio |   71.0727 |
+----------------------+-----------+

Region op2, Group 1: FLOPS_DP
+-------------------+----------+
|    Region Info    |  Core 0  |
+-------------------+----------+
| RDTSC Runtime [s] | 0.000011 |
|     call count    |        1 |
+-------------------+----------+

+------------------------------------------+---------+--------+
|                   Event                  | Counter | Core 0 |
+------------------------------------------+---------+--------+
|             INSTR_RETIRED_ANY            |  FIXC0  |  57415 |
|           CPU_CLK_UNHALTED_CORE          |  FIXC1  |  46332 |
|           CPU_CLK_UNHALTED_REF           |  FIXC2  |  46434 |
| FP_ARITH_INST_RETIRED_128B_PACKED_DOUBLE |   PMC0  |     16 |
|    FP_ARITH_INST_RETIRED_SCALAR_DOUBLE   |   PMC1  |    523 |
| FP_ARITH_INST_RETIRED_256B_PACKED_DOUBLE |   PMC2  |  14343 |
+------------------------------------------+---------+--------+

+----------------------+--------------+
|        Metric        |    Core 0    |
+----------------------+--------------+
|  Runtime (RDTSC) [s] | 1.075843e-05 |
| Runtime unhalted [s] | 1.359517e-05 |
|      Clock [MHz]     |    3400.4896 |
|          CPI         |       0.8070 |
|      DP MFLOP/s      |    5384.3358 |
|    AVX DP MFLOP/s    |    5332.7484 |
|    Packed MUOPS/s    |    1334.6743 |
|    Scalar MUOPS/s    |      48.6130 |
|  Vectorization ratio |      96.4857 |
+----------------------+--------------+


==============================
N=4000
==============================
--------------------------------------------------------------------------------
CPU name:	Intel(R) Core(TM) i5-7500 CPU @ 3.40GHz
CPU type:	Intel Coffeelake processor
CPU clock:	3.41 GHz
--------------------------------------------------------------------------------
N = 4000
Tempo médio op1 (CG iteração): 0.11955768 ms
Tempo op2 (resíduo): 0.62452501 ms
--------------------------------------------------------------------------------
Region op1, Group 1: FLOPS_DP
+-------------------+----------+
|    Region Info    |  Core 0  |
+-------------------+----------+
| RDTSC Runtime [s] | 0.002258 |
|     call count    |        1 |
+-------------------+----------+

+------------------------------------------+---------+---------+
|                   Event                  | Counter |  Core 0 |
+------------------------------------------+---------+---------+
|             INSTR_RETIRED_ANY            |  FIXC0  | 4228319 |
|           CPU_CLK_UNHALTED_CORE          |  FIXC1  | 2704412 |
|           CPU_CLK_UNHALTED_REF           |  FIXC2  | 7697962 |
| FP_ARITH_INST_RETIRED_128B_PACKED_DOUBLE |   PMC0  |     400 |
|    FP_ARITH_INST_RETIRED_SCALAR_DOUBLE   |   PMC1  |  350360 |
| FP_ARITH_INST_RETIRED_256B_PACKED_DOUBLE |   PMC2  |  861700 |
+------------------------------------------+---------+---------+

+----------------------+-----------+
|        Metric        |   Core 0  |
+----------------------+-----------+
|  Runtime (RDTSC) [s] |    0.0023 |
| Runtime unhalted [s] |    0.0008 |
|      Clock [MHz]     | 1197.2518 |
|          CPI         |    0.6396 |
|      DP MFLOP/s      | 1681.6651 |
|    AVX DP MFLOP/s    | 1526.1781 |
|    Packed MUOPS/s    |  381.7216 |
|    Scalar MUOPS/s    |  155.1328 |
|  Vectorization ratio |   71.1034 |
+----------------------+-----------+

Region op2, Group 1: FLOPS_DP
+-------------------+----------+
|    Region Info    |  Core 0  |
+-------------------+----------+
| RDTSC Runtime [s] | 0.000065 |
|     call count    |        1 |
+-------------------+----------+

+------------------------------------------+---------+--------+
|                   Event                  | Counter | Core 0 |
+------------------------------------------+---------+--------+
|             INSTR_RETIRED_ANY            |  FIXC0  | 109765 |
|           CPU_CLK_UNHALTED_CORE          |  FIXC1  |  87637 |
|           CPU_CLK_UNHALTED_REF           |  FIXC2  | 249494 |
| FP_ARITH_INST_RETIRED_128B_PACKED_DOUBLE |   PMC0  |     16 |
|    FP_ARITH_INST_RETIRED_SCALAR_DOUBLE   |   PMC1  |   1023 |
| FP_ARITH_INST_RETIRED_256B_PACKED_DOUBLE |   PMC2  |  28718 |
+------------------------------------------+---------+--------+

+----------------------+--------------+
|        Metric        |    Core 0    |
+----------------------+--------------+
|  Runtime (RDTSC) [s] |       0.0001 |
| Runtime unhalted [s] | 2.571574e-05 |
|      Clock [MHz]     |    1197.0597 |
|          CPI         |       0.7984 |
|      DP MFLOP/s      |    1780.7795 |
|    AVX DP MFLOP/s    |    1764.5734 |
|    Packed MUOPS/s    |     441.3891 |
|    Scalar MUOPS/s    |      15.7145 |
|  Vectorization ratio |      96.5622 |
+----------------------+--------------+


==============================
N=8000
==============================
--------------------------------------------------------------------------------
CPU name:	Intel(R) Core(TM) i5-7500 CPU @ 3.40GHz
CPU type:	Intel Coffeelake processor
CPU clock:	3.41 GHz
--------------------------------------------------------------------------------
N = 8000
Tempo médio op1 (CG iteração): 0.07002032 ms
Tempo op2 (resíduo): 0.23467803 ms
--------------------------------------------------------------------------------
Region op1, Group 1: FLOPS_DP
+-------------------+----------+
|    Region Info    |  Core 0  |
+-------------------+----------+
| RDTSC Runtime [s] | 0.001484 |
|     call count    |        1 |
+-------------------+----------+

+------------------------------------------+---------+---------+
|                   Event                  | Counter |  Core 0 |
+------------------------------------------+---------+---------+
|             INSTR_RETIRED_ANY            |  FIXC0  | 8428318 |
|           CPU_CLK_UNHALTED_CORE          |  FIXC1  | 5636259 |
|           CPU_CLK_UNHALTED_REF           |  FIXC2  | 5066276 |
| FP_ARITH_INST_RETIRED_128B_PACKED_DOUBLE |   PMC0  |     400 |
|    FP_ARITH_INST_RETIRED_SCALAR_DOUBLE   |   PMC1  |  700360 |
| FP_ARITH_INST_RETIRED_256B_PACKED_DOUBLE |   PMC2  | 1724200 |
+------------------------------------------+---------+---------+

+----------------------+-----------+
|        Metric        |   Core 0  |
+----------------------+-----------+
|  Runtime (RDTSC) [s] |    0.0015 |
| Runtime unhalted [s] |    0.0017 |
|      Clock [MHz]     | 3791.3944 |
|          CPI         |    0.6687 |
|      DP MFLOP/s      | 5121.4100 |
|    AVX DP MFLOP/s    | 4648.7926 |
|    Packed MUOPS/s    | 1162.4678 |
|    Scalar MUOPS/s    |  472.0781 |
|  Vectorization ratio |   71.1187 |
+----------------------+-----------+

Region op2, Group 1: FLOPS_DP
+-------------------+----------+
|    Region Info    |  Core 0  |
+-------------------+----------+
| RDTSC Runtime [s] | 0.000042 |
|     call count    |        1 |
+-------------------+----------+

+------------------------------------------+---------+--------+
|                   Event                  | Counter | Core 0 |
+------------------------------------------+---------+--------+
|             INSTR_RETIRED_ANY            |  FIXC0  | 214551 |
|           CPU_CLK_UNHALTED_CORE          |  FIXC1  | 169094 |
|           CPU_CLK_UNHALTED_REF           |  FIXC2  | 152082 |
| FP_ARITH_INST_RETIRED_128B_PACKED_DOUBLE |   PMC0  |     16 |
|    FP_ARITH_INST_RETIRED_SCALAR_DOUBLE   |   PMC1  |   2023 |
| FP_ARITH_INST_RETIRED_256B_PACKED_DOUBLE |   PMC2  |  57468 |
+------------------------------------------+---------+--------+

+----------------------+--------------+
|        Metric        |    Core 0    |
+----------------------+--------------+
|  Runtime (RDTSC) [s] | 4.197089e-05 |
| Runtime unhalted [s] | 4.961709e-05 |
|      Clock [MHz]     |    3789.1975 |
|          CPI         |       0.7881 |
|      DP MFLOP/s      |    5525.9014 |
|    AVX DP MFLOP/s    |    5476.9389 |
|    Packed MUOPS/s    |    1369.6159 |
|    Scalar MUOPS/s    |      48.2001 |
|  Vectorization ratio |      96.6004 |
+----------------------+--------------+


==============================
N=9000
==============================
--------------------------------------------------------------------------------
CPU name:	Intel(R) Core(TM) i5-7500 CPU @ 3.40GHz
CPU type:	Intel Coffeelake processor
CPU clock:	3.41 GHz
--------------------------------------------------------------------------------
N = 9000
Tempo médio op1 (CG iteração): 0.08807328 ms
Tempo op2 (resíduo): 0.26657999 ms
--------------------------------------------------------------------------------
Region op1, Group 1: FLOPS_DP
+-------------------+----------+
|    Region Info    |  Core 0  |
+-------------------+----------+
| RDTSC Runtime [s] | 0.001893 |
|     call count    |        1 |
+-------------------+----------+

+------------------------------------------+---------+---------+
|                   Event                  | Counter |  Core 0 |
+------------------------------------------+---------+---------+
|             INSTR_RETIRED_ANY            |  FIXC0  | 9479169 |
|           CPU_CLK_UNHALTED_CORE          |  FIXC1  | 6419349 |
|           CPU_CLK_UNHALTED_REF           |  FIXC2  | 6449498 |
| FP_ARITH_INST_RETIRED_128B_PACKED_DOUBLE |   PMC0  |     750 |
|    FP_ARITH_INST_RETIRED_SCALAR_DOUBLE   |   PMC1  |  787860 |
| FP_ARITH_INST_RETIRED_256B_PACKED_DOUBLE |   PMC2  | 1939650 |
+------------------------------------------+---------+---------+

+----------------------+-----------+
|        Metric        |   Core 0  |
+----------------------+-----------+
|  Runtime (RDTSC) [s] |    0.0019 |
| Runtime unhalted [s] |    0.0019 |
|      Clock [MHz]     | 3392.0343 |
|          CPI         |    0.6772 |
|      DP MFLOP/s      | 4515.3932 |
|    AVX DP MFLOP/s    | 4098.4200 |
|    Packed MUOPS/s    | 1025.0012 |
|    Scalar MUOPS/s    |  416.1809 |
|  Vectorization ratio |   71.1223 |
+----------------------+-----------+

Region op2, Group 1: FLOPS_DP
+-------------------+----------+
|    Region Info    |  Core 0  |
+-------------------+----------+
| RDTSC Runtime [s] | 0.000052 |
|     call count    |        1 |
+-------------------+----------+

+------------------------------------------+---------+--------+
|                   Event                  | Counter | Core 0 |
+------------------------------------------+---------+--------+
|             INSTR_RETIRED_ANY            |  FIXC0  | 240779 |
|           CPU_CLK_UNHALTED_CORE          |  FIXC1  | 184925 |
|           CPU_CLK_UNHALTED_REF           |  FIXC2  | 185594 |
| FP_ARITH_INST_RETIRED_128B_PACKED_DOUBLE |   PMC0  |     27 |
|    FP_ARITH_INST_RETIRED_SCALAR_DOUBLE   |   PMC1  |   2273 |
| FP_ARITH_INST_RETIRED_256B_PACKED_DOUBLE |   PMC2  |  64650 |
+------------------------------------------+---------+--------+

+----------------------+-----------+
|        Metric        |   Core 0  |
+----------------------+-----------+
|  Runtime (RDTSC) [s] |    0.0001 |
| Runtime unhalted [s] |    0.0001 |
|      Clock [MHz]     | 3395.6807 |
|          CPI         |    0.7680 |
|      DP MFLOP/s      | 5050.1498 |
|    AVX DP MFLOP/s    | 5005.1116 |
|    Packed MUOPS/s    | 1251.8005 |
|    Scalar MUOPS/s    |   43.9931 |
|  Vectorization ratio |   96.6049 |
+----------------------+-----------+


==============================
N=10000
==============================
--------------------------------------------------------------------------------
CPU name:	Intel(R) Core(TM) i5-7500 CPU @ 3.40GHz
CPU type:	Intel Coffeelake processor
CPU clock:	3.41 GHz
--------------------------------------------------------------------------------
N = 10000
Tempo médio op1 (CG iteração): 0.091115282 ms
Tempo op2 (resíduo): 0.23874897 ms
--------------------------------------------------------------------------------
Region op1, Group 1: FLOPS_DP
+-------------------+----------+
|    Region Info    |  Core 0  |
+-------------------+----------+
| RDTSC Runtime [s] | 0.001988 |
|     call count    |        1 |
+-------------------+----------+

+------------------------------------------+---------+----------+
|                   Event                  | Counter |  Core 0  |
+------------------------------------------+---------+----------+
|             INSTR_RETIRED_ANY            |  FIXC0  | 10528320 |
|           CPU_CLK_UNHALTED_CORE          |  FIXC1  |  7141059 |
|           CPU_CLK_UNHALTED_REF           |  FIXC2  |  6593202 |
| FP_ARITH_INST_RETIRED_128B_PACKED_DOUBLE |   PMC0  |      400 |
|    FP_ARITH_INST_RETIRED_SCALAR_DOUBLE   |   PMC1  |   875360 |
| FP_ARITH_INST_RETIRED_256B_PACKED_DOUBLE |   PMC2  |  2155450 |
+------------------------------------------+---------+----------+

+----------------------+-----------+
|        Metric        |   Core 0  |
+----------------------+-----------+
|  Runtime (RDTSC) [s] |    0.0020 |
| Runtime unhalted [s] |    0.0021 |
|      Clock [MHz]     | 3691.1679 |
|          CPI         |    0.6783 |
|      DP MFLOP/s      | 4778.2179 |
|    AVX DP MFLOP/s    | 4337.4408 |
|    Packed MUOPS/s    | 1084.5614 |
|    Scalar MUOPS/s    |  440.3747 |
|  Vectorization ratio |   71.1218 |
+----------------------+-----------+

Region op2, Group 1: FLOPS_DP
+-------------------+----------+
|    Region Info    |  Core 0  |
+-------------------+----------+
| RDTSC Runtime [s] | 0.000057 |
|     call count    |        1 |
+-------------------+----------+

+------------------------------------------+---------+--------+
|                   Event                  | Counter | Core 0 |
+------------------------------------------+---------+--------+
|             INSTR_RETIRED_ANY            |  FIXC0  | 266959 |
|           CPU_CLK_UNHALTED_CORE          |  FIXC1  | 221590 |
|           CPU_CLK_UNHALTED_REF           |  FIXC2  | 204764 |
| FP_ARITH_INST_RETIRED_128B_PACKED_DOUBLE |   PMC0  |     16 |
|    FP_ARITH_INST_RETIRED_SCALAR_DOUBLE   |   PMC1  |   2523 |
| FP_ARITH_INST_RETIRED_256B_PACKED_DOUBLE |   PMC2  |  71843 |
+------------------------------------------+---------+--------+

+----------------------+-----------+
|        Metric        |   Core 0  |
+----------------------+-----------+
|  Runtime (RDTSC) [s] |    0.0001 |
| Runtime unhalted [s] |    0.0001 |
|      Clock [MHz]     | 3688.0272 |
|          CPI         |    0.8301 |
|      DP MFLOP/s      | 5055.2900 |
|    AVX DP MFLOP/s    | 5010.7400 |
|    Packed MUOPS/s    | 1252.9640 |
|    Scalar MUOPS/s    |   43.9921 |
|  Vectorization ratio |   96.6081 |
+----------------------+-----------+

