### versao=v2 grupo=L2CACHE N=32
--------------------------------------------------------------------------------
CPU name:	Intel(R) Core(TM) i5-7500 CPU @ 3.40GHz
CPU type:	Intel Coffeelake processor
CPU clock:	3.41 GHz
--------------------------------------------------------------------------------
N = 32
Tempo médio op1 (CG iteração): 0.0087905622 ms
Tempo op2 (resíduo): 0.190274 ms
--------------------------------------------------------------------------------
Region op1, Group 1: L2CACHE
+-------------------+----------+
|    Region Info    |  Core 0  |
+-------------------+----------+
| RDTSC Runtime [s] | 0.000016 |
|     call count    |        1 |
+-------------------+----------+

+-----------------------+---------+--------+
|         Event         | Counter | Core 0 |
+-----------------------+---------+--------+
|   INSTR_RETIRED_ANY   |  FIXC0  |  62054 |
| CPU_CLK_UNHALTED_CORE |  FIXC1  |  37096 |
|  CPU_CLK_UNHALTED_REF |  FIXC2  |  37204 |
| L2_TRANS_ALL_REQUESTS |   PMC0  |   3508 |
|     L2_RQSTS_MISS     |   PMC1  |   1235 |
+-----------------------+---------+--------+

+----------------------+--------------+
|        Metric        |    Core 0    |
+----------------------+--------------+
|  Runtime (RDTSC) [s] | 1.626477e-05 |
| Runtime unhalted [s] | 1.088503e-05 |
|      Clock [MHz]     |    3398.0904 |
|          CPI         |       0.5978 |
|    L2 request rate   |       0.0565 |
|     L2 miss rate     |       0.0199 |
|     L2 miss ratio    |       0.3521 |
+----------------------+--------------+

Region op2, Group 1: L2CACHE
+-------------------+----------+
|    Region Info    |  Core 0  |
+-------------------+----------+
| RDTSC Runtime [s] | 0.000001 |
|     call count    |        1 |
+-------------------+----------+

+-----------------------+---------+--------+
|         Event         | Counter | Core 0 |
+-----------------------+---------+--------+
|   INSTR_RETIRED_ANY   |  FIXC0  |   5346 |
| CPU_CLK_UNHALTED_CORE |  FIXC1  |  10417 |
|  CPU_CLK_UNHALTED_REF |  FIXC2  |  10508 |
| L2_TRANS_ALL_REQUESTS |   PMC0  |   2030 |
|     L2_RQSTS_MISS     |   PMC1  |    650 |
+-----------------------+---------+--------+

+----------------------+--------------+
|        Metric        |    Core 0    |
+----------------------+--------------+
|  Runtime (RDTSC) [s] | 6.508256e-07 |
| Runtime unhalted [s] | 3.056646e-06 |
|      Clock [MHz]     |    3378.4701 |
|          CPI         |       1.9486 |
|    L2 request rate   |       0.3797 |
|     L2 miss rate     |       0.1216 |
|     L2 miss ratio    |       0.3202 |
+----------------------+--------------+


### versao=v2 grupo=L2CACHE N=64
--------------------------------------------------------------------------------
CPU name:	Intel(R) Core(TM) i5-7500 CPU @ 3.40GHz
CPU type:	Intel Coffeelake processor
CPU clock:	3.41 GHz
--------------------------------------------------------------------------------
N = 64
Tempo médio op1 (CG iteração): 0.024231441 ms
Tempo op2 (resíduo): 0.54122198 ms
--------------------------------------------------------------------------------
Region op1, Group 1: L2CACHE
+-------------------+----------+
|    Region Info    |  Core 0  |
+-------------------+----------+
| RDTSC Runtime [s] | 0.000032 |
|     call count    |        1 |
+-------------------+----------+

+-----------------------+---------+--------+
|         Event         | Counter | Core 0 |
+-----------------------+---------+--------+
|   INSTR_RETIRED_ANY   |  FIXC0  |  96078 |
| CPU_CLK_UNHALTED_CORE |  FIXC1  |  48131 |
|  CPU_CLK_UNHALTED_REF |  FIXC2  | 137456 |
| L2_TRANS_ALL_REQUESTS |   PMC0  |   3319 |
|     L2_RQSTS_MISS     |   PMC1  |   1088 |
+-----------------------+---------+--------+

+----------------------+--------------+
|        Metric        |    Core 0    |
+----------------------+--------------+
|  Runtime (RDTSC) [s] | 3.207616e-05 |
| Runtime unhalted [s] | 1.412303e-05 |
|      Clock [MHz]     |    1193.3237 |
|          CPI         |       0.5010 |
|    L2 request rate   |       0.0345 |
|     L2 miss rate     |       0.0113 |
|     L2 miss ratio    |       0.3278 |
+----------------------+--------------+

Region op2, Group 1: L2CACHE
+-------------------+----------+
|    Region Info    |  Core 0  |
+-------------------+----------+
| RDTSC Runtime [s] | 0.000002 |
|     call count    |        1 |
+-------------------+----------+

+-----------------------+---------+--------+
|         Event         | Counter | Core 0 |
+-----------------------+---------+--------+
|   INSTR_RETIRED_ANY   |  FIXC0  |   6234 |
| CPU_CLK_UNHALTED_CORE |  FIXC1  |  10913 |
|  CPU_CLK_UNHALTED_REF |  FIXC2  |  31098 |
| L2_TRANS_ALL_REQUESTS |   PMC0  |   2291 |
|     L2_RQSTS_MISS     |   PMC1  |    704 |
+-----------------------+---------+--------+

+----------------------+--------------+
|        Metric        |    Core 0    |
+----------------------+--------------+
|  Runtime (RDTSC) [s] | 2.046977e-06 |
| Runtime unhalted [s] | 3.202190e-06 |
|      Clock [MHz]     |    1195.9384 |
|          CPI         |       1.7506 |
|    L2 request rate   |       0.3675 |
|     L2 miss rate     |       0.1129 |
|     L2 miss ratio    |       0.3073 |
+----------------------+--------------+


### versao=v2 grupo=L2CACHE N=128
--------------------------------------------------------------------------------
CPU name:	Intel(R) Core(TM) i5-7500 CPU @ 3.40GHz
CPU type:	Intel Coffeelake processor
CPU clock:	3.41 GHz
--------------------------------------------------------------------------------
N = 128
Tempo médio op1 (CG iteração): 0.0081030393 ms
Tempo op2 (resíduo): 0.176561 ms
--------------------------------------------------------------------------------
Region op1, Group 1: L2CACHE
+-------------------+----------+
|    Region Info    |  Core 0  |
+-------------------+----------+
| RDTSC Runtime [s] | 0.000019 |
|     call count    |        1 |
+-------------------+----------+

+-----------------------+---------+--------+
|         Event         | Counter | Core 0 |
+-----------------------+---------+--------+
|   INSTR_RETIRED_ANY   |  FIXC0  | 163978 |
| CPU_CLK_UNHALTED_CORE |  FIXC1  |  80368 |
|  CPU_CLK_UNHALTED_REF |  FIXC2  |  74124 |
| L2_TRANS_ALL_REQUESTS |   PMC0  |   8139 |
|     L2_RQSTS_MISS     |   PMC1  |   1303 |
+-----------------------+---------+--------+

+----------------------+--------------+
|        Metric        |    Core 0    |
+----------------------+--------------+
|  Runtime (RDTSC) [s] | 1.883696e-05 |
| Runtime unhalted [s] | 2.358270e-05 |
|      Clock [MHz]     |    3694.9964 |
|          CPI         |       0.4901 |
|    L2 request rate   |       0.0496 |
|     L2 miss rate     |       0.0079 |
|     L2 miss ratio    |       0.1601 |
+----------------------+--------------+

Region op2, Group 1: L2CACHE
+-------------------+----------+
|    Region Info    |  Core 0  |
+-------------------+----------+
| RDTSC Runtime [s] | 0.000001 |
|     call count    |        1 |
+-------------------+----------+

+-----------------------+---------+--------+
|         Event         | Counter | Core 0 |
+-----------------------+---------+--------+
|   INSTR_RETIRED_ANY   |  FIXC0  |   8100 |
| CPU_CLK_UNHALTED_CORE |  FIXC1  |  12605 |
|  CPU_CLK_UNHALTED_REF |  FIXC2  |  11644 |
| L2_TRANS_ALL_REQUESTS |   PMC0  |   2926 |
|     L2_RQSTS_MISS     |   PMC1  |    910 |
+-----------------------+---------+--------+

+----------------------+--------------+
|        Metric        |    Core 0    |
+----------------------+--------------+
|  Runtime (RDTSC) [s] | 9.788789e-07 |
| Runtime unhalted [s] | 3.698734e-06 |
|      Clock [MHz]     |    3689.1843 |
|          CPI         |       1.5562 |
|    L2 request rate   |       0.3612 |
|     L2 miss rate     |       0.1123 |
|     L2 miss ratio    |       0.3110 |
+----------------------+--------------+


### versao=v2 grupo=L2CACHE N=256
--------------------------------------------------------------------------------
CPU name:	Intel(R) Core(TM) i5-7500 CPU @ 3.40GHz
CPU type:	Intel Coffeelake processor
CPU clock:	3.41 GHz
--------------------------------------------------------------------------------
N = 256
Tempo médio op1 (CG iteração): 0.0094655609 ms
Tempo op2 (resíduo): 0.187154 ms
--------------------------------------------------------------------------------
Region op1, Group 1: L2CACHE
+-------------------+----------+
|    Region Info    |  Core 0  |
+-------------------+----------+
| RDTSC Runtime [s] | 0.000037 |
|     call count    |        1 |
+-------------------+----------+

+-----------------------+---------+--------+
|         Event         | Counter | Core 0 |
+-----------------------+---------+--------+
|   INSTR_RETIRED_ANY   |  FIXC0  | 299778 |
| CPU_CLK_UNHALTED_CORE |  FIXC1  | 141717 |
|  CPU_CLK_UNHALTED_REF |  FIXC2  | 138592 |
| L2_TRANS_ALL_REQUESTS |   PMC0  |  31925 |
|     L2_RQSTS_MISS     |   PMC1  |   1748 |
+-----------------------+---------+--------+

+----------------------+--------------+
|        Metric        |    Core 0    |
+----------------------+--------------+
|  Runtime (RDTSC) [s] | 3.741976e-05 |
| Runtime unhalted [s] | 4.158427e-05 |
|      Clock [MHz]     |    3484.7900 |
|          CPI         |       0.4727 |
|    L2 request rate   |       0.1065 |
|     L2 miss rate     |       0.0058 |
|     L2 miss ratio    |       0.0548 |
+----------------------+--------------+

Region op2, Group 1: L2CACHE
+-------------------+----------+
|    Region Info    |  Core 0  |
+-------------------+----------+
| RDTSC Runtime [s] | 0.000002 |
|     call count    |        1 |
+-------------------+----------+

+-----------------------+---------+--------+
|         Event         | Counter | Core 0 |
+-----------------------+---------+--------+
|   INSTR_RETIRED_ANY   |  FIXC0  |  11546 |
| CPU_CLK_UNHALTED_CORE |  FIXC1  |  14143 |
|  CPU_CLK_UNHALTED_REF |  FIXC2  |  14200 |
| L2_TRANS_ALL_REQUESTS |   PMC0  |   3840 |
|     L2_RQSTS_MISS     |   PMC1  |   1107 |
+-----------------------+---------+--------+

+----------------------+--------------+
|        Metric        |    Core 0    |
+----------------------+--------------+
|  Runtime (RDTSC) [s] | 1.553435e-06 |
| Runtime unhalted [s] | 4.150006e-06 |
|      Clock [MHz]     |    3394.2671 |
|          CPI         |       1.2249 |
|    L2 request rate   |       0.3326 |
|     L2 miss rate     |       0.0959 |
|     L2 miss ratio    |       0.2883 |
+----------------------+--------------+


### versao=v2 grupo=L2CACHE N=512
--------------------------------------------------------------------------------
CPU name:	Intel(R) Core(TM) i5-7500 CPU @ 3.40GHz
CPU type:	Intel Coffeelake processor
CPU clock:	3.41 GHz
--------------------------------------------------------------------------------
N = 512
Tempo médio op1 (CG iteração): 0.010836599 ms
Tempo op2 (resíduo): 0.17648399 ms
--------------------------------------------------------------------------------
Region op1, Group 1: L2CACHE
+-------------------+----------+
|    Region Info    |  Core 0  |
+-------------------+----------+
| RDTSC Runtime [s] | 0.000077 |
|     call count    |        1 |
+-------------------+----------+

+-----------------------+---------+--------+
|         Event         | Counter | Core 0 |
+-----------------------+---------+--------+
|   INSTR_RETIRED_ANY   |  FIXC0  | 565828 |
| CPU_CLK_UNHALTED_CORE |  FIXC1  | 296819 |
|  CPU_CLK_UNHALTED_REF |  FIXC2  | 274202 |
| L2_TRANS_ALL_REQUESTS |   PMC0  |  56526 |
|     L2_RQSTS_MISS     |   PMC1  |   2691 |
+-----------------------+---------+--------+

+----------------------+-----------+
|        Metric        |   Core 0  |
+----------------------+-----------+
|  Runtime (RDTSC) [s] |    0.0001 |
| Runtime unhalted [s] |    0.0001 |
|      Clock [MHz]     | 3688.9587 |
|          CPI         |    0.5246 |
|    L2 request rate   |    0.0999 |
|     L2 miss rate     |    0.0048 |
|     L2 miss ratio    |    0.0476 |
+----------------------+-----------+

Region op2, Group 1: L2CACHE
+-------------------+----------+
|    Region Info    |  Core 0  |
+-------------------+----------+
| RDTSC Runtime [s] | 0.000002 |
|     call count    |        1 |
+-------------------+----------+

+-----------------------+---------+--------+
|         Event         | Counter | Core 0 |
+-----------------------+---------+--------+
|   INSTR_RETIRED_ANY   |  FIXC0  |  18096 |
| CPU_CLK_UNHALTED_CORE |  FIXC1  |  17677 |
|  CPU_CLK_UNHALTED_REF |  FIXC2  |  16614 |
| L2_TRANS_ALL_REQUESTS |   PMC0  |   5306 |
|     L2_RQSTS_MISS     |   PMC1  |   1567 |
+-----------------------+---------+--------+

+----------------------+--------------+
|        Metric        |    Core 0    |
+----------------------+--------------+
|  Runtime (RDTSC) [s] | 2.477163e-06 |
| Runtime unhalted [s] | 5.187115e-06 |
|      Clock [MHz]     |    3625.9105 |
|          CPI         |       0.9768 |
|    L2 request rate   |       0.2932 |
|     L2 miss rate     |       0.0866 |
|     L2 miss ratio    |       0.2953 |
+----------------------+--------------+


### versao=v2 grupo=L2CACHE N=1000
--------------------------------------------------------------------------------
CPU name:	Intel(R) Core(TM) i5-7500 CPU @ 3.40GHz
CPU type:	Intel Coffeelake processor
CPU clock:	3.41 GHz
--------------------------------------------------------------------------------
N = 1000
Tempo médio op1 (CG iteração): 0.013116322 ms
Tempo op2 (resíduo): 0.17884499 ms
--------------------------------------------------------------------------------
Region op1, Group 1: L2CACHE
+-------------------+----------+
|    Region Info    |  Core 0  |
+-------------------+----------+
| RDTSC Runtime [s] | 0.000135 |
|     call count    |        1 |
+-------------------+----------+

+-----------------------+---------+---------+
|         Event         | Counter |  Core 0 |
+-----------------------+---------+---------+
|   INSTR_RETIRED_ANY   |  FIXC0  | 1079078 |
| CPU_CLK_UNHALTED_CORE |  FIXC1  |  511330 |
|  CPU_CLK_UNHALTED_REF |  FIXC2  |  472008 |
| L2_TRANS_ALL_REQUESTS |   PMC0  |  123317 |
|     L2_RQSTS_MISS     |   PMC1  |    6128 |
+-----------------------+---------+---------+

+----------------------+-----------+
|        Metric        |   Core 0  |
+----------------------+-----------+
|  Runtime (RDTSC) [s] |    0.0001 |
| Runtime unhalted [s] |    0.0002 |
|      Clock [MHz]     | 3691.8958 |
|          CPI         |    0.4739 |
|    L2 request rate   |    0.1143 |
|     L2 miss rate     |    0.0057 |
|     L2 miss ratio    |    0.0497 |
+----------------------+-----------+

Region op2, Group 1: L2CACHE
+-------------------+----------+
|    Region Info    |  Core 0  |
+-------------------+----------+
| RDTSC Runtime [s] | 0.000004 |
|     call count    |        1 |
+-------------------+----------+

+-----------------------+---------+--------+
|         Event         | Counter | Core 0 |
+-----------------------+---------+--------+
|   INSTR_RETIRED_ANY   |  FIXC0  |  30950 |
| CPU_CLK_UNHALTED_CORE |  FIXC1  |  23691 |
|  CPU_CLK_UNHALTED_REF |  FIXC2  |  21726 |
| L2_TRANS_ALL_REQUESTS |   PMC0  |   9363 |
|     L2_RQSTS_MISS     |   PMC1  |   3029 |
+-----------------------+---------+--------+

+----------------------+--------------+
|        Metric        |    Core 0    |
+----------------------+--------------+
|  Runtime (RDTSC) [s] | 4.007099e-06 |
| Runtime unhalted [s] | 6.951618e-06 |
|      Clock [MHz]     |    3716.2176 |
|          CPI         |       0.7655 |
|    L2 request rate   |       0.3025 |
|     L2 miss rate     |       0.0979 |
|     L2 miss ratio    |       0.3235 |
+----------------------+--------------+


### versao=v2 grupo=L2CACHE N=2000
--------------------------------------------------------------------------------
CPU name:	Intel(R) Core(TM) i5-7500 CPU @ 3.40GHz
CPU type:	Intel Coffeelake processor
CPU clock:	3.41 GHz
--------------------------------------------------------------------------------
N = 2000
Tempo médio op1 (CG iteração): 0.0228354 ms
Tempo op2 (resíduo): 0.19309402 ms
--------------------------------------------------------------------------------
Region op1, Group 1: L2CACHE
+-------------------+----------+
|    Region Info    |  Core 0  |
+-------------------+----------+
| RDTSC Runtime [s] | 0.000356 |
|     call count    |        1 |
+-------------------+----------+

+-----------------------+---------+---------+
|         Event         | Counter |  Core 0 |
+-----------------------+---------+---------+
|   INSTR_RETIRED_ANY   |  FIXC0  | 2128228 |
| CPU_CLK_UNHALTED_CORE |  FIXC1  | 1254059 |
|  CPU_CLK_UNHALTED_REF |  FIXC2  | 1224040 |
| L2_TRANS_ALL_REQUESTS |   PMC0  |  662760 |
|     L2_RQSTS_MISS     |   PMC1  |   88118 |
+-----------------------+---------+---------+

+----------------------+-----------+
|        Metric        |   Core 0  |
+----------------------+-----------+
|  Runtime (RDTSC) [s] |    0.0004 |
| Runtime unhalted [s] |    0.0004 |
|      Clock [MHz]     | 3490.4189 |
|          CPI         |    0.5893 |
|    L2 request rate   |    0.3114 |
|     L2 miss rate     |    0.0414 |
|     L2 miss ratio    |    0.1330 |
+----------------------+-----------+

Region op2, Group 1: L2CACHE
+-------------------+----------+
|    Region Info    |  Core 0  |
+-------------------+----------+
| RDTSC Runtime [s] | 0.000010 |
|     call count    |        1 |
+-------------------+----------+

+-----------------------+---------+--------+
|         Event         | Counter | Core 0 |
+-----------------------+---------+--------+
|   INSTR_RETIRED_ANY   |  FIXC0  |  57114 |
| CPU_CLK_UNHALTED_CORE |  FIXC1  |  45554 |
|  CPU_CLK_UNHALTED_REF |  FIXC2  |  44872 |
| L2_TRANS_ALL_REQUESTS |   PMC0  |  29948 |
|     L2_RQSTS_MISS     |   PMC1  |   6224 |
+-----------------------+---------+--------+

+----------------------+--------------+
|        Metric        |    Core 0    |
+----------------------+--------------+
|  Runtime (RDTSC) [s] | 1.030640e-05 |
| Runtime unhalted [s] | 1.337123e-05 |
|      Clock [MHz]     |    3458.6473 |
|          CPI         |       0.7976 |
|    L2 request rate   |       0.5244 |
|     L2 miss rate     |       0.1090 |
|     L2 miss ratio    |       0.2078 |
+----------------------+--------------+


### versao=v2 grupo=L2CACHE N=4000
--------------------------------------------------------------------------------
CPU name:	Intel(R) Core(TM) i5-7500 CPU @ 3.40GHz
CPU type:	Intel Coffeelake processor
CPU clock:	3.41 GHz
--------------------------------------------------------------------------------
N = 4000
Tempo médio op1 (CG iteração): 0.037289119 ms
Tempo op2 (resíduo): 0.19161999 ms
--------------------------------------------------------------------------------
Region op1, Group 1: L2CACHE
+-------------------+----------+
|    Region Info    |  Core 0  |
+-------------------+----------+
| RDTSC Runtime [s] | 0.000718 |
|     call count    |        1 |
+-------------------+----------+

+-----------------------+---------+---------+
|         Event         | Counter |  Core 0 |
+-----------------------+---------+---------+
|   INSTR_RETIRED_ANY   |  FIXC0  | 4228228 |
| CPU_CLK_UNHALTED_CORE |  FIXC1  | 2732453 |
|  CPU_CLK_UNHALTED_REF |  FIXC2  | 2456032 |
| L2_TRANS_ALL_REQUESTS |   PMC0  | 1734124 |
|     L2_RQSTS_MISS     |   PMC1  |  331125 |
+-----------------------+---------+---------+

+----------------------+-----------+
|        Metric        |   Core 0  |
+----------------------+-----------+
|  Runtime (RDTSC) [s] |    0.0007 |
| Runtime unhalted [s] |    0.0008 |
|      Clock [MHz]     | 3791.5425 |
|          CPI         |    0.6462 |
|    L2 request rate   |    0.4101 |
|     L2 miss rate     |    0.0783 |
|     L2 miss ratio    |    0.1909 |
+----------------------+-----------+

Region op2, Group 1: L2CACHE
+-------------------+----------+
|    Region Info    |  Core 0  |
+-------------------+----------+
| RDTSC Runtime [s] | 0.000020 |
|     call count    |        1 |
+-------------------+----------+

+-----------------------+---------+--------+
|         Event         | Counter | Core 0 |
+-----------------------+---------+--------+
|   INSTR_RETIRED_ANY   |  FIXC0  | 109464 |
| CPU_CLK_UNHALTED_CORE |  FIXC1  |  85256 |
|  CPU_CLK_UNHALTED_REF |  FIXC2  |  76680 |
| L2_TRANS_ALL_REQUESTS |   PMC0  |  58335 |
|     L2_RQSTS_MISS     |   PMC1  |  12642 |
+-----------------------+---------+--------+

+----------------------+--------------+
|        Metric        |    Core 0    |
+----------------------+--------------+
|  Runtime (RDTSC) [s] | 1.997619e-05 |
| Runtime unhalted [s] | 2.501657e-05 |
|      Clock [MHz]     |    3789.1352 |
|          CPI         |       0.7788 |
|    L2 request rate   |       0.5329 |
|     L2 miss rate     |       0.1155 |
|     L2 miss ratio    |       0.2167 |
+----------------------+--------------+


### versao=v2 grupo=L2CACHE N=8000
--------------------------------------------------------------------------------
CPU name:	Intel(R) Core(TM) i5-7500 CPU @ 3.40GHz
CPU type:	Intel Coffeelake processor
CPU clock:	3.41 GHz
--------------------------------------------------------------------------------
N = 8000
Tempo médio op1 (CG iteração): 0.22914072 ms
Tempo op2 (resíduo): 0.69435602 ms
--------------------------------------------------------------------------------
Region op1, Group 1: L2CACHE
+-------------------+----------+
|    Region Info    |  Core 0  |
+-------------------+----------+
| RDTSC Runtime [s] | 0.004928 |
|     call count    |        1 |
+-------------------+----------+

+-----------------------+---------+----------+
|         Event         | Counter |  Core 0  |
+-----------------------+---------+----------+
|   INSTR_RETIRED_ANY   |  FIXC0  |  8428215 |
| CPU_CLK_UNHALTED_CORE |  FIXC1  |  5837753 |
|  CPU_CLK_UNHALTED_REF |  FIXC2  | 16618120 |
| L2_TRANS_ALL_REQUESTS |   PMC0  |  4133445 |
|     L2_RQSTS_MISS     |   PMC1  |   995469 |
+-----------------------+---------+----------+

+----------------------+-----------+
|        Metric        |   Core 0  |
+----------------------+-----------+
|  Runtime (RDTSC) [s] |    0.0049 |
| Runtime unhalted [s] |    0.0017 |
|      Clock [MHz]     | 1197.1839 |
|          CPI         |    0.6926 |
|    L2 request rate   |    0.4904 |
|     L2 miss rate     |    0.1181 |
|     L2 miss ratio    |    0.2408 |
+----------------------+-----------+

Region op2, Group 1: L2CACHE
+-------------------+----------+
|    Region Info    |  Core 0  |
+-------------------+----------+
| RDTSC Runtime [s] | 0.000138 |
|     call count    |        1 |
+-------------------+----------+

+-----------------------+---------+--------+
|         Event         | Counter | Core 0 |
+-----------------------+---------+--------+
|   INSTR_RETIRED_ANY   |  FIXC0  | 214250 |
| CPU_CLK_UNHALTED_CORE |  FIXC1  | 174695 |
|  CPU_CLK_UNHALTED_REF |  FIXC2  | 497000 |
| L2_TRANS_ALL_REQUESTS |   PMC0  | 136650 |
|     L2_RQSTS_MISS     |   PMC1  |  35983 |
+-----------------------+---------+--------+

+----------------------+-----------+
|        Metric        |   Core 0  |
+----------------------+-----------+
|  Runtime (RDTSC) [s] |    0.0001 |
| Runtime unhalted [s] |    0.0001 |
|      Clock [MHz]     | 1197.9016 |
|          CPI         |    0.8154 |
|    L2 request rate   |    0.6378 |
|     L2 miss rate     |    0.1679 |
|     L2 miss ratio    |    0.2633 |
+----------------------+-----------+


### versao=v2 grupo=L2CACHE N=9000
--------------------------------------------------------------------------------
CPU name:	Intel(R) Core(TM) i5-7500 CPU @ 3.40GHz
CPU type:	Intel Coffeelake processor
CPU clock:	3.41 GHz
--------------------------------------------------------------------------------
N = 9000
Tempo médio op1 (CG iteração): 0.08132004 ms
Tempo op2 (resíduo): 0.22125101 ms
--------------------------------------------------------------------------------
Region op1, Group 1: L2CACHE
+-------------------+----------+
|    Region Info    |  Core 0  |
+-------------------+----------+
| RDTSC Runtime [s] | 0.001777 |
|     call count    |        1 |
+-------------------+----------+

+-----------------------+---------+---------+
|         Event         | Counter |  Core 0 |
+-----------------------+---------+---------+
|   INSTR_RETIRED_ANY   |  FIXC0  | 9479079 |
| CPU_CLK_UNHALTED_CORE |  FIXC1  | 6520648 |
|  CPU_CLK_UNHALTED_REF |  FIXC2  | 5866872 |
| L2_TRANS_ALL_REQUESTS |   PMC0  | 4796302 |
|     L2_RQSTS_MISS     |   PMC1  | 1191265 |
+-----------------------+---------+---------+

+----------------------+-----------+
|        Metric        |   Core 0  |
+----------------------+-----------+
|  Runtime (RDTSC) [s] |    0.0018 |
| Runtime unhalted [s] |    0.0019 |
|      Clock [MHz]     | 3786.4045 |
|          CPI         |    0.6879 |
|    L2 request rate   |    0.5060 |
|     L2 miss rate     |    0.1257 |
|     L2 miss ratio    |    0.2484 |
+----------------------+-----------+

Region op2, Group 1: L2CACHE
+-------------------+----------+
|    Region Info    |  Core 0  |
+-------------------+----------+
| RDTSC Runtime [s] | 0.000048 |
|     call count    |        1 |
+-------------------+----------+

+-----------------------+---------+--------+
|         Event         | Counter | Core 0 |
+-----------------------+---------+--------+
|   INSTR_RETIRED_ANY   |  FIXC0  | 240478 |
| CPU_CLK_UNHALTED_CORE |  FIXC1  | 192573 |
|  CPU_CLK_UNHALTED_REF |  FIXC2  | 173240 |
| L2_TRANS_ALL_REQUESTS |   PMC0  | 160180 |
|     L2_RQSTS_MISS     |   PMC1  |  43237 |
+-----------------------+---------+--------+

+----------------------+--------------+
|        Metric        |    Core 0    |
+----------------------+--------------+
|  Runtime (RDTSC) [s] | 4.827253e-05 |
| Runtime unhalted [s] |       0.0001 |
|      Clock [MHz]     |    3786.9545 |
|          CPI         |       0.8008 |
|    L2 request rate   |       0.6661 |
|     L2 miss rate     |       0.1798 |
|     L2 miss ratio    |       0.2699 |
+----------------------+--------------+


### versao=v2 grupo=L2CACHE N=10000
--------------------------------------------------------------------------------
CPU name:	Intel(R) Core(TM) i5-7500 CPU @ 3.40GHz
CPU type:	Intel Coffeelake processor
CPU clock:	3.41 GHz
--------------------------------------------------------------------------------
N = 10000
Tempo médio op1 (CG iteração): 0.091970479 ms
Tempo op2 (resíduo): 0.218337 ms
--------------------------------------------------------------------------------
Region op1, Group 1: L2CACHE
+-------------------+----------+
|    Region Info    |  Core 0  |
+-------------------+----------+
| RDTSC Runtime [s] | 0.002032 |
|     call count    |        1 |
+-------------------+----------+

+-----------------------+---------+----------+
|         Event         | Counter |  Core 0  |
+-----------------------+---------+----------+
|   INSTR_RETIRED_ANY   |  FIXC0  | 10528230 |
| CPU_CLK_UNHALTED_CORE |  FIXC1  |  7384468 |
|  CPU_CLK_UNHALTED_REF |  FIXC2  |  6819550 |
| L2_TRANS_ALL_REQUESTS |   PMC0  |  5655046 |
|     L2_RQSTS_MISS     |   PMC1  |  1463043 |
+-----------------------+---------+----------+

+----------------------+-----------+
|        Metric        |   Core 0  |
+----------------------+-----------+
|  Runtime (RDTSC) [s] |    0.0020 |
| Runtime unhalted [s] |    0.0022 |
|      Clock [MHz]     | 3690.2607 |
|          CPI         |    0.7014 |
|    L2 request rate   |    0.5371 |
|     L2 miss rate     |    0.1390 |
|     L2 miss ratio    |    0.2587 |
+----------------------+-----------+

Region op2, Group 1: L2CACHE
+-------------------+----------+
|    Region Info    |  Core 0  |
+-------------------+----------+
| RDTSC Runtime [s] | 0.000055 |
|     call count    |        1 |
+-------------------+----------+

+-----------------------+---------+--------+
|         Event         | Counter | Core 0 |
+-----------------------+---------+--------+
|   INSTR_RETIRED_ANY   |  FIXC0  | 266658 |
| CPU_CLK_UNHALTED_CORE |  FIXC1  | 213754 |
|  CPU_CLK_UNHALTED_REF |  FIXC2  | 197096 |
| L2_TRANS_ALL_REQUESTS |   PMC0  | 180783 |
|     L2_RQSTS_MISS     |   PMC1  |  49528 |
+-----------------------+---------+--------+

+----------------------+-----------+
|        Metric        |   Core 0  |
+----------------------+-----------+
|  Runtime (RDTSC) [s] |    0.0001 |
| Runtime unhalted [s] |    0.0001 |
|      Clock [MHz]     | 3695.9832 |
|          CPI         |    0.8016 |
|    L2 request rate   |    0.6780 |
|     L2 miss rate     |    0.1857 |
|     L2 miss ratio    |    0.2740 |
+----------------------+-----------+


