### versao=v2 grupo=L3 N=32
--------------------------------------------------------------------------------
CPU name:	Intel(R) Core(TM) i5-7500 CPU @ 3.40GHz
CPU type:	Intel Coffeelake processor
CPU clock:	3.41 GHz
--------------------------------------------------------------------------------
N = 32
Tempo médio op1 (CG iteração): 0.0076657605 ms
Tempo op2 (resíduo): 0.17567599 ms
--------------------------------------------------------------------------------
Region op1, Group 1: L3
+-------------------+----------+
|    Region Info    |  Core 0  |
+-------------------+----------+
| RDTSC Runtime [s] | 0.000007 |
|     call count    |        1 |
+-------------------+----------+

+-----------------------+---------+--------+
|         Event         | Counter | Core 0 |
+-----------------------+---------+--------+
|   INSTR_RETIRED_ANY   |  FIXC0  |  62064 |
| CPU_CLK_UNHALTED_CORE |  FIXC1  |  35735 |
|  CPU_CLK_UNHALTED_REF |  FIXC2  |  33228 |
|    L2_LINES_IN_ALL    |   PMC0  |    924 |
|     L2_TRANS_L2_WB    |   PMC1  |     59 |
+-----------------------+---------+--------+

+-------------------------------+--------------+
|             Metric            |    Core 0    |
+-------------------------------+--------------+
|      Runtime (RDTSC) [s]      | 6.919145e-06 |
|      Runtime unhalted [s]     | 1.048571e-05 |
|          Clock [MHz]          |    3665.0983 |
|              CPI              |       0.5758 |
|  L3 load bandwidth [MBytes/s] |    8546.7207 |
|  L3 load data volume [GBytes] |       0.0001 |
| L3 evict bandwidth [MBytes/s] |     545.7322 |
| L3 evict data volume [GBytes] | 3.776000e-06 |
|    L3 bandwidth [MBytes/s]    |    9092.4529 |
|    L3 data volume [GBytes]    |       0.0001 |
+-------------------------------+--------------+

Region op2, Group 1: L3
+-------------------+----------+
|    Region Info    |  Core 0  |
+-------------------+----------+
| RDTSC Runtime [s] | 0.000001 |
|     call count    |        1 |
+-------------------+----------+

+-----------------------+---------+--------+
|         Event         | Counter | Core 0 |
+-----------------------+---------+--------+
|   INSTR_RETIRED_ANY   |  FIXC0  |   5346 |
| CPU_CLK_UNHALTED_CORE |  FIXC1  |  10746 |
|  CPU_CLK_UNHALTED_REF |  FIXC2  |  10366 |
|    L2_LINES_IN_ALL    |   PMC0  |    540 |
|     L2_TRANS_L2_WB    |   PMC1  |     49 |
+-----------------------+---------+--------+

+-------------------------------+--------------+
|             Metric            |    Core 0    |
+-------------------------------+--------------+
|      Runtime (RDTSC) [s]      | 5.229415e-07 |
|      Runtime unhalted [s]     | 3.153195e-06 |
|          Clock [MHz]          |    3532.9027 |
|              CPI              |       2.0101 |
|  L3 load bandwidth [MBytes/s] |   66087.6981 |
|  L3 load data volume [GBytes] | 3.456000e-05 |
| L3 evict bandwidth [MBytes/s] |    5996.8467 |
| L3 evict data volume [GBytes] | 3.136000e-06 |
|    L3 bandwidth [MBytes/s]    |   72084.5448 |
|    L3 data volume [GBytes]    | 3.769600e-05 |
+-------------------------------+--------------+


### versao=v2 grupo=L3 N=64
--------------------------------------------------------------------------------
CPU name:	Intel(R) Core(TM) i5-7500 CPU @ 3.40GHz
CPU type:	Intel Coffeelake processor
CPU clock:	3.41 GHz
--------------------------------------------------------------------------------
N = 64
Tempo médio op1 (CG iteração): 0.0083740401 ms
Tempo op2 (resíduo): 0.186198 ms
--------------------------------------------------------------------------------
Region op1, Group 1: L3
+-------------------+----------+
|    Region Info    |  Core 0  |
+-------------------+----------+
| RDTSC Runtime [s] | 0.000011 |
|     call count    |        1 |
+-------------------+----------+

+-----------------------+---------+--------+
|         Event         | Counter | Core 0 |
+-----------------------+---------+--------+
|   INSTR_RETIRED_ANY   |  FIXC0  |  96089 |
| CPU_CLK_UNHALTED_CORE |  FIXC1  |  50573 |
|  CPU_CLK_UNHALTED_REF |  FIXC2  |  49274 |
|    L2_LINES_IN_ALL    |   PMC0  |    941 |
|     L2_TRANS_L2_WB    |   PMC1  |     98 |
+-----------------------+---------+--------+

+-------------------------------+--------------+
|             Metric            |    Core 0    |
+-------------------------------+--------------+
|      Runtime (RDTSC) [s]      | 1.122780e-05 |
|      Runtime unhalted [s]     | 1.483957e-05 |
|          Clock [MHz]          |    3497.8267 |
|              CPI              |       0.5263 |
|  L3 load bandwidth [MBytes/s] |    5363.8291 |
|  L3 load data volume [GBytes] |       0.0001 |
| L3 evict bandwidth [MBytes/s] |     558.6134 |
| L3 evict data volume [GBytes] | 6.272000e-06 |
|    L3 bandwidth [MBytes/s]    |    5922.4425 |
|    L3 data volume [GBytes]    |       0.0001 |
+-------------------------------+--------------+

Region op2, Group 1: L3
+-------------------+----------+
|    Region Info    |  Core 0  |
+-------------------+----------+
| RDTSC Runtime [s] | 0.000001 |
|     call count    |        1 |
+-------------------+----------+

+-----------------------+---------+--------+
|         Event         | Counter | Core 0 |
+-----------------------+---------+--------+
|   INSTR_RETIRED_ANY   |  FIXC0  |   6215 |
| CPU_CLK_UNHALTED_CORE |  FIXC1  |  10779 |
|  CPU_CLK_UNHALTED_REF |  FIXC2  |  10792 |
|    L2_LINES_IN_ALL    |   PMC0  |    609 |
|     L2_TRANS_L2_WB    |   PMC1  |     65 |
+-----------------------+---------+--------+

+-------------------------------+--------------+
|             Metric            |    Core 0    |
+-------------------------------+--------------+
|      Runtime (RDTSC) [s]      | 6.819307e-07 |
|      Runtime unhalted [s]     | 3.162868e-06 |
|          Clock [MHz]          |    3403.8775 |
|              CPI              |       1.7344 |
|  L3 load bandwidth [MBytes/s] |   57155.3678 |
|  L3 load data volume [GBytes] | 3.897600e-05 |
| L3 evict bandwidth [MBytes/s] |    6100.3266 |
| L3 evict data volume [GBytes] | 4.160000e-06 |
|    L3 bandwidth [MBytes/s]    |   63255.6945 |
|    L3 data volume [GBytes]    | 4.313600e-05 |
+-------------------------------+--------------+


### versao=v2 grupo=L3 N=128
--------------------------------------------------------------------------------
CPU name:	Intel(R) Core(TM) i5-7500 CPU @ 3.40GHz
CPU type:	Intel Coffeelake processor
CPU clock:	3.41 GHz
--------------------------------------------------------------------------------
N = 128
Tempo médio op1 (CG iteração): 0.0079678011 ms
Tempo op2 (resíduo): 0.17095101 ms
--------------------------------------------------------------------------------
Region op1, Group 1: L3
+-------------------+----------+
|    Region Info    |  Core 0  |
+-------------------+----------+
| RDTSC Runtime [s] | 0.000018 |
|     call count    |        1 |
+-------------------+----------+

+-----------------------+---------+--------+
|         Event         | Counter | Core 0 |
+-----------------------+---------+--------+
|   INSTR_RETIRED_ANY   |  FIXC0  | 163989 |
| CPU_CLK_UNHALTED_CORE |  FIXC1  |  80540 |
|  CPU_CLK_UNHALTED_REF |  FIXC2  |  72562 |
|    L2_LINES_IN_ALL    |   PMC0  |   1253 |
|     L2_TRANS_L2_WB    |   PMC1  |    119 |
+-----------------------+---------+--------+

+-------------------------------+--------------+
|             Metric            |    Core 0    |
+-------------------------------+--------------+
|      Runtime (RDTSC) [s]      | 1.840680e-05 |
|      Runtime unhalted [s]     | 2.363282e-05 |
|          Clock [MHz]          |    3782.6696 |
|              CPI              |       0.4911 |
|  L3 load bandwidth [MBytes/s] |    4356.6508 |
|  L3 load data volume [GBytes] |       0.0001 |
| L3 evict bandwidth [MBytes/s] |     413.7601 |
| L3 evict data volume [GBytes] | 7.616000e-06 |
|    L3 bandwidth [MBytes/s]    |    4770.4109 |
|    L3 data volume [GBytes]    |       0.0001 |
+-------------------------------+--------------+

Region op2, Group 1: L3
+-------------------+----------+
|    Region Info    |  Core 0  |
+-------------------+----------+
| RDTSC Runtime [s] | 0.000001 |
|     call count    |        1 |
+-------------------+----------+

+-----------------------+---------+--------+
|         Event         | Counter | Core 0 |
+-----------------------+---------+--------+
|   INSTR_RETIRED_ANY   |  FIXC0  |   8100 |
| CPU_CLK_UNHALTED_CORE |  FIXC1  |  12034 |
|  CPU_CLK_UNHALTED_REF |  FIXC2  |  10792 |
|    L2_LINES_IN_ALL    |   PMC0  |    822 |
|     L2_TRANS_L2_WB    |   PMC1  |     72 |
+-----------------------+---------+--------+

+-------------------------------+--------------+
|             Metric            |    Core 0    |
+-------------------------------+--------------+
|      Runtime (RDTSC) [s]      | 9.108037e-07 |
|      Runtime unhalted [s]     | 3.531132e-06 |
|          Clock [MHz]          |    3800.1794 |
|              CPI              |       1.4857 |
|  L3 load bandwidth [MBytes/s] |   57759.9762 |
|  L3 load data volume [GBytes] |       0.0001 |
| L3 evict bandwidth [MBytes/s] |    5059.2680 |
| L3 evict data volume [GBytes] | 4.608000e-06 |
|    L3 bandwidth [MBytes/s]    |   62819.2441 |
|    L3 data volume [GBytes]    |       0.0001 |
+-------------------------------+--------------+


### versao=v2 grupo=L3 N=256
--------------------------------------------------------------------------------
CPU name:	Intel(R) Core(TM) i5-7500 CPU @ 3.40GHz
CPU type:	Intel Coffeelake processor
CPU clock:	3.41 GHz
--------------------------------------------------------------------------------
N = 256
Tempo médio op1 (CG iteração): 0.0094529605 ms
Tempo op2 (resíduo): 0.18340802 ms
--------------------------------------------------------------------------------
Region op1, Group 1: L3
+-------------------+----------+
|    Region Info    |  Core 0  |
+-------------------+----------+
| RDTSC Runtime [s] | 0.000037 |
|     call count    |        1 |
+-------------------+----------+

+-----------------------+---------+--------+
|         Event         | Counter | Core 0 |
+-----------------------+---------+--------+
|   INSTR_RETIRED_ANY   |  FIXC0  | 299789 |
| CPU_CLK_UNHALTED_CORE |  FIXC1  | 141481 |
|  CPU_CLK_UNHALTED_REF |  FIXC2  | 137882 |
|    L2_LINES_IN_ALL    |   PMC0  |   1539 |
|     L2_TRANS_L2_WB    |   PMC1  |    182 |
+-----------------------+---------+--------+

+-------------------------------+--------------+
|             Metric            |    Core 0    |
+-------------------------------+--------------+
|      Runtime (RDTSC) [s]      | 3.729359e-05 |
|      Runtime unhalted [s]     | 4.151464e-05 |
|          Clock [MHz]          |    3496.9338 |
|              CPI              |       0.4719 |
|  L3 load bandwidth [MBytes/s] |    2641.0973 |
|  L3 load data volume [GBytes] |       0.0001 |
| L3 evict bandwidth [MBytes/s] |     312.3325 |
| L3 evict data volume [GBytes] | 1.164800e-05 |
|    L3 bandwidth [MBytes/s]    |    2953.4298 |
|    L3 data volume [GBytes]    |       0.0001 |
+-------------------------------+--------------+

Region op2, Group 1: L3
+-------------------+----------+
|    Region Info    |  Core 0  |
+-------------------+----------+
| RDTSC Runtime [s] | 0.000002 |
|     call count    |        1 |
+-------------------+----------+

+-----------------------+---------+--------+
|         Event         | Counter | Core 0 |
+-----------------------+---------+--------+
|   INSTR_RETIRED_ANY   |  FIXC0  |  11546 |
| CPU_CLK_UNHALTED_CORE |  FIXC1  |  13494 |
|  CPU_CLK_UNHALTED_REF |  FIXC2  |  13348 |
|    L2_LINES_IN_ALL    |   PMC0  |    891 |
|     L2_TRANS_L2_WB    |   PMC1  |     85 |
+-----------------------+---------+--------+

+-------------------------------+--------------+
|             Metric            |    Core 0    |
+-------------------------------+--------------+
|      Runtime (RDTSC) [s]      | 1.514821e-06 |
|      Runtime unhalted [s]     | 3.959532e-06 |
|          Clock [MHz]          |    3445.2550 |
|              CPI              |       1.1687 |
|  L3 load bandwidth [MBytes/s] |   37644.0517 |
|  L3 load data volume [GBytes] |       0.0001 |
| L3 evict bandwidth [MBytes/s] |    3591.1834 |
| L3 evict data volume [GBytes] | 5.440000e-06 |
|    L3 bandwidth [MBytes/s]    |   41235.2351 |
|    L3 data volume [GBytes]    |       0.0001 |
+-------------------------------+--------------+


### versao=v2 grupo=L3 N=512
--------------------------------------------------------------------------------
CPU name:	Intel(R) Core(TM) i5-7500 CPU @ 3.40GHz
CPU type:	Intel Coffeelake processor
CPU clock:	3.41 GHz
--------------------------------------------------------------------------------
N = 512
Tempo médio op1 (CG iteração): 0.033120201 ms
Tempo op2 (resíduo): 0.55658501 ms
--------------------------------------------------------------------------------
Region op1, Group 1: L3
+-------------------+----------+
|    Region Info    |  Core 0  |
+-------------------+----------+
| RDTSC Runtime [s] | 0.000239 |
|     call count    |        1 |
+-------------------+----------+

+-----------------------+---------+--------+
|         Event         | Counter | Core 0 |
+-----------------------+---------+--------+
|   INSTR_RETIRED_ANY   |  FIXC0  | 565839 |
| CPU_CLK_UNHALTED_CORE |  FIXC1  | 296912 |
|  CPU_CLK_UNHALTED_REF |  FIXC2  | 844900 |
|    L2_LINES_IN_ALL    |   PMC0  |   2226 |
|     L2_TRANS_L2_WB    |   PMC1  |    250 |
+-----------------------+---------+--------+

+-------------------------------+--------------+
|             Metric            |    Core 0    |
+-------------------------------+--------------+
|      Runtime (RDTSC) [s]      |       0.0002 |
|      Runtime unhalted [s]     |       0.0001 |
|          Clock [MHz]          |    1197.6204 |
|              CPI              |       0.5247 |
|  L3 load bandwidth [MBytes/s] |     596.0106 |
|  L3 load data volume [GBytes] |       0.0001 |
| L3 evict bandwidth [MBytes/s] |      66.9374 |
| L3 evict data volume [GBytes] | 1.600000e-05 |
|    L3 bandwidth [MBytes/s]    |     662.9480 |
|    L3 data volume [GBytes]    |       0.0002 |
+-------------------------------+--------------+

Region op2, Group 1: L3
+-------------------+----------+
|    Region Info    |  Core 0  |
+-------------------+----------+
| RDTSC Runtime [s] | 0.000008 |
|     call count    |        1 |
+-------------------+----------+

+-----------------------+---------+--------+
|         Event         | Counter | Core 0 |
+-----------------------+---------+--------+
|   INSTR_RETIRED_ANY   |  FIXC0  |  18031 |
| CPU_CLK_UNHALTED_CORE |  FIXC1  |  17808 |
|  CPU_CLK_UNHALTED_REF |  FIXC2  |  50836 |
|    L2_LINES_IN_ALL    |   PMC0  |   1453 |
|     L2_TRANS_L2_WB    |   PMC1  |    171 |
+-----------------------+---------+--------+

+-------------------------------+--------------+
|             Metric            |    Core 0    |
+-------------------------------+--------------+
|      Runtime (RDTSC) [s]      | 8.001817e-06 |
|      Runtime unhalted [s]     | 5.225386e-06 |
|          Clock [MHz]          |    1193.8246 |
|              CPI              |       0.9876 |
|  L3 load bandwidth [MBytes/s] |   11621.3605 |
|  L3 load data volume [GBytes] |       0.0001 |
| L3 evict bandwidth [MBytes/s] |    1367.6894 |
| L3 evict data volume [GBytes] | 1.094400e-05 |
|    L3 bandwidth [MBytes/s]    |   12989.0499 |
|    L3 data volume [GBytes]    |       0.0001 |
+-------------------------------+--------------+


### versao=v2 grupo=L3 N=1000
--------------------------------------------------------------------------------
CPU name:	Intel(R) Core(TM) i5-7500 CPU @ 3.40GHz
CPU type:	Intel Coffeelake processor
CPU clock:	3.41 GHz
--------------------------------------------------------------------------------
N = 1000
Tempo médio op1 (CG iteração): 0.013141358 ms
Tempo op2 (resíduo): 0.17841697 ms
--------------------------------------------------------------------------------
Region op1, Group 1: L3
+-------------------+----------+
|    Region Info    |  Core 0  |
+-------------------+----------+
| RDTSC Runtime [s] | 0.000137 |
|     call count    |        1 |
+-------------------+----------+

+-----------------------+---------+---------+
|         Event         | Counter |  Core 0 |
+-----------------------+---------+---------+
|   INSTR_RETIRED_ANY   |  FIXC0  | 1079089 |
| CPU_CLK_UNHALTED_CORE |  FIXC1  |  517381 |
|  CPU_CLK_UNHALTED_REF |  FIXC2  |  477546 |
|    L2_LINES_IN_ALL    |   PMC0  |   14344 |
|     L2_TRANS_L2_WB    |   PMC1  |    2034 |
+-----------------------+---------+---------+

+-------------------------------+-----------+
|             Metric            |   Core 0  |
+-------------------------------+-----------+
|      Runtime (RDTSC) [s]      |    0.0001 |
|      Runtime unhalted [s]     |    0.0002 |
|          Clock [MHz]          | 3692.2566 |
|              CPI              |    0.4795 |
|  L3 load bandwidth [MBytes/s] | 6696.0178 |
|  L3 load data volume [GBytes] |    0.0009 |
| L3 evict bandwidth [MBytes/s] |  949.5050 |
| L3 evict data volume [GBytes] |    0.0001 |
|    L3 bandwidth [MBytes/s]    | 7645.5228 |
|    L3 data volume [GBytes]    |    0.0010 |
+-------------------------------+-----------+

Region op2, Group 1: L3
+-------------------+----------+
|    Region Info    |  Core 0  |
+-------------------+----------+
| RDTSC Runtime [s] | 0.000004 |
|     call count    |        1 |
+-------------------+----------+

+-----------------------+---------+--------+
|         Event         | Counter | Core 0 |
+-----------------------+---------+--------+
|   INSTR_RETIRED_ANY   |  FIXC0  |  30950 |
| CPU_CLK_UNHALTED_CORE |  FIXC1  |  23684 |
|  CPU_CLK_UNHALTED_REF |  FIXC2  |  21584 |
|    L2_LINES_IN_ALL    |   PMC0  |   2524 |
|     L2_TRANS_L2_WB    |   PMC1  |    238 |
+-----------------------+---------+--------+

+-------------------------------+--------------+
|             Metric            |    Core 0    |
+-------------------------------+--------------+
|      Runtime (RDTSC) [s]      | 3.989461e-06 |
|      Runtime unhalted [s]     | 6.949578e-06 |
|          Clock [MHz]          |    3739.5534 |
|              CPI              |       0.7652 |
|  L3 load bandwidth [MBytes/s] |   40490.6828 |
|  L3 load data volume [GBytes] |       0.0002 |
| L3 evict bandwidth [MBytes/s] |    3818.0596 |
| L3 evict data volume [GBytes] | 1.523200e-05 |
|    L3 bandwidth [MBytes/s]    |   44308.7425 |
|    L3 data volume [GBytes]    |       0.0002 |
+-------------------------------+--------------+


### versao=v2 grupo=L3 N=2000
--------------------------------------------------------------------------------
CPU name:	Intel(R) Core(TM) i5-7500 CPU @ 3.40GHz
CPU type:	Intel Coffeelake processor
CPU clock:	3.41 GHz
--------------------------------------------------------------------------------
N = 2000
Tempo médio op1 (CG iteração): 0.023655839 ms
Tempo op2 (resíduo): 0.19981396 ms
--------------------------------------------------------------------------------
Region op1, Group 1: L3
+-------------------+----------+
|    Region Info    |  Core 0  |
+-------------------+----------+
| RDTSC Runtime [s] | 0.000369 |
|     call count    |        1 |
+-------------------+----------+

+-----------------------+---------+---------+
|         Event         | Counter |  Core 0 |
+-----------------------+---------+---------+
|   INSTR_RETIRED_ANY   |  FIXC0  | 2128239 |
| CPU_CLK_UNHALTED_CORE |  FIXC1  | 1262344 |
|  CPU_CLK_UNHALTED_REF |  FIXC2  | 1268202 |
|    L2_LINES_IN_ALL    |   PMC0  |   70945 |
|     L2_TRANS_L2_WB    |   PMC1  |   13208 |
+-----------------------+---------+---------+

+-------------------------------+------------+
|             Metric            |   Core 0   |
+-------------------------------+------------+
|      Runtime (RDTSC) [s]      |     0.0004 |
|      Runtime unhalted [s]     |     0.0004 |
|          Clock [MHz]          |  3392.2343 |
|              CPI              |     0.5931 |
|  L3 load bandwidth [MBytes/s] | 12317.2412 |
|  L3 load data volume [GBytes] |     0.0045 |
| L3 evict bandwidth [MBytes/s] |  2293.1302 |
| L3 evict data volume [GBytes] |     0.0008 |
|    L3 bandwidth [MBytes/s]    | 14610.3714 |
|    L3 data volume [GBytes]    |     0.0054 |
+-------------------------------+------------+

Region op2, Group 1: L3
+-------------------+----------+
|    Region Info    |  Core 0  |
+-------------------+----------+
| RDTSC Runtime [s] | 0.000011 |
|     call count    |        1 |
+-------------------+----------+

+-----------------------+---------+--------+
|         Event         | Counter | Core 0 |
+-----------------------+---------+--------+
|   INSTR_RETIRED_ANY   |  FIXC0  |  57114 |
| CPU_CLK_UNHALTED_CORE |  FIXC1  |  45483 |
|  CPU_CLK_UNHALTED_REF |  FIXC2  |  46150 |
|    L2_LINES_IN_ALL    |   PMC0  |   4856 |
|     L2_TRANS_L2_WB    |   PMC1  |    476 |
+-----------------------+---------+--------+

+-------------------------------+--------------+
|             Metric            |    Core 0    |
+-------------------------------+--------------+
|      Runtime (RDTSC) [s]      | 1.068902e-05 |
|      Runtime unhalted [s]     | 1.334604e-05 |
|          Clock [MHz]          |    3358.7212 |
|              CPI              |       0.7964 |
|  L3 load bandwidth [MBytes/s] |   29075.0696 |
|  L3 load data volume [GBytes] |       0.0003 |
| L3 evict bandwidth [MBytes/s] |    2850.0274 |
| L3 evict data volume [GBytes] | 3.046400e-05 |
|    L3 bandwidth [MBytes/s]    |   31925.0970 |
|    L3 data volume [GBytes]    |       0.0003 |
+-------------------------------+--------------+


### versao=v2 grupo=L3 N=4000
--------------------------------------------------------------------------------
CPU name:	Intel(R) Core(TM) i5-7500 CPU @ 3.40GHz
CPU type:	Intel Coffeelake processor
CPU clock:	3.41 GHz
--------------------------------------------------------------------------------
N = 4000
Tempo médio op1 (CG iteração): 0.122297 ms
Tempo op2 (resíduo): 0.57199198 ms
--------------------------------------------------------------------------------
Region op1, Group 1: L3
+-------------------+----------+
|    Region Info    |  Core 0  |
+-------------------+----------+
| RDTSC Runtime [s] | 0.002369 |
|     call count    |        1 |
+-------------------+----------+

+-----------------------+---------+---------+
|         Event         | Counter |  Core 0 |
+-----------------------+---------+---------+
|   INSTR_RETIRED_ANY   |  FIXC0  | 4228239 |
| CPU_CLK_UNHALTED_CORE |  FIXC1  | 2847330 |
|  CPU_CLK_UNHALTED_REF |  FIXC2  | 8105360 |
|    L2_LINES_IN_ALL    |   PMC0  |  301276 |
|     L2_TRANS_L2_WB    |   PMC1  |   73446 |
+-----------------------+---------+---------+

+-------------------------------+------------+
|             Metric            |   Core 0   |
+-------------------------------+------------+
|      Runtime (RDTSC) [s]      |     0.0024 |
|      Runtime unhalted [s]     |     0.0008 |
|          Clock [MHz]          |  1197.1620 |
|              CPI              |     0.6734 |
|  L3 load bandwidth [MBytes/s] |  8140.5457 |
|  L3 load data volume [GBytes] |     0.0193 |
| L3 evict bandwidth [MBytes/s] |  1984.5275 |
| L3 evict data volume [GBytes] |     0.0047 |
|    L3 bandwidth [MBytes/s]    | 10125.0733 |
|    L3 data volume [GBytes]    |     0.0240 |
+-------------------------------+------------+

Region op2, Group 1: L3
+-------------------+----------+
|    Region Info    |  Core 0  |
+-------------------+----------+
| RDTSC Runtime [s] | 0.000067 |
|     call count    |        1 |
+-------------------+----------+

+-----------------------+---------+--------+
|         Event         | Counter | Core 0 |
+-----------------------+---------+--------+
|   INSTR_RETIRED_ANY   |  FIXC0  | 109464 |
| CPU_CLK_UNHALTED_CORE |  FIXC1  |  89596 |
|  CPU_CLK_UNHALTED_REF |  FIXC2  | 255032 |
|    L2_LINES_IN_ALL    |   PMC0  |  10739 |
|     L2_TRANS_L2_WB    |   PMC1  |   1459 |
+-----------------------+---------+--------+

+-------------------------------+--------------+
|             Metric            |    Core 0    |
+-------------------------------+--------------+
|      Runtime (RDTSC) [s]      |       0.0001 |
|      Runtime unhalted [s]     | 2.629064e-05 |
|          Clock [MHz]          |    1197.2404 |
|              CPI              |       0.8185 |
|  L3 load bandwidth [MBytes/s] |   10300.9582 |
|  L3 load data volume [GBytes] |       0.0007 |
| L3 evict bandwidth [MBytes/s] |    1399.4877 |
| L3 evict data volume [GBytes] |       0.0001 |
|    L3 bandwidth [MBytes/s]    |   11700.4459 |
|    L3 data volume [GBytes]    |       0.0008 |
+-------------------------------+--------------+


### versao=v2 grupo=L3 N=8000
--------------------------------------------------------------------------------
CPU name:	Intel(R) Core(TM) i5-7500 CPU @ 3.40GHz
CPU type:	Intel Coffeelake processor
CPU clock:	3.41 GHz
--------------------------------------------------------------------------------
N = 8000
Tempo médio op1 (CG iteração): 0.070874159 ms
Tempo op2 (resíduo): 0.21435302 ms
--------------------------------------------------------------------------------
Region op1, Group 1: L3
+-------------------+----------+
|    Region Info    |  Core 0  |
+-------------------+----------+
| RDTSC Runtime [s] | 0.001521 |
|     call count    |        1 |
+-------------------+----------+

+-----------------------+---------+---------+
|         Event         | Counter |  Core 0 |
+-----------------------+---------+---------+
|   INSTR_RETIRED_ANY   |  FIXC0  | 8428240 |
| CPU_CLK_UNHALTED_CORE |  FIXC1  | 5637740 |
|  CPU_CLK_UNHALTED_REF |  FIXC2  | 5070252 |
|    L2_LINES_IN_ALL    |   PMC0  |  724423 |
|     L2_TRANS_L2_WB    |   PMC1  |  203333 |
+-----------------------+---------+---------+

+-------------------------------+------------+
|             Metric            |   Core 0   |
+-------------------------------+------------+
|      Runtime (RDTSC) [s]      |     0.0015 |
|      Runtime unhalted [s]     |     0.0017 |
|          Clock [MHz]          |  3789.3528 |
|              CPI              |     0.6689 |
|  L3 load bandwidth [MBytes/s] | 30479.4222 |
|  L3 load data volume [GBytes] |     0.0464 |
| L3 evict bandwidth [MBytes/s] |  8555.0464 |
| L3 evict data volume [GBytes] |     0.0130 |
|    L3 bandwidth [MBytes/s]    | 39034.4685 |
|    L3 data volume [GBytes]    |     0.0594 |
+-------------------------------+------------+

Region op2, Group 1: L3
+-------------------+----------+
|    Region Info    |  Core 0  |
+-------------------+----------+
| RDTSC Runtime [s] | 0.000041 |
|     call count    |        1 |
+-------------------+----------+

+-----------------------+---------+--------+
|         Event         | Counter | Core 0 |
+-----------------------+---------+--------+
|   INSTR_RETIRED_ANY   |  FIXC0  | 214250 |
| CPU_CLK_UNHALTED_CORE |  FIXC1  | 165365 |
|  CPU_CLK_UNHALTED_REF |  FIXC2  | 148816 |
|    L2_LINES_IN_ALL    |   PMC0  |  25121 |
|     L2_TRANS_L2_WB    |   PMC1  |   3303 |
+-----------------------+---------+--------+

+-------------------------------+--------------+
|             Metric            |    Core 0    |
+-------------------------------+--------------+
|      Runtime (RDTSC) [s]      | 4.097502e-05 |
|      Runtime unhalted [s]     | 4.852372e-05 |
|          Clock [MHz]          |    3786.8971 |
|              CPI              |       0.7718 |
|  L3 load bandwidth [MBytes/s] |   39237.1743 |
|  L3 load data volume [GBytes] |       0.0016 |
| L3 evict bandwidth [MBytes/s] |    5159.0457 |
| L3 evict data volume [GBytes] |       0.0002 |
|    L3 bandwidth [MBytes/s]    |   44396.2199 |
|    L3 data volume [GBytes]    |       0.0018 |
+-------------------------------+--------------+


### versao=v2 grupo=L3 N=9000
--------------------------------------------------------------------------------
CPU name:	Intel(R) Core(TM) i5-7500 CPU @ 3.40GHz
CPU type:	Intel Coffeelake processor
CPU clock:	3.41 GHz
--------------------------------------------------------------------------------
N = 9000
Tempo médio op1 (CG iteração): 0.07957232 ms
Tempo op2 (resíduo): 0.226758 ms
--------------------------------------------------------------------------------
Region op1, Group 1: L3
+-------------------+----------+
|    Region Info    |  Core 0  |
+-------------------+----------+
| RDTSC Runtime [s] | 0.001727 |
|     call count    |        1 |
+-------------------+----------+

+-----------------------+---------+---------+
|         Event         | Counter |  Core 0 |
+-----------------------+---------+---------+
|   INSTR_RETIRED_ANY   |  FIXC0  | 9479089 |
| CPU_CLK_UNHALTED_CORE |  FIXC1  | 6387136 |
|  CPU_CLK_UNHALTED_REF |  FIXC2  | 5897118 |
|    L2_LINES_IN_ALL    |   PMC0  |  865670 |
|     L2_TRANS_L2_WB    |   PMC1  |  245427 |
+-----------------------+---------+---------+

+-------------------------------+------------+
|             Metric            |   Core 0   |
+-------------------------------+------------+
|      Runtime (RDTSC) [s]      |     0.0017 |
|      Runtime unhalted [s]     |     0.0019 |
|          Clock [MHz]          |  3691.0092 |
|              CPI              |     0.6738 |
|  L3 load bandwidth [MBytes/s] | 32078.5223 |
|  L3 load data volume [GBytes] |     0.0554 |
| L3 evict bandwidth [MBytes/s] |  9094.6151 |
| L3 evict data volume [GBytes] |     0.0157 |
|    L3 bandwidth [MBytes/s]    | 41173.1374 |
|    L3 data volume [GBytes]    |     0.0711 |
+-------------------------------+------------+

Region op2, Group 1: L3
+-------------------+----------+
|    Region Info    |  Core 0  |
+-------------------+----------+
| RDTSC Runtime [s] | 0.000049 |
|     call count    |        1 |
+-------------------+----------+

+-----------------------+---------+--------+
|         Event         | Counter | Core 0 |
+-----------------------+---------+--------+
|   INSTR_RETIRED_ANY   |  FIXC0  | 240478 |
| CPU_CLK_UNHALTED_CORE |  FIXC1  | 190766 |
|  CPU_CLK_UNHALTED_REF |  FIXC2  | 175938 |
|    L2_LINES_IN_ALL    |   PMC0  |  31604 |
|     L2_TRANS_L2_WB    |   PMC1  |   6894 |
+-----------------------+---------+--------+

+-------------------------------+--------------+
|             Metric            |    Core 0    |
+-------------------------------+--------------+
|      Runtime (RDTSC) [s]      | 4.901851e-05 |
|      Runtime unhalted [s]     |       0.0001 |
|          Clock [MHz]          |    3695.0482 |
|              CPI              |       0.7933 |
|  L3 load bandwidth [MBytes/s] |   41263.1065 |
|  L3 load data volume [GBytes] |       0.0020 |
| L3 evict bandwidth [MBytes/s] |    9001.0080 |
| L3 evict data volume [GBytes] |       0.0004 |
|    L3 bandwidth [MBytes/s]    |   50264.1145 |
|    L3 data volume [GBytes]    |       0.0025 |
+-------------------------------+--------------+


### versao=v2 grupo=L3 N=10000
--------------------------------------------------------------------------------
CPU name:	Intel(R) Core(TM) i5-7500 CPU @ 3.40GHz
CPU type:	Intel Coffeelake processor
CPU clock:	3.41 GHz
--------------------------------------------------------------------------------
N = 10000
Tempo médio op1 (CG iteração): 0.08970772 ms
Tempo op2 (resíduo): 0.22292 ms
--------------------------------------------------------------------------------
Region op1, Group 1: L3
+-------------------+----------+
|    Region Info    |  Core 0  |
+-------------------+----------+
| RDTSC Runtime [s] | 0.001972 |
|     call count    |        1 |
+-------------------+----------+

+-----------------------+---------+----------+
|         Event         | Counter |  Core 0  |
+-----------------------+---------+----------+
|   INSTR_RETIRED_ANY   |  FIXC0  | 10528240 |
| CPU_CLK_UNHALTED_CORE |  FIXC1  |  7291039 |
|  CPU_CLK_UNHALTED_REF |  FIXC2  |  6731652 |
|    L2_LINES_IN_ALL    |   PMC0  |  1062570 |
|     L2_TRANS_L2_WB    |   PMC1  |   317785 |
+-----------------------+---------+----------+

+-------------------------------+------------+
|             Metric            |   Core 0   |
+-------------------------------+------------+
|      Runtime (RDTSC) [s]      |     0.0020 |
|      Runtime unhalted [s]     |     0.0021 |
|          Clock [MHz]          |  3691.1417 |
|              CPI              |     0.6925 |
|  L3 load bandwidth [MBytes/s] | 34487.0591 |
|  L3 load data volume [GBytes] |     0.0680 |
| L3 evict bandwidth [MBytes/s] | 10314.1158 |
| L3 evict data volume [GBytes] |     0.0203 |
|    L3 bandwidth [MBytes/s]    | 44801.1749 |
|    L3 data volume [GBytes]    |     0.0883 |
+-------------------------------+------------+

Region op2, Group 1: L3
+-------------------+----------+
|    Region Info    |  Core 0  |
+-------------------+----------+
| RDTSC Runtime [s] | 0.000058 |
|     call count    |        1 |
+-------------------+----------+

+-----------------------+---------+--------+
|         Event         | Counter | Core 0 |
+-----------------------+---------+--------+
|   INSTR_RETIRED_ANY   |  FIXC0  | 266658 |
| CPU_CLK_UNHALTED_CORE |  FIXC1  | 224534 |
|  CPU_CLK_UNHALTED_REF |  FIXC2  | 207604 |
|    L2_LINES_IN_ALL    |   PMC0  |  41662 |
|     L2_TRANS_L2_WB    |   PMC1  |  10883 |
+-----------------------+---------+--------+

+-------------------------------+------------+
|             Metric            |   Core 0   |
+-------------------------------+------------+
|      Runtime (RDTSC) [s]      |     0.0001 |
|      Runtime unhalted [s]     |     0.0001 |
|          Clock [MHz]          |  3685.8644 |
|              CPI              |     0.8420 |
|  L3 load bandwidth [MBytes/s] | 45814.5680 |
|  L3 load data volume [GBytes] |     0.0027 |
| L3 evict bandwidth [MBytes/s] | 11967.7390 |
| L3 evict data volume [GBytes] |     0.0007 |
|    L3 bandwidth [MBytes/s]    | 57782.3071 |
|    L3 data volume [GBytes]    |     0.0034 |
+-------------------------------+------------+


