### versao=v2 grupo=L2CACHE N=32
--------------------------------------------------------------------------------
CPU name:	Intel(R) Core(TM) i5-7500 CPU @ 3.40GHz
CPU type:	Intel Coffeelake processor
CPU clock:	3.41 GHz
--------------------------------------------------------------------------------
N = 32
Tempo médio op1 (CG iteração): 0.02087768 ms
Tempo op2 (resíduo): 0.47898102 ms
--------------------------------------------------------------------------------
Region op1, Group 1: L2CACHE
+-------------------+----------+
|    Region Info    |  Core 0  |
+-------------------+----------+
| RDTSC Runtime [s] | 0.000017 |
|     call count    |        1 |
+-------------------+----------+

+-----------------------+---------+--------+
|         Event         | Counter | Core 0 |
+-----------------------+---------+--------+
|   INSTR_RETIRED_ANY   |  FIXC0  |  62053 |
| CPU_CLK_UNHALTED_CORE |  FIXC1  |  35500 |
|  CPU_CLK_UNHALTED_REF |  FIXC2  |  81082 |
| L2_TRANS_ALL_REQUESTS |   PMC0  |   4207 |
|     L2_RQSTS_MISS     |   PMC1  |   1091 |
+-----------------------+---------+--------+

+----------------------+--------------+
|        Metric        |    Core 0    |
+----------------------+--------------+
|  Runtime (RDTSC) [s] | 1.702062e-05 |
| Runtime unhalted [s] | 1.041775e-05 |
|      Clock [MHz]     |    1491.9634 |
|          CPI         |       0.5721 |
|    L2 request rate   |       0.0678 |
|     L2 miss rate     |       0.0176 |
|     L2 miss ratio    |       0.2593 |
+----------------------+--------------+

Region op2, Group 1: L2CACHE
+-------------------+----------+
|    Region Info    |  Core 0  |
+-------------------+----------+
| RDTSC Runtime [s] | 0.000001 |
|     call count    |        1 |
+-------------------+----------+

+-----------------------+---------+--------+
|         Event         | Counter | Core 0 |
+-----------------------+---------+--------+
|   INSTR_RETIRED_ANY   |  FIXC0  |   5346 |
| CPU_CLK_UNHALTED_CORE |  FIXC1  |  11000 |
|  CPU_CLK_UNHALTED_REF |  FIXC2  |  25134 |
| L2_TRANS_ALL_REQUESTS |   PMC0  |   2249 |
|     L2_RQSTS_MISS     |   PMC1  |    712 |
+-----------------------+---------+--------+

+----------------------+--------------+
|        Metric        |    Core 0    |
+----------------------+--------------+
|  Runtime (RDTSC) [s] | 1.461862e-06 |
| Runtime unhalted [s] | 3.228036e-06 |
|      Clock [MHz]     |    1491.3698 |
|          CPI         |       2.0576 |
|    L2 request rate   |       0.4207 |
|     L2 miss rate     |       0.1332 |
|     L2 miss ratio    |       0.3166 |
+----------------------+--------------+


### versao=v2 grupo=L2CACHE N=64
--------------------------------------------------------------------------------
CPU name:	Intel(R) Core(TM) i5-7500 CPU @ 3.40GHz
CPU type:	Intel Coffeelake processor
CPU clock:	3.41 GHz
--------------------------------------------------------------------------------
N = 64
Tempo médio op1 (CG iteração): 0.01958588 ms
Tempo op2 (resíduo): 0.43753001 ms
--------------------------------------------------------------------------------
Region op1, Group 1: L2CACHE
+-------------------+----------+
|    Region Info    |  Core 0  |
+-------------------+----------+
| RDTSC Runtime [s] | 0.000024 |
|     call count    |        1 |
+-------------------+----------+

+-----------------------+---------+--------+
|         Event         | Counter | Core 0 |
+-----------------------+---------+--------+
|   INSTR_RETIRED_ANY   |  FIXC0  |  96078 |
| CPU_CLK_UNHALTED_CORE |  FIXC1  |  48087 |
|  CPU_CLK_UNHALTED_REF |  FIXC2  | 103376 |
| L2_TRANS_ALL_REQUESTS |   PMC0  |   3375 |
|     L2_RQSTS_MISS     |   PMC1  |   1160 |
+-----------------------+---------+--------+

+----------------------+--------------+
|        Metric        |    Core 0    |
+----------------------+--------------+
|  Runtime (RDTSC) [s] | 2.398100e-05 |
| Runtime unhalted [s] | 1.411010e-05 |
|      Clock [MHz]     |    1585.2787 |
|          CPI         |       0.5005 |
|    L2 request rate   |       0.0351 |
|     L2 miss rate     |       0.0121 |
|     L2 miss ratio    |       0.3437 |
+----------------------+--------------+

Region op2, Group 1: L2CACHE
+-------------------+----------+
|    Region Info    |  Core 0  |
+-------------------+----------+
| RDTSC Runtime [s] | 0.000002 |
|     call count    |        1 |
+-------------------+----------+

+-----------------------+---------+--------+
|         Event         | Counter | Core 0 |
+-----------------------+---------+--------+
|   INSTR_RETIRED_ANY   |  FIXC0  |   6234 |
| CPU_CLK_UNHALTED_CORE |  FIXC1  |  10703 |
|  CPU_CLK_UNHALTED_REF |  FIXC2  |  23146 |
| L2_TRANS_ALL_REQUESTS |   PMC0  |   2314 |
|     L2_RQSTS_MISS     |   PMC1  |    684 |
+-----------------------+---------+--------+

+----------------------+--------------+
|        Metric        |    Core 0    |
+----------------------+--------------+
|  Runtime (RDTSC) [s] | 1.502077e-06 |
| Runtime unhalted [s] | 3.140565e-06 |
|      Clock [MHz]     |    1575.8949 |
|          CPI         |       1.7169 |
|    L2 request rate   |       0.3712 |
|     L2 miss rate     |       0.1097 |
|     L2 miss ratio    |       0.2956 |
+----------------------+--------------+


### versao=v2 grupo=L2CACHE N=128
--------------------------------------------------------------------------------
CPU name:	Intel(R) Core(TM) i5-7500 CPU @ 3.40GHz
CPU type:	Intel Coffeelake processor
CPU clock:	3.41 GHz
--------------------------------------------------------------------------------
N = 128
Tempo médio op1 (CG iteração): 0.013175601 ms
Tempo op2 (resíduo): 0.286948 ms
--------------------------------------------------------------------------------
Region op1, Group 1: L2CACHE
+-------------------+----------+
|    Region Info    |  Core 0  |
+-------------------+----------+
| RDTSC Runtime [s] | 0.000028 |
|     call count    |        1 |
+-------------------+----------+

+-----------------------+---------+--------+
|         Event         | Counter | Core 0 |
+-----------------------+---------+--------+
|   INSTR_RETIRED_ANY   |  FIXC0  | 163978 |
| CPU_CLK_UNHALTED_CORE |  FIXC1  |  79959 |
|  CPU_CLK_UNHALTED_REF |  FIXC2  | 109198 |
| L2_TRANS_ALL_REQUESTS |   PMC0  |   6990 |
|     L2_RQSTS_MISS     |   PMC1  |   1471 |
+-----------------------+---------+--------+

+----------------------+--------------+
|        Metric        |    Core 0    |
+----------------------+--------------+
|  Runtime (RDTSC) [s] | 2.807702e-05 |
| Runtime unhalted [s] | 2.346323e-05 |
|      Clock [MHz]     |    2495.3542 |
|          CPI         |       0.4876 |
|    L2 request rate   |       0.0426 |
|     L2 miss rate     |       0.0090 |
|     L2 miss ratio    |       0.2104 |
+----------------------+--------------+

Region op2, Group 1: L2CACHE
+-------------------+----------+
|    Region Info    |  Core 0  |
+-------------------+----------+
| RDTSC Runtime [s] | 0.000002 |
|     call count    |        1 |
+-------------------+----------+

+-----------------------+---------+--------+
|         Event         | Counter | Core 0 |
+-----------------------+---------+--------+
|   INSTR_RETIRED_ANY   |  FIXC0  |   8100 |
| CPU_CLK_UNHALTED_CORE |  FIXC1  |  12556 |
|  CPU_CLK_UNHALTED_REF |  FIXC2  |  17750 |
| L2_TRANS_ALL_REQUESTS |   PMC0  |   3034 |
|     L2_RQSTS_MISS     |   PMC1  |   1011 |
+-----------------------+---------+--------+

+----------------------+--------------+
|        Metric        |    Core 0    |
+----------------------+--------------+
|  Runtime (RDTSC) [s] | 1.526416e-06 |
| Runtime unhalted [s] | 3.684442e-06 |
|      Clock [MHz]     |    2410.6407 |
|          CPI         |       1.5501 |
|    L2 request rate   |       0.3746 |
|     L2 miss rate     |       0.1248 |
|     L2 miss ratio    |       0.3332 |
+----------------------+--------------+


### versao=v2 grupo=L2CACHE N=256
--------------------------------------------------------------------------------
CPU name:	Intel(R) Core(TM) i5-7500 CPU @ 3.40GHz
CPU type:	Intel Coffeelake processor
CPU clock:	3.41 GHz
--------------------------------------------------------------------------------
N = 256
Tempo médio op1 (CG iteração): 0.023530279 ms
Tempo op2 (resíduo): 0.46576399 ms
--------------------------------------------------------------------------------
Region op1, Group 1: L2CACHE
+-------------------+----------+
|    Region Info    |  Core 0  |
+-------------------+----------+
| RDTSC Runtime [s] | 0.000088 |
|     call count    |        1 |
+-------------------+----------+

+-----------------------+---------+--------+
|         Event         | Counter | Core 0 |
+-----------------------+---------+--------+
|   INSTR_RETIRED_ANY   |  FIXC0  | 299778 |
| CPU_CLK_UNHALTED_CORE |  FIXC1  | 141792 |
|  CPU_CLK_UNHALTED_REF |  FIXC2  | 322766 |
| L2_TRANS_ALL_REQUESTS |   PMC0  |  32109 |
|     L2_RQSTS_MISS     |   PMC1  |   1839 |
+-----------------------+---------+--------+

+----------------------+--------------+
|        Metric        |    Core 0    |
+----------------------+--------------+
|  Runtime (RDTSC) [s] |       0.0001 |
| Runtime unhalted [s] | 4.160591e-05 |
|      Clock [MHz]     |    1497.1340 |
|          CPI         |       0.4730 |
|    L2 request rate   |       0.1071 |
|     L2 miss rate     |       0.0061 |
|     L2 miss ratio    |       0.0573 |
+----------------------+--------------+

Region op2, Group 1: L2CACHE
+-------------------+----------+
|    Region Info    |  Core 0  |
+-------------------+----------+
| RDTSC Runtime [s] | 0.000004 |
|     call count    |        1 |
+-------------------+----------+

+-----------------------+---------+--------+
|         Event         | Counter | Core 0 |
+-----------------------+---------+--------+
|   INSTR_RETIRED_ANY   |  FIXC0  |  11546 |
| CPU_CLK_UNHALTED_CORE |  FIXC1  |  13736 |
|  CPU_CLK_UNHALTED_REF |  FIXC2  |  31240 |
| L2_TRANS_ALL_REQUESTS |   PMC0  |   3553 |
|     L2_RQSTS_MISS     |   PMC1  |   1016 |
+-----------------------+---------+--------+

+----------------------+--------------+
|        Metric        |    Core 0    |
+----------------------+--------------+
|  Runtime (RDTSC) [s] | 3.535991e-06 |
| Runtime unhalted [s] | 4.030543e-06 |
|      Clock [MHz]     |    1498.4629 |
|          CPI         |       1.1897 |
|    L2 request rate   |       0.3077 |
|     L2 miss rate     |       0.0880 |
|     L2 miss ratio    |       0.2860 |
+----------------------+--------------+


### versao=v2 grupo=L2CACHE N=512
--------------------------------------------------------------------------------
CPU name:	Intel(R) Core(TM) i5-7500 CPU @ 3.40GHz
CPU type:	Intel Coffeelake processor
CPU clock:	3.41 GHz
--------------------------------------------------------------------------------
N = 512
Tempo médio op1 (CG iteração): 0.01097064 ms
Tempo op2 (resíduo): 0.18513298 ms
--------------------------------------------------------------------------------
Region op1, Group 1: L2CACHE
+-------------------+----------+
|    Region Info    |  Core 0  |
+-------------------+----------+
| RDTSC Runtime [s] | 0.000076 |
|     call count    |        1 |
+-------------------+----------+

+-----------------------+---------+--------+
|         Event         | Counter | Core 0 |
+-----------------------+---------+--------+
|   INSTR_RETIRED_ANY   |  FIXC0  | 565828 |
| CPU_CLK_UNHALTED_CORE |  FIXC1  | 297941 |
|  CPU_CLK_UNHALTED_REF |  FIXC2  | 267812 |
| L2_TRANS_ALL_REQUESTS |   PMC0  |  58051 |
|     L2_RQSTS_MISS     |   PMC1  |   2663 |
+-----------------------+---------+--------+

+----------------------+-----------+
|        Metric        |   Core 0  |
+----------------------+-----------+
|  Runtime (RDTSC) [s] |    0.0001 |
| Runtime unhalted [s] |    0.0001 |
|      Clock [MHz]     | 3790.0177 |
|          CPI         |    0.5266 |
|    L2 request rate   |    0.1026 |
|     L2 miss rate     |    0.0047 |
|     L2 miss ratio    |    0.0459 |
+----------------------+-----------+

Region op2, Group 1: L2CACHE
+-------------------+----------+
|    Region Info    |  Core 0  |
+-------------------+----------+
| RDTSC Runtime [s] | 0.000002 |
|     call count    |        1 |
+-------------------+----------+

+-----------------------+---------+--------+
|         Event         | Counter | Core 0 |
+-----------------------+---------+--------+
|   INSTR_RETIRED_ANY   |  FIXC0  |  18096 |
| CPU_CLK_UNHALTED_CORE |  FIXC1  |  17791 |
|  CPU_CLK_UNHALTED_REF |  FIXC2  |  16188 |
| L2_TRANS_ALL_REQUESTS |   PMC0  |   5579 |
|     L2_RQSTS_MISS     |   PMC1  |   1780 |
+-----------------------+---------+--------+

+----------------------+--------------+
|        Metric        |    Core 0    |
+----------------------+--------------+
|  Runtime (RDTSC) [s] | 2.429724e-06 |
| Runtime unhalted [s] | 5.222270e-06 |
|      Clock [MHz]     |    3744.1063 |
|          CPI         |       0.9831 |
|    L2 request rate   |       0.3083 |
|     L2 miss rate     |       0.0984 |
|     L2 miss ratio    |       0.3191 |
+----------------------+--------------+


### versao=v2 grupo=L2CACHE N=1000
--------------------------------------------------------------------------------
CPU name:	Intel(R) Core(TM) i5-7500 CPU @ 3.40GHz
CPU type:	Intel Coffeelake processor
CPU clock:	3.41 GHz
--------------------------------------------------------------------------------
N = 1000
Tempo médio op1 (CG iteração): 0.033135359 ms
Tempo op2 (resíduo): 0.449781 ms
--------------------------------------------------------------------------------
Region op1, Group 1: L2CACHE
+-------------------+----------+
|    Region Info    |  Core 0  |
+-------------------+----------+
| RDTSC Runtime [s] | 0.000322 |
|     call count    |        1 |
+-------------------+----------+

+-----------------------+---------+---------+
|         Event         | Counter |  Core 0 |
+-----------------------+---------+---------+
|   INSTR_RETIRED_ANY   |  FIXC0  | 1079078 |
| CPU_CLK_UNHALTED_CORE |  FIXC1  |  526104 |
|  CPU_CLK_UNHALTED_REF |  FIXC2  | 1122936 |
| L2_TRANS_ALL_REQUESTS |   PMC0  |  132740 |
|     L2_RQSTS_MISS     |   PMC1  |   11519 |
+-----------------------+---------+---------+

+----------------------+-----------+
|        Metric        |   Core 0  |
+----------------------+-----------+
|  Runtime (RDTSC) [s] |    0.0003 |
| Runtime unhalted [s] |    0.0002 |
|      Clock [MHz]     | 1595.9533 |
|          CPI         |    0.4875 |
|    L2 request rate   |    0.1230 |
|     L2 miss rate     |    0.0107 |
|     L2 miss ratio    |    0.0868 |
+----------------------+-----------+

Region op2, Group 1: L2CACHE
+-------------------+----------+
|    Region Info    |  Core 0  |
+-------------------+----------+
| RDTSC Runtime [s] | 0.000011 |
|     call count    |        1 |
+-------------------+----------+

+-----------------------+---------+--------+
|         Event         | Counter | Core 0 |
+-----------------------+---------+--------+
|   INSTR_RETIRED_ANY   |  FIXC0  |  30950 |
| CPU_CLK_UNHALTED_CORE |  FIXC1  |  26012 |
|  CPU_CLK_UNHALTED_REF |  FIXC2  |  55096 |
| L2_TRANS_ALL_REQUESTS |   PMC0  |   9698 |
|     L2_RQSTS_MISS     |   PMC1  |   3078 |
+-----------------------+---------+--------+

+----------------------+--------------+
|        Metric        |    Core 0    |
+----------------------+--------------+
|  Runtime (RDTSC) [s] | 1.050408e-05 |
| Runtime unhalted [s] | 7.636074e-06 |
|      Clock [MHz]     |    1608.2637 |
|          CPI         |       0.8405 |
|    L2 request rate   |       0.3133 |
|     L2 miss rate     |       0.0995 |
|     L2 miss ratio    |       0.3174 |
+----------------------+--------------+


### versao=v2 grupo=L2CACHE N=2000
--------------------------------------------------------------------------------
CPU name:	Intel(R) Core(TM) i5-7500 CPU @ 3.40GHz
CPU type:	Intel Coffeelake processor
CPU clock:	3.41 GHz
--------------------------------------------------------------------------------
N = 2000
Tempo médio op1 (CG iteração): 0.05637472 ms
Tempo op2 (resíduo): 0.63013798 ms
--------------------------------------------------------------------------------
Region op1, Group 1: L2CACHE
+-------------------+----------+
|    Region Info    |  Core 0  |
+-------------------+----------+
| RDTSC Runtime [s] | 0.000849 |
|     call count    |        1 |
+-------------------+----------+

+-----------------------+---------+---------+
|         Event         | Counter |  Core 0 |
+-----------------------+---------+---------+
|   INSTR_RETIRED_ANY   |  FIXC0  | 2128228 |
| CPU_CLK_UNHALTED_CORE |  FIXC1  | 1282652 |
|  CPU_CLK_UNHALTED_REF |  FIXC2  | 2920940 |
| L2_TRANS_ALL_REQUESTS |   PMC0  |  717941 |
|     L2_RQSTS_MISS     |   PMC1  |  103271 |
+-----------------------+---------+---------+

+----------------------+-----------+
|        Metric        |   Core 0  |
+----------------------+-----------+
|  Runtime (RDTSC) [s] |    0.0008 |
| Runtime unhalted [s] |    0.0004 |
|      Clock [MHz]     | 1496.5217 |
|          CPI         |    0.6027 |
|    L2 request rate   |    0.3373 |
|     L2 miss rate     |    0.0485 |
|     L2 miss ratio    |    0.1438 |
+----------------------+-----------+

Region op2, Group 1: L2CACHE
+-------------------+----------+
|    Region Info    |  Core 0  |
+-------------------+----------+
| RDTSC Runtime [s] | 0.000028 |
|     call count    |        1 |
+-------------------+----------+

+-----------------------+---------+--------+
|         Event         | Counter | Core 0 |
+-----------------------+---------+--------+
|   INSTR_RETIRED_ANY   |  FIXC0  |  57114 |
| CPU_CLK_UNHALTED_CORE |  FIXC1  |  52538 |
|  CPU_CLK_UNHALTED_REF |  FIXC2  | 119422 |
| L2_TRANS_ALL_REQUESTS |   PMC0  |  32214 |
|     L2_RQSTS_MISS     |   PMC1  |   6685 |
+-----------------------+---------+--------+

+----------------------+--------------+
|        Metric        |    Core 0    |
+----------------------+--------------+
|  Runtime (RDTSC) [s] | 2.752892e-05 |
| Runtime unhalted [s] | 1.541618e-05 |
|      Clock [MHz]     |    1499.2912 |
|          CPI         |       0.9199 |
|    L2 request rate   |       0.5640 |
|     L2 miss rate     |       0.1170 |
|     L2 miss ratio    |       0.2075 |
+----------------------+--------------+


### versao=v2 grupo=L2CACHE N=4000
--------------------------------------------------------------------------------
CPU name:	Intel(R) Core(TM) i5-7500 CPU @ 3.40GHz
CPU type:	Intel Coffeelake processor
CPU clock:	3.41 GHz
--------------------------------------------------------------------------------
N = 4000
Tempo médio op1 (CG iteração): 0.09731344 ms
Tempo op2 (resíduo): 0.51807299 ms
--------------------------------------------------------------------------------
Region op1, Group 1: L2CACHE
+-------------------+----------+
|    Region Info    |  Core 0  |
+-------------------+----------+
| RDTSC Runtime [s] | 0.001835 |
|     call count    |        1 |
+-------------------+----------+

+-----------------------+---------+---------+
|         Event         | Counter |  Core 0 |
+-----------------------+---------+---------+
|   INSTR_RETIRED_ANY   |  FIXC0  | 4228228 |
| CPU_CLK_UNHALTED_CORE |  FIXC1  | 2757824 |
|  CPU_CLK_UNHALTED_REF |  FIXC2  | 6280802 |
| L2_TRANS_ALL_REQUESTS |   PMC0  | 1712689 |
|     L2_RQSTS_MISS     |   PMC1  |  317069 |
+-----------------------+---------+---------+

+----------------------+-----------+
|        Metric        |   Core 0  |
+----------------------+-----------+
|  Runtime (RDTSC) [s] |    0.0018 |
| Runtime unhalted [s] |    0.0008 |
|      Clock [MHz]     | 1496.4020 |
|          CPI         |    0.6522 |
|    L2 request rate   |    0.4051 |
|     L2 miss rate     |    0.0750 |
|     L2 miss ratio    |    0.1851 |
+----------------------+-----------+

Region op2, Group 1: L2CACHE
+-------------------+----------+
|    Region Info    |  Core 0  |
+-------------------+----------+
| RDTSC Runtime [s] | 0.000063 |
|     call count    |        1 |
+-------------------+----------+

+-----------------------+---------+--------+
|         Event         | Counter | Core 0 |
+-----------------------+---------+--------+
|   INSTR_RETIRED_ANY   |  FIXC0  | 109464 |
| CPU_CLK_UNHALTED_CORE |  FIXC1  | 103076 |
|  CPU_CLK_UNHALTED_REF |  FIXC2  | 234584 |
| L2_TRANS_ALL_REQUESTS |   PMC0  |  61005 |
|     L2_RQSTS_MISS     |   PMC1  |  14237 |
+-----------------------+---------+--------+

+----------------------+--------------+
|        Metric        |    Core 0    |
+----------------------+--------------+
|  Runtime (RDTSC) [s] |       0.0001 |
| Runtime unhalted [s] | 3.024550e-05 |
|      Clock [MHz]     |    1497.4627 |
|          CPI         |       0.9416 |
|    L2 request rate   |       0.5573 |
|     L2 miss rate     |       0.1301 |
|     L2 miss ratio    |       0.2334 |
+----------------------+--------------+


### versao=v2 grupo=L2CACHE N=8000
--------------------------------------------------------------------------------
CPU name:	Intel(R) Core(TM) i5-7500 CPU @ 3.40GHz
CPU type:	Intel Coffeelake processor
CPU clock:	3.41 GHz
--------------------------------------------------------------------------------
N = 8000
Tempo médio op1 (CG iteração): 0.09174684 ms
Tempo op2 (resíduo): 0.28763998 ms
--------------------------------------------------------------------------------
Region op1, Group 1: L2CACHE
+-------------------+----------+
|    Region Info    |  Core 0  |
+-------------------+----------+
| RDTSC Runtime [s] | 0.001956 |
|     call count    |        1 |
+-------------------+----------+

+-----------------------+---------+---------+
|         Event         | Counter |  Core 0 |
+-----------------------+---------+---------+
|   INSTR_RETIRED_ANY   |  FIXC0  | 8428228 |
| CPU_CLK_UNHALTED_CORE |  FIXC1  | 5669527 |
|  CPU_CLK_UNHALTED_REF |  FIXC2  | 6678118 |
| L2_TRANS_ALL_REQUESTS |   PMC0  | 4057152 |
|     L2_RQSTS_MISS     |   PMC1  |  970574 |
+-----------------------+---------+---------+

+----------------------+-----------+
|        Metric        |   Core 0  |
+----------------------+-----------+
|  Runtime (RDTSC) [s] |    0.0020 |
| Runtime unhalted [s] |    0.0017 |
|      Clock [MHz]     | 2893.2744 |
|          CPI         |    0.6727 |
|    L2 request rate   |    0.4814 |
|     L2 miss rate     |    0.1152 |
|     L2 miss ratio    |    0.2392 |
+----------------------+-----------+

Region op2, Group 1: L2CACHE
+-------------------+----------+
|    Region Info    |  Core 0  |
+-------------------+----------+
| RDTSC Runtime [s] | 0.000056 |
|     call count    |        1 |
+-------------------+----------+

+-----------------------+---------+--------+
|         Event         | Counter | Core 0 |
+-----------------------+---------+--------+
|   INSTR_RETIRED_ANY   |  FIXC0  | 214250 |
| CPU_CLK_UNHALTED_CORE |  FIXC1  | 170747 |
|  CPU_CLK_UNHALTED_REF |  FIXC2  | 201214 |
| L2_TRANS_ALL_REQUESTS |   PMC0  | 135761 |
|     L2_RQSTS_MISS     |   PMC1  |  35205 |
+-----------------------+---------+--------+

+----------------------+-----------+
|        Metric        |   Core 0  |
+----------------------+-----------+
|  Runtime (RDTSC) [s] |    0.0001 |
| Runtime unhalted [s] |    0.0001 |
|      Clock [MHz]     | 2891.9566 |
|          CPI         |    0.7970 |
|    L2 request rate   |    0.6337 |
|     L2 miss rate     |    0.1643 |
|     L2 miss ratio    |    0.2593 |
+----------------------+-----------+


### versao=v2 grupo=L2CACHE N=9000
--------------------------------------------------------------------------------
CPU name:	Intel(R) Core(TM) i5-7500 CPU @ 3.40GHz
CPU type:	Intel Coffeelake processor
CPU clock:	3.41 GHz
--------------------------------------------------------------------------------
N = 9000
Tempo médio op1 (CG iteração): 0.151897 ms
Tempo op2 (resíduo): 0.37822899 ms
--------------------------------------------------------------------------------
Region op1, Group 1: L2CACHE
+-------------------+----------+
|    Region Info    |  Core 0  |
+-------------------+----------+
| RDTSC Runtime [s] | 0.003277 |
|     call count    |        1 |
+-------------------+----------+

+-----------------------+---------+----------+
|         Event         | Counter |  Core 0  |
+-----------------------+---------+----------+
|   INSTR_RETIRED_ANY   |  FIXC0  |  9479079 |
| CPU_CLK_UNHALTED_CORE |  FIXC1  |  7006741 |
|  CPU_CLK_UNHALTED_REF |  FIXC2  | 11135500 |
| L2_TRANS_ALL_REQUESTS |   PMC0  |  5156223 |
|     L2_RQSTS_MISS     |   PMC1  |  1379194 |
+-----------------------+---------+----------+

+----------------------+-----------+
|        Metric        |   Core 0  |
+----------------------+-----------+
|  Runtime (RDTSC) [s] |    0.0033 |
| Runtime unhalted [s] |    0.0021 |
|      Clock [MHz]     | 2144.3923 |
|          CPI         |    0.7392 |
|    L2 request rate   |    0.5440 |
|     L2 miss rate     |    0.1455 |
|     L2 miss ratio    |    0.2675 |
+----------------------+-----------+

Region op2, Group 1: L2CACHE
+-------------------+----------+
|    Region Info    |  Core 0  |
+-------------------+----------+
| RDTSC Runtime [s] | 0.000084 |
|     call count    |        1 |
+-------------------+----------+

+-----------------------+---------+--------+
|         Event         | Counter | Core 0 |
+-----------------------+---------+--------+
|   INSTR_RETIRED_ANY   |  FIXC0  | 240478 |
| CPU_CLK_UNHALTED_CORE |  FIXC1  | 202528 |
|  CPU_CLK_UNHALTED_REF |  FIXC2  | 300756 |
| L2_TRANS_ALL_REQUESTS |   PMC0  | 156744 |
|     L2_RQSTS_MISS     |   PMC1  |  42658 |
+-----------------------+---------+--------+

+----------------------+-----------+
|        Metric        |   Core 0  |
+----------------------+-----------+
|  Runtime (RDTSC) [s] |    0.0001 |
| Runtime unhalted [s] |    0.0001 |
|      Clock [MHz]     | 2294.9259 |
|          CPI         |    0.8422 |
|    L2 request rate   |    0.6518 |
|     L2 miss rate     |    0.1774 |
|     L2 miss ratio    |    0.2722 |
+----------------------+-----------+


### versao=v2 grupo=L2CACHE N=10000
--------------------------------------------------------------------------------
CPU name:	Intel(R) Core(TM) i5-7500 CPU @ 3.40GHz
CPU type:	Intel Coffeelake processor
CPU clock:	3.41 GHz
--------------------------------------------------------------------------------
N = 10000
Tempo médio op1 (CG iteração): 0.09804096 ms
Tempo op2 (resíduo): 0.24962801 ms
--------------------------------------------------------------------------------
Region op1, Group 1: L2CACHE
+-------------------+----------+
|    Region Info    |  Core 0  |
+-------------------+----------+
| RDTSC Runtime [s] | 0.002069 |
|     call count    |        1 |
+-------------------+----------+

+-----------------------+---------+----------+
|         Event         | Counter |  Core 0  |
+-----------------------+---------+----------+
|   INSTR_RETIRED_ANY   |  FIXC0  | 10528230 |
| CPU_CLK_UNHALTED_CORE |  FIXC1  |  7525249 |
|  CPU_CLK_UNHALTED_REF |  FIXC2  |  6957716 |
| L2_TRANS_ALL_REQUESTS |   PMC0  |  5281404 |
|     L2_RQSTS_MISS     |   PMC1  |  1325736 |
+-----------------------+---------+----------+

+----------------------+-----------+
|        Metric        |   Core 0  |
+----------------------+-----------+
|  Runtime (RDTSC) [s] |    0.0021 |
| Runtime unhalted [s] |    0.0022 |
|      Clock [MHz]     | 3684.7944 |
|          CPI         |    0.7148 |
|    L2 request rate   |    0.5016 |
|     L2 miss rate     |    0.1259 |
|     L2 miss ratio    |    0.2510 |
+----------------------+-----------+

Region op2, Group 1: L2CACHE
+-------------------+----------+
|    Region Info    |  Core 0  |
+-------------------+----------+
| RDTSC Runtime [s] | 0.000064 |
|     call count    |        1 |
+-------------------+----------+

+-----------------------+---------+--------+
|         Event         | Counter | Core 0 |
+-----------------------+---------+--------+
|   INSTR_RETIRED_ANY   |  FIXC0  | 266658 |
| CPU_CLK_UNHALTED_CORE |  FIXC1  | 246036 |
|  CPU_CLK_UNHALTED_REF |  FIXC2  | 226916 |
| L2_TRANS_ALL_REQUESTS |   PMC0  | 191831 |
|     L2_RQSTS_MISS     |   PMC1  |  54645 |
+-----------------------+---------+--------+

+----------------------+-----------+
|        Metric        |   Core 0  |
+----------------------+-----------+
|  Runtime (RDTSC) [s] |    0.0001 |
| Runtime unhalted [s] |    0.0001 |
|      Clock [MHz]     | 3693.9637 |
|          CPI         |    0.9227 |
|    L2 request rate   |    0.7194 |
|     L2 miss rate     |    0.2049 |
|     L2 miss ratio    |    0.2849 |
+----------------------+-----------+


### versao=v2 grupo=L2CACHE N=20000
--------------------------------------------------------------------------------
CPU name:	Intel(R) Core(TM) i5-7500 CPU @ 3.40GHz
CPU type:	Intel Coffeelake processor
CPU clock:	3.41 GHz
--------------------------------------------------------------------------------
N = 20000
Tempo médio op1 (CG iteração): 0.21975532 ms
Tempo op2 (resíduo): 0.346762 ms
--------------------------------------------------------------------------------
Region op1, Group 1: L2CACHE
+-------------------+----------+
|    Region Info    |  Core 0  |
+-------------------+----------+
| RDTSC Runtime [s] | 0.004779 |
|     call count    |        1 |
+-------------------+----------+

+-----------------------+---------+----------+
|         Event         | Counter |  Core 0  |
+-----------------------+---------+----------+
|   INSTR_RETIRED_ANY   |  FIXC0  | 21028220 |
| CPU_CLK_UNHALTED_CORE |  FIXC1  | 17156920 |
|  CPU_CLK_UNHALTED_REF |  FIXC2  | 15839670 |
| L2_TRANS_ALL_REQUESTS |   PMC0  | 13821720 |
|     L2_RQSTS_MISS     |   PMC1  |  4466419 |
+-----------------------+---------+----------+

+----------------------+-----------+
|        Metric        |   Core 0  |
+----------------------+-----------+
|  Runtime (RDTSC) [s] |    0.0048 |
| Runtime unhalted [s] |    0.0050 |
|      Clock [MHz]     | 3691.3977 |
|          CPI         |    0.8159 |
|    L2 request rate   |    0.6573 |
|     L2 miss rate     |    0.2124 |
|     L2 miss ratio    |    0.3231 |
+----------------------+-----------+

Region op2, Group 1: L2CACHE
+-------------------+----------+
|    Region Info    |  Core 0  |
+-------------------+----------+
| RDTSC Runtime [s] | 0.000145 |
|     call count    |        1 |
+-------------------+----------+

+-----------------------+---------+--------+
|         Event         | Counter | Core 0 |
+-----------------------+---------+--------+
|   INSTR_RETIRED_ANY   |  FIXC0  | 528525 |
| CPU_CLK_UNHALTED_CORE |  FIXC1  | 517262 |
|  CPU_CLK_UNHALTED_REF |  FIXC2  | 477546 |
| L2_TRANS_ALL_REQUESTS |   PMC0  | 445365 |
|     L2_RQSTS_MISS     |   PMC1  | 145984 |
+-----------------------+---------+--------+

+----------------------+-----------+
|        Metric        |   Core 0  |
+----------------------+-----------+
|  Runtime (RDTSC) [s] |    0.0001 |
| Runtime unhalted [s] |    0.0002 |
|      Clock [MHz]     | 3691.4161 |
|          CPI         |    0.9787 |
|    L2 request rate   |    0.8427 |
|     L2 miss rate     |    0.2762 |
|     L2 miss ratio    |    0.3278 |
+----------------------+-----------+


