### versao=v2 grupo=L3 N=32
--------------------------------------------------------------------------------
CPU name:	Intel(R) Core(TM) i5-7500 CPU @ 3.40GHz
CPU type:	Intel Coffeelake processor
CPU clock:	3.41 GHz
--------------------------------------------------------------------------------
N = 32
Tempo médio op1 (CG iteração): 0.01348668 ms
Tempo op2 (resíduo): 0.30742899 ms
--------------------------------------------------------------------------------
Region op1, Group 1: L3
+-------------------+----------+
|    Region Info    |  Core 0  |
+-------------------+----------+
| RDTSC Runtime [s] | 0.000011 |
|     call count    |        1 |
+-------------------+----------+

+-----------------------+---------+--------+
|         Event         | Counter | Core 0 |
+-----------------------+---------+--------+
|   INSTR_RETIRED_ANY   |  FIXC0  |  62064 |
| CPU_CLK_UNHALTED_CORE |  FIXC1  |  35402 |
|  CPU_CLK_UNHALTED_REF |  FIXC2  |  52256 |
|    L2_LINES_IN_ALL    |   PMC0  |   1016 |
|     L2_TRANS_L2_WB    |   PMC1  |     74 |
+-----------------------+---------+--------+

+-------------------------------+--------------+
|             Metric            |    Core 0    |
+-------------------------------+--------------+
|      Runtime (RDTSC) [s]      | 1.076297e-05 |
|      Runtime unhalted [s]     | 1.038797e-05 |
|          Clock [MHz]          |    2308.8137 |
|              CPI              |       0.5704 |
|  L3 load bandwidth [MBytes/s] |    6041.4551 |
|  L3 load data volume [GBytes] |       0.0001 |
| L3 evict bandwidth [MBytes/s] |     440.0272 |
| L3 evict data volume [GBytes] | 4.736000e-06 |
|    L3 bandwidth [MBytes/s]    |    6481.4823 |
|    L3 data volume [GBytes]    |       0.0001 |
+-------------------------------+--------------+

Region op2, Group 1: L3
+-------------------+----------+
|    Region Info    |  Core 0  |
+-------------------+----------+
| RDTSC Runtime [s] | 0.000001 |
|     call count    |        1 |
+-------------------+----------+

+-----------------------+---------+--------+
|         Event         | Counter | Core 0 |
+-----------------------+---------+--------+
|   INSTR_RETIRED_ANY   |  FIXC0  |   5346 |
| CPU_CLK_UNHALTED_CORE |  FIXC1  |  11088 |
|  CPU_CLK_UNHALTED_REF |  FIXC2  |  16756 |
|    L2_LINES_IN_ALL    |   PMC0  |    582 |
|     L2_TRANS_L2_WB    |   PMC1  |     58 |
+-----------------------+---------+--------+

+-------------------------------+--------------+
|             Metric            |    Core 0    |
+-------------------------------+--------------+
|      Runtime (RDTSC) [s]      | 9.612729e-07 |
|      Runtime unhalted [s]     | 3.253539e-06 |
|          Clock [MHz]          |    2255.1743 |
|              CPI              |       2.0741 |
|  L3 load bandwidth [MBytes/s] |   38748.6217 |
|  L3 load data volume [GBytes] | 3.724800e-05 |
| L3 evict bandwidth [MBytes/s] |    3861.5465 |
| L3 evict data volume [GBytes] | 3.712000e-06 |
|    L3 bandwidth [MBytes/s]    |   42610.1682 |
|    L3 data volume [GBytes]    | 4.096000e-05 |
+-------------------------------+--------------+


### versao=v2 grupo=L3 N=64
--------------------------------------------------------------------------------
CPU name:	Intel(R) Core(TM) i5-7500 CPU @ 3.40GHz
CPU type:	Intel Coffeelake processor
CPU clock:	3.41 GHz
--------------------------------------------------------------------------------
N = 64
Tempo médio op1 (CG iteração): 0.02090904 ms
Tempo op2 (resíduo): 0.470561 ms
--------------------------------------------------------------------------------
Region op1, Group 1: L3
+-------------------+----------+
|    Region Info    |  Core 0  |
+-------------------+----------+
| RDTSC Runtime [s] | 0.000025 |
|     call count    |        1 |
+-------------------+----------+

+-----------------------+---------+--------+
|         Event         | Counter | Core 0 |
+-----------------------+---------+--------+
|   INSTR_RETIRED_ANY   |  FIXC0  |  96089 |
| CPU_CLK_UNHALTED_CORE |  FIXC1  |  47932 |
|  CPU_CLK_UNHALTED_REF |  FIXC2  | 108914 |
|    L2_LINES_IN_ALL    |   PMC0  |    931 |
|     L2_TRANS_L2_WB    |   PMC1  |     84 |
+-----------------------+---------+--------+

+-------------------------------+--------------+
|             Metric            |    Core 0    |
+-------------------------------+--------------+
|      Runtime (RDTSC) [s]      | 2.540982e-05 |
|      Runtime unhalted [s]     | 1.406515e-05 |
|          Clock [MHz]          |    1499.7642 |
|              CPI              |       0.4988 |
|  L3 load bandwidth [MBytes/s] |    2344.9202 |
|  L3 load data volume [GBytes] |       0.0001 |
| L3 evict bandwidth [MBytes/s] |     211.5717 |
| L3 evict data volume [GBytes] | 5.376000e-06 |
|    L3 bandwidth [MBytes/s]    |    2556.4919 |
|    L3 data volume [GBytes]    |       0.0001 |
+-------------------------------+--------------+

Region op2, Group 1: L3
+-------------------+----------+
|    Region Info    |  Core 0  |
+-------------------+----------+
| RDTSC Runtime [s] | 0.000002 |
|     call count    |        1 |
+-------------------+----------+

+-----------------------+---------+--------+
|         Event         | Counter | Core 0 |
+-----------------------+---------+--------+
|   INSTR_RETIRED_ANY   |  FIXC0  |   6215 |
| CPU_CLK_UNHALTED_CORE |  FIXC1  |  11156 |
|  CPU_CLK_UNHALTED_REF |  FIXC2  |  25276 |
|    L2_LINES_IN_ALL    |   PMC0  |    633 |
|     L2_TRANS_L2_WB    |   PMC1  |     64 |
+-----------------------+---------+--------+

+-------------------------------+--------------+
|             Metric            |    Core 0    |
+-------------------------------+--------------+
|      Runtime (RDTSC) [s]      | 1.786142e-06 |
|      Runtime unhalted [s]     | 3.273613e-06 |
|          Clock [MHz]          |    1504.1159 |
|              CPI              |       1.7950 |
|  L3 load bandwidth [MBytes/s] |   22681.2874 |
|  L3 load data volume [GBytes] | 4.051200e-05 |
| L3 evict bandwidth [MBytes/s] |    2293.2107 |
| L3 evict data volume [GBytes] | 4.096000e-06 |
|    L3 bandwidth [MBytes/s]    |   24974.4981 |
|    L3 data volume [GBytes]    | 4.460800e-05 |
+-------------------------------+--------------+


### versao=v2 grupo=L3 N=128
--------------------------------------------------------------------------------
CPU name:	Intel(R) Core(TM) i5-7500 CPU @ 3.40GHz
CPU type:	Intel Coffeelake processor
CPU clock:	3.41 GHz
--------------------------------------------------------------------------------
N = 128
Tempo médio op1 (CG iteração): 0.02103176 ms
Tempo op2 (resíduo): 0.436149 ms
--------------------------------------------------------------------------------
Region op1, Group 1: L3
+-------------------+----------+
|    Region Info    |  Core 0  |
+-------------------+----------+
| RDTSC Runtime [s] | 0.000055 |
|     call count    |        1 |
+-------------------+----------+

+-----------------------+---------+--------+
|         Event         | Counter | Core 0 |
+-----------------------+---------+--------+
|   INSTR_RETIRED_ANY   |  FIXC0  | 163990 |
| CPU_CLK_UNHALTED_CORE |  FIXC1  |  81288 |
|  CPU_CLK_UNHALTED_REF |  FIXC2  | 173524 |
|    L2_LINES_IN_ALL    |   PMC0  |   1347 |
|     L2_TRANS_L2_WB    |   PMC1  |    143 |
+-----------------------+---------+--------+

+-------------------------------+--------------+
|             Metric            |    Core 0    |
+-------------------------------+--------------+
|      Runtime (RDTSC) [s]      |       0.0001 |
|      Runtime unhalted [s]     | 2.385510e-05 |
|          Clock [MHz]          |    1596.2913 |
|              CPI              |       0.4957 |
|  L3 load bandwidth [MBytes/s] |    1570.1643 |
|  L3 load data volume [GBytes] |       0.0001 |
| L3 evict bandwidth [MBytes/s] |     166.6915 |
| L3 evict data volume [GBytes] | 9.152000e-06 |
|    L3 bandwidth [MBytes/s]    |    1736.8558 |
|    L3 data volume [GBytes]    |       0.0001 |
+-------------------------------+--------------+

Region op2, Group 1: L3
+-------------------+----------+
|    Region Info    |  Core 0  |
+-------------------+----------+
| RDTSC Runtime [s] | 0.000002 |
|     call count    |        1 |
+-------------------+----------+

+-----------------------+---------+--------+
|         Event         | Counter | Core 0 |
+-----------------------+---------+--------+
|   INSTR_RETIRED_ANY   |  FIXC0  |   8100 |
| CPU_CLK_UNHALTED_CORE |  FIXC1  |  12152 |
|  CPU_CLK_UNHALTED_REF |  FIXC2  |  26128 |
|    L2_LINES_IN_ALL    |   PMC0  |    830 |
|     L2_TRANS_L2_WB    |   PMC1  |     61 |
+-----------------------+---------+--------+

+-------------------------------+--------------+
|             Metric            |    Core 0    |
+-------------------------------+--------------+
|      Runtime (RDTSC) [s]      | 2.267045e-06 |
|      Runtime unhalted [s]     | 3.566174e-06 |
|          Clock [MHz]          |    1584.8452 |
|              CPI              |       1.5002 |
|  L3 load bandwidth [MBytes/s] |   23431.3831 |
|  L3 load data volume [GBytes] |       0.0001 |
| L3 evict bandwidth [MBytes/s] |    1722.0655 |
| L3 evict data volume [GBytes] | 3.904000e-06 |
|    L3 bandwidth [MBytes/s]    |   25153.4487 |
|    L3 data volume [GBytes]    |       0.0001 |
+-------------------------------+--------------+


### versao=v2 grupo=L3 N=256
--------------------------------------------------------------------------------
CPU name:	Intel(R) Core(TM) i5-7500 CPU @ 3.40GHz
CPU type:	Intel Coffeelake processor
CPU clock:	3.41 GHz
--------------------------------------------------------------------------------
N = 256
Tempo médio op1 (CG iteração): 0.025447 ms
Tempo op2 (resíduo): 0.50505599 ms
--------------------------------------------------------------------------------
Region op1, Group 1: L3
+-------------------+----------+
|    Region Info    |  Core 0  |
+-------------------+----------+
| RDTSC Runtime [s] | 0.000094 |
|     call count    |        1 |
+-------------------+----------+

+-----------------------+---------+--------+
|         Event         | Counter | Core 0 |
+-----------------------+---------+--------+
|   INSTR_RETIRED_ANY   |  FIXC0  | 299789 |
| CPU_CLK_UNHALTED_CORE |  FIXC1  | 141118 |
|  CPU_CLK_UNHALTED_REF |  FIXC2  | 344066 |
|    L2_LINES_IN_ALL    |   PMC0  |   1458 |
|     L2_TRANS_L2_WB    |   PMC1  |    129 |
+-----------------------+---------+--------+

+-------------------------------+--------------+
|             Metric            |    Core 0    |
+-------------------------------+--------------+
|      Runtime (RDTSC) [s]      |       0.0001 |
|      Runtime unhalted [s]     | 4.140812e-05 |
|          Clock [MHz]          |    1397.7761 |
|              CPI              |       0.4707 |
|  L3 load bandwidth [MBytes/s] |     996.8315 |
|  L3 load data volume [GBytes] |       0.0001 |
| L3 evict bandwidth [MBytes/s] |      88.1970 |
| L3 evict data volume [GBytes] | 8.256000e-06 |
|    L3 bandwidth [MBytes/s]    |    1085.0285 |
|    L3 data volume [GBytes]    |       0.0001 |
+-------------------------------+--------------+

Region op2, Group 1: L3
+-------------------+----------+
|    Region Info    |  Core 0  |
+-------------------+----------+
| RDTSC Runtime [s] | 0.000004 |
|     call count    |        1 |
+-------------------+----------+

+-----------------------+---------+--------+
|         Event         | Counter | Core 0 |
+-----------------------+---------+--------+
|   INSTR_RETIRED_ANY   |  FIXC0  |  11546 |
| CPU_CLK_UNHALTED_CORE |  FIXC1  |  14249 |
|  CPU_CLK_UNHALTED_REF |  FIXC2  |  34648 |
|    L2_LINES_IN_ALL    |   PMC0  |    938 |
|     L2_TRANS_L2_WB    |   PMC1  |     80 |
+-----------------------+---------+--------+

+-------------------------------+--------------+
|             Metric            |    Core 0    |
+-------------------------------+--------------+
|      Runtime (RDTSC) [s]      | 4.218925e-06 |
|      Runtime unhalted [s]     | 4.181070e-06 |
|          Clock [MHz]          |    1401.5325 |
|              CPI              |       1.2341 |
|  L3 load bandwidth [MBytes/s] |   14229.2172 |
|  L3 load data volume [GBytes] |       0.0001 |
| L3 evict bandwidth [MBytes/s] |    1213.5793 |
| L3 evict data volume [GBytes] | 5.120000e-06 |
|    L3 bandwidth [MBytes/s]    |   15442.7964 |
|    L3 data volume [GBytes]    |       0.0001 |
+-------------------------------+--------------+


### versao=v2 grupo=L3 N=512
--------------------------------------------------------------------------------
CPU name:	Intel(R) Core(TM) i5-7500 CPU @ 3.40GHz
CPU type:	Intel Coffeelake processor
CPU clock:	3.41 GHz
--------------------------------------------------------------------------------
N = 512
Tempo médio op1 (CG iteração): 0.028019919 ms
Tempo op2 (resíduo): 0.47681701 ms
--------------------------------------------------------------------------------
Region op1, Group 1: L3
+-------------------+----------+
|    Region Info    |  Core 0  |
+-------------------+----------+
| RDTSC Runtime [s] | 0.000192 |
|     call count    |        1 |
+-------------------+----------+

+-----------------------+---------+--------+
|         Event         | Counter | Core 0 |
+-----------------------+---------+--------+
|   INSTR_RETIRED_ANY   |  FIXC0  | 565839 |
| CPU_CLK_UNHALTED_CORE |  FIXC1  | 298076 |
|  CPU_CLK_UNHALTED_REF |  FIXC2  | 678618 |
|    L2_LINES_IN_ALL    |   PMC0  |   2300 |
|     L2_TRANS_L2_WB    |   PMC1  |    249 |
+-----------------------+---------+--------+

+-------------------------------+--------------+
|             Metric            |    Core 0    |
+-------------------------------+--------------+
|      Runtime (RDTSC) [s]      |       0.0002 |
|      Runtime unhalted [s]     |       0.0001 |
|          Clock [MHz]          |    1496.9219 |
|              CPI              |       0.5268 |
|  L3 load bandwidth [MBytes/s] |     767.7539 |
|  L3 load data volume [GBytes] |       0.0001 |
| L3 evict bandwidth [MBytes/s] |      83.1177 |
| L3 evict data volume [GBytes] | 1.593600e-05 |
|    L3 bandwidth [MBytes/s]    |     850.8716 |
|    L3 data volume [GBytes]    |       0.0002 |
+-------------------------------+--------------+

Region op2, Group 1: L3
+-------------------+----------+
|    Region Info    |  Core 0  |
+-------------------+----------+
| RDTSC Runtime [s] | 0.000007 |
|     call count    |        1 |
+-------------------+----------+

+-----------------------+---------+--------+
|         Event         | Counter | Core 0 |
+-----------------------+---------+--------+
|   INSTR_RETIRED_ANY   |  FIXC0  |  18031 |
| CPU_CLK_UNHALTED_CORE |  FIXC1  |  19002 |
|  CPU_CLK_UNHALTED_REF |  FIXC2  |  43878 |
|    L2_LINES_IN_ALL    |   PMC0  |   1685 |
|     L2_TRANS_L2_WB    |   PMC1  |    157 |
+-----------------------+---------+--------+

+-------------------------------+--------------+
|             Metric            |    Core 0    |
+-------------------------------+--------------+
|      Runtime (RDTSC) [s]      | 6.549329e-06 |
|      Runtime unhalted [s]     | 5.575731e-06 |
|          Clock [MHz]          |    1475.8764 |
|              CPI              |       1.0539 |
|  L3 load bandwidth [MBytes/s] |   16465.8089 |
|  L3 load data volume [GBytes] |       0.0001 |
| L3 evict bandwidth [MBytes/s] |    1534.2030 |
| L3 evict data volume [GBytes] | 1.004800e-05 |
|    L3 bandwidth [MBytes/s]    |   18000.0119 |
|    L3 data volume [GBytes]    |       0.0001 |
+-------------------------------+--------------+


### versao=v2 grupo=L3 N=1000
--------------------------------------------------------------------------------
CPU name:	Intel(R) Core(TM) i5-7500 CPU @ 3.40GHz
CPU type:	Intel Coffeelake processor
CPU clock:	3.41 GHz
--------------------------------------------------------------------------------
N = 1000
Tempo médio op1 (CG iteração): 0.03674536 ms
Tempo op2 (resíduo): 0.52218699 ms
--------------------------------------------------------------------------------
Region op1, Group 1: L3
+-------------------+----------+
|    Region Info    |  Core 0  |
+-------------------+----------+
| RDTSC Runtime [s] | 0.000362 |
|     call count    |        1 |
+-------------------+----------+

+-----------------------+---------+---------+
|         Event         | Counter |  Core 0 |
+-----------------------+---------+---------+
|   INSTR_RETIRED_ANY   |  FIXC0  | 1079089 |
| CPU_CLK_UNHALTED_CORE |  FIXC1  |  517098 |
|  CPU_CLK_UNHALTED_REF |  FIXC2  | 1261528 |
|    L2_LINES_IN_ALL    |   PMC0  |   13067 |
|     L2_TRANS_L2_WB    |   PMC1  |    3965 |
+-----------------------+---------+---------+

+-------------------------------+-----------+
|             Metric            |   Core 0  |
+-------------------------------+-----------+
|      Runtime (RDTSC) [s]      |    0.0004 |
|      Runtime unhalted [s]     |    0.0002 |
|          Clock [MHz]          | 1396.8475 |
|              CPI              |    0.4792 |
|  L3 load bandwidth [MBytes/s] | 2307.6596 |
|  L3 load data volume [GBytes] |    0.0008 |
| L3 evict bandwidth [MBytes/s] |  700.2273 |
| L3 evict data volume [GBytes] |    0.0003 |
|    L3 bandwidth [MBytes/s]    | 3007.8869 |
|    L3 data volume [GBytes]    |    0.0011 |
+-------------------------------+-----------+

Region op2, Group 1: L3
+-------------------+----------+
|    Region Info    |  Core 0  |
+-------------------+----------+
| RDTSC Runtime [s] | 0.000011 |
|     call count    |        1 |
+-------------------+----------+

+-----------------------+---------+--------+
|         Event         | Counter | Core 0 |
+-----------------------+---------+--------+
|   INSTR_RETIRED_ANY   |  FIXC0  |  30950 |
| CPU_CLK_UNHALTED_CORE |  FIXC1  |  24461 |
|  CPU_CLK_UNHALTED_REF |  FIXC2  |  59356 |
|    L2_LINES_IN_ALL    |   PMC0  |   2600 |
|     L2_TRANS_L2_WB    |   PMC1  |    334 |
+-----------------------+---------+--------+

+-------------------------------+--------------+
|             Metric            |    Core 0    |
+-------------------------------+--------------+
|      Runtime (RDTSC) [s]      | 1.086683e-05 |
|      Runtime unhalted [s]     | 7.177962e-06 |
|          Clock [MHz]          |    1404.3734 |
|              CPI              |       0.7903 |
|  L3 load bandwidth [MBytes/s] |   15312.6533 |
|  L3 load data volume [GBytes] |       0.0002 |
| L3 evict bandwidth [MBytes/s] |    1967.0870 |
| L3 evict data volume [GBytes] | 2.137600e-05 |
|    L3 bandwidth [MBytes/s]    |   17279.7403 |
|    L3 data volume [GBytes]    |       0.0002 |
+-------------------------------+--------------+


### versao=v2 grupo=L3 N=2000
--------------------------------------------------------------------------------
CPU name:	Intel(R) Core(TM) i5-7500 CPU @ 3.40GHz
CPU type:	Intel Coffeelake processor
CPU clock:	3.41 GHz
--------------------------------------------------------------------------------
N = 2000
Tempo médio op1 (CG iteração): 0.06195184 ms
Tempo op2 (resíduo): 0.624982 ms
--------------------------------------------------------------------------------
Region op1, Group 1: L3
+-------------------+----------+
|    Region Info    |  Core 0  |
+-------------------+----------+
| RDTSC Runtime [s] | 0.000929 |
|     call count    |        1 |
+-------------------+----------+

+-----------------------+---------+---------+
|         Event         | Counter |  Core 0 |
+-----------------------+---------+---------+
|   INSTR_RETIRED_ANY   |  FIXC0  | 2128239 |
| CPU_CLK_UNHALTED_CORE |  FIXC1  | 1309817 |
|  CPU_CLK_UNHALTED_REF |  FIXC2  | 3195852 |
|    L2_LINES_IN_ALL    |   PMC0  |   78835 |
|     L2_TRANS_L2_WB    |   PMC1  |   16383 |
+-----------------------+---------+---------+

+-------------------------------+-----------+
|             Metric            |   Core 0  |
+-------------------------------+-----------+
|      Runtime (RDTSC) [s]      |    0.0009 |
|      Runtime unhalted [s]     |    0.0004 |
|          Clock [MHz]          | 1396.7572 |
|              CPI              |    0.6154 |
|  L3 load bandwidth [MBytes/s] | 5431.8422 |
|  L3 load data volume [GBytes] |    0.0050 |
| L3 evict bandwidth [MBytes/s] | 1128.8117 |
| L3 evict data volume [GBytes] |    0.0010 |
|    L3 bandwidth [MBytes/s]    | 6560.6540 |
|    L3 data volume [GBytes]    |    0.0061 |
+-------------------------------+-----------+

Region op2, Group 1: L3
+-------------------+----------+
|    Region Info    |  Core 0  |
+-------------------+----------+
| RDTSC Runtime [s] | 0.000027 |
|     call count    |        1 |
+-------------------+----------+

+-----------------------+---------+--------+
|         Event         | Counter | Core 0 |
+-----------------------+---------+--------+
|   INSTR_RETIRED_ANY   |  FIXC0  |  57114 |
| CPU_CLK_UNHALTED_CORE |  FIXC1  |  48586 |
|  CPU_CLK_UNHALTED_REF |  FIXC2  | 118144 |
|    L2_LINES_IN_ALL    |   PMC0  |   5305 |
|     L2_TRANS_L2_WB    |   PMC1  |   1015 |
+-----------------------+---------+--------+

+-------------------------------+--------------+
|             Metric            |    Core 0    |
+-------------------------------+--------------+
|      Runtime (RDTSC) [s]      | 2.745382e-05 |
|      Runtime unhalted [s]     | 1.425654e-05 |
|          Clock [MHz]          |    1401.5107 |
|              CPI              |       0.8507 |
|  L3 load bandwidth [MBytes/s] |   12366.9493 |
|  L3 load data volume [GBytes] |       0.0003 |
| L3 evict bandwidth [MBytes/s] |    2366.1552 |
| L3 evict data volume [GBytes] |       0.0001 |
|    L3 bandwidth [MBytes/s]    |   14733.1045 |
|    L3 data volume [GBytes]    |       0.0004 |
+-------------------------------+--------------+


### versao=v2 grupo=L3 N=4000
--------------------------------------------------------------------------------
CPU name:	Intel(R) Core(TM) i5-7500 CPU @ 3.40GHz
CPU type:	Intel Coffeelake processor
CPU clock:	3.41 GHz
--------------------------------------------------------------------------------
N = 4000
Tempo médio op1 (CG iteração): 0.09486032 ms
Tempo op2 (resíduo): 0.48863 ms
--------------------------------------------------------------------------------
Region op1, Group 1: L3
+-------------------+----------+
|    Region Info    |  Core 0  |
+-------------------+----------+
| RDTSC Runtime [s] | 0.001802 |
|     call count    |        1 |
+-------------------+----------+

+-----------------------+---------+---------+
|         Event         | Counter |  Core 0 |
+-----------------------+---------+---------+
|   INSTR_RETIRED_ANY   |  FIXC0  | 4228239 |
| CPU_CLK_UNHALTED_CORE |  FIXC1  | 2708026 |
|  CPU_CLK_UNHALTED_REF |  FIXC2  | 6166918 |
|    L2_LINES_IN_ALL    |   PMC0  |  232334 |
|     L2_TRANS_L2_WB    |   PMC1  |   47162 |
+-----------------------+---------+---------+

+-------------------------------+-----------+
|             Metric            |   Core 0  |
+-------------------------------+-----------+
|      Runtime (RDTSC) [s]      |    0.0018 |
|      Runtime unhalted [s]     |    0.0008 |
|          Clock [MHz]          | 1496.4391 |
|              CPI              |    0.6405 |
|  L3 load bandwidth [MBytes/s] | 8251.4632 |
|  L3 load data volume [GBytes] |    0.0149 |
| L3 evict bandwidth [MBytes/s] | 1674.9830 |
| L3 evict data volume [GBytes] |    0.0030 |
|    L3 bandwidth [MBytes/s]    | 9926.4462 |
|    L3 data volume [GBytes]    |    0.0179 |
+-------------------------------+-----------+

Region op2, Group 1: L3
+-------------------+----------+
|    Region Info    |  Core 0  |
+-------------------+----------+
| RDTSC Runtime [s] | 0.000051 |
|     call count    |        1 |
+-------------------+----------+

+-----------------------+---------+--------+
|         Event         | Counter | Core 0 |
+-----------------------+---------+--------+
|   INSTR_RETIRED_ANY   |  FIXC0  | 109464 |
| CPU_CLK_UNHALTED_CORE |  FIXC1  |  85631 |
|  CPU_CLK_UNHALTED_REF |  FIXC2  | 194966 |
|    L2_LINES_IN_ALL    |   PMC0  |   9523 |
|     L2_TRANS_L2_WB    |   PMC1  |    972 |
+-----------------------+---------+--------+

+-------------------------------+--------------+
|             Metric            |    Core 0    |
+-------------------------------+--------------+
|      Runtime (RDTSC) [s]      |       0.0001 |
|      Runtime unhalted [s]     | 2.512793e-05 |
|          Clock [MHz]          |    1496.7405 |
|              CPI              |       0.7823 |
|  L3 load bandwidth [MBytes/s] |   11985.6457 |
|  L3 load data volume [GBytes] |       0.0006 |
| L3 evict bandwidth [MBytes/s] |    1223.3590 |
| L3 evict data volume [GBytes] |       0.0001 |
|    L3 bandwidth [MBytes/s]    |   13209.0047 |
|    L3 data volume [GBytes]    |       0.0007 |
+-------------------------------+--------------+


### versao=v2 grupo=L3 N=8000
--------------------------------------------------------------------------------
CPU name:	Intel(R) Core(TM) i5-7500 CPU @ 3.40GHz
CPU type:	Intel Coffeelake processor
CPU clock:	3.41 GHz
--------------------------------------------------------------------------------
N = 8000
Tempo médio op1 (CG iteração): 0.15657136 ms
Tempo op2 (resíduo): 0.42281801 ms
--------------------------------------------------------------------------------
Region op1, Group 1: L3
+-------------------+----------+
|    Region Info    |  Core 0  |
+-------------------+----------+
| RDTSC Runtime [s] | 0.003362 |
|     call count    |        1 |
+-------------------+----------+

+-----------------------+---------+----------+
|         Event         | Counter |  Core 0  |
+-----------------------+---------+----------+
|   INSTR_RETIRED_ANY   |  FIXC0  |  8428240 |
| CPU_CLK_UNHALTED_CORE |  FIXC1  |  5560424 |
|  CPU_CLK_UNHALTED_REF |  FIXC2  | 11367240 |
|    L2_LINES_IN_ALL    |   PMC0  |   636995 |
|     L2_TRANS_L2_WB    |   PMC1  |   174000 |
+-----------------------+---------+----------+

+-------------------------------+------------+
|             Metric            |   Core 0   |
+-------------------------------+------------+
|      Runtime (RDTSC) [s]      |     0.0034 |
|      Runtime unhalted [s]     |     0.0016 |
|          Clock [MHz]          |  1667.0565 |
|              CPI              |     0.6597 |
|  L3 load bandwidth [MBytes/s] | 12125.8399 |
|  L3 load data volume [GBytes] |     0.0408 |
| L3 evict bandwidth [MBytes/s] |  3312.2648 |
| L3 evict data volume [GBytes] |     0.0111 |
|    L3 bandwidth [MBytes/s]    | 15438.1047 |
|    L3 data volume [GBytes]    |     0.0519 |
+-------------------------------+------------+

Region op2, Group 1: L3
+-------------------+----------+
|    Region Info    |  Core 0  |
+-------------------+----------+
| RDTSC Runtime [s] | 0.000082 |
|     call count    |        1 |
+-------------------+----------+

+-----------------------+---------+--------+
|         Event         | Counter | Core 0 |
+-----------------------+---------+--------+
|   INSTR_RETIRED_ANY   |  FIXC0  | 214250 |
| CPU_CLK_UNHALTED_CORE |  FIXC1  | 165182 |
|  CPU_CLK_UNHALTED_REF |  FIXC2  | 297490 |
|    L2_LINES_IN_ALL    |   PMC0  |  23999 |
|     L2_TRANS_L2_WB    |   PMC1  |   3385 |
+-----------------------+---------+--------+

+-------------------------------+--------------+
|             Metric            |    Core 0    |
+-------------------------------+--------------+
|      Runtime (RDTSC) [s]      |       0.0001 |
|      Runtime unhalted [s]     | 4.846914e-05 |
|          Clock [MHz]          |    1892.2905 |
|              CPI              |       0.7710 |
|  L3 load bandwidth [MBytes/s] |   18707.9024 |
|  L3 load data volume [GBytes] |       0.0015 |
| L3 evict bandwidth [MBytes/s] |    2638.7037 |
| L3 evict data volume [GBytes] |       0.0002 |
|    L3 bandwidth [MBytes/s]    |   21346.6061 |
|    L3 data volume [GBytes]    |       0.0018 |
+-------------------------------+--------------+


### versao=v2 grupo=L3 N=9000
--------------------------------------------------------------------------------
CPU name:	Intel(R) Core(TM) i5-7500 CPU @ 3.40GHz
CPU type:	Intel Coffeelake processor
CPU clock:	3.41 GHz
--------------------------------------------------------------------------------
N = 9000
Tempo médio op1 (CG iteração): 0.16882772 ms
Tempo op2 (resíduo): 0.44573501 ms
--------------------------------------------------------------------------------
Region op1, Group 1: L3
+-------------------+----------+
|    Region Info    |  Core 0  |
+-------------------+----------+
| RDTSC Runtime [s] | 0.003633 |
|     call count    |        1 |
+-------------------+----------+

+-----------------------+---------+----------+
|         Event         | Counter |  Core 0  |
+-----------------------+---------+----------+
|   INSTR_RETIRED_ANY   |  FIXC0  |  9479077 |
| CPU_CLK_UNHALTED_CORE |  FIXC1  |  6341359 |
|  CPU_CLK_UNHALTED_REF |  FIXC2  | 12086610 |
|    L2_LINES_IN_ALL    |   PMC0  |   757555 |
|     L2_TRANS_L2_WB    |   PMC1  |   227797 |
+-----------------------+---------+----------+

+-------------------------------+------------+
|             Metric            |   Core 0   |
+-------------------------------+------------+
|      Runtime (RDTSC) [s]      |     0.0036 |
|      Runtime unhalted [s]     |     0.0019 |
|          Clock [MHz]          |  1787.3280 |
|              CPI              |     0.6690 |
|  L3 load bandwidth [MBytes/s] | 13345.4593 |
|  L3 load data volume [GBytes] |     0.0485 |
| L3 evict bandwidth [MBytes/s] |  4012.9834 |
| L3 evict data volume [GBytes] |     0.0146 |
|    L3 bandwidth [MBytes/s]    | 17358.4427 |
|    L3 data volume [GBytes]    |     0.0631 |
+-------------------------------+------------+

Region op2, Group 1: L3
+-------------------+----------+
|    Region Info    |  Core 0  |
+-------------------+----------+
| RDTSC Runtime [s] | 0.000089 |
|     call count    |        1 |
+-------------------+----------+

+-----------------------+---------+--------+
|         Event         | Counter | Core 0 |
+-----------------------+---------+--------+
|   INSTR_RETIRED_ANY   |  FIXC0  | 240478 |
| CPU_CLK_UNHALTED_CORE |  FIXC1  | 187199 |
|  CPU_CLK_UNHALTED_REF |  FIXC2  | 319500 |
|    L2_LINES_IN_ALL    |   PMC0  |  28507 |
|     L2_TRANS_L2_WB    |   PMC1  |   5181 |
+-----------------------+---------+--------+

+-------------------------------+------------+
|             Metric            |   Core 0   |
+-------------------------------+------------+
|      Runtime (RDTSC) [s]      |     0.0001 |
|      Runtime unhalted [s]     |     0.0001 |
|          Clock [MHz]          |  1995.9934 |
|              CPI              |     0.7784 |
|  L3 load bandwidth [MBytes/s] | 20513.4432 |
|  L3 load data volume [GBytes] |     0.0018 |
| L3 evict bandwidth [MBytes/s] |  3728.2123 |
| L3 evict data volume [GBytes] |     0.0003 |
|    L3 bandwidth [MBytes/s]    | 24241.6556 |
|    L3 data volume [GBytes]    |     0.0022 |
+-------------------------------+------------+


### versao=v2 grupo=L3 N=10000
--------------------------------------------------------------------------------
CPU name:	Intel(R) Core(TM) i5-7500 CPU @ 3.40GHz
CPU type:	Intel Coffeelake processor
CPU clock:	3.41 GHz
--------------------------------------------------------------------------------
N = 10000
Tempo médio op1 (CG iteração): 0.19746004 ms
Tempo op2 (resíduo): 0.46070299 ms
--------------------------------------------------------------------------------
Region op1, Group 1: L3
+-------------------+----------+
|    Region Info    |  Core 0  |
+-------------------+----------+
| RDTSC Runtime [s] | 0.004326 |
|     call count    |        1 |
+-------------------+----------+

+-----------------------+---------+----------+
|         Event         | Counter |  Core 0  |
+-----------------------+---------+----------+
|   INSTR_RETIRED_ANY   |  FIXC0  | 10528230 |
| CPU_CLK_UNHALTED_CORE |  FIXC1  |  7525539 |
|  CPU_CLK_UNHALTED_REF |  FIXC2  | 14697280 |
|    L2_LINES_IN_ALL    |   PMC0  |  1079047 |
|     L2_TRANS_L2_WB    |   PMC1  |   353651 |
+-----------------------+---------+----------+

+-------------------------------+------------+
|             Metric            |   Core 0   |
+-------------------------------+------------+
|      Runtime (RDTSC) [s]      |     0.0043 |
|      Runtime unhalted [s]     |     0.0022 |
|          Clock [MHz]          |  1745.0093 |
|              CPI              |     0.7148 |
|  L3 load bandwidth [MBytes/s] | 15961.9054 |
|  L3 load data volume [GBytes] |     0.0691 |
| L3 evict bandwidth [MBytes/s] |  5231.4161 |
| L3 evict data volume [GBytes] |     0.0226 |
|    L3 bandwidth [MBytes/s]    | 21193.3214 |
|    L3 data volume [GBytes]    |     0.0917 |
+-------------------------------+------------+

Region op2, Group 1: L3
+-------------------+----------+
|    Region Info    |  Core 0  |
+-------------------+----------+
| RDTSC Runtime [s] | 0.000110 |
|     call count    |        1 |
+-------------------+----------+

+-----------------------+---------+--------+
|         Event         | Counter | Core 0 |
+-----------------------+---------+--------+
|   INSTR_RETIRED_ANY   |  FIXC0  | 266658 |
| CPU_CLK_UNHALTED_CORE |  FIXC1  | 229149 |
|  CPU_CLK_UNHALTED_REF |  FIXC2  | 391352 |
|    L2_LINES_IN_ALL    |   PMC0  |  42359 |
|     L2_TRANS_L2_WB    |   PMC1  |  11556 |
+-----------------------+---------+--------+

+-------------------------------+------------+
|             Metric            |   Core 0   |
+-------------------------------+------------+
|      Runtime (RDTSC) [s]      |     0.0001 |
|      Runtime unhalted [s]     |     0.0001 |
|          Clock [MHz]          |  1995.4806 |
|              CPI              |     0.8593 |
|  L3 load bandwidth [MBytes/s] | 24574.0164 |
|  L3 load data volume [GBytes] |     0.0027 |
| L3 evict bandwidth [MBytes/s] |  6704.0613 |
| L3 evict data volume [GBytes] |     0.0007 |
|    L3 bandwidth [MBytes/s]    | 31278.0777 |
|    L3 data volume [GBytes]    |     0.0035 |
+-------------------------------+------------+


### versao=v2 grupo=L3 N=20000
--------------------------------------------------------------------------------
CPU name:	Intel(R) Core(TM) i5-7500 CPU @ 3.40GHz
CPU type:	Intel Coffeelake processor
CPU clock:	3.41 GHz
--------------------------------------------------------------------------------
N = 20000
Tempo médio op1 (CG iteração): 0.27000868 ms
Tempo op2 (resíduo): 0.39721599 ms
--------------------------------------------------------------------------------
Region op1, Group 1: L3
+-------------------+----------+
|    Region Info    |  Core 0  |
+-------------------+----------+
| RDTSC Runtime [s] | 0.005814 |
|     call count    |        1 |
+-------------------+----------+

+-----------------------+---------+----------+
|         Event         | Counter |  Core 0  |
+-----------------------+---------+----------+
|   INSTR_RETIRED_ANY   |  FIXC0  | 21028250 |
| CPU_CLK_UNHALTED_CORE |  FIXC1  | 17000690 |
|  CPU_CLK_UNHALTED_REF |  FIXC2  | 19493620 |
|    L2_LINES_IN_ALL    |   PMC0  |  3069482 |
|     L2_TRANS_L2_WB    |   PMC1  |  1010704 |
+-----------------------+---------+----------+

+-------------------------------+------------+
|             Metric            |   Core 0   |
+-------------------------------+------------+
|      Runtime (RDTSC) [s]      |     0.0058 |
|      Runtime unhalted [s]     |     0.0050 |
|          Clock [MHz]          |  2972.1453 |
|              CPI              |     0.8085 |
|  L3 load bandwidth [MBytes/s] | 33789.7848 |
|  L3 load data volume [GBytes] |     0.1964 |
| L3 evict bandwidth [MBytes/s] | 11126.1348 |
| L3 evict data volume [GBytes] |     0.0647 |
|    L3 bandwidth [MBytes/s]    | 44915.9196 |
|    L3 data volume [GBytes]    |     0.2611 |
+-------------------------------+------------+

Region op2, Group 1: L3
+-------------------+----------+
|    Region Info    |  Core 0  |
+-------------------+----------+
| RDTSC Runtime [s] | 0.000166 |
|     call count    |        1 |
+-------------------+----------+

+-----------------------+---------+--------+
|         Event         | Counter | Core 0 |
+-----------------------+---------+--------+
|   INSTR_RETIRED_ANY   |  FIXC0  | 528525 |
| CPU_CLK_UNHALTED_CORE |  FIXC1  | 513668 |
|  CPU_CLK_UNHALTED_REF |  FIXC2  | 548262 |
|    L2_LINES_IN_ALL    |   PMC0  | 102970 |
|     L2_TRANS_L2_WB    |   PMC1  |  32136 |
+-----------------------+---------+--------+

+-------------------------------+------------+
|             Metric            |   Core 0   |
+-------------------------------+------------+
|      Runtime (RDTSC) [s]      |     0.0002 |
|      Runtime unhalted [s]     |     0.0002 |
|          Clock [MHz]          |  3192.9370 |
|              CPI              |     0.9719 |
|  L3 load bandwidth [MBytes/s] | 39664.6780 |
|  L3 load data volume [GBytes] |     0.0066 |
| L3 evict bandwidth [MBytes/s] | 12378.9851 |
| L3 evict data volume [GBytes] |     0.0021 |
|    L3 bandwidth [MBytes/s]    | 52043.6631 |
|    L3 data volume [GBytes]    |     0.0086 |
+-------------------------------+------------+


