
==============================
N=32
==============================
--------------------------------------------------------------------------------
CPU name:	Intel(R) Core(TM) i7-4770 CPU @ 3.40GHz
CPU type:	Intel Core Haswell processor
CPU clock:	3.39 GHz
--------------------------------------------------------------------------------
N = 32
Tempo médio op1 (CG iteração): 0.0090065193 ms
Tempo op2 (resíduo): 0.18625402 ms
32
1.802875492325259 1.509522897519966 11.99040571806742 0.7904641181325915 2.460208396096906 -1.332944121922416 -0.3768987691124993 3.698943334138691 0.05898211893433941 2.512427163066481 1.083048112163639 0.2022418953679256 0.825758925687095 -2.380497872575777 0.9302510374467836 29.33420936225313 0.8473601834587429 -9.255885579633857 12.49698207139077 0.6040121441645304 2.077791158022082 0.8664606594546722 5.51795470497269 0.4698830260823506 -2.628109117415752 0.2953487705259216 4.50070935210372 1.727376243094649 0.880993315141533 -0.001397121455946177 1.165223186035164 1.268665379372848
4.5686087e-06
4.3484758e-05
0.031495929
0.0090065193
0.18625402
--------------------------------------------------------------------------------
Region op1, Group 1: FLOPS_AVX
+-------------------+----------+
|    Region Info    |  Core 0  |
+-------------------+----------+
| RDTSC Runtime [s] | 0.000017 |
|     call count    |        1 |
+-------------------+----------+

+-----------------------+---------+--------+
|         Event         | Counter | Core 0 |
+-----------------------+---------+--------+
|   INSTR_RETIRED_ANY   |  FIXC0  | 112066 |
| CPU_CLK_UNHALTED_CORE |  FIXC1  |  69061 |
|  CPU_CLK_UNHALTED_REF |  FIXC2  |  67184 |
|     AVX_INSTS_CALC    |   PMC0  |  14267 |
+-----------------------+---------+--------+

+----------------------+--------------+
|        Metric        |    Core 0    |
+----------------------+--------------+
|  Runtime (RDTSC) [s] | 1.684437e-05 |
| Runtime unhalted [s] | 2.035930e-05 |
|      Clock [MHz]     |    3486.8797 |
|          CPI         |       0.6163 |
|   Packed SP MFLOP/s  |    6775.9139 |
|   Packed DP MFLOP/s  |    3387.9569 |
+----------------------+--------------+

Region op2, Group 1: FLOPS_AVX
+-------------------+----------+
|    Region Info    |  Core 0  |
+-------------------+----------+
| RDTSC Runtime [s] | 0.000002 |
|     call count    |        1 |
+-------------------+----------+

+-----------------------+---------+--------+
|         Event         | Counter | Core 0 |
+-----------------------+---------+--------+
|   INSTR_RETIRED_ANY   |  FIXC0  |   7343 |
| CPU_CLK_UNHALTED_CORE |  FIXC1  |  12708 |
|  CPU_CLK_UNHALTED_REF |  FIXC2  |  12376 |
|     AVX_INSTS_CALC    |   PMC0  |    554 |
+-----------------------+---------+--------+

+----------------------+--------------+
|        Metric        |    Core 0    |
+----------------------+--------------+
|  Runtime (RDTSC) [s] | 1.525303e-06 |
| Runtime unhalted [s] | 3.746340e-06 |
|      Clock [MHz]     |    3483.1074 |
|          CPI         |       1.7306 |
|   Packed SP MFLOP/s  |    2905.6522 |
|   Packed DP MFLOP/s  |    1452.8261 |
+----------------------+--------------+


==============================
N=64
==============================
--------------------------------------------------------------------------------
CPU name:	Intel(R) Core(TM) i7-4770 CPU @ 3.40GHz
CPU type:	Intel Core Haswell processor
CPU clock:	3.39 GHz
--------------------------------------------------------------------------------
N = 64
Tempo médio op1 (CG iteração): 0.01089704 ms
Tempo op2 (resíduo): 0.1846149 ms
64
1.802316721528786 1.509869635780798 12.00960561494237 0.7908915937713313 2.452928068600255 -1.344996732169167 -0.3758850859332496 3.705369967804201 0.05828736844098641 2.50551073415093 1.085221142266311 0.211195352304546 0.8250633517651139 -2.402635378499004 0.9340035641471722 29.64550589518536 0.8134308537269239 -9.405085215081384 12.92871056900999 0.5936424410187217 1.898735085865389 0.7904674797058344 5.540995124739311 0.4704029118018563 -2.382452781283963 0.3063362558456144 4.538399591059992 1.732556391297179 0.4327465342294234 0.4232605150904675 -0.08408608086177299 7.465717833128581 2.549388691600467 4.133793058874655 0.05716959268493058 5.205510416830703 0.9549935120741946 2.027473607097866 0.6271597136697339 2.699642080368552 -0.0233217724793318 0.4578084628382265 -0.1016206995429465 4.375912480054978 5.330590449304674 11.83638018674049 -1.155936608632687 -6.048955402439037 1.200522123899208 5.449283238873153 -3.100754369627887 6.28474577220101 -25.97466719635667 46.64618818717566 -0.725332439049966 6.556228986730249 -0.9629829521771759 1.618184295683254 0.8225766684426647 2.320373619433428 8.225032544232336 0.6561864190150452 2.415745008063937 1.294572678510319
0.19268289
1.0616896
0.249511
0.01089704
0.1846149
--------------------------------------------------------------------------------
Region op1, Group 1: FLOPS_AVX
+-------------------+----------+
|    Region Info    |  Core 0  |
+-------------------+----------+
| RDTSC Runtime [s] | 0.000065 |
|     call count    |        1 |
+-------------------+----------+

+-----------------------+---------+--------+
|         Event         | Counter | Core 0 |
+-----------------------+---------+--------+
|   INSTR_RETIRED_ANY   |  FIXC0  | 367666 |
| CPU_CLK_UNHALTED_CORE |  FIXC1  | 235325 |
|  CPU_CLK_UNHALTED_REF |  FIXC2  | 228480 |
|     AVX_INSTS_CALC    |   PMC0  |  54067 |
+-----------------------+---------+--------+

+----------------------+-----------+
|        Metric        |   Core 0  |
+----------------------+-----------+
|  Runtime (RDTSC) [s] |    0.0001 |
| Runtime unhalted [s] |    0.0001 |
|      Clock [MHz]     | 3493.7366 |
|          CPI         |    0.6401 |
|   Packed SP MFLOP/s  | 6699.0051 |
|   Packed DP MFLOP/s  | 3349.5025 |
+----------------------+-----------+

Region op2, Group 1: FLOPS_AVX
+-------------------+----------+
|    Region Info    |  Core 0  |
+-------------------+----------+
| RDTSC Runtime [s] | 0.000003 |
|     call count    |        1 |
+-------------------+----------+

+-----------------------+---------+--------+
|         Event         | Counter | Core 0 |
+-----------------------+---------+--------+
|   INSTR_RETIRED_ANY   |  FIXC0  |  17133 |
| CPU_CLK_UNHALTED_CORE |  FIXC1  |  17271 |
|  CPU_CLK_UNHALTED_REF |  FIXC2  |  16830 |
|     AVX_INSTS_CALC    |   PMC0  |   2114 |
+-----------------------+---------+--------+

+----------------------+--------------+
|        Metric        |    Core 0    |
+----------------------+--------------+
|  Runtime (RDTSC) [s] | 2.913821e-06 |
| Runtime unhalted [s] | 5.091517e-06 |
|      Clock [MHz]     |    3480.9970 |
|          CPI         |       1.0081 |
|   Packed SP MFLOP/s  |    5804.0628 |
|   Packed DP MFLOP/s  |    2902.0314 |
+----------------------+--------------+


==============================
N=128
==============================
--------------------------------------------------------------------------------
CPU name:	Intel(R) Core(TM) i7-4770 CPU @ 3.40GHz
CPU type:	Intel Core Haswell processor
CPU clock:	3.39 GHz
--------------------------------------------------------------------------------
N = 128
Tempo médio op1 (CG iteração): 0.021418719 ms
Tempo op2 (resíduo): 0.20070302 ms
128
1.812129629822073 1.542405484666644 11.81292495156112 0.789190703052457 2.464407802619 -1.276904116259386 -0.39478783203064 3.670338362397685 0.04907468201230866 2.511192125668037 1.065967968032713 0.2152269451658993 0.8332286309777451 -2.363054570312894 0.9089633639142439 28.77667712171148 0.987561356457031 -8.916677351790311 10.56958580332338 0.7154610777519245 2.731463503411635 1.014642357718375 5.477833202664158 0.4569303594685196 -2.053945999752067 0.2878530608654196 4.558141874621438 1.716674613839943 0.4382920200147907 0.4445457982445605 -0.08129292090800945 7.45542977865481 2.54799082623286 4.167350998073533 0.05892009734293448 5.210562499257466 0.9622755085271945 2.033096650628018 0.6299038564978339 2.700559040106825 -0.01337418586102184 0.4646753984495084 -0.050931150130568 4.371674040672685 5.256706807449722 10.4571867669002 -1.156595349365503 -4.490056027927838 1.088889413517663 4.998072613771885 -2.604685049488876 6.047677880317537 -23.14305818829147 40.67985391055421 -0.4058130069109112 7.456045295654629 -0.6005222881621948 1.571316287463256 0.7083944946174683 2.219218722115309 7.82682815165248 1.460885187603149 3.058494893496323 3.505956581365619 -0.1383385258830697 -0.1252220599957558 0.03870511406889972 2.6864634842275 -0.8660175860036999 0.5852166516106958 2.134385277067308 2.482843120490533 -0.4248681948142251 0.4578914159836484 1.22333992424999 5.530778157828636 1.696534413499763 0.1163040963882832 2.518734728601358 -0.1864134208742556 -0.9840767987540878 -0.06343301926784058 8.490157058562495 -1.488826604037618 -0.7492170884064231 11.1841707427474 3.361287205136015 1.034610010847568 -2.052279822489838 2.848613055538685 0.8156934541749428 0.7792697616140869 2.901487539069834 1.557045321938234 10.86263340432239 1.08548108793907 0.2294370704167356 5.728178287114964 4.539148153580335 1.651236059676218 0.3057151409252418 2.756201084347686 -3.706093038888048 2.099373656424119 0.5993966939465021 0.7506846624938268 1.229624459391143 -1.60559029009582 0.05377013439675335 -0.7002249028490721 43.17751254899895 -3.003925818677726 0.6881939056631371 0.4665268899227675 2.414052100640846 2.976048502474793 2.154206631884749 -0.01543398360873164 9.20410012808796 1.813441966591781 -40.82841149057325 -9.438533872791314 103.8456281077358 0.3984737756666819 -0.9958068979043572 -7.767944165568744 1.169948627673835 26.75630936785005
1.3850996
9.9273402
2.7443131
0.021418719
0.20070302
--------------------------------------------------------------------------------
Region op1, Group 1: FLOPS_AVX
+-------------------+----------+
|    Region Info    |  Core 0  |
+-------------------+----------+
| RDTSC Runtime [s] | 0.000288 |
|     call count    |        1 |
+-------------------+----------+

+-----------------------+---------+---------+
|         Event         | Counter |  Core 0 |
+-----------------------+---------+---------+
|   INSTR_RETIRED_ANY   |  FIXC0  | 1339666 |
| CPU_CLK_UNHALTED_CORE |  FIXC1  | 1016984 |
|  CPU_CLK_UNHALTED_REF |  FIXC2  |  987972 |
|     AVX_INSTS_CALC    |   PMC0  |  210467 |
+-----------------------+---------+---------+

+----------------------+-----------+
|        Metric        |   Core 0  |
+----------------------+-----------+
|  Runtime (RDTSC) [s] |    0.0003 |
| Runtime unhalted [s] |    0.0003 |
|      Clock [MHz]     | 3491.7218 |
|          CPI         |    0.7591 |
|   Packed SP MFLOP/s  | 5854.8927 |
|   Packed DP MFLOP/s  | 2927.4464 |
+----------------------+-----------+

Region op2, Group 1: FLOPS_AVX
+-------------------+----------+
|    Region Info    |  Core 0  |
+-------------------+----------+
| RDTSC Runtime [s] | 0.000012 |
|     call count    |        1 |
+-------------------+----------+

+-----------------------+---------+--------+
|         Event         | Counter | Core 0 |
+-----------------------+---------+--------+
|   INSTR_RETIRED_ANY   |  FIXC0  |  55274 |
| CPU_CLK_UNHALTED_CORE |  FIXC1  |  51119 |
|  CPU_CLK_UNHALTED_REF |  FIXC2  |  49674 |
|     AVX_INSTS_CALC    |   PMC0  |   8306 |
+-----------------------+---------+--------+

+----------------------+--------------+
|        Metric        |    Core 0    |
+----------------------+--------------+
|  Runtime (RDTSC) [s] | 1.224901e-05 |
| Runtime unhalted [s] | 1.506996e-05 |
|      Clock [MHz]     |    3490.7871 |
|          CPI         |       0.9248 |
|   Packed SP MFLOP/s  |    5424.7649 |
|   Packed DP MFLOP/s  |    2712.3825 |
+----------------------+--------------+


==============================
N=256
==============================
--------------------------------------------------------------------------------
CPU name:	Intel(R) Core(TM) i7-4770 CPU @ 3.40GHz
CPU type:	Intel Core Haswell processor
CPU clock:	3.39 GHz
--------------------------------------------------------------------------------
N = 256
Tempo médio op1 (CG iteração): 0.063040323 ms
Tempo op2 (resíduo): 0.237975 ms
256
1.815240308058135 1.577058375519238 11.55560114385352 0.806548835503436 2.508506606931808 -1.095200444820321 -0.423048759649437 3.620326559654407 0.07577690871243252 2.544444302195835 1.088430584590972 0.1445559249450658 0.8432897172655781 -2.286834323599973 0.9253881928474196 27.56155705249115 1.056756868898723 -8.531651671871305 9.949550460962666 0.6639740707668605 3.486172742390926 1.053304855612166 5.419888684516081 0.4525712235180819 -1.910914952539343 0.2908250899760431 4.484020832733341 1.6960175637317 0.4450772447001873 0.4400623895610633 -0.07242031499879382 7.459917620299438 2.527106063516543 4.125813688217017 0.06418451467793615 5.208829983503536 0.9545678344708568 2.010066969511191 0.6261527757631048 2.685696566207963 -0.02437008875344886 0.4696911019252138 -0.02277156669036368 4.325058907261746 5.1984956132083 9.608838446345997 -1.15021787776326 -3.465048258243773 1.002027488438164 4.76326517596502 -2.414147185486253 5.860689656202931 -21.69258056073664 38.03337040373461 -0.24359735308656 7.825724330442157 -0.3933301674649782 1.545451283647758 0.6771716294536193 2.213730652244418 7.775916043421735 1.441160191789156 3.073819491435869 3.531578853205644 -0.1310935869998918 -0.1065381453884597 0.04197505573004776 2.727664388707216 -0.6650170346876944 0.569887019257053 2.133622802994735 2.488928340426562 -0.3961831352129047 0.4738323437379183 1.213754430065267 5.555131720956305 1.713839424659636 0.1071004319585742 2.514355970706804 -0.2179895867934717 -1.032920255770938 -0.08707173613403427 8.516638914576518 -1.519232483379348 -0.7808913779866942 11.4065771542668 3.37763823373138 1.077117634305168 -2.169989961925128 2.872320733177974 0.6913926510840573 0.7982743300055944 2.873968717105417 1.584176363293481 10.98767059726852 1.101386854278515 0.1612807415764778 5.648327540831241 4.453343095918477 1.624392854638377 0.2994493856884016 2.905242074126339 -3.812879999792384 2.082276727942338 0.6281272969850942 0.7731027469980494 1.248307198932038 -1.834163341083083 -0.02085025578930735 -0.8991900066680242 46.78221154744394 -3.613681669204449 0.6491183385227309 0.3936038502249681 2.56982652774165 2.918030882705156 2.098744616911145 -0.0454736104231323 9.217328742127419 1.786811098839299 -40.94890832624257 -9.537118838541588 103.4870172419979 0.3798596717625302 0.3432650911632563 -7.568911470391048 1.025496827199932 4.31094917061718 3.144136996982726 -0.583778001486714 -0.6783392873923543 3.255968937918494 7.100362024144969 13.97729635023722 0.9433663455609851 6.03725572824794 -0.3494031691679041 0.0964339842075137 3.707301719868917 2.98446370840233 -0.1828526519112864 -1.090346521899858 0.4418878057545724 -0.2048653664502479 14.5103945727333 -0.3645175460493068 13.71179686865912 -1.931786819723923 -0.08829455992388924 1.206610434123065 0.6688511467439067 -0.4966129049774403 10.69775911350587 -1.218857912778052 21.96547298015028 0.05221108212479744 -1.254066157612787 1.584216308247308 1.424971676049445 2.365694765441857 -3.44878227597845 0.7207525029916201 -6.209944321895392 64.03143818299939 -3.648205562366157 -0.01189505031511787 -19.73155333947147 5.387674519027711 0.7806276945323087 3.709467185276694 10.1538281236633 0.3125179279763567 0.1826507530484244 -1.353167113416539 4.906265909346226 0.05627844342232766 1.710705734026841 3.466857985054824 0.9925231179463956 1.627718772747369 0.8126589087970674 1.856307003063416 1.149764022916958 -0.2815760763543049 1.066805008173829 1.263649048352215 1.302745733426166 3.059069141268274 2.136447199403885 1.476300388956076 3.492293875333385 4.154202795938744 -7.880344374930982 0.9575859394482678 -0.2364240855340048 6.456107778074947 -0.03226983326428622 3.276366669872778 0.2456639861670228 1.119341436817674 2.938279864002672 1.532028381402136 -2.459694275897375 4.108964120202597 0.9153223596435772 7.082686995759499 -0.6785796791503964 1.207166651444442 7.094622583088096 2.969692072763547 0.2879096015277599 1.185154176599105 1.636249264846595 2.106946366158082 0.4549236850149559 -0.3303540285691295 1.418883485813318 11.8358714455973 -0.7011436688934878 0.8092627662455623 4.975919233980338 1.283671024013533 0.4668557782962083 -1.598796866706609 3.563141691061072 20.12159515107387 -1.717754033398233 -2.744415086574981 -2.886211826767465 24.9365285467955 1.29269475005757 4.182634597806432 -4.338717659851973 -6.363735811438657 6.483302758417946 0.804795118480028 0.2541583222669262 2.001068247231289 0.3579823577350721 0.7823823328132439 0.458637581832339 0.6595686373676635 1.447524350306638 -0.9086678889630102 7.74182259531233 -0.5714032756297689 7.206562109021175 3.232876110139425 18.06348991305628 -35.36661356851191 5.072034187323094 3.089407241052508 3.270885425990527 -0.09289624605258563 2.192163581839871 1.453230913505783
2.5310236
17.265898
44.843508
0.063040323
0.237975
--------------------------------------------------------------------------------
Region op1, Group 1: FLOPS_AVX
+-------------------+----------+
|    Region Info    |  Core 0  |
+-------------------+----------+
| RDTSC Runtime [s] | 0.001299 |
|     call count    |        1 |
+-------------------+----------+

+-----------------------+---------+---------+
|         Event         | Counter |  Core 0 |
+-----------------------+---------+---------+
|   INSTR_RETIRED_ANY   |  FIXC0  | 5126867 |
| CPU_CLK_UNHALTED_CORE |  FIXC1  | 4525456 |
|  CPU_CLK_UNHALTED_REF |  FIXC2  | 4396132 |
|     AVX_INSTS_CALC    |   PMC0  |  830467 |
+-----------------------+---------+---------+

+----------------------+-----------+
|        Metric        |   Core 0  |
+----------------------+-----------+
|  Runtime (RDTSC) [s] |    0.0013 |
| Runtime unhalted [s] |    0.0013 |
|      Clock [MHz]     | 3491.8973 |
|          CPI         |    0.8827 |
|   Packed SP MFLOP/s  | 5116.2018 |
|   Packed DP MFLOP/s  | 2558.1009 |
+----------------------+-----------+

Region op2, Group 1: FLOPS_AVX
+-------------------+----------+
|    Region Info    |  Core 0  |
+-------------------+----------+
| RDTSC Runtime [s] | 0.000051 |
|     call count    |        1 |
+-------------------+----------+

+-----------------------+---------+--------+
|         Event         | Counter | Core 0 |
+-----------------------+---------+--------+
|   INSTR_RETIRED_ANY   |  FIXC0  | 204920 |
| CPU_CLK_UNHALTED_CORE |  FIXC1  | 187867 |
|  CPU_CLK_UNHALTED_REF |  FIXC2  | 182444 |
|     AVX_INSTS_CALC    |   PMC0  |  32979 |
+-----------------------+---------+--------+

+----------------------+-----------+
|        Metric        |   Core 0  |
+----------------------+-----------+
|  Runtime (RDTSC) [s] |    0.0001 |
| Runtime unhalted [s] |    0.0001 |
|      Clock [MHz]     | 3492.9370 |
|          CPI         |    0.9168 |
|   Packed SP MFLOP/s  | 5176.7850 |
|   Packed DP MFLOP/s  | 2588.3925 |
+----------------------+-----------+


==============================
N=512
==============================
--------------------------------------------------------------------------------
CPU name:	Intel(R) Core(TM) i7-4770 CPU @ 3.40GHz
CPU type:	Intel Core Haswell processor
CPU clock:	3.39 GHz
--------------------------------------------------------------------------------
Failed to execute command: /home/bcc/rrk24/ICC_trabalho/T3/v1/cgSolver
--------------------------------------------------------------------------------
Marker API result file does not exist. This may happen if the application has not called LIKWID_MARKER_CLOSE.
Erro ao medir FLOPS_AVX para N=512

==============================
N=1000
==============================
--------------------------------------------------------------------------------
CPU name:	Intel(R) Core(TM) i7-4770 CPU @ 3.40GHz
CPU type:	Intel Core Haswell processor
CPU clock:	3.39 GHz
--------------------------------------------------------------------------------
N = 1000
Tempo médio op1 (CG iteração): 1.221085 ms
Tempo op2 (resíduo): 1.3050549 ms
1000
1.792746678604499 1.552597111291441 11.87821471990362 0.8052671186930802 2.520842694915154 -1.213574185829398 -0.3714816747038668 3.627262377144401 0.06978050064970978 2.534311914831638 1.086599312505454 0.1063228615779153 0.8392290806272165 -2.108296362215671 0.9388383927504734 25.51018949512954 1.138067415470474 -7.77529050874682 9.061183925693625 0.5192432767009381 4.085751913526584 1.006698655907268 5.172500910607254 0.4289344662218681 -0.8807663886618861 0.2960855056628591 4.357832111033182 1.624335419009066 0.4623857554802629 0.4040589093040665 -0.08005474761530419 7.554137453608623 2.575156821707645 4.083149511081838 0.05946177395374258 5.319900096941505 0.9527739006859237 2.034427198980035 0.6226879045076306 2.698148186330805 -0.03002603186377588 0.4462763256684599 0.004165579964076686 4.480968550447121 5.345345729012555 8.16845521454785 -1.216823850693286 -2.266578956403519 0.9286023297514483 4.502531474019016 -2.068388419150835 5.78371478721054 -20.00974844626995 34.29127729205657 -0.06075126071572192 8.346874136729591 -0.1898138476531013 1.503474174599488 0.6196958919370988 2.171144243480875 7.812238688626575 1.454286572362419 3.08061214780656 3.668035484561033 -0.1488597279814015 -0.1276438590527648 0.03122134705274214 2.703848427089115 -0.8503827417839191 0.5824386987684629 2.152220118621383 2.498101356803463 -0.4357118531859162 0.4402820437977139 1.231969040344587 5.610054154462916 1.696025170783615 0.08537588228269778 2.503808375919861 -0.1878820264248136 -0.9712202887489449 -0.08603459978326101 8.524479535003358 -1.526419089191449 -0.7571937852205113 11.20182330793241 3.409731807567796 1.094755255067869 -2.116059068035048 2.883516786563941 0.6609406900237402 0.7674122762310686 2.835636620955829 1.57913880308829 10.94143765682134 1.088640313835913 0.1871111012100458 5.632903496631287 4.579721907806247 1.694844073791617 0.306557005194301 2.776083130448969 -4.470235062733726 2.138113923214554 0.6561550978344569 0.8274857138422167 1.226674916017218 -1.887065344204123 -0.05195352407755606 -0.9565845650283924 47.5716643397067 -3.777502385588434 0.6362907427117983 0.3833399232482517 2.728749904695788 2.882681819267856 2.235938510118603 0.04204949966855328 8.449244024684766 1.956803122090386 -36.80512028558707 -8.686041552572632 94.44829233969588 0.4430682434171632 0.3539060279323434 -6.841034187158211 1.001205263278352 4.150147587587784 3.084232660201157 -0.5568337159775673 -0.715268419044496 3.316901458422619 7.016872699049039 14.08447669041364 0.9144237907621148 6.00296888436106 -0.347064185177241 0.1245693349495341 3.717313659719462 2.999544482600851 -0.1723633984850403 -1.110843843080707 0.4176916952346144 -0.2193701047597151 14.84810724658174 -0.3597132970106502 13.34464321803962 -1.872539979652034 -0.1437500151709845 1.207254414964417 0.6926089915104842 -0.4959627790777933 10.7713109843678 -1.228712494281024 22.04736946830841 0.05204439940990563 -1.297486597111128 1.569366425083991 1.4300515401024 2.313015110590087 -3.144012555281077 0.6883722741477174 -5.37448326584911 60.23630688574396 -3.34174779615962 -0.02933415904069368 -17.11285244275671 4.889384754601164 0.7180078768027489 2.833466068868198 10.45693624450355 0.4513210148137904 0.1656776495815057 -1.409945646065063 4.894777489063468 0.06726458495467247 1.693210806694713 3.483357120709915 1.04031660343096 1.628046674494991 0.8069344859056987 1.860125129585982 1.170535102873805 -0.2286119157718521 1.091149717134612 1.281809871096782 1.300806735036547 3.047075590824601 2.19312677517442 1.424912844356774 3.28855457543788 4.04314445495221 -6.202245619869417 0.8317116939085315 -0.3203497778698414 6.101444211159571 0.03860173682910299 3.455640518089948 0.2351024892072326 1.111832700238176 2.924176358743081 1.542972420212174 -2.459539962563112 3.979379668909177 0.8885119277099963 6.799541628388408 0.2166267387848359 1.188588422149839 6.350102391482054 2.94543142174884 0.2932966027854305 1.206606196495991 1.621775758603505 2.129995314078811 0.5014213609064015 -0.3378161418692538 1.375768084591646 11.84757668061684 -0.7334577787730124 0.8038183354152882 4.91966326306087 1.305228469456374 0.4085365099222329 -1.745730067047794 3.559193883328131 20.66845228482048 -1.662799599462732 -2.63325840420594 -2.756430380470559 23.76984955187362 1.300273844210326 4.322146909521383 -4.175460048995193 -5.736512826323087 6.28512392610696 0.7746451006551296 0.2489683164829415 1.930317535925817 0.422625469239957 0.8002395698582794 0.4967897326758379 0.6250189707176342 1.440789753171362 -0.7519583226096943 7.416086000754071 -0.340912160627713 5.96416314693257 3.258945477793486 17.78353444781461 -31.71781052572388 4.632542827407699 2.833625711086516 2.982614517372818 -0.2312856333193133 1.148928723484753 3.502893102304237 0.7641396996252418 0.8838816280693005 0.660786662925365 1.206847521474291 2.091401453662206 0.7298141637277925 3.503521216936265 -0.7101949731422159 2.500545521245184 -0.05359508745242775 7.524849178843466 0.06740425365110891 0.7233005871650823 -1.219524482204733 14.82281835755766 -1.089389277803789 6.577729402853988 9.87424108169126 1.923171791928821 -0.8149984759261708 -5.495688521820086 -0.2654836349522412 18.90311577048926 0.7538372423354076 -1.466813551361416 0.565859974669785 0.416547274706683 -0.172056457438493 -8.36040530668599 1.09161218103058 31.28819367758521 1.359874928603737 1.112324029724621 -0.43752032111986 1.506483808182379 1.69133966218816 -0.1709762100782113 0.08617559713217009 0.8478982007742294 1.48429496176684 1.060022154574844 -0.2518821456970786 -1.941317039934213 0.3690478156879892 1.456115264778865 1.3474955628245 1.290268649657389 0.1375309849357238 1.671074693656411 0.121446806718635 2.695404617441747 1.012970846031384 0.41128484905402 0.3902259852480579 1.215110679530865 0.1562406718276022 0.6570160931407953 0.6327957830463731 1.695377903223402 3.896622123398605 0.5406495786995008 1.234823271398105 0.1941800079785696 1.054650518253181 2.492949870410092 1.913329069362933 1.218209607999016 -0.4393015690427626 0.001786019307937479 1.362417334060642 -0.02642553527551164 2.829773820428238 2.649355464402604 0.4958718300625296 1.187883161421966 1.711105033871444 0.665281035971613 1.273753490154886 1.779596253659837 1.874105183835743 0.3043086470510394 1.409639870437123 9.259887745243187 2.926951784314331 -0.5370542394661739 -0.3191286910883953 2.643759624242907 2.207846065608797 1.786767684195212 -0.5876303690870727 -0.2312438486212541 10.67107654549045 0.179918271147815 1.469239204597183 0.2915970764076957 1.092331694206854 1.911327057088562 1.461578930890536 1.202562294628242 -0.2176254381844181 1.279663068601307 0.875654968579194 2.118314066362621 1.140540758577173 1.789085509593645 1.163982183133434 -4.981802394988032 -3.034552594631124 6.838551611282246 32.20411270981768 0.5477824787120997 -39.71509738349143 0.9639182467046382 11.94837190561238 1.764541411820413 1.479669810542546 0.1117434452887194 4.630306649268905 2.180277927179796 -0.08438099103862637 -0.7831784272067048 2.205297638488415 0.2235149422813215 6.692289193490197 2.127196591469032 0.6777015753632298 0.6906911412445205 1.606366607415334 8.631714555598938 -0.8138909453458782 -12.29558827784489 7.428856333383924 0.963805040595938 2.85942062330999 0.8644380665992688 1.163419088050271 0.8566230599835847 0.6639756988542372 4.286708580187634 0.426969645471327 0.3923395162604327 6.940998061308072 -0.1673159950873882 4.142052109141048 -1.58742148817546 -0.2329581694528663 -0.1868558692601195 0.9642457323230496 4.436707168136271 12.93508681216822 0.4427384852420388 2.027189858319785 -16.72457858616912 -0.0261501512298846 -0.4114302395908167 12.68258960920154 -0.75441806732065 3.163226958853421 2.463226171673195 1.84064966824591 6.70039663827507 3.913925453171388 -0.5412947611311044 2.496001880051867 4.280866796829652 1.60019420616898 1.0474981857735 1.808846029178312 1.151968408161421 -1.953859513415391 0.9837082506531727 6.554771430302625 -1.399822348071595 1.524275969918039 14.33012566687512 4.243592935354519 -0.2909564661984259 0.8167470605763294 3.335682798199978 1.832725263089447 1.795689353670289 5.690681809787987 0.840203717527671 -0.3569995493179403 0.7738198828243932 -0.233248313137778 4.47609725727051 -0.05849534820477304 3.040446696677446 -0.5274853474523917 0.9297365020447883 -0.1222588947496972 4.155227510822889 0.6499340175667806 1.22196639060734 1.084643507954327 4.734670449314631 1.211171254861683 -0.1901948573500499 0.8153965291838776 1.192274568660566 1.360065302250788 4.528208103215883 -9.275101585129367 0.613928611309879 0.291265635741457 3.021613284923936 -0.5512560444471382 5.43925245371728 1.513298730072956 1.408050175347304 0.2228885803719811 9.904356664307759 2.141147702457877 1.272896950481389 -0.5562850249365267 0.461029881986337 1.817912902516645 4.368269417915237 0.5209247506962029 0.9492080302613766 1.64173405523404 1.760369112973337 -0.05636806545968627 2.467795292784003 2.552426508066097 -0.08246079531461144 -1.872753621714115 10.9747116878067 -1.329463029681671 -2.422883491685853 -0.3368789996656921 50.62950765962243 -32.51752392384147 8.601090163875853 -8.621386457702091 13.53388577734177 -2.57158588641396 2.602810641916858 3.289482674326812 -0.7273413507335187 -14.15420037831902 -5.926270195028437 97.92828073898239 1.810743334905532 -33.16132038177764 -4.218507621714214 3.66337626297123 2.595513711734811 0.447203693061989 0.5469648432675979 1.958776138767896 -0.215131594608704 2.824087333133719 2.014279290133384 -0.5325593787544987 -0.0919362844545321 1.695384401354919 9.366005097636789 3.834280619632045 -2.315908543839537 4.184603872533441 0.2366800616839862 -0.05382701274289454 -0.4231000881618641 1.687872127068164 3.205802255237786 4.289496067579438 1.574721314663922 -8.983113369067222 0.9379720657002745 6.132352024077647 2.312835627909676 1.765982880260236 2.126804125396589 -0.4552359541032169 4.419932706620123 3.474669585632095 2.042549670327133 0.3710147640860382 2.304493532850458 2.36603121899574 -0.0278964296170819 -0.3838236915362914 2.293934450655998 2.647602314209454 1.38098354784287 -3.400224874073179 -1.158782108718298 -0.2981389064786547 43.24494763589957 -2.00541667968273 -0.5773411855832683 -3.138529622630069 3.862037685167571 -1.104865022542135 34.89685025301642 1.027490191945549 5.656133005937957 -39.51332375560606 -2.422971310795801 2.718064550748325 56.00721631307876 -5.006023619782645 0.07624645407127291 -4.010758070434354 2.758158827095283 0.8702047774274229 5.348555094057517 2.983955145168027 -1.434384535000801 3.820058766860948 13.01773100377745 0.576451482977354 -49.20603682541078 1.405006989026594 8.935896534589082 13.86511939910067 -87.83759577327955 13.32511113470914 5.853661047191144 39.93544610179627 -5.287620403027756 4.265232241766991 1.639837960553851 3.201255693922056 1.438811537813307 -10.98725340717211 -0.3418652641576166 1.46875629519818 6.525817605385602 1.123390624735746 -6.208578436824172 -2.585763715184575 7.020511195360355 22.88212173632033 1.216493480500643 0.1624311859293808 -0.114911013189833 0.8392986454154022 9.744964433011294 4.307370764442398 1.3130566798626 -0.4452714339757274 -0.1413135224959607 2.326696463499098 1.918519759022233 3.372977322512154 0.9465369885955029 0.04085128961119858 0.5615888050824823 2.468075300789772 2.996011622659845 0.4998770232738957 0.5944654183727019 2.59113313000866 2.375555347242417 2.201435080571799 0.6329618451737368 0.2081315665243797 1.270881458893023 0.3193520818049689 1.826892578596109 1.278897941203971 4.601556375230089 0.4413377181853678 0.3183080156050061 2.123507429144727 0.3528156125645957 1.566004592049439 -1.049685730520463 1.08448459898759 2.669120888816633 1.037843325051262 1.83116709833213 1.596723602683144 1.436439107653034 -0.2349225138952194 -2.419996687096719 0.4361592946345052 12.47320000068924 2.485419236265519 -0.3750036756201083 -0.406528608717744 1.699943368475076 2.532291694063751 0.6165212845397677 0.07288559690611336 1.332515004871514 1.92816762071175 2.895886727868516 -0.2550576600490234 8.401178243169729 -1.940396622344948 -1.122667445772511 1.295467086401036 1.568193063561409 -0.004119023008556676 0.1763872595319519 6.824817044247199 -2.528049073726461 -2.869571452650641 1.388177730463052 41.70468833844655 -0.7994512015946721 -3.440062933147069 1.825612144035066 1.263775043875974 0.9322311026834116 1.437125535183394 -0.2829958825766357 1.048906828575342 4.433332872089161 -0.7571935289212282 5.323022212894093 0.2876381794772609 2.403138777644977 0.03127391217344024 1.666297741311527 -0.1316518290750661 2.977149707696732 0.1058576630524337 -0.4413418405786038 0.04337508978850326 -0.1474791769514839 1.183393508249988 2.736568890757553 1.623693301460378 11.08259206465561 -1.482460658308679 0.5455034723203438 19.98643645362612 -0.8887141088878778 3.442916467829314 -4.774617427599985 0.2948311805638691 0.3416447504746297 -1.896303994761661 4.57137331550599 104.0197260883987 -26.42519956547181 -10.24187263595251 -3.957116193353212 5.339393917117611 0.05574100461644953 6.404276108289989 1.103576666404816 0.1261473853344312 2.150589073314991 0.6948897758138655 2.333009779653254 -0.6469150226220384 0.1575699482501966 1.607821053542811 9.21098464710186 0.8238143026991521 -0.9168636476709874 0.5974142429439679 2.49208035494612 10.17621721167788 0.6112848657758501 0.6611732186719879 5.368236313230035 -2.946311917351265 -9.41782469353347 -1.129278947797063 37.93515680945867 -0.4828341256881591 -2.992912349393778 -19.90660864279798 6.761046107425254 2.096218756834142 -1.821119433795154 -1.16437369712401 1.257554689024096 2.190615101670067 0.4744947844348134 1.073679974329564 7.41118257717851 0.79776181142338 -0.6480912556620346 1.495010961662069 2.643982222582284 17.42970543329377 -0.8563412791995979 -0.3147216033149908 -0.0765052974281666 1.306015531004942 4.393796882033385 0.8458054471314496 6.899804924842941 0.390879161065228 0.3628707961045853 -0.02603137960667666 -0.6792616653077264 2.268280056924544 21.31909274531804 -0.858583522204293 0.7155855533983191 -4.064181665462291 0.2370185208820666 4.856070739116404 0.3961651060752963 3.408033177618356 1.026466967334004 0.6400066189232372 0.2895385989623289 -0.2482621243096108 2.94802983466331 -3.00318691007319 0.78310424553465 4.254148526770212 0.6590530531093288 -0.004827787610623809 0.7315374035032655 0.2546208682229325 1.002422051694658 2.252712870161473 0.1490196414982982 5.912741418511639 0.8506526185886366 1.098083865230123 -0.08985623459980206 3.194740541520432 0.314299879880355 0.09617895846778377 0.2226834478016688 1.64308401731991 5.387651456036814 0.2757158238317143 -18.02045989577424 7.164697362925049 11.71960111091908 0.9635956672199432 -0.8090083011764682 5.463400908124109 1.142204904051957 -2.021132135633268 1.130014158789356 2.291090433038818 0.8238948843942262 2.397525499936489 -0.327331085933198 2.065452354374201 8.259309699392295 4.551982285004711 0.7416698390428342 1.638234666772545 2.349398790110278 2.055029570030316 -0.3844379952832282 1.502703332256748 2.918978955028489 0.5498644370855186 0.9827945906894059 -4.417330074783976 1.481100581102004 1.618131309514082 2.81402335733895 -1.248585342404765 2.685901705708044 -0.473115337141238 1.640926432869773 0.6862584627479307 -0.07359527005369199 3.00845791684209 5.100415553427591 -1.233499456845883 0.07302748840474318 7.248536878845259 1.383860705122553 1.554751504634901 0.1975384300380438 1.712927780157989 0.8733360641738981 4.152404747449931 1.392653928053893 0.1324369292384711 -2.362975625201011 0.5267203241868879 15.14359792187333 4.195058591574761 1.527538257104726 2.338338705475496 -0.2364106065867158 1.262196385313973 0.05956440921880592 4.840144238538454 1.387874830475184 0.4416127076577483 -0.6083220308099552 0.03082685847383984 2.28726539237808 -0.1908587134586247 1.131155574343472 1.889848136457324 3.067534794085371 0.1234624885444565 -2.558588627237937 0.01023850137743577 11.75534244400227 -0.3616053154003188 0.689396502572255 -0.2201430822339678 -1.059168551729275 -1.345890904851926 30.97858666209447 1.178506909060612 -2.259310705000426 -2.826582408065275 2.036735875560276 5.692388511462176 0.08085132955094122 -0.303215337814546 -0.2456810288850622 0.8642866519047768 7.597984345276934 2.373800318723701 0.05244274094897833 -0.7751197714814339 0.3032121929580775 9.872230209913278 5.227339769874473 0.5016835669001132 4.485095842981725 -11.30034756341506 -16.79298402461202 -0.8359826779275314 77.0642891974868 -3.303563072220323 21.40136220119059 -3.751843076501442 10.93467484163437 1.619487182980552 2.113090824057724 -3.046168099732389 0.6555936520434904 -0.09744710186803623 21.58643147384159 0.7392622124953225 -0.8459304063257098 -1.613007737992473 1.062995156957116 2.865952103267434 1.35023800427226 -0.5312590306425814 3.703438968026382 -0.2865272459008593 1.635185056478455 1.372585358273472 0.9281691098434416 9.003129165725593 -0.6619990103755805 -0.768922227387524 -0.1336956908203364 11.26031847875102 4.569355166191114 -0.5530175712894273 -0.6794901237170742 4.645874037158013 0.163671984627255 3.187128704938806 0.8009057153601273 15.02590995881773 3.102042719869775 0.7680014022181607 1.266245022710349 -0.4010758955733136 0.26416822993676 1.950025624010973 0.3275479007440555 1.503263573324937 7.128393505581458 1.759111518540307 -9.501130176757909 0.9734335498323664 6.205223904129429 40.01956683173004 -0.8834268266862588 -2.124905763496377 -1.63215660429508 6.749574835675146 1.216065498838697 -0.8335309040997982 0.2105572189775519 1.027885315747952 2.080598015571414 3.474984902310062 -2.363537270944178 1.225848374496842 0.9420938543419028 1.487119117871553 1.234953420657465 0.3810820199077097 2.206260487739689 1.103004664131913 0.9838180370750701 0.6587388158270342 9.903949045790881 0.4295387353717053 0.5576997482597882 1.03926632109322 1.180718263256803 1.961121153637343 0.4768421634203425 1.426790573728593 0.5586081241348119 0.3143648949763362 1.694072531190333 0.5145049169753199 -0.3899639692974244 6.449794504565896 1.339977251378748 2.326971533921858 2.723122990003751 1.629761299847517 0.8807705267676292 -0.6507816087907656 0.6722521136321569 5.356916044815129 1.482024901453563 1.407709104377706 0.8335526069714831 2.64225543654149 1.307084900514819 0.6878943307841623 1.455847955479703 3.625189602852505 0.2615288098924005 25.23896847065993 -1.990147126289354 1.530703871572711 1.94961593549217 0.02228173200730812 3.576965473955742 -77.14144832078674 5.251465161078738 13.03701128680291 4.386641140882339 0.5052343443611276 1.503950568713625 0.09999042978858713 1.071467101775053 1.472678665761006
3.3535955
45.255661
2732.0198
1.221085
1.3050549
--------------------------------------------------------------------------------
Region op1, Group 1: FLOPS_AVX
+-------------------+----------+
|    Region Info    |  Core 0  |
+-------------------+----------+
| RDTSC Runtime [s] | 0.029890 |
|     call count    |        1 |
+-------------------+----------+

+-----------------------+---------+--------+
|         Event         | Counter | Core 0 |
+-----------------------+---------+--------+
|   INSTR_RETIRED_ANY   |  FIXC0  |      0 |
| CPU_CLK_UNHALTED_CORE |  FIXC1  |      0 |
|  CPU_CLK_UNHALTED_REF |  FIXC2  |      0 |
|     AVX_INSTS_CALC    |   PMC0  |      0 |
+-----------------------+---------+--------+

+----------------------+--------+
|        Metric        | Core 0 |
+----------------------+--------+
|  Runtime (RDTSC) [s] | 0.0299 |
| Runtime unhalted [s] |      0 |
|      Clock [MHz]     |    -   |
|          CPI         |    -   |
|   Packed SP MFLOP/s  |      0 |
|   Packed DP MFLOP/s  |      0 |
+----------------------+--------+

Region op2, Group 1: FLOPS_AVX
+-------------------+----------+
|    Region Info    |  Core 0  |
+-------------------+----------+
| RDTSC Runtime [s] | 0.000979 |
|     call count    |        1 |
+-------------------+----------+

+-----------------------+---------+--------+
|         Event         | Counter | Core 0 |
+-----------------------+---------+--------+
|   INSTR_RETIRED_ANY   |  FIXC0  |      0 |
| CPU_CLK_UNHALTED_CORE |  FIXC1  |      0 |
|  CPU_CLK_UNHALTED_REF |  FIXC2  |      0 |
|     AVX_INSTS_CALC    |   PMC0  |      0 |
+-----------------------+---------+--------+

+----------------------+--------+
|        Metric        | Core 0 |
+----------------------+--------+
|  Runtime (RDTSC) [s] | 0.0010 |
| Runtime unhalted [s] |      0 |
|      Clock [MHz]     |    -   |
|          CPI         |    -   |
|   Packed SP MFLOP/s  |      0 |
|   Packed DP MFLOP/s  |      0 |
+----------------------+--------+


==============================
N=2000
==============================
--------------------------------------------------------------------------------
CPU name:	Intel(R) Core(TM) i7-4770 CPU @ 3.40GHz
CPU type:	Intel Core Haswell processor
CPU clock:	3.39 GHz
--------------------------------------------------------------------------------
N = 2000
Tempo médio op1 (CG iteração): 8.9745902 ms
Tempo op2 (resíduo): 4.2320011 ms
2000
1.795283453177489 1.571328320995186 11.82140137243643 0.8072282139089175 2.53596553717016 -1.17971086603728 -0.3758162829281583 3.598047780531717 0.06844502594316909 2.543522578810512 1.092697290125597 0.1072868421885405 0.8418443717712875 -2.101417563295404 0.9398460296006483 25.42887133652312 1.214692569709862 -7.594534528868445 8.133833049405478 0.6114997650488621 4.374726782985833 1.202232617538124 5.110686116882276 0.4327500489789173 -1.07806739138469 0.3158590454017901 4.381703921371701 1.641030386709513 0.461077474730697 0.4049616754843139 -0.08126432540348892 7.572895564719214 2.57756952919208 4.068973465856673 0.05937266735617966 5.331455722867438 0.9548544211045635 2.039653644698725 0.6229361360617165 2.705473567801168 -0.02944310677823319 0.4453931249074711 0.02138616366848271 4.507062564105834 5.337895438006592 7.480173160365993 -1.235157766963363 -1.588166197047446 0.8766657205228782 4.311155968018233 -1.849853746247259 5.668690555070173 -18.76462205836713 31.5545614255196 0.07727839128746557 8.717589832308319 -0.0286671482347591 1.471409683830438 0.5810102574557395 2.154606994440856 7.845429466065498 1.460412468370672 3.081328014227152 3.629903574043543 -0.1479562857063326 -0.1263533001768776 0.03791303707776535 2.703561804329456 -0.8536851643633442 0.5866140526230577 2.155539239994151 2.500169353595184 -0.4351816339644408 0.4392179468732587 1.235703921568691 5.620045543289342 1.692618591977122 0.08285812061029164 2.494487337854216 -0.1905425559510519 -0.9769967343416232 -0.08650150825796935 8.513804061801807 -1.530256463781683 -0.7598663133355582 11.2090882230249 3.41491619752146 1.092552511704578 -2.126781415763158 2.884185270896018 0.6641481029319032 0.7615652802808393 2.804959893080722 1.576531762856767 10.95091073345361 1.086203385842509 0.1785739042565188 5.634052302852276 4.559359643646528 1.697325955129898 0.3048323665667241 2.80570972822818 -4.509722017814371 2.138096869201628 0.6530229472456717 0.8286003308345462 1.218738669105031 -1.756433513843218 -0.00779025160774242 -0.8342003402124181 45.47656299255896 -3.447629802610775 0.6609106424648683 0.4238223764332626 2.633539946383105 2.887614889821252 2.26940690094889 0.06425235170287209 7.999726987367324 2.117130999085873 -34.4091129233793 -7.953680368061415 87.0849602255954 0.5660554943307713 0.3624170956538416 -6.269939883473016 0.980762380248053 4.085150009263167 3.067185332747868 -0.522385959253955 -0.7002525096228729 3.357204024411331 6.763277539167567 14.043546070003 0.9115392301229077 6.041858761261068 -0.3503826149300515 0.1250884604015278 3.698149676796084 2.999265070893293 -0.1798289560479688 -1.054033010417768 0.4397838568360052 -0.1811819259726374 14.35610111969318 -0.3271942942429792 13.26392552836676 -1.905682838724331 0.3676017121615929 1.210811763153623 0.6986904658353787 -0.5376561804042963 10.77171166811429 -1.323004709105494 22.42012002579108 0.01741128348690918 -1.316280021361314 1.557981933074724 1.440751771715186 2.285516208532425 -2.831966369497018 0.6631557382193467 -4.722189498277046 56.78685998931666 -3.010277031109371 -0.02204939022861471 -14.94008642336485 4.512310414739278 0.7026078046336179 2.308996954095921 10.58192864055756 0.5423765607134498 0.1624763068479932 -1.426447880931831 4.879193054532382 0.0697504217777395 1.693659539217128 3.490109904815837 1.046937069482601 1.627796490956199 0.8030273227299733 1.856360592718968 1.165575876230121 -0.2349858555185526 1.093486752497801 1.2819631462634 1.302806918470996 3.062276096640509 2.216260621296613 1.396469809767999 3.16999075707404 3.998406961053978 -5.075457985154593 0.7497153355224279 -0.383784355032422 5.867592740998013 0.0630740764431485 3.536248169010251 0.2375927199932712 1.103881436658348 2.935903898940431 1.546169117297353 -2.3833186628897 3.86279719585447 0.8692962645725316 6.540410502839705 0.7591450764009106 1.174714590004207 6.412809823529636 2.88627548420624 0.2965785998567304 1.202412351119376 1.631509973775123 2.137821946637881 0.4590944697160801 -0.3664212542043336 1.354621733506964 11.98104310245326 -0.7714743271911846 0.786520812027792 4.89157293353034 1.308797428346546 0.4295821227599118 -1.731896456685211 3.562576465360065 20.53889282812114 -1.638659743686601 -2.57698173677396 -2.703355108237783 23.40539815202694 1.303316807225848 4.360757662820808 -4.015487792133397 -5.553289038623586 6.219745383287631 0.7614821551817517 0.2459169193232732 1.934632216778641 0.428514212218988 0.7987871367139379 0.4905389400282685 0.6255076538697049 1.440753785255161 -0.6408679169712644 7.367792947960479 -0.241430385223017 5.117690171027926 3.248721393077981 17.69524920110184 -29.42821839017498 4.355664199712298 2.616503966260931 2.893813990098424 -0.2074380064222362 1.160181938956147 3.53187231774111 0.762652387718337 0.8854932454430502 0.6601091414768774 1.207177093434289 2.08436098938674 0.7298762228735527 3.508689783570365 -0.6652454110002426 2.510307396571147 -0.08866961487066786 7.450889949262784 0.09698543880695568 1.253991759298616 -1.195740905724483 14.6867301441071 -1.065606387711905 6.650423537478276 9.785444359892258 1.94558463703903 -0.6648253621461266 -4.972711404023308 -0.25937942930034 18.46464113635819 0.7745008341678006 -1.421172079040233 0.5645982202879731 0.4125037153752399 -0.1648535310169375 -8.280566496008708 1.092307325120135 31.06414030412087 1.372126468876582 1.113548482948319 -0.4268075197450922 1.50673223872084 1.692628507606153 -0.1714645600095807 0.083869596140317 0.8483496171729157 1.503500561730805 1.062333974990954 -0.2503258249649647 -2.185199388736971 0.3963997380436541 1.477720115960898 1.365399926035266 1.285780148164883 0.1333782812176926 1.656342159007623 0.1236016216734211 2.694249650817825 1.014225087725696 0.400155890750737 0.3883744889060575 1.216076406261337 0.1557740529362576 0.6591382049036882 0.6341020091450331 1.696550366295051 3.896471480838162 0.5400870553390484 1.235844897741187 0.1976385386928242 1.055767976036969 2.493593405882318 1.909043504681237 1.218467802094251 -0.4490264301485463 0.0002232641474395501 1.363995723066838 -0.02025860569085433 2.832395933957361 2.646515818557735 0.5037759353488689 1.199845612475361 1.719610599794251 0.6757419330488013 1.269265475935716 1.779982993927071 1.87302264654591 0.3037453492055475 1.413913051634451 9.228030999590516 2.919254154221045 -0.5350781165914233 -0.3210437156409893 2.643843385399065 2.208293304079763 1.780030727194859 -0.5881453010662262 -0.2334940783979204 10.69047017467575 0.1719147139907578 1.467810901809769 0.2917997094129762 1.090909280888904 1.910694644489842 1.457042962221501 1.194914159939091 -0.2218034179572664 1.2797049938385 0.8730200593531309 2.126071537804253 1.096578917122523 1.776364044999714 1.15276524352284 -4.414340596471812 -2.863840539797623 6.557825872076652 30.04644424009462 0.5206606658081048 -35.97717848300444 1.752618495468404 11.10887210870916 1.688167566888622 1.666871127738926 0.1937467138756407 4.535041030310295 2.154014247757799 -0.08482894474265938 -0.7478084248906846 2.202659377439432 0.2197848114468398 6.669467839238131 2.126864900490434 0.7106321968810621 0.7120121870076719 1.562752375295861 8.252991798939723 -1.073710733996257 -11.01463967618369 7.145391287380166 0.9972076347741333 2.729614115751018 0.892157896079343 1.170256512285489 0.8717849287505433 0.6693079136010308 4.283871211928746 0.4284987248968096 0.3922387298816659 6.944003440961928 -0.1731297095494731 4.145661191859832 -1.61283750013297 -0.2289921942210316 -0.1931430478132725 0.9627665055756165 4.432610737511339 12.97895965711625 0.4511073485999735 2.026938043311477 -16.86273074649446 -0.02830996537751069 -0.4314676606877566 12.73862444445321 -0.7597660640587338 3.153333253585938 2.409214201076543 1.832718690629752 6.80920751299741 3.886142637719383 -0.5501961067025083 2.458165799345753 4.280792225539948 1.604240858514185 1.063686011534391 1.844529338585986 1.119437505279518 -2.141377570240217 0.9745823045687145 7.006996611073004 -1.41484180207255 1.501629275839185 14.16521993257309 4.22858178121376 -0.2766319706730834 0.8283904445796041 3.339526050200574 1.835297690425511 1.807235613595224 5.701946628207666 0.8472611090140394 -0.3609830216935731 0.77256196677135 -0.2327915863427121 4.480908349373884 -0.05695606441058637 3.046895151178408 -0.5330948470352442 0.9280239192982213 -0.1243256737314767 4.143884934003054 0.6481074200980748 1.219859895471677 1.085878634309988 4.731114274524564 1.211280500999031 -0.1874867169748821 0.8236907562376278 1.199581097158967 1.277993184078699 4.511570914682363 -8.418218600212713 0.5457984533258903 0.1724593170450827 2.985704062136236 -0.5433618089048422 5.452865817148046 1.517732106556313 1.408793817214011 0.2255091302233906 9.906835320765483 2.141126961766331 1.267564548556477 -0.5584097029394254 0.4609349466086373 1.817717012970939 4.370549018495617 0.5206672861032657 0.9500157101007515 1.640047740561234 1.756270492742172 -0.07143859027981148 2.473614149946738 2.606566415625606 -0.07870097435546254 -2.296141906757407 10.92108815571445 -1.183654212639587 -2.189876997507694 -0.3057637175052942 46.85864518587606 -29.23933608764933 8.070452276200536 -8.565475326704311 13.27600008301746 -2.423947434248503 2.458167446557464 2.766247644689914 -0.7361482488347609 -12.13358397542768 -5.529721324839052 90.77643870127038 1.721663838045308 -30.01293544670407 -3.827843834725112 3.424823994948778 2.408412266771327 0.4073428646978683 0.5665063463240535 1.964258872174983 -0.2159186360386053 2.824669721177258 2.018343098489362 -0.5273145269126812 -0.09261034345391637 1.691597634074473 9.313802677168008 3.849389668595143 -2.271673690227302 4.188650563912534 0.2274705750978489 -0.05568824950690948 -0.4183625794724852 1.695526604587724 3.128589747874243 4.219103256057765 1.607714749254532 -8.238018899957966 0.8526629542586567 5.597344249173178 2.272139496531099 1.796395689899607 2.173627874539494 -0.4621757054097192 4.428552484851868 3.462778800634122 2.041378002923025 0.3619065505609468 2.290674965550487 2.364940744001571 0.04449502616013676 -0.3146103044779929 2.262514014671499 2.369685619896955 1.367603028354684 -2.76745895465689 -0.9761043690965143 -0.1679053578456527 40.51350334129563 -1.855335633516138 -0.4632360172935389 -2.896793062644594 3.858946298984033 -1.198942982474853 33.11322010503407 0.9226105018612407 5.559967929796485 -35.91823715812608 -2.184822118260131 2.478859590072618 52.09447448778028 -4.185041668085826 0.02363719724987981 -3.425352487267662 2.672643010328696 0.8755883774957981 5.375973940116308 3.001359175500611 -1.418907454335335 3.416031245992275 13.05934662565192 0.5275107341516441 -45.37945004256952 1.38767025681889 8.284049637975304 12.80492652402189 -80.33888058431508 12.2971634111017 5.353254264518115 37.20901878142923 -4.853107824296579 4.472539883272481 1.53986677720099 3.026678391075427 1.410699802513365 -9.41194646210505 -0.3283495620013785 1.44183862773428 6.344550302928384 1.034986523789206 -6.196207025868361 -1.789849674387979 6.69744418754676 22.20742804378506 1.280662702267161 0.2422196861054032 -0.1105521353577016 0.8376011608001571 9.735418609229546 4.303232409381391 1.320432248186784 -0.4379381386025126 -0.1433348970737235 2.326960975193781 1.91811581856814 3.374849953482306 0.9386262765647081 0.03339128542369919 0.5614633264604705 2.456561904210771 2.983534326019478 0.5010173082432513 0.5944774077784203 2.594375964041913 2.376076508481293 2.207274147637599 0.6363070124113555 0.2081946548544245 1.273003841294803 0.3225327155112097 1.828532948046844 1.276722195398586 4.603748008579085 0.4408793865786699 0.3185766111415841 2.112996336542692 0.3399333523086323 1.552581817413639 -1.022763548906027 1.08129347050814 2.658296169384333 1.024652253860732 1.874376639986238 1.595881592713955 1.435847021612624 -0.2345644390770004 -2.418407059524184 0.4483322526600861 12.42062328570489 2.480041545432492 -0.3697728002670834 -0.4042247914320684 1.698943211183211 2.524856487929247 0.6156760532722599 0.08220852010703252 1.332610118659816 1.932146572543747 2.86431040973792 -0.2600607040956275 8.347259444263367 -1.911365595845581 -1.120961241998312 1.294267272784726 1.569667217692236 -0.02954986142119277 0.1349573346943751 6.722548237359048 -2.344306880514818 -2.48056738628656 1.410653450433112 38.97177976587023 -0.717144843675019 -3.054814495172707 1.926246480960594 1.237054925528821 0.9088208010382491 1.440653986603715 -0.2769687902033072 1.053813977865556 4.418780930596655 -0.7482055599146432 5.327292595778572 0.2907502971449266 2.407849146442196 0.03515122796367381 1.666236002277918 -0.1305059778123812 2.986009957805436 0.09971518746260613 -0.4460864077731214 0.04503610507985983 -0.1537763960172701 1.188350656301402 2.738742014477336 1.620187231744034 11.02147800321257 -1.403727087173051 0.576329905191088 18.78192478529541 -0.8854595556790926 3.744420003400462 -4.612775420139312 0.2672825528887736 0.4562094475111845 -1.673311832622701 4.336123666536658 96.51783619129333 -24.15457972069184 -9.238581068830673 -4.067662021372076 5.010186348686996 0.02021023050284175 6.521342245758528 1.118352141554906 0.1166063780531296 2.127944604271369 0.6956004028372218 2.33375220609611 -0.6169397135751963 0.1512321379897766 1.618286365746165 8.932730319720113 0.8413577721963634 -0.8966550174447598 0.6066319528024151 2.526155441964477 9.83825411282924 0.5989543676550053 0.564179373569899 5.389656292997956 -2.665988664523104 -8.717036587493228 -0.902362667825376 35.2863765800916 -0.4634712638435102 -2.737158521320094 -17.48936563621364 6.460896287847725 1.945864220303881 -1.729443475319228 -1.133923068679126 1.255660393087918 2.192719451932341 0.4743474721466615 1.068636483249171 7.339803751730188 0.7952225669027054 -0.6422733799360777 1.495982509910277 2.658197186392717 17.25170796863566 -0.83787966864599 -0.3387350805429614 -0.07293479511343945 1.291289436390248 4.570749517086684 0.8340939319766605 6.89527292720106 0.0781783628460847 0.367574503841539 -0.01605394031131049 -0.68308857672727 2.248955931973222 21.50386332372739 -0.880950020465981 0.7093987656590079 -4.130266478775167 0.2383501880343948 4.997451950739187 0.3841773980433044 3.386469606681997 1.021824374503895 0.6434805477083496 0.2788029170860112 -0.2601901043177757 2.949601391966317 -2.965706467359723 0.7762957981821438 4.252596161491677 0.6557930935178401 -0.004921002488199468 0.7321672646342129 0.2532415284586452 1.002259047087193 2.259090386698094 0.1471790271793823 5.917293772046412 0.8525974072131178 1.098683058498154 -0.08759416885415251 3.183813140480205 0.3079374756203692 0.1346655828424611 0.2478436728600973 1.59932853387345 5.087399986596133 0.2533379756912911 -15.96957806142678 7.042741839078992 11.28130495001674 0.8517661828705299 -0.7808056877972893 5.582488714914406 1.145978391094824 -2.12266347954508 1.13151935918364 2.290633959584452 0.8304169927485863 2.399450587219849 -0.328779689900063 2.065641053228345 8.24670491567224 4.555134768777486 0.7378492908370961 1.631869799854055 2.336440620558071 2.061060675176925 -0.3788844858059898 1.521113553032594 2.804863930698189 0.5158732357744109 0.9513040465648014 -3.715314589564861 1.463523547937514 1.429657950023764 2.812699473052129 -1.213837589607301 2.700520788048838 -0.4798779892862743 1.641595103483372 0.6847660359925842 -0.07785289411432336 3.017268786939901 5.058849241893716 -1.252989616301484 0.06460749855907634 7.314358688499826 1.380736841212552 1.554837226430426 0.1918837472438513 1.71766766862526 0.8739689322782305 4.158040664835128 1.393596502986456 0.1356673859218553 -2.374041895303929 0.5213056009843242 15.09944361133595 4.235747872825396 1.534145310613984 2.332637122738737 -0.2427909071485584 1.263908430604834 0.06001940795493836 4.850929346179763 1.390020642055448 0.4423972641980409 -0.6087460365067311 0.03194954240815651 2.290985407481092 -0.1895855387228846 1.116875415567549 1.900428303411586 3.069015040951887 0.2500995550456582 -2.609916670397121 -0.002335991859952106 11.78084932991456 -0.3757558891512786 0.6701082369194927 -0.1909616191025928 -0.9439315242383867 -1.188825623408258 29.23688823736026 1.24097345042137 -2.146908560998421 -2.633832456445013 2.028659776841113 5.651125104254914 0.07904330356023731 -0.3031124322450761 -0.2381742271295488 0.8643356700071867 7.596419553449857 2.36565836055649 0.04940885346520593 -0.7245880729697858 0.3366054201819494 9.506383885294815 5.13041888188423 0.4839213811952924 4.235428252201083 -10.24088894472506 -14.85423419433357 -0.7293259689178374 71.33185277051945 -3.016870559387379 21.24316718770388 -3.484333998570057 10.87008171563399 1.628946547115927 2.08993995506651 -3.060694687542066 0.6424065236883534 -0.09687913772362945 21.74172064881179 0.7298072096738114 -0.8560764777645264 -1.624936697326706 1.064192509284028 2.871632323060146 1.368121767649288 -0.5333509893476424 3.681775645411846 -0.2955594606768085 1.650289271294106 1.446872887143845 0.88402247888955 8.935798937642996 -0.6495403159777748 -0.7521573570777961 -0.1243333385124814 11.19483214597491 4.566149577355966 -0.5461046312615109 -0.672233767486193 4.638301625393439 0.1623597578335778 3.152427060723704 0.8003805975906018 14.97785306663292 3.086190037209363 0.7624827930508967 1.249344228981672 -0.4048600086662337 0.2649301198231544 1.949544173616924 0.3286127878617098 1.493641086142119 7.146309212194871 1.733769548058333 -9.316800449040322 0.948045839573624 6.508232733256765 39.0058470776996 -0.9039649669163689 -2.127646432006266 -1.590868771244071 6.751682719451463 1.219509805266336 -0.8311389119300192 0.2110677878254368 1.01671743211954 2.064478741704777 3.469923087631726 -2.266019605453957 1.205293465316477 0.9436250647624969 1.485182054290277 1.238917188404818 0.385348708200342 2.209679587235855 1.101579191676988 0.978388428899833 0.6479897637649684 9.96432753673829 0.4088751670319543 0.5473538570825245 1.034567307466894 1.184143432368139 1.963948297781205 0.4756492124502226 1.425801404061694 0.5577621205674643 0.3090687569672476 1.688850766819328 0.5111152696746919 -0.3946068761550876 6.444005420940056 1.338158120663701 2.324922622826933 2.721806861574434 1.628924255994714 0.8788910555184806 -0.6587203316526863 0.6728394757609656 5.352247122035329 1.480234954884961 1.403901773280608 0.8236549304780766 2.628520294368196 1.29085389062015 0.670022094134248 1.454399423943519 3.740731363800124 0.2715956623610259 24.25238881882501 -1.850878360493567 1.579167189541952 1.821952899613693 0.06269545419088607 3.419162640415963 -70.74292481501672 4.849786438889105 12.04188673904698 4.169269052641364 0.9119769005100377 1.515105200769541 -0.1696855716151129 0.9186435839665857 1.489783318993181 1.075203644919442 1.686128227096782 1.821137894219343 1.277363072446898 2.139914712813635 -2.03444594033228 -6.818110400999452 -0.03929151225012815 39.94501498252063 -6.113301561831536 -0.603693487024948 0.7076675220228135 20.08865298761402 -1.764638608602787 -2.934666779613833 3.585876780046355 2.317903447266352 1.275286389834469 0.830035741402153 0.2134934788439523 1.50913281610057 4.885722336027781 2.441055339862789 0.2966055323734446 0.3576935183177172 1.801719692225589 -0.3629269557311836 2.665494231981755 3.064308815218791 0.5945879373560424 1.346770566482544 -0.4603859096530686 1.476258041503178 2.178712404352309 0.8197979803363272 -2.569261361708189 -3.364087718832613 3.463748364918301 29.81653918435116 -0.3233418092099442 -1.041003282295499 1.128565851643121 2.112491741405255 1.519490198030534 5.927465493300047 1.584729600461812 1.933200676846693 2.320039748793563 0.0842219721550401 0.1555108940520875 1.553177200676738 2.79097371507938 -0.2302337939679879 -3.740467442386354 2.654470669701976 -0.3620410576110219 47.40427712662542 0.4972602925345735 -0.7553858230364798 -4.404402057956885 3.091437512352308 1.468775238626701 1.870730816861376 0.9180832306154314 1.62845183622182 0.6507911010872161 1.038505548215708 1.407203165111069 -0.007385588439953586 -0.3140280659760156 0.4013701388215298 -0.1020588053969775 8.502426218387351 1.836547354750294 0.8672777632247575 -1.410728850581782 19.44191724284357 2.00702975126003 0.7053173562596157 -4.096147476785053 0.505174409261795 5.599996548237939 1.513099837964815 -0.6497551307897639 1.090906267361544 -0.3947061361412401 2.007902416162564 10.46692992023656 2.974025649148934 0.7590485348230583 -0.2267608456169955 -0.2115185901038849 1.713975009181326 1.055416212441428 0.9870843827626715 0.1839083363370482 1.426108892934564 9.402857569143579 -1.026162134775183 0.09164824644355453 2.195572653105132 1.353765002394024 0.9507580781220573 4.73226945826866 1.151982004529777 -0.1183720231468394 -2.885102863168473 0.9907538337110501 1.851521618844479 0.6303862852328029 1.810259623377316 1.567653183630225 0.7463661563641971 2.712383541790956 0.2853538729815477 0.2254316831215358 3.236068407796093 5.830908116748225 2.354520609857034 2.779264618838119 4.264614834362838 1.137685562238517 1.676834349187186 6.657522585325625 3.823866120586304 0.5411547151198395 0.7597620131641557 -2.678351732427371 3.201148193185051 0.7235608143228819 7.040350702561703 1.538077676677396 -0.3283348759126984 -0.3952121126460381 5.184250566754991 1.763240357540299 3.520318357526875 -1.951549088476986 3.396835911806566 1.113969618661162 1.994164404268798 0.2563926571110641 -0.2762644006543749 -2.005360701770358 24.84060343962951 2.493981746191659 5.241238540636601 -35.81534337347774 2.965730239404085 4.485435778324056 3.400487412500592 -0.4837646295832274 -0.4973181296116171 2.059532423591077 0.815524589926002 0.349072546124814 0.9755307973298273 1.087359965807847 -2.518879469026793 -1.37226835027551 -1.640102150012453 22.42659352539648 2.629120180907737 1.823266694446758 1.527887027926358 1.460803910694231 0.4630047544418205 2.03940447044949 0.8442442183098904 1.233685020070702 15.31012220455238 2.253567984534382 -3.381507241485272 0.977090872215455 2.892761416867955 0.3945079097234923 1.308041789644306 1.501208956721277 -4.747590900713107 -3.332411839315855 0.7864310333027347 84.5763404903127 -5.8349326290718 -7.002897029639892 3.925687932671815 -2.552120675206872 27.91817780090674 0.3828096278745474 21.46054464829448 -10.90031335999793 0.7573226093425514 0.324960805455939 1.353384678756322 2.396021386369036 0.8042394697084088 0.3918629780333682 -0.5610621946463649 0.1323639466575859 13.60016762009246 -0.2706907970910807 0.8261418672771458 0.9870946302806498 2.227948917853477 3.380323530132425 2.3924411001018 1.455484819540656 -0.09359050630662073 1.289937823600224 -0.1339303022073145 -0.02844224712208514 1.593102440992055 1.45346480644711 2.170860827928881 2.005081526403049 -1.513436081731259 1.14423023608413 1.384874920319709 6.699371933422291 -0.2124870042249299 13.55671915265732 0.4214032801984448 1.473386467395924 -0.2961660532779515 0.7678587521918733 1.096069866317748 1.789062765000342 1.376017140545549 2.479443629874617 0.2742682221300328 1.288118795192681 0.4818547690060966 1.867729512496193 0.0581339298758573 -0.3803820987023332 1.418431237381613 7.31064147058509 2.83235450098524 1.129939392343602 1.464563411219042 1.769868939928523 -1.631647494144569 0.238936962139254 13.27179394352698 1.145795279619838 0.8427084305822615 0.8357985913942445 1.659766353330809 2.060838277940721 3.349757394444481 -0.3742614370531283 -0.1629485236764111 -0.6339498495508025 3.428464384152071 0.2870813660739213 1.163518128659463 0.8326693706613401 7.944957862214067 1.451373435188107 1.74080018067106 -1.282684359627997 1.860034003401257 0.8519743367100349 9.493844688390528 9.700335048666634 -7.654675484551995 -0.2334213236444547 4.699919843072505 2.194467207885512 0.2181812095695036 2.517417999870721 0.7009138914951315 -0.7396784277369879 9.124302234160192 2.275686574463226 2.919308594644252 3.262314345004748 1.965754242667879 0.9204271172481356 0.7203825859348296 1.943025878355588 11.77201194336198 0.7922238882589028 -2.983738049002124 1.81380693478048 -0.3088289574213204 10.5138940835803 4.805827216620489 1.346083900367547 2.670810765385815 0.432034607268206 0.2811263090547464 1.740441097279089 4.52259971414514 0.2271428431529592 0.01613077434018151 5.886527199764208 2.511901955099593 0.3251786050688302 1.90775196228396 9.42055159481713 2.489343796798428 1.159344407029989 -0.759346221557147 2.006434639852554 1.935339223403151 0.0002574529469273746 2.679574066915129 0.5519518537387995 1.173906785021694 -0.2217064819507416 2.379190354386959 1.477944798929436 2.092815210946539 1.937150693732903 1.552645696059808 0.7056182264659081 4.589852807605371 -0.7756796392769442 2.288754372827336 -0.609182510369063 0.2471284642169111 1.772893348927066 0.4653433733748376 3.175664251212335 -9.808329764844647 -3.908636456757303 30.78563517325814 9.659757539425105 7.352001847397732 -1.397499644948809 21.85005016221136 -29.22205539232938 -11.6549141246272 -0.3627822933761715 37.36876372731301 -1.116983225219637 -0.3900413532291265 0.1174741360492943 -3.699077945503069 21.99653928695778 -1.821788828918423 2.134508943902452 1.88778449288669 0.5314459499150508 0.4138910373875591 -1.046838854270999 2.154826251454893 4.985140446226545 3.779088207698156 1.113993853728866 -0.3186244847889481 0.7056952521258787 1.132578675955899 1.935352698005734 1.875538038949318 1.475026374823685 1.646666884537178 -0.7741410714153192 1.140430434684275 1.53785260968241 1.455771766263174 -0.9949541051239644 0.9371699129516391 -3.192262756954788 28.29193102415159 -22.94405852830747 -0.7947639753968365 1.849211166360299 7.010502409846394 1.122672751315028 2.209818327132961 -0.5720604880820598 0.3538939092676056 -2.198427145088416 26.63060198986772 12.14096809743083 -0.9369337327137445 -0.001777195005911947 -2.941719254068319 1.542424445257937 1.541103699582957 9.785370833542762 -0.2108437558135078 1.922900453501012 1.378682225077013 -0.03928683975098744 2.563296422097876 2.410468421069108 0.3428203599841833 1.382974982051029 -0.3273074487686873 5.70851886000218 -0.08318757597670212 -0.1021094777086972 22.42505329124272 -0.5343288626871765 -0.5368424508200205 -4.146895635494094 5.150178106231132 0.320540424621331 1.157290994311031 -1.952005792293534 2.514826282218672 2.895529840218906 3.608278614830494 -29.7429395256305 8.409936319120934 16.01378261864647 2.358738879396572 7.436674504219003 2.70473898883401 2.653897011048875 -64.78189804483553 2.578036536824432 1.640682839224318 2.749766823339928 2.220451220054371 0.5542119714594663 0.05027978055396262 -1.147427877323571 0.6265389752042236 22.06611855437873 -0.2633153606126185 -0.05518540566073894 0.6371534877723641 4.435470706758054 0.4120849657930247 3.879366029117782 2.80745173889964 0.6417896774331393 3.551262849983526 0.1899971021152 1.791702581742842 1.818942743907616 6.80510747585138 -1.93667597065926 0.2683801107441248 -0.6271310348422995 2.166477311041349 1.936426348699628 2.452835293505816 0.4273554962628832 0.4797392264188485 1.342796262500035 1.859954442748417 1.164427400879173 -0.1824358922837906 2.008189405550834 2.120360911687271 1.268711021815888 1.546232098482014 2.02552925687943 6.550391875427279 0.5103267796291666 1.688360302866519 3.274388108722247 2.051109015370641 1.342686868611907 0.09984735628128862 1.840667612753041 0.784442933208127 6.379574822497069 1.682538985553644 0.6761701784587267 0.8417466981050408 -0.3366544437560824 6.421401740947478 3.751545381411833 2.750906997673773 0.02559946753720849 0.6205851523124503 1.521572821341752 -0.7646205763588253 -9.786729600583136 0.7810922091712017 32.47582139070993 0.9417250470233327 -1.765935263293295 -5.340941674964992 3.391540224583394 19.74980059699394 -1.188801201178533 1.32694462169882 3.437481638829421 -0.003015867734426395 -0.8693100879154334 1.16683014656348 2.374710281670351 1.717775370335417 1.465166997929935 -5.611309524316845 1.741505429127182 3.295270425546913 0.3613461606345832 1.479108739801775 0.7960844808357971 -0.3771560206088955 1.354182407014338 1.636190626189823 1.505794159008393 -0.7704133504252997 3.727059074868702 1.714340040899611 1.444703093411759 1.054018732310413 2.139342129945347 2.432840601736225 -1.40165372180973 -1.207537322886808 0.7863905194325587 59.05488548097294 -48.04789222256456 8.781826487432268 11.36628558689782 5.185535645769361 -2.79668463318697 0.3000651469009646 -0.0996950229898567 10.92177774831005 1.199078188968469 2.722359355608031 -10.03210665310356 -1.22528486222024 2.031076145843187 -0.4091500188888612 31.36221544841929 1.393020292631425 4.437659949450237 -5.456071572489287 -0.3522857359771983 8.21909874320677 3.37424635350015 4.171579701654546 -0.2075295413888798 -0.523617057827658 4.855126078295514 1.764987480565925 2.809547406697269 0.9160143503375845 2.147955036155808 -1.488843055924087 -4.237532318913326 -1.166612110970397 51.33698432645109 22.75373856829003 -4.032514975144128 -3.346715155715654 0.007748266358867873 0.4608756678895273 5.858871470429477 -0.3708483887981689 0.4695529342120118 1.507236826724557 2.236075547867568 -0.559587134074688 2.312619661089926 3.698052933162578 -2.205460747509912 -2.069092558821981 37.97917439471909 3.181690583021581 -4.694033252246928 -30.18011323221329 7.904580568254964 1.821987997367535 1.395013650597999 2.10210166173214 1.707651916963338 5.174113451238592 0.546545926870154 10.59893231878956 0.7027077483093463 -1.12355502692844 1.342401978997168 2.110604201708893 0.6973692732608201 0.7529079851914202 -1.011895342544231 1.863290432249351 0.9681623376778314 -0.1889516920796671 0.4411602700055314 1.788721801017363 0.08743988517928984 0.3391964265843482 0.2335000715976974 1.482326399187389 0.06201603188834934 1.268821426225138 3.339956737356305 0.5049481507292221 1.989792517584505 1.248145952956561 2.039504249362056 3.366145531825481 0.559633773342015 -0.65768078349847 -0.09221193976247347 1.440471662008341 2.342734159359295 -0.4747420506463138 1.271119894955121 0.6150183193770556 0.5184466479535257 2.34728946704965 1.870022667010404 0.3563032003752447 1.401929588244429 2.93638126034445 0.4425827407601316 0.9463736408055669 0.9322452601861306 6.143222494718746 0.3796781016259472 2.480793726474445 16.24232238906739 -67.12594499976584 1.859614695088853 24.25999159312272 -0.4547799107943824 0.3408524426296133 0.0003184164324669253 1.476500514257128 4.202826274264379 0.6955215580179599 1.019966340453727 -1.841883572291801 6.868695300209524 3.667852709500825 0.9743712841351185 1.345994544441711 9.954638705760093 -47.64679158495677 5.197682918691358 6.936739073492385 7.851033783773159 2.492053358556682 -1.268020772366039 1.07223308732536 1.343028114221992 2.306884000674147 -0.6924342166871502 2.176423627766275 0.5466482566636646 -0.06846848212273945 2.960594592791549 -0.09077454547692003 0.646711705418972 2.007151180700149 2.088626356190007 2.255606137485725 -0.7330434652085563 -2.130382600630143 11.57672354397364 3.368781335361716 1.582357288651122 3.257308952426835 -18.71980533052151 4.147106518878688 1.182428102425447 45.45594223601508 3.005078405587417 9.789621395113086 4.773465598485148 -112.2952052190991 -2.670779381773442 2.223872563107323 20.47085417306617 2.821218943822334 -54.29319495240253 2.909554219135132 7.817674120209747 2.634551579268282 1.568030169580935 2.756350964494666 2.452809308859561 -4.088196628915822 3.76841837018675 1.245095902118538 -0.1312439499897378 1.339566228942002 -0.7169117143824554 -0.1887346174266475 15.33102360855293 6.304550586248716 5.534466586439676 -36.09646357312651 10.9815627148246 0.2361576904601201 -1.042501158079963 -33.2381951842147 67.58686038337477 -2.646342985995523 -2.262443170315713 -3.048579010734245 3.958787054420094 -1.140136351086453 0.9837359854961025 0.209040699325561 19.09473927807761 -3.917404498882608 1.3403248806027 0.7877884471894157 1.700371929967619 1.809009643547155 -0.04395207342525841 1.479722293861494 0.8220171875690038 0.0401876305046887 1.668051161220292 0.977026529372345 2.26184377460953 3.927173643961771 -0.1073890641538619 1.17691093544287 2.189781576485629 3.723200595864258 3.391487057436867 -0.1088923667377173 0.821289075398513 1.876250670115057 1.847097589379495 0.2804890252974854 1.518048259268738 2.015686923823377 2.100626157051974 0.1715320295689402 0.2663696295272875 0.1641833763241307 15.3694200205455 5.063805425848594 4.09678939202391 -0.3095770160942117 3.867747305380867 1.466580406536158 -0.6686774139959178 1.038760713846293 1.623556260734652 5.262381083572041 -1.178232422019732 -3.7742229371089 19.58866160150801 0.8250451622990446 3.396443644233984 -0.115064910072515 3.23270278169749 0.2850957814588943 -0.0444032350155457 -0.6864235326364568 1.179402423690432 6.172679144113038 0.9705407999029056 0.7053110778353276 3.134087888054189 0.8064129943294479 1.516647270896691 0.8718389607483181 0.8218283281348034 24.37092876907551 -29.10442641604556 0.5732066967929541 0.1847533580704559 8.054113062016423 1.333585137688423 0.4028713482937158 0.02615305664869085 3.651489283785436 -1.283726680110227 -1.4306302971582 -1.989940942608752 36.45347195349467 -1.307497128232129 -0.8861826524414372 -4.698146919905803 2.823236408487509 1.51714861656774 0.3960712071316518 5.555943658131082 -0.07583862004161705 0.3014442117525748 -0.06462081260366273 1.179311670311267 0.2767167945816527 2.207287454850993 0.4968149568335676 -0.498889678152023 3.449985650006687 0.2180905323132513 -0.2711114393606014 0.7696608890949714 0.2700698934464297 1.343814111100634 4.775141958494715 1.087316827705293 1.510799680264096 1.47391949904611 0.1256384391405367 1.061528831585823 0.9964185648437738 1.112893826913412 0.8869851614036368 0.408179406021646 2.755496360828353 4.225288739450995 -1.159516974738821 1.454471822392032 -1.837371311912964 6.86615201232221 4.238322791865894 -0.2735624491194662 1.443942347999838 0.8734774563024414 1.738608163880342 0.908764555835472 0.1624659110424231 0.4396417619004488 1.610591047937007 0.6696259398830904 -0.8451932557148147 -0.4503680747919202 8.174379644742352 0.3796960804393281 30.66400742784154 -2.492571925073872 1.099846064526848 0.9014146416462534 0.3764388143175963 -0.6025622224507349 1.212417434416465 0.3366589680188642 14.7474652673525 0.5268960764890334 4.538048241847615 2.799678853173928 -13.65712782210888 -3.387447163246805 33.89177464977454 12.15884345801343 4.719347426610641 -105.5821528050022 0.8483803374701741 3.232693370397023 6.700629526414826 0.9175526376575778 -0.4874265035830393 12.35478229847715 1.514219197752031 -0.3349766869541991 1.899225242656131 -3.310816736620098 -0.5300804973277569 33.81610713796864 -0.07827934155055204 1.429584156444106 -3.214732134720709 1.228906883723824 1.584260105904296 0.6747321505117384 18.0164934072931 -0.4990926078300197 -0.2520986455195697 -1.076680774469401 0.9593112518902681 1.799432168694718 -0.2791347193736394 -1.633513115595426 1.695360146470758 0.6151065917342208 0.2348921902789498 14.54874154940416 -0.04459158058043721 -2.977520065322024 0.07207335104241827 1.648589657934735 2.834960157997035 -1.018532907625071 4.9523554636699 -0.5468629145032899 5.887010961826626 1.474433836624631 -0.9922181901507582 0.1390619363066267 0.9605994958223629 1.386125985215564 3.528784626176336 10.82834239593017 2.757230173935114 4.042752379497673 0.02061272027177077 -30.20477355769886 3.560303376553227 0.1791681007517261 7.197959510639352 0.5829725715189534 7.044437386672691 -2.874961301671148 -0.2964205502417911 0.5414976515578094 5.572249940338665 4.120336162545004 -0.9217325658983156 1.685589471313451 0.9485874922219535 -1.813914635189611 2.25631254692189 6.637480713059442 1.813054957903508 -0.8073082738767728 0.5972417027109257 0.3236211107033275 0.1720154237209034 1.337158375026642 1.522600125350734 -0.1459847736246893 1.28918300718834 1.676311293620186 1.931815545916145 1.247800965047765 2.956998510095779 -0.1453309579937239 1.071476882165792 1.200265074274174 0.2770651922878291 0.4138546040196624 0.004673629029237951 -0.4412632307334133 11.86677954614707 -0.1556611194754492 0.2636243225623385 1.312655331755608 1.431761324311714 0.8143908744889321 1.785449248947663 1.528720946145761 -0.2047338754862627 4.688988624692104 0.7485789817342196 1.477230439731896 -0.1242319165915036 1.137270781228882 2.756212092643744 1.678422524000689 -0.09187475405815358 1.216304035994816 1.675435823194998 1.308477639400167 1.858351142924325 -0.9083240119578034 1.744353008841839 -1.416769864239544 -0.5190003324221382 22.24665550010431 -0.8847083960071905 -0.2467083417484239 7.172893891494661 0.7750031853660907 0.5001716190817354 16.26790915312686 0.6452883055811385 2.973325157579348 0.7807431583927732 1.844992502365941 0.123055275755338 1.311784530213297 1.839420303348865 1.164028910271198 0.2030073029374131 5.552609937976933 3.16431972238694 0.8066071677906413 -2.251285871929357 2.194873222307545 6.407117195624201 0.7950117266699738 0.2552760559969346 -3.493062827912218 1.39296737915495 21.2182622899136 -1.27273283771291 1.830659677711272 2.93201820105933 1.962267762614136 -9.826731190538231 3.313154329014269 -2.713340038525252 34.36385075249597 -0.8600289417216304 1.566436779559862 -4.77630440495682 1.463128549072398 2.41790655607408 1.095438015812642 9.182633196766048 6.778433645528367 4.563941490325331 -0.9163854667160644 -1.241787699221573 0.1789515395199853 22.17937214190746 0.5400298972323597
4.9761831
68.289887
40927.553
8.9745902
4.2320011
--------------------------------------------------------------------------------
Region op1, Group 1: FLOPS_AVX
+-------------------+----------+
|    Region Info    |  Core 0  |
+-------------------+----------+
| RDTSC Runtime [s] | 0.195340 |
|     call count    |        1 |
+-------------------+----------+

+-----------------------+---------+-----------+
|         Event         | Counter |   Core 0  |
+-----------------------+---------+-----------+
|   INSTR_RETIRED_ANY   |  FIXC0  | 508572600 |
| CPU_CLK_UNHALTED_CORE |  FIXC1  | 751341000 |
|  CPU_CLK_UNHALTED_REF |  FIXC2  | 700275700 |
|     AVX_INSTS_CALC    |   PMC0  | 168054000 |
+-----------------------+---------+-----------+

+----------------------+-----------+
|        Metric        |   Core 0  |
+----------------------+-----------+
|  Runtime (RDTSC) [s] |    0.1953 |
| Runtime unhalted [s] |    0.2215 |
|      Clock [MHz]     | 3639.3913 |
|          CPI         |    1.4774 |
|   Packed SP MFLOP/s  | 6882.5087 |
|   Packed DP MFLOP/s  | 3441.2543 |
+----------------------+-----------+

Region op2, Group 1: FLOPS_AVX
+-------------------+----------+
|    Region Info    |  Core 0  |
+-------------------+----------+
| RDTSC Runtime [s] | 0.004013 |
|     call count    |        1 |
+-------------------+----------+

+-----------------------+---------+----------+
|         Event         | Counter |  Core 0  |
+-----------------------+---------+----------+
|   INSTR_RETIRED_ANY   |  FIXC0  | 12036680 |
| CPU_CLK_UNHALTED_CORE |  FIXC1  | 13977420 |
|  CPU_CLK_UNHALTED_REF |  FIXC2  | 13576200 |
|     AVX_INSTS_CALC    |   PMC0  |  2088561 |
+-----------------------+---------+----------+

+----------------------+-----------+
|        Metric        |   Core 0  |
+----------------------+-----------+
|  Runtime (RDTSC) [s] |    0.0040 |
| Runtime unhalted [s] |    0.0041 |
|      Clock [MHz]     | 3492.2836 |
|          CPI         |    1.1612 |
|   Packed SP MFLOP/s  | 4163.0955 |
|   Packed DP MFLOP/s  | 2081.5477 |
+----------------------+-----------+


==============================
N=4000
==============================
--------------------------------------------------------------------------------
CPU name:	Intel(R) Core(TM) i7-4770 CPU @ 3.40GHz
CPU type:	Intel Core Haswell processor
CPU clock:	3.39 GHz
--------------------------------------------------------------------------------
--------------------------------------------------------------------------------
Marker API result file does not exist. This may happen if the application has not called LIKWID_MARKER_CLOSE.
Erro ao medir FLOPS_AVX para N=4000

==============================
N=8000
==============================
--------------------------------------------------------------------------------
CPU name:	Intel(R) Core(TM) i7-4770 CPU @ 3.40GHz
CPU type:	Intel Core Haswell processor
CPU clock:	2.83 GHz
--------------------------------------------------------------------------------
--------------------------------------------------------------------------------
Marker API result file does not exist. This may happen if the application has not called LIKWID_MARKER_CLOSE.
Erro ao medir FLOPS_AVX para N=8000

==============================
N=9000
==============================
--------------------------------------------------------------------------------
CPU name:	Intel(R) Core(TM) i7-4770 CPU @ 3.40GHz
CPU type:	Intel Core Haswell processor
CPU clock:	0.82 GHz
--------------------------------------------------------------------------------
