
==============================
N=32
==============================
--------------------------------------------------------------------------------
CPU name:	Intel(R) Core(TM) i5-7500 CPU @ 3.40GHz
CPU type:	Intel Coffeelake processor
CPU clock:	3.41 GHz
--------------------------------------------------------------------------------
32
1.802875491863184 1.509522894452216 11.99040570734967 0.7904641169539741 2.460208390728935 -1.332944128430471 -0.3768987716057995 3.698943329710712 0.05898211822287 2.512427160614 1.083048111331933 0.2022418939159709 0.8257589254608459 -2.380497873155882 0.9302510372349296 29.33420936096379 0.847360183285405 -9.255885579824199 12.49698207203672 0.6040121442798209 2.07779115874528 0.8664606597631723 5.517954705365288 0.469883026155889 -2.628109115576738 0.2953487706402928 4.500709352392071 1.727376243202801 0.8809933152246003 -0.001397121398570529 1.165223186054301 1.268665379385965
4.5685439e-06
4.3587649e-05
0.010321021
0.0091204405
0.20726705
--------------------------------------------------------------------------------
Region op1, Group 1: FLOPS_DP
+-------------------+----------+
|    Region Info    |  Core 0  |
+-------------------+----------+
| RDTSC Runtime [s] | 0.000008 |
|     call count    |        1 |
+-------------------+----------+

+------------------------------------------+---------+--------+
|                   Event                  | Counter | Core 0 |
+------------------------------------------+---------+--------+
|             INSTR_RETIRED_ANY            |  FIXC0  |  62143 |
|           CPU_CLK_UNHALTED_CORE          |  FIXC1  |  36445 |
|           CPU_CLK_UNHALTED_REF           |  FIXC2  |  35642 |
| FP_ARITH_INST_RETIRED_128B_PACKED_DOUBLE |   PMC0  |    400 |
|    FP_ARITH_INST_RETIRED_SCALAR_DOUBLE   |   PMC1  |   3160 |
| FP_ARITH_INST_RETIRED_256B_PACKED_DOUBLE |   PMC2  |   6100 |
+------------------------------------------+---------+--------+

+----------------------+--------------+
|        Metric        |    Core 0    |
+----------------------+--------------+
|  Runtime (RDTSC) [s] | 7.520153e-06 |
| Runtime unhalted [s] | 1.069400e-05 |
|      Clock [MHz]     |    3484.7657 |
|          CPI         |       0.5865 |
|      DP MFLOP/s      |    3771.1999 |
|    AVX DP MFLOP/s    |    3244.6148 |
|    Packed MUOPS/s    |     864.3441 |
|    Scalar MUOPS/s    |     420.2042 |
|  Vectorization ratio |      67.2878 |
+----------------------+--------------+

Region op2, Group 1: FLOPS_DP
+-------------------+----------+
|    Region Info    |  Core 0  |
+-------------------+----------+
| RDTSC Runtime [s] | 0.000001 |
|     call count    |        1 |
+-------------------+----------+

+------------------------------------------+---------+--------+
|                   Event                  | Counter | Core 0 |
+------------------------------------------+---------+--------+
|             INSTR_RETIRED_ANY            |  FIXC0  |   5453 |
|           CPU_CLK_UNHALTED_CORE          |  FIXC1  |  10455 |
|           CPU_CLK_UNHALTED_REF           |  FIXC2  |  10366 |
| FP_ARITH_INST_RETIRED_128B_PACKED_DOUBLE |   PMC0  |     16 |
|    FP_ARITH_INST_RETIRED_SCALAR_DOUBLE   |   PMC1  |     31 |
| FP_ARITH_INST_RETIRED_256B_PACKED_DOUBLE |   PMC2  |    198 |
+------------------------------------------+---------+--------+

+----------------------+--------------+
|        Metric        |    Core 0    |
+----------------------+--------------+
|  Runtime (RDTSC) [s] | 5.633953e-07 |
| Runtime unhalted [s] | 3.067795e-06 |
|      Clock [MHz]     |    3437.2453 |
|          CPI         |       1.9173 |
|      DP MFLOP/s      |    1517.5845 |
|    AVX DP MFLOP/s    |    1405.7625 |
|    Packed MUOPS/s    |     379.8399 |
|    Scalar MUOPS/s    |      55.0235 |
|  Vectorization ratio |      87.3469 |
+----------------------+--------------+


==============================
N=64
==============================
--------------------------------------------------------------------------------
CPU name:	Intel(R) Core(TM) i5-7500 CPU @ 3.40GHz
CPU type:	Intel Coffeelake processor
CPU clock:	3.41 GHz
--------------------------------------------------------------------------------
64
1.80231672150154 1.509869635541973 12.00960561389503 0.7908915936590626 2.452928067865719 -1.344996733373918 -0.3758850866139044 3.705369965899213 0.05828736796640171 2.505510729727789 1.085221139751957 0.211195344696958 0.8250633483392261 -2.402635397095806 0.9340035554754459 29.6455056299119 0.8134308134499679 -9.405085341818868 12.92871016384412 0.5936423893354753 1.898734749524126 0.7904674195032892 5.540995066418074 0.4704029026982213 -2.382452978574593 0.3063362485462379 4.538399573755008 1.73255638468275 0.4327465307146386 0.4232605135147232 -0.08408608146244752 7.465717823992444 2.549388690815683 4.133793055834102 0.05716959243604063 5.205510416003701 0.9549935120822646 2.02747360712179 0.6271597137694843 2.699642081381901 -0.02332177168795238 0.4578084640840465 -0.101620697087509 4.375912495030961 5.330590470123465 11.83638028778729 -1.155936596485017 -6.048955304555655 1.200522133846499 5.449283248929708 -3.100754363839763 6.284745791604839 -25.97466714755899 46.64618825413363 -0.7253324333606378 6.556229022067734 -0.9629829429053467 1.618184298390186 0.8225766703190133 2.320373621500107 8.225032551162101 0.6561864194565886 2.415745008306551 1.294572678617827
0.19268277
1.0616865
0.043493986
0.02161272
0.50821602
--------------------------------------------------------------------------------
Region op1, Group 1: FLOPS_DP
+-------------------+----------+
|    Region Info    |  Core 0  |
+-------------------+----------+
| RDTSC Runtime [s] | 0.000025 |
|     call count    |        1 |
+-------------------+----------+

+------------------------------------------+---------+--------+
|                   Event                  | Counter | Core 0 |
+------------------------------------------+---------+--------+
|             INSTR_RETIRED_ANY            |  FIXC0  |  96168 |
|           CPU_CLK_UNHALTED_CORE          |  FIXC1  |  47333 |
|           CPU_CLK_UNHALTED_REF           |  FIXC2  | 108488 |
| FP_ARITH_INST_RETIRED_128B_PACKED_DOUBLE |   PMC0  |    400 |
|    FP_ARITH_INST_RETIRED_SCALAR_DOUBLE   |   PMC1  |   5960 |
| FP_ARITH_INST_RETIRED_256B_PACKED_DOUBLE |   PMC2  |  13000 |
+------------------------------------------+---------+--------+

+----------------------+--------------+
|        Metric        |    Core 0    |
+----------------------+--------------+
|  Runtime (RDTSC) [s] | 2.478303e-05 |
| Runtime unhalted [s] | 1.388890e-05 |
|      Clock [MHz]     |    1486.8892 |
|          CPI         |       0.4922 |
|      DP MFLOP/s      |    2370.9772 |
|    AVX DP MFLOP/s    |    2098.2099 |
|    Packed MUOPS/s    |     540.6926 |
|    Scalar MUOPS/s    |     240.4871 |
|  Vectorization ratio |      69.2149 |
+----------------------+--------------+

Region op2, Group 1: FLOPS_DP
+-------------------+----------+
|    Region Info    |  Core 0  |
+-------------------+----------+
| RDTSC Runtime [s] | 0.000002 |
|     call count    |        1 |
+-------------------+----------+

+------------------------------------------+---------+--------+
|                   Event                  | Counter | Core 0 |
+------------------------------------------+---------+--------+
|             INSTR_RETIRED_ANY            |  FIXC0  |   6322 |
|           CPU_CLK_UNHALTED_CORE          |  FIXC1  |  11870 |
|           CPU_CLK_UNHALTED_REF           |  FIXC2  |  26980 |
| FP_ARITH_INST_RETIRED_128B_PACKED_DOUBLE |   PMC0  |     16 |
|    FP_ARITH_INST_RETIRED_SCALAR_DOUBLE   |   PMC1  |     39 |
| FP_ARITH_INST_RETIRED_256B_PACKED_DOUBLE |   PMC2  |    428 |
+------------------------------------------+---------+--------+

+----------------------+--------------+
|        Metric        |    Core 0    |
+----------------------+--------------+
|  Runtime (RDTSC) [s] | 1.722429e-06 |
| Runtime unhalted [s] | 3.483008e-06 |
|      Clock [MHz]     |    1499.3570 |
|          CPI         |       1.8776 |
|      DP MFLOP/s      |    1035.1660 |
|    AVX DP MFLOP/s    |     993.9452 |
|    Packed MUOPS/s    |     257.7755 |
|    Scalar MUOPS/s    |      22.6424 |
|  Vectorization ratio |      91.9255 |
+----------------------+--------------+


==============================
N=128
==============================
--------------------------------------------------------------------------------
CPU name:	Intel(R) Core(TM) i5-7500 CPU @ 3.40GHz
CPU type:	Intel Coffeelake processor
CPU clock:	3.41 GHz
--------------------------------------------------------------------------------
128
1.812129629822221 1.542405484667921 11.81292495156676 0.7891907030530608 2.464407802622932 -1.276904116252934 -0.3947878320269979 3.670338362407901 0.04907468201485667 2.511192125691752 1.0659679680462 0.2152269452066832 0.8332286309961197 -2.363054570213173 0.9089633639607458 28.77667712313377 0.9875613566730046 -8.916677351110708 10.56958580549567 0.7154610780290648 2.731463505215131 1.01464235804122 5.477833202976868 0.4569303595173371 -2.053945998694147 0.2878530609045623 4.558141874714221 1.716674613875411 0.4382920200336549 0.4445457982530376 -0.08129292090475818 7.455429778704105 2.547990826237174 4.167350998090296 0.05892009734432156 5.210562499262463 0.962275508527371 2.033096650628218 0.62990385649784 2.700559040105142 -0.01337418586238584 0.4646753984473469 -0.05093115013483032 4.371674040646639 5.256706807413467 10.457186766724 -1.156595349386677 -4.490056028097936 1.088889413500308 4.998072613754334 -2.604685049499001 6.047677880283702 -23.14305818837672 40.67985391043757 -0.4058130069208571 7.45604529559288 -0.6005222881784142 1.571316287458535 0.7083944946141791 2.219218722111623 7.826828151641291 1.460885187602044 3.058494893493346 3.505956581359857 -0.1383385258834221 -0.1252220599965908 0.03870511406852051 2.686463484227332 -0.8660175860046746 0.5852166516106178 2.134385277067282 2.482843120490497 -0.4248681948142408 0.4578914159836441 1.223339924249985 5.530778157828625 1.696534413499761 0.1163040963882827 2.518734728601358 -0.1864134208742554 -0.9840767987540877 -0.06343301926784067 8.490157058562506 -1.488826604037617 -0.7492170884064222 11.1841707427474 3.361287205136017 1.034610010847571 -2.052279822489834 2.848613055538688 0.8156934541749439 0.7792697616140891 2.901487539069845 1.557045321938235 10.86263340432239 1.085481087939071 0.2294370704167399 5.728178287114971 4.539148153580332 1.65123605967622 0.3057151409252424 2.756201084347701 -3.706093038888052 2.099373656424118 0.5993966939465022 0.7506846624938279 1.229624459391142 -1.605590290095817 0.05377013439675497 -0.7002249028490685 43.17751254899887 -3.003925818677715 0.6881939056631386 0.4665268899227705 2.414052100640848 2.9760485024748 2.154206631884763 -0.01543398360871905 9.204100128087989 1.813441966591804 -40.82841149057298 -9.438533872791281 103.845628107736 0.3984737756667002 -0.9958068979043395 -7.767944165568703 1.16994862767388 26.7563093678501
1.3850996
9.9273402
0.032005072
0.0095665979
0.21014202
--------------------------------------------------------------------------------
Region op1, Group 1: FLOPS_DP
+-------------------+----------+
|    Region Info    |  Core 0  |
+-------------------+----------+
| RDTSC Runtime [s] | 0.000020 |
|     call count    |        1 |
+-------------------+----------+

+------------------------------------------+---------+--------+
|                   Event                  | Counter | Core 0 |
+------------------------------------------+---------+--------+
|             INSTR_RETIRED_ANY            |  FIXC0  | 164068 |
|           CPU_CLK_UNHALTED_CORE          |  FIXC1  |  80594 |
|           CPU_CLK_UNHALTED_REF           |  FIXC2  |  78810 |
| FP_ARITH_INST_RETIRED_128B_PACKED_DOUBLE |   PMC0  |    400 |
|    FP_ARITH_INST_RETIRED_SCALAR_DOUBLE   |   PMC1  |  11560 |
| FP_ARITH_INST_RETIRED_256B_PACKED_DOUBLE |   PMC2  |  26800 |
+------------------------------------------+---------+--------+

+----------------------+--------------+
|        Metric        |    Core 0    |
+----------------------+--------------+
|  Runtime (RDTSC) [s] | 2.001301e-05 |
| Runtime unhalted [s] | 2.364862e-05 |
|      Clock [MHz]     |    3485.1250 |
|          CPI         |       0.4912 |
|      DP MFLOP/s      |    5974.1138 |
|    AVX DP MFLOP/s    |    5356.5156 |
|    Packed MUOPS/s    |    1359.1159 |
|    Scalar MUOPS/s    |     577.6243 |
|  Vectorization ratio |      70.1754 |
+----------------------+--------------+

Region op2, Group 1: FLOPS_DP
+-------------------+----------+
|    Region Info    |  Core 0  |
+-------------------+----------+
| RDTSC Runtime [s] | 0.000001 |
|     call count    |        1 |
+-------------------+----------+

+------------------------------------------+---------+--------+
|                   Event                  | Counter | Core 0 |
+------------------------------------------+---------+--------+
|             INSTR_RETIRED_ANY            |  FIXC0  |   8401 |
|           CPU_CLK_UNHALTED_CORE          |  FIXC1  |  12862 |
|           CPU_CLK_UNHALTED_REF           |  FIXC2  |  12354 |
| FP_ARITH_INST_RETIRED_128B_PACKED_DOUBLE |   PMC0  |     16 |
|    FP_ARITH_INST_RETIRED_SCALAR_DOUBLE   |   PMC1  |     55 |
| FP_ARITH_INST_RETIRED_256B_PACKED_DOUBLE |   PMC2  |    888 |
+------------------------------------------+---------+--------+

+----------------------+--------------+
|        Metric        |    Core 0    |
+----------------------+--------------+
|  Runtime (RDTSC) [s] | 1.139090e-06 |
| Runtime unhalted [s] | 3.774084e-06 |
|      Clock [MHz]     |    3548.1166 |
|          CPI         |       1.5310 |
|      DP MFLOP/s      |    3194.6554 |
|    AVX DP MFLOP/s    |    3118.2786 |
|    Packed MUOPS/s    |     793.6160 |
|    Scalar MUOPS/s    |      48.2842 |
|  Vectorization ratio |      94.2649 |
+----------------------+--------------+


==============================
N=256
==============================
--------------------------------------------------------------------------------
CPU name:	Intel(R) Core(TM) i5-7500 CPU @ 3.40GHz
CPU type:	Intel Coffeelake processor
CPU clock:	3.41 GHz
--------------------------------------------------------------------------------
256
1.815240308058134 1.57705837551924 11.55560114385353 0.8065488355034359 2.508506606931808 -1.095200444820318 -0.4230487596494363 3.620326559654406 0.07577690871243323 2.544444302195838 1.088430584590973 0.1445559249450679 0.8432897172655829 -2.286834323599944 0.9253881928474247 27.56155705249105 1.056756868898788 -8.531651671871078 9.949550460962461 0.6639740707669169 3.486172742391335 1.053304855612282 5.419888684516093 0.4525712235180878 -1.910914952539301 0.2908250899760537 4.484020832733361 1.696017563731711 0.4450772447001887 0.4400623895610645 -0.07242031499879356 7.459917620299442 2.527106063516543 4.125813688217023 0.06418451467793673 5.208829983503534 0.9545678344708571 2.010066969511191 0.6261527757631047 2.685696566207963 -0.02437008875344997 0.4696911019252144 -0.02277156669035489 4.325058907261759 5.198495613208288 9.608838446345674 -1.15021787776328 -3.465048258243342 1.002027488438138 4.763265175964976 -2.414147185486252 5.860689656202934 -21.69258056073658 38.0333704037345 -0.2435973530865547 7.825724330442168 -0.3933301674649723 1.545451283647758 0.6771716294536188 2.213730652244417 7.775916043421736 1.441160191789156 3.073819491435869 3.531578853205645 -0.1310935869998923 -0.1065381453884602 0.04197505573004807 2.727664388707216 -0.6650170346876977 0.5698870192570532 2.133622802994735 2.488928340426562 -0.3961831352129045 0.4738323437379183 1.213754430065267 5.555131720956306 1.713839424659636 0.1071004319585744 2.514355970706806 -0.2179895867934714 -1.032920255770939 -0.08707173613403475 8.516638914576518 -1.519232483379347 -0.7808913779866941 11.4065771542668 3.377638233731378 1.077117634305169 -2.169989961925127 2.872320733177974 0.691392651084048 0.7982743300055958 2.873968717105426 1.584176363293482 10.98767059726851 1.101386854278515 0.1612807415764801 5.648327540831241 4.453343095918473 1.624392854638377 0.2994493856884019 2.905242074126347 -3.812879999792394 2.082276727942336 0.6281272969850937 0.7731027469980499 1.248307198932037 -1.834163341083079 -0.02085025578930606 -0.8991900066680205 46.78221154744386 -3.613681669204437 0.6491183385227319 0.3936038502249697 2.569826527741644 2.918030882705159 2.098744616911144 -0.04547361042313175 9.217328742127416 1.786811098839298 -40.94890832624255 -9.537118838541581 103.4870172419978 0.3798596717625304 0.3432650911632568 -7.568911470391043 1.025496827199929 4.310949170617181 3.144136996982729 -0.5837780014866742 -0.6783392873923606 3.255968937918468 7.100362024144643 13.97729635023811 0.943366345560993 6.037255728247809 -0.3494031691679113 0.09643398420751724 3.707301719868939 2.98446370840233 -0.1828526519112882 -1.090346521899859 0.4418878057545749 -0.2048653664502459 14.51039457273328 -0.3645175460493049 13.71179686865912 -1.931786819723924 -0.08829455992386231 1.206610434123065 0.6688511467439061 -0.4966129049774415 10.69775911350588 -1.218857912778052 21.96547298015028 0.05221108212479685 -1.254066157612786 1.584216308247307 1.424971676049445 2.365694765441856 -3.448782275978428 0.7207525029916186 -6.209944321895351 64.03143818299917 -3.648205562366131 -0.01189505031511588 -19.73155333947135 5.387674519027691 0.7806276945323061 3.709467185276663 10.15382812366331 0.3125179279763619 0.1826507530484232 -1.353167113416541 4.906265909346225 0.05627844342232746 1.710705734026841 3.466857985054824 0.9925231179463959 1.627718772747368 0.8126589087970671 1.856307003063414 1.149764022916959 -0.2815760763543048 1.066805008173829 1.263649048352214 1.302745733426167 3.059069141268277 2.136447199403887 1.47630038895607 3.49229387533336 4.154202795938732 -7.88034437493075 0.9575859394482517 -0.2364240855340173 6.456107778074902 -0.03226983326428206 3.276366669872788 0.2456639861670233 1.119341436817673 2.938279864002673 1.532028381402136 -2.459694275897375 4.108964120202587 0.9153223596435758 7.082686995759488 -0.6785796791503583 1.207166651444441 7.094622583088062 2.969692072763547 0.2879096015277606 1.185154176599107 1.636249264846594 2.106946366158083 0.4549236850149561 -0.3303540285691299 1.418883485813317 11.8358714455973 -0.701143668893487 0.8092627662455621 4.975919233980338 1.283671024013533 0.4668557782962097 -1.598796866706609 3.563141691061073 20.12159515107386 -1.717754033398233 -2.744415086574982 -2.886211826767465 24.93652854679549 1.292694750057567 4.182634597806427 -4.338717659851982 -6.363735811438642 6.483302758417942 0.8047951184800257 0.2541583222669127 2.00106824723129 0.3579823577350718 0.7823823328132445 0.4586375818323378 0.6595686373676669 1.447524350306638 -0.9086678889630128 7.741822595312323 -0.5714032756297698 7.206562109021198 3.232876110139426 18.06348991305627 -35.36661356851197 5.072034187323101 3.089407241052514 3.270885425990528 -0.09289624605258601 2.192163581839873 1.453230913505783
2.5310236
17.265898
0.06473887
0.0103262
0.20596302
--------------------------------------------------------------------------------
Region op1, Group 1: FLOPS_DP
+-------------------+----------+
|    Region Info    |  Core 0  |
+-------------------+----------+
| RDTSC Runtime [s] | 0.000037 |
|     call count    |        1 |
+-------------------+----------+

+------------------------------------------+---------+--------+
|                   Event                  | Counter | Core 0 |
+------------------------------------------+---------+--------+
|             INSTR_RETIRED_ANY            |  FIXC0  | 299868 |
|           CPU_CLK_UNHALTED_CORE          |  FIXC1  | 140584 |
|           CPU_CLK_UNHALTED_REF           |  FIXC2  | 137456 |
| FP_ARITH_INST_RETIRED_128B_PACKED_DOUBLE |   PMC0  |    400 |
|    FP_ARITH_INST_RETIRED_SCALAR_DOUBLE   |   PMC1  |  22760 |
| FP_ARITH_INST_RETIRED_256B_PACKED_DOUBLE |   PMC2  |  54400 |
+------------------------------------------+---------+--------+

+----------------------+--------------+
|        Metric        |    Core 0    |
+----------------------+--------------+
|  Runtime (RDTSC) [s] | 3.723966e-05 |
| Runtime unhalted [s] | 4.125139e-05 |
|      Clock [MHz]     |    3485.5358 |
|          CPI         |       0.4688 |
|      DP MFLOP/s      |    6475.8916 |
|    AVX DP MFLOP/s    |    5843.2327 |
|    Packed MUOPS/s    |    1471.5494 |
|    Scalar MUOPS/s    |     611.1764 |
|  Vectorization ratio |      70.6550 |
+----------------------+--------------+

Region op2, Group 1: FLOPS_DP
+-------------------+----------+
|    Region Info    |  Core 0  |
+-------------------+----------+
| RDTSC Runtime [s] | 0.000002 |
|     call count    |        1 |
+-------------------+----------+

+------------------------------------------+---------+--------+
|                   Event                  | Counter | Core 0 |
+------------------------------------------+---------+--------+
|             INSTR_RETIRED_ANY            |  FIXC0  |  11852 |
|           CPU_CLK_UNHALTED_CORE          |  FIXC1  |  14214 |
|           CPU_CLK_UNHALTED_REF           |  FIXC2  |  14058 |
| FP_ARITH_INST_RETIRED_128B_PACKED_DOUBLE |   PMC0  |     16 |
|    FP_ARITH_INST_RETIRED_SCALAR_DOUBLE   |   PMC1  |     87 |
| FP_ARITH_INST_RETIRED_256B_PACKED_DOUBLE |   PMC2  |   1808 |
+------------------------------------------+---------+--------+

+----------------------+--------------+
|        Metric        |    Core 0    |
+----------------------+--------------+
|  Runtime (RDTSC) [s] | 1.619728e-06 |
| Runtime unhalted [s] | 4.170796e-06 |
|      Clock [MHz]     |    3445.8005 |
|          CPI         |       1.1993 |
|      DP MFLOP/s      |    4538.4163 |
|    AVX DP MFLOP/s    |    4464.9472 |
|    Packed MUOPS/s    |    1126.1150 |
|    Scalar MUOPS/s    |      53.7127 |
|  Vectorization ratio |      95.4474 |
+----------------------+--------------+

